Change Physical Footprint: Designator=C1 Old Footprint=0603 New Footprint=0603
Change Physical Footprint: Designator=C2 Old Footprint=0805 New Footprint=0805
Change Physical Footprint: Designator=C3 Old Footprint=0603 New Footprint=0603
Change Physical Footprint: Designator=C4 Old Footprint=0805 New Footprint=0805
Change Physical Footprint: Designator=C5 Old Footprint=0603 New Footprint=0603
Change Physical Footprint: Designator=C6 Old Footprint=0805 New Footprint=0805
Change Physical Footprint: Designator=C7 Old Footprint=0603 New Footprint=0603
Change Physical Footprint: Designator=C8 Old Footprint=0603 New Footprint=0603
Change Physical Footprint: Designator=C9 Old Footprint=0805 New Footprint=0805
Change Physical Footprint: Designator=C10 Old Footprint=0603 New Footprint=0603
Change Physical Footprint: Designator=C11 Old Footprint=0805 New Footprint=0805
Change Physical Footprint: Designator=C12 Old Footprint=0603 New Footprint=0603
Change Physical Footprint: Designator=C13 Old Footprint=0805 New Footprint=0805
Change Physical Footprint: Designator=C14 Old Footprint=0805 New Footprint=0805
Change Physical Footprint: Designator=C15 Old Footprint=0805 New Footprint=0805
Change Physical Footprint: Designator=C16 Old Footprint=0603 New Footprint=0603
Change Physical Footprint: Designator=C17 Old Footprint=0805 New Footprint=0805
Change Physical Footprint: Designator=C18 Old Footprint=0603 New Footprint=0603
Change Physical Footprint: Designator=C19 Old Footprint=0603 New Footprint=0603
Change Physical Footprint: Designator=C20 Old Footprint=0603 New Footprint=0603
Change Physical Footprint: Designator=C21 Old Footprint=0603 New Footprint=0603
Change Physical Footprint: Designator=C22 Old Footprint=0805 New Footprint=0805
Change Physical Footprint: Designator=C23 Old Footprint=0805 New Footprint=0805
Change Physical Footprint: Designator=C24 Old Footprint=0603 New Footprint=0603
Change Physical Footprint: Designator=C25 Old Footprint=0805 New Footprint=0805
Change Physical Footprint: Designator=C26 Old Footprint=0603 New Footprint=0603
Change Physical Footprint: Designator=C27 Old Footprint=0805 New Footprint=0805
Change Physical Footprint: Designator=C28 Old Footprint=0603 New Footprint=0603
Change Physical Footprint: Designator=C29 Old Footprint=CAP_RAD_SMD_DIA157 New Footprint=CAP_RAD_SMD_DIA157
Change Physical Footprint: Designator=C30 Old Footprint=CAP_RAD_SMD_DIA157 New Footprint=CAP_RAD_SMD_DIA157
Change Physical Footprint: Designator=C31 Old Footprint=0805 New Footprint=0805
Change Physical Footprint: Designator=C32 Old Footprint=0805 New Footprint=0805
Change Physical Footprint: Designator=C33 Old Footprint=CAP_RAD_SMD_DIA157 New Footprint=CAP_RAD_SMD_DIA157
Change Physical Footprint: Designator=C34 Old Footprint=0805 New Footprint=0805
Change Physical Footprint: Designator=C35 Old Footprint=0603 New Footprint=0603
Change Physical Footprint: Designator=D1 Old Footprint=0805_LED New Footprint=0805_LED
Change Physical Footprint: Designator=D2 Old Footprint=DIODE_DO-214AC/SMA New Footprint=DIODE_DO-214AC/SMA
Change Physical Footprint: Designator=FID1 Old Footprint=FID_1MM New Footprint=FID_1MM
Change Physical Footprint: Designator=FID2 Old Footprint=FID_1MM New Footprint=FID_1MM
Change Physical Footprint: Designator=FID3 Old Footprint=FID_1MM New Footprint=FID_1MM
Change Physical Footprint: Designator=FID4 Old Footprint=FID_1MM New Footprint=FID_1MM
Change Physical Footprint: Designator=FID5 Old Footprint=FID_1MM New Footprint=FID_1MM
Change Physical Footprint: Designator=FID6 Old Footprint=FID_1MM New Footprint=FID_1MM
Change Physical Footprint: Designator=L1 Old Footprint=0603 New Footprint=0603
Change Physical Footprint: Designator=L2 Old Footprint=0603 New Footprint=0603
Change Physical Footprint: Designator=MH1 Old Footprint=MH_ENG_6-32 New Footprint=MH_ENG_6-32
Change Physical Footprint: Designator=MH2 Old Footprint=MH_ENG_6-32 New Footprint=MH_ENG_6-32
Change Physical Footprint: Designator=MH3 Old Footprint=MH_ENG_6-32 New Footprint=MH_ENG_6-32
Change Physical Footprint: Designator=MH4 Old Footprint=MH_ENG_6-32 New Footprint=MH_ENG_6-32
Change Physical Footprint: Designator=MIC1 Old Footprint=MIC New Footprint=MIC
Change Physical Footprint: Designator=MIC2 Old Footprint=MIC New Footprint=MIC
Change Physical Footprint: Designator=P1 Old Footprint=HDR2X10 New Footprint=HDR2X10
Change Physical Footprint: Designator=R1 Old Footprint=0603 New Footprint=0603
Change Physical Footprint: Designator=R2 Old Footprint=0603 New Footprint=0603
Change Physical Footprint: Designator=R3 Old Footprint=0603 New Footprint=0603
Change Physical Footprint: Designator=R4 Old Footprint=0603 New Footprint=0603
Change Physical Footprint: Designator=R5 Old Footprint=0603 New Footprint=0603
Change Physical Footprint: Designator=R6 Old Footprint=0603 New Footprint=0603
Change Physical Footprint: Designator=R7 Old Footprint=0603 New Footprint=0603
Change Physical Footprint: Designator=R8 Old Footprint=0603 New Footprint=0603
Change Physical Footprint: Designator=R9 Old Footprint=0603 New Footprint=0603
Change Physical Footprint: Designator=R10 Old Footprint=0603 New Footprint=0603
Change Physical Footprint: Designator=R11 Old Footprint=0603 New Footprint=0603
Change Physical Footprint: Designator=R12 Old Footprint=0603 New Footprint=0603
Change Physical Footprint: Designator=R13 Old Footprint=0603 New Footprint=0603
Change Physical Footprint: Designator=U1 Old Footprint=6-TSSOP New Footprint=6-TSSOP
Change Physical Footprint: Designator=U2 Old Footprint=20-SSOP New Footprint=20-SSOP
Change Physical Footprint: Designator=U3 Old Footprint=10-VFDFN New Footprint=10-VFDFN
Change Physical Footprint: Designator=U4 Old Footprint=8-XFDFN New Footprint=8-XFDFN
Change Physical Footprint: Designator=U5 Old Footprint=6-TSSOP New Footprint=6-TSSOP
Change Physical Footprint: Designator=U6 Old Footprint=SOT23_132 New Footprint=SOT23_132
