Removed Pin From Net: NetName=5V0 Pin=C1-1
Removed Pin From Net: NetName=GND Pin=C1-2
Removed Pin From Net: NetName=5V0 Pin=C2-1
Removed Pin From Net: NetName=GND Pin=C2-2
Removed Pin From Net: NetName=NetC7_1 Pin=C7-1
Removed Pin From Net: NetName=NetC7_2 Pin=C7-2
Removed Pin From Net: NetName=3V3 Pin=C9-1
Removed Pin From Net: NetName=+5VA Pin=C10-1
Removed Pin From Net: NetName=+5VA Pin=C11-1
Removed Pin From Net: NetName=+5VA Pin=C14-1
Removed Pin From Net: NetName=+5VA Pin=C15-1
Removed Pin From Net: NetName=+5VA Pin=C25-1
Removed Pin From Net: NetName=+5VA Pin=C26-1
Removed Pin From Net: NetName=+5VA Pin=R1-2
Removed Pin From Net: NetName=+5VA Pin=R2-1
Removed Pin From Net: NetName=+5VA Pin=R4-2
Removed Pin From Net: NetName=5V0 Pin=R6-1
Removed Pin From Net: NetName=+5VA Pin=R11-1
Removed Pin From Net: NetName=5V0 Pin=U1-1
Removed Pin From Net: NetName=+5VA Pin=U2-5
Removed Pin From Net: NetName=+5VA Pin=U3-2
Removed Pin From Net: NetName=+5VA Pin=U3-8
Change Component Designator: OldDesignator=C3 NewDesignator=C1
Change Component Designator: OldDesignator=C4 NewDesignator=C2
Change Component Designator: OldDesignator=C5 NewDesignator=C3
Change Component Designator: OldDesignator=C6 NewDesignator=C4
Change Component Designator: OldDesignator=C8 NewDesignator=C10
Change Component Designator: OldDesignator=C10 NewDesignator=C12
Change Component Designator: OldDesignator=C11 NewDesignator=C13
Change Component Designator: OldDesignator=C12 NewDesignator=C14
Change Component Designator: OldDesignator=C13 NewDesignator=C15
Change Component Designator: OldDesignator=C14 NewDesignator=C16
Change Component Designator: OldDesignator=C15 NewDesignator=C17
Change Component Designator: OldDesignator=C16 NewDesignator=C18
Change Component Designator: OldDesignator=C17 NewDesignator=C19
Change Component Designator: OldDesignator=C18 NewDesignator=C20
Change Component Designator: OldDesignator=C19 NewDesignator=C21
Change Component Designator: OldDesignator=C20 NewDesignator=C22
Change Component Designator: OldDesignator=C21 NewDesignator=C23
Change Component Designator: OldDesignator=C22 NewDesignator=C24
Change Component Designator: OldDesignator=C23 NewDesignator=C27
Change Component Designator: OldDesignator=C24 NewDesignator=C28
Change Component Designator: OldDesignator=C27 NewDesignator=C29
Change Component Designator: OldDesignator=C28 NewDesignator=C30
Change Component Designator: OldDesignator=C29 NewDesignator=C31
Change Component Designator: OldDesignator=C30 NewDesignator=C32
Change Component Designator: OldDesignator=C31 NewDesignator=C33
Change Component Designator: OldDesignator=C32 NewDesignator=C34
Change Component Designator: OldDesignator=C33 NewDesignator=C35
Change Component Library : Designator=C7 Old Library=INTER_2014.IntLib New Library=ADAPTONE_CARTE_DE_SON.IntLib
Added Component: Designator=C5(0603)
Added Component: Designator=C6(0805)
Added Component: Designator=C8(0603)
Added Component: Designator=C11(0805)
Added Component: Designator=L2(0603)
Added Pin To Net: NetName=5V0 Pin=C5-1
Added Pin To Net: NetName=GND Pin=C5-2
Added Pin To Net: NetName=+5VA Pin=C6-1
Added Pin To Net: NetName=GND Pin=C6-2
Added Pin To Net: NetName=+5VA Pin=C7-1
Added Pin To Net: NetName=GND Pin=C7-2
Added Pin To Net: NetName=NetC7_1 Pin=C7-1
Added Pin To Net: NetName=NetC7_2 Pin=C7-2
Added Pin To Net: NetName=5V0 Pin=C9-1
Added Pin To Net: NetName=3V3 Pin=C9-1
Added Pin To Net: NetName=GND Pin=C9-2
Added Pin To Net: NetName=5V0 Pin=C12-1
Added Pin To Net: NetName=5V0 Pin=C13-1
Added Pin To Net: NetName=5V0 Pin=C16-1
Added Pin To Net: NetName=5V0 Pin=C17-1
Added Pin To Net: NetName=5V0 Pin=L2-1
Added Pin To Net: NetName=5V0 Pin=R1-2
Added Pin To Net: NetName=5V0 Pin=R2-1
Added Pin To Net: NetName=5V0 Pin=R4-2
Added Pin To Net: NetName=5V0 Pin=R11-1
Added Pin To Net: NetName=+5VA Pin=U1-1
Added Pin To Net: NetName=5V0 Pin=U2-5
Added Pin To Net: NetName=5V0 Pin=U3-2
Added Pin To Net: NetName=5V0 Pin=U3-8
Change Net Name : Old Net Name=+5VA New Net Name=5V_POTENTIOMETER
Change Net Name : Old Net Name=NetC3_2 New Net Name=NetC1_2
Change Net Name : Old Net Name=NetC5_2 New Net Name=NetC3_2
Change Net Name : Old Net Name=NetC7_1 New Net Name=NetC8_1
Change Net Name : Old Net Name=NetC7_2 New Net Name=NetC8_2
Change Net Name : Old Net Name=NetC12_1 New Net Name=NetC14_1
Change Net Name : Old Net Name=NetC17_1 New Net Name=NetC19_1
Change Net Name : Old Net Name=NetC24_1 New Net Name=NetC28_1
Change Net Name : Old Net Name=NetC24_2 New Net Name=NetC28_2
Change Net Name : Old Net Name=NetC29_1 New Net Name=NetC31_1
Added Pin To Net: NetName=5V_CONVERTER Pin=C25-1
Added Pin To Net: NetName=5V_CONVERTER Pin=C26-1
Added Pin To Net: NetName=5V_CONVERTER Pin=L2-2
Added Pin To Net: NetName=5V_CONVERTER Pin=R6-1
Added Net: Name=5V_CONVERTER
Added Member To Class: ClassName=microphone Member=Component C34 Capacitor
Added Member To Class: ClassName=microphone Member=Component C35 Capacitor
Added Member To Class: ClassName=microphone Member=Component L2 Ferrite
Added Room: Name=microphone
