Removed Pin From Net: NetName=NetC8_1 Pin=C7-1
Removed Pin From Net: NetName=NetC8_2 Pin=C7-2
Removed Pin From Net: NetName=3V3 Pin=C9-1
Added Component: Designator=C8(0603)
Added Component: Designator=C11(0805)
Added Component: Designator=U4(8-XFDFN)
Added Pin To Net: NetName=5V_POTENTIOMETER Pin=C7-1
Added Pin To Net: NetName=GND Pin=C7-2
Added Pin To Net: NetName=NetC8_1 Pin=C7-1
Added Pin To Net: NetName=NetC8_2 Pin=C7-2
Added Pin To Net: NetName=5V0 Pin=C9-1
Added Pin To Net: NetName=3V3 Pin=C9-1
Added Pin To Net: NetName=GND Pin=C9-2
Added Pin To Net: NetName=GND Pin=U4-1
Added Pin To Net: NetName=3V3 Pin=U4-2
Added Pin To Net: NetName=IO35 Pin=U4-3
Added Pin To Net: NetName=SDA_POTENTIOMETER Pin=U4-5
Added Pin To Net: NetName=SCL_POTENTIOMETER Pin=U4-6
Added Pin To Net: NetName=NetC19_1 Pin=U4-7
Added Pin To Net: NetName=NetC19_1 Pin=U4-8
Added Member To Class: ClassName=microphone Member=Component C8 Capacitor
Added Member To Class: ClassName=microphone Member=Component C11 Capacitor
Added Member To Class: ClassName=microphone Member=Component U4 PCA9306
