Change Component Physical Designator: Old Designator=C? New Designator=C1
Change Component Physical Designator: Old Designator=C? New Designator=C2
Change Component Physical Designator: Old Designator=C? New Designator=C3
Change Component Physical Designator: Old Designator=C? New Designator=C4
Change Component Physical Designator: Old Designator=C? New Designator=C5
Change Component Physical Designator: Old Designator=C? New Designator=C6
Change Component Physical Designator: Old Designator=C? New Designator=C7
Change Component Physical Designator: Old Designator=C? New Designator=C8
Change Component Physical Designator: Old Designator=C? New Designator=C9
Change Component Physical Designator: Old Designator=C? New Designator=C10
Change Component Physical Designator: Old Designator=C? New Designator=C11
Change Component Physical Designator: Old Designator=C? New Designator=C12
Change Component Physical Designator: Old Designator=C? New Designator=C13
Change Component Physical Designator: Old Designator=C? New Designator=C14
Change Component Physical Designator: Old Designator=C? New Designator=C15
Change Component Physical Designator: Old Designator=C? New Designator=C16
Change Component Physical Designator: Old Designator=C? New Designator=C17
Change Component Physical Designator: Old Designator=C? New Designator=C37
Change Component Physical Designator: Old Designator=C? New Designator=C38
Change Component Physical Designator: Old Designator=C? New Designator=C39
Change Component Physical Designator: Old Designator=C? New Designator=C40
Change Component Physical Designator: Old Designator=C? New Designator=C41
Change Component Physical Designator: Old Designator=C? New Designator=C42
Change Component Physical Designator: Old Designator=C? New Designator=C43
Change Component Physical Designator: Old Designator=C? New Designator=C44
Change Component Physical Designator: Old Designator=C? New Designator=C45
Change Component Physical Designator: Old Designator=C? New Designator=C46
Change Component Physical Designator: Old Designator=C? New Designator=C47
Change Component Physical Designator: Old Designator=C? New Designator=C48
Change Component Physical Designator: Old Designator=C? New Designator=C49
Change Component Physical Designator: Old Designator=C? New Designator=C50
Change Component Physical Designator: Old Designator=C? New Designator=C51
Change Component Physical Designator: Old Designator=C? New Designator=C52
Change Component Physical Designator: Old Designator=C? New Designator=C53
Change Component Physical Designator: Old Designator=C? New Designator=C54
Change Component Physical Designator: Old Designator=C? New Designator=C55
Change Component Physical Designator: Old Designator=C? New Designator=C56
Change Component Physical Designator: Old Designator=C? New Designator=C57
Change Component Physical Designator: Old Designator=C? New Designator=C58
Change Component Physical Designator: Old Designator=C? New Designator=C59
Change Component Physical Designator: Old Designator=C? New Designator=C60
Change Component Physical Designator: Old Designator=C? New Designator=C61
Change Component Physical Designator: Old Designator=C? New Designator=C62
Change Component Physical Designator: Old Designator=C? New Designator=C63
Change Component Physical Designator: Old Designator=C? New Designator=C64
Change Component Physical Designator: Old Designator=C? New Designator=C65
Change Component Physical Designator: Old Designator=C? New Designator=C66
Change Component Physical Designator: Old Designator=C? New Designator=C67
Change Component Physical Designator: Old Designator=C? New Designator=C68
Change Component Physical Designator: Old Designator=C? New Designator=C69
Change Component Physical Designator: Old Designator=C? New Designator=C70
Change Component Physical Designator: Old Designator=C? New Designator=C71
Change Component Physical Designator: Old Designator=C? New Designator=C72
Change Component Physical Designator: Old Designator=C? New Designator=C73
Change Component Physical Designator: Old Designator=C? New Designator=C74
Change Component Physical Designator: Old Designator=C? New Designator=C75
Change Component Physical Designator: Old Designator=C? New Designator=C76
Change Component Physical Designator: Old Designator=C? New Designator=C77
Change Component Physical Designator: Old Designator=C? New Designator=C78
Change Component Physical Designator: Old Designator=C? New Designator=C79
Change Component Physical Designator: Old Designator=C? New Designator=C80
Change Component Physical Designator: Old Designator=C? New Designator=C81
Change Component Physical Designator: Old Designator=C? New Designator=C82
Change Component Physical Designator: Old Designator=C? New Designator=C83
Change Component Physical Designator: Old Designator=C? New Designator=C84
Change Component Physical Designator: Old Designator=C? New Designator=C85
Change Component Physical Designator: Old Designator=C? New Designator=C86
Change Component Physical Designator: Old Designator=C? New Designator=C87
Change Component Physical Designator: Old Designator=C? New Designator=C88
Change Component Physical Designator: Old Designator=C?_ADC1 New Designator=C18_ADC1
Change Component Physical Designator: Old Designator=C?_ADC1 New Designator=C19_ADC1
Change Component Physical Designator: Old Designator=C?_ADC1 New Designator=C20_ADC1
Change Component Physical Designator: Old Designator=C?_ADC1 New Designator=C21_ADC1
Change Component Physical Designator: Old Designator=C?_ADC1 New Designator=C22_ADC1
Change Component Physical Designator: Old Designator=C?_ADC1 New Designator=C23_ADC1
Change Component Physical Designator: Old Designator=C?_ADC1 New Designator=C24_ADC1
Change Component Physical Designator: Old Designator=C?_ADC1 New Designator=C25_ADC1
Change Component Physical Designator: Old Designator=C?_ADC1 New Designator=C26_ADC1
Change Component Physical Designator: Old Designator=C?_ADC1 New Designator=C27_ADC1
Change Component Physical Designator: Old Designator=C?_ADC1 New Designator=C28_ADC1
Change Component Physical Designator: Old Designator=C?_ADC1 New Designator=C29_ADC1
Change Component Physical Designator: Old Designator=C?_ADC2 New Designator=C18_ADC2
Change Component Physical Designator: Old Designator=C?_ADC2 New Designator=C19_ADC2
Change Component Physical Designator: Old Designator=C?_ADC2 New Designator=C20_ADC2
Change Component Physical Designator: Old Designator=C?_ADC2 New Designator=C21_ADC2
Change Component Physical Designator: Old Designator=C?_ADC2 New Designator=C22_ADC2
Change Component Physical Designator: Old Designator=C?_ADC2 New Designator=C23_ADC2
Change Component Physical Designator: Old Designator=C?_ADC2 New Designator=C24_ADC2
Change Component Physical Designator: Old Designator=C?_ADC2 New Designator=C25_ADC2
Change Component Physical Designator: Old Designator=C?_ADC2 New Designator=C26_ADC2
Change Component Physical Designator: Old Designator=C?_ADC2 New Designator=C27_ADC2
Change Component Physical Designator: Old Designator=C?_ADC2 New Designator=C28_ADC2
Change Component Physical Designator: Old Designator=C?_ADC2 New Designator=C29_ADC2
Change Component Physical Designator: Old Designator=C?_InputAmplifier11 New Designator=C30_InputAmplifier11
Change Component Physical Designator: Old Designator=C?_InputAmplifier11 New Designator=C31_InputAmplifier11
Change Component Physical Designator: Old Designator=C?_InputAmplifier11 New Designator=C32_InputAmplifier11
Change Component Physical Designator: Old Designator=C?_InputAmplifier11 New Designator=C33_InputAmplifier11
Change Component Physical Designator: Old Designator=C?_InputAmplifier11 New Designator=C34_InputAmplifier11
Change Component Physical Designator: Old Designator=C?_InputAmplifier11 New Designator=C35_InputAmplifier11
Change Component Physical Designator: Old Designator=C?_InputAmplifier11 New Designator=C36_InputAmplifier11
Change Component Physical Designator: Old Designator=C?_InputAmplifier12 New Designator=C30_InputAmplifier12
Change Component Physical Designator: Old Designator=C?_InputAmplifier12 New Designator=C31_InputAmplifier12
Change Component Physical Designator: Old Designator=C?_InputAmplifier12 New Designator=C32_InputAmplifier12
Change Component Physical Designator: Old Designator=C?_InputAmplifier12 New Designator=C33_InputAmplifier12
Change Component Physical Designator: Old Designator=C?_InputAmplifier12 New Designator=C34_InputAmplifier12
Change Component Physical Designator: Old Designator=C?_InputAmplifier12 New Designator=C35_InputAmplifier12
Change Component Physical Designator: Old Designator=C?_InputAmplifier12 New Designator=C36_InputAmplifier12
Change Component Physical Designator: Old Designator=C?_InputAmplifier21 New Designator=C30_InputAmplifier21
Change Component Physical Designator: Old Designator=C?_InputAmplifier21 New Designator=C31_InputAmplifier21
Change Component Physical Designator: Old Designator=C?_InputAmplifier21 New Designator=C32_InputAmplifier21
Change Component Physical Designator: Old Designator=C?_InputAmplifier21 New Designator=C33_InputAmplifier21
Change Component Physical Designator: Old Designator=C?_InputAmplifier21 New Designator=C34_InputAmplifier21
Change Component Physical Designator: Old Designator=C?_InputAmplifier21 New Designator=C35_InputAmplifier21
Change Component Physical Designator: Old Designator=C?_InputAmplifier21 New Designator=C36_InputAmplifier21
Change Component Physical Designator: Old Designator=C?_InputAmplifier22 New Designator=C30_InputAmplifier22
Change Component Physical Designator: Old Designator=C?_InputAmplifier22 New Designator=C31_InputAmplifier22
Change Component Physical Designator: Old Designator=C?_InputAmplifier22 New Designator=C32_InputAmplifier22
Change Component Physical Designator: Old Designator=C?_InputAmplifier22 New Designator=C33_InputAmplifier22
Change Component Physical Designator: Old Designator=C?_InputAmplifier22 New Designator=C34_InputAmplifier22
Change Component Physical Designator: Old Designator=C?_InputAmplifier22 New Designator=C35_InputAmplifier22
Change Component Physical Designator: Old Designator=C?_InputAmplifier22 New Designator=C36_InputAmplifier22
Change Component Physical Designator: Old Designator=C?_InputAmplifier31 New Designator=C30_InputAmplifier31
Change Component Physical Designator: Old Designator=C?_InputAmplifier31 New Designator=C31_InputAmplifier31
Change Component Physical Designator: Old Designator=C?_InputAmplifier31 New Designator=C32_InputAmplifier31
Change Component Physical Designator: Old Designator=C?_InputAmplifier31 New Designator=C33_InputAmplifier31
Change Component Physical Designator: Old Designator=C?_InputAmplifier31 New Designator=C34_InputAmplifier31
Change Component Physical Designator: Old Designator=C?_InputAmplifier31 New Designator=C35_InputAmplifier31
Change Component Physical Designator: Old Designator=C?_InputAmplifier31 New Designator=C36_InputAmplifier31
Change Component Physical Designator: Old Designator=C?_InputAmplifier32 New Designator=C30_InputAmplifier32
Change Component Physical Designator: Old Designator=C?_InputAmplifier32 New Designator=C31_InputAmplifier32
Change Component Physical Designator: Old Designator=C?_InputAmplifier32 New Designator=C32_InputAmplifier32
Change Component Physical Designator: Old Designator=C?_InputAmplifier32 New Designator=C33_InputAmplifier32
Change Component Physical Designator: Old Designator=C?_InputAmplifier32 New Designator=C34_InputAmplifier32
Change Component Physical Designator: Old Designator=C?_InputAmplifier32 New Designator=C35_InputAmplifier32
Change Component Physical Designator: Old Designator=C?_InputAmplifier32 New Designator=C36_InputAmplifier32
Change Component Physical Designator: Old Designator=C?_InputAmplifier41 New Designator=C30_InputAmplifier41
Change Component Physical Designator: Old Designator=C?_InputAmplifier41 New Designator=C31_InputAmplifier41
Change Component Physical Designator: Old Designator=C?_InputAmplifier41 New Designator=C32_InputAmplifier41
Change Component Physical Designator: Old Designator=C?_InputAmplifier41 New Designator=C33_InputAmplifier41
Change Component Physical Designator: Old Designator=C?_InputAmplifier41 New Designator=C34_InputAmplifier41
Change Component Physical Designator: Old Designator=C?_InputAmplifier41 New Designator=C35_InputAmplifier41
Change Component Physical Designator: Old Designator=C?_InputAmplifier41 New Designator=C36_InputAmplifier41
Change Component Physical Designator: Old Designator=C?_InputAmplifier42 New Designator=C30_InputAmplifier42
Change Component Physical Designator: Old Designator=C?_InputAmplifier42 New Designator=C31_InputAmplifier42
Change Component Physical Designator: Old Designator=C?_InputAmplifier42 New Designator=C32_InputAmplifier42
Change Component Physical Designator: Old Designator=C?_InputAmplifier42 New Designator=C33_InputAmplifier42
Change Component Physical Designator: Old Designator=C?_InputAmplifier42 New Designator=C34_InputAmplifier42
Change Component Physical Designator: Old Designator=C?_InputAmplifier42 New Designator=C35_InputAmplifier42
Change Component Physical Designator: Old Designator=C?_InputAmplifier42 New Designator=C36_InputAmplifier42
Change Component Physical Designator: Old Designator=C?_InputAmplifier51 New Designator=C30_InputAmplifier51
Change Component Physical Designator: Old Designator=C?_InputAmplifier51 New Designator=C31_InputAmplifier51
Change Component Physical Designator: Old Designator=C?_InputAmplifier51 New Designator=C32_InputAmplifier51
Change Component Physical Designator: Old Designator=C?_InputAmplifier51 New Designator=C33_InputAmplifier51
Change Component Physical Designator: Old Designator=C?_InputAmplifier51 New Designator=C34_InputAmplifier51
Change Component Physical Designator: Old Designator=C?_InputAmplifier51 New Designator=C35_InputAmplifier51
Change Component Physical Designator: Old Designator=C?_InputAmplifier51 New Designator=C36_InputAmplifier51
Change Component Physical Designator: Old Designator=C?_InputAmplifier52 New Designator=C30_InputAmplifier52
Change Component Physical Designator: Old Designator=C?_InputAmplifier52 New Designator=C31_InputAmplifier52
Change Component Physical Designator: Old Designator=C?_InputAmplifier52 New Designator=C32_InputAmplifier52
Change Component Physical Designator: Old Designator=C?_InputAmplifier52 New Designator=C33_InputAmplifier52
Change Component Physical Designator: Old Designator=C?_InputAmplifier52 New Designator=C34_InputAmplifier52
Change Component Physical Designator: Old Designator=C?_InputAmplifier52 New Designator=C35_InputAmplifier52
Change Component Physical Designator: Old Designator=C?_InputAmplifier52 New Designator=C36_InputAmplifier52
Change Component Physical Designator: Old Designator=C?_InputAmplifier61 New Designator=C30_InputAmplifier61
Change Component Physical Designator: Old Designator=C?_InputAmplifier61 New Designator=C31_InputAmplifier61
Change Component Physical Designator: Old Designator=C?_InputAmplifier61 New Designator=C32_InputAmplifier61
Change Component Physical Designator: Old Designator=C?_InputAmplifier61 New Designator=C33_InputAmplifier61
Change Component Physical Designator: Old Designator=C?_InputAmplifier61 New Designator=C34_InputAmplifier61
Change Component Physical Designator: Old Designator=C?_InputAmplifier61 New Designator=C35_InputAmplifier61
Change Component Physical Designator: Old Designator=C?_InputAmplifier61 New Designator=C36_InputAmplifier61
Change Component Physical Designator: Old Designator=C?_InputAmplifier62 New Designator=C30_InputAmplifier62
Change Component Physical Designator: Old Designator=C?_InputAmplifier62 New Designator=C31_InputAmplifier62
Change Component Physical Designator: Old Designator=C?_InputAmplifier62 New Designator=C32_InputAmplifier62
Change Component Physical Designator: Old Designator=C?_InputAmplifier62 New Designator=C33_InputAmplifier62
Change Component Physical Designator: Old Designator=C?_InputAmplifier62 New Designator=C34_InputAmplifier62
Change Component Physical Designator: Old Designator=C?_InputAmplifier62 New Designator=C35_InputAmplifier62
Change Component Physical Designator: Old Designator=C?_InputAmplifier62 New Designator=C36_InputAmplifier62
Change Component Physical Designator: Old Designator=C?_InputAmplifier71 New Designator=C30_InputAmplifier71
Change Component Physical Designator: Old Designator=C?_InputAmplifier71 New Designator=C31_InputAmplifier71
Change Component Physical Designator: Old Designator=C?_InputAmplifier71 New Designator=C32_InputAmplifier71
Change Component Physical Designator: Old Designator=C?_InputAmplifier71 New Designator=C33_InputAmplifier71
Change Component Physical Designator: Old Designator=C?_InputAmplifier71 New Designator=C34_InputAmplifier71
Change Component Physical Designator: Old Designator=C?_InputAmplifier71 New Designator=C35_InputAmplifier71
Change Component Physical Designator: Old Designator=C?_InputAmplifier71 New Designator=C36_InputAmplifier71
Change Component Physical Designator: Old Designator=C?_InputAmplifier72 New Designator=C30_InputAmplifier72
Change Component Physical Designator: Old Designator=C?_InputAmplifier72 New Designator=C31_InputAmplifier72
Change Component Physical Designator: Old Designator=C?_InputAmplifier72 New Designator=C32_InputAmplifier72
Change Component Physical Designator: Old Designator=C?_InputAmplifier72 New Designator=C33_InputAmplifier72
Change Component Physical Designator: Old Designator=C?_InputAmplifier72 New Designator=C34_InputAmplifier72
Change Component Physical Designator: Old Designator=C?_InputAmplifier72 New Designator=C35_InputAmplifier72
Change Component Physical Designator: Old Designator=C?_InputAmplifier72 New Designator=C36_InputAmplifier72
Change Component Physical Designator: Old Designator=C?_InputAmplifier81 New Designator=C30_InputAmplifier81
Change Component Physical Designator: Old Designator=C?_InputAmplifier81 New Designator=C31_InputAmplifier81
Change Component Physical Designator: Old Designator=C?_InputAmplifier81 New Designator=C32_InputAmplifier81
Change Component Physical Designator: Old Designator=C?_InputAmplifier81 New Designator=C33_InputAmplifier81
Change Component Physical Designator: Old Designator=C?_InputAmplifier81 New Designator=C34_InputAmplifier81
Change Component Physical Designator: Old Designator=C?_InputAmplifier81 New Designator=C35_InputAmplifier81
Change Component Physical Designator: Old Designator=C?_InputAmplifier81 New Designator=C36_InputAmplifier81
Change Component Physical Designator: Old Designator=C?_InputAmplifier82 New Designator=C30_InputAmplifier82
Change Component Physical Designator: Old Designator=C?_InputAmplifier82 New Designator=C31_InputAmplifier82
Change Component Physical Designator: Old Designator=C?_InputAmplifier82 New Designator=C32_InputAmplifier82
Change Component Physical Designator: Old Designator=C?_InputAmplifier82 New Designator=C33_InputAmplifier82
Change Component Physical Designator: Old Designator=C?_InputAmplifier82 New Designator=C34_InputAmplifier82
Change Component Physical Designator: Old Designator=C?_InputAmplifier82 New Designator=C35_InputAmplifier82
Change Component Physical Designator: Old Designator=C?_InputAmplifier82 New Designator=C36_InputAmplifier82
Change Component Physical Designator: Old Designator=D? New Designator=D1
Change Component Physical Designator: Old Designator=D? New Designator=D2
Change Component Physical Designator: Old Designator=D? New Designator=D3
Change Component Physical Designator: Old Designator=D? New Designator=D4
Change Component Physical Designator: Old Designator=D? New Designator=D5
Change Component Physical Designator: Old Designator=D? New Designator=D6
Change Component Physical Designator: Old Designator=D? New Designator=D7
Change Component Physical Designator: Old Designator=D? New Designator=D8
Change Component Physical Designator: Old Designator=D? New Designator=D9
Change Component Physical Designator: Old Designator=D? New Designator=D10
Change Component Physical Designator: Old Designator=D? New Designator=D11
Change Component Physical Designator: Old Designator=D? New Designator=D12
Change Component Physical Designator: Old Designator=D? New Designator=D13
Change Component Physical Designator: Old Designator=D? New Designator=D14
Change Component Physical Designator: Old Designator=D? New Designator=D17
Change Component Physical Designator: Old Designator=D? New Designator=D18
Change Component Physical Designator: Old Designator=D? New Designator=D19
Change Component Physical Designator: Old Designator=D? New Designator=D20
Change Component Physical Designator: Old Designator=D?_InputAmplifier11 New Designator=D15_InputAmplifier11
Change Component Physical Designator: Old Designator=D?_InputAmplifier11 New Designator=D16_InputAmplifier11
Change Component Physical Designator: Old Designator=D?_InputAmplifier12 New Designator=D15_InputAmplifier12
Change Component Physical Designator: Old Designator=D?_InputAmplifier12 New Designator=D16_InputAmplifier12
Change Component Physical Designator: Old Designator=D?_InputAmplifier21 New Designator=D15_InputAmplifier21
Change Component Physical Designator: Old Designator=D?_InputAmplifier21 New Designator=D16_InputAmplifier21
Change Component Physical Designator: Old Designator=D?_InputAmplifier22 New Designator=D15_InputAmplifier22
Change Component Physical Designator: Old Designator=D?_InputAmplifier22 New Designator=D16_InputAmplifier22
Change Component Physical Designator: Old Designator=D?_InputAmplifier31 New Designator=D15_InputAmplifier31
Change Component Physical Designator: Old Designator=D?_InputAmplifier31 New Designator=D16_InputAmplifier31
Change Component Physical Designator: Old Designator=D?_InputAmplifier32 New Designator=D15_InputAmplifier32
Change Component Physical Designator: Old Designator=D?_InputAmplifier32 New Designator=D16_InputAmplifier32
Change Component Physical Designator: Old Designator=D?_InputAmplifier41 New Designator=D15_InputAmplifier41
Change Component Physical Designator: Old Designator=D?_InputAmplifier41 New Designator=D16_InputAmplifier41
Change Component Physical Designator: Old Designator=D?_InputAmplifier42 New Designator=D15_InputAmplifier42
Change Component Physical Designator: Old Designator=D?_InputAmplifier42 New Designator=D16_InputAmplifier42
Change Component Physical Designator: Old Designator=D?_InputAmplifier51 New Designator=D15_InputAmplifier51
Change Component Physical Designator: Old Designator=D?_InputAmplifier51 New Designator=D16_InputAmplifier51
Change Component Physical Designator: Old Designator=D?_InputAmplifier52 New Designator=D15_InputAmplifier52
Change Component Physical Designator: Old Designator=D?_InputAmplifier52 New Designator=D16_InputAmplifier52
Change Component Physical Designator: Old Designator=D?_InputAmplifier61 New Designator=D15_InputAmplifier61
Change Component Physical Designator: Old Designator=D?_InputAmplifier61 New Designator=D16_InputAmplifier61
Change Component Physical Designator: Old Designator=D?_InputAmplifier62 New Designator=D15_InputAmplifier62
Change Component Physical Designator: Old Designator=D?_InputAmplifier62 New Designator=D16_InputAmplifier62
Change Component Physical Designator: Old Designator=D?_InputAmplifier71 New Designator=D15_InputAmplifier71
Change Component Physical Designator: Old Designator=D?_InputAmplifier71 New Designator=D16_InputAmplifier71
Change Component Physical Designator: Old Designator=D?_InputAmplifier72 New Designator=D15_InputAmplifier72
Change Component Physical Designator: Old Designator=D?_InputAmplifier72 New Designator=D16_InputAmplifier72
Change Component Physical Designator: Old Designator=D?_InputAmplifier81 New Designator=D15_InputAmplifier81
Change Component Physical Designator: Old Designator=D?_InputAmplifier81 New Designator=D16_InputAmplifier81
Change Component Physical Designator: Old Designator=D?_InputAmplifier82 New Designator=D15_InputAmplifier82
Change Component Physical Designator: Old Designator=D?_InputAmplifier82 New Designator=D16_InputAmplifier82
Change Component Physical Designator: Old Designator=FID? New Designator=FID1
Change Component Physical Designator: Old Designator=FID? New Designator=FID2
Change Component Physical Designator: Old Designator=FID? New Designator=FID3
Change Component Physical Designator: Old Designator=FID? New Designator=FID4
Change Component Physical Designator: Old Designator=FID? New Designator=FID5
Change Component Physical Designator: Old Designator=FID? New Designator=FID6
Change Component Physical Designator: Old Designator=J? New Designator=J1
Change Component Physical Designator: Old Designator=J? New Designator=J2
Change Component Physical Designator: Old Designator=J? New Designator=J3
Change Component Physical Designator: Old Designator=L? New Designator=L1
Change Component Physical Designator: Old Designator=L? New Designator=L2
Change Component Physical Designator: Old Designator=L? New Designator=L3
Change Component Physical Designator: Old Designator=L? New Designator=L4
Change Component Physical Designator: Old Designator=L? New Designator=L5
Change Component Physical Designator: Old Designator=L? New Designator=L6
Change Component Physical Designator: Old Designator=L? New Designator=L7
Change Component Physical Designator: Old Designator=L? New Designator=L8
Change Component Physical Designator: Old Designator=L? New Designator=L9
Change Component Physical Designator: Old Designator=L? New Designator=L10
Change Component Physical Designator: Old Designator=P? New Designator=P1
Change Component Physical Designator: Old Designator=P? New Designator=P3
Change Component Physical Designator: Old Designator=P? New Designator=P4
Change Component Physical Designator: Old Designator=P?_InputAmplifier11 New Designator=P2_InputAmplifier11
Change Component Physical Designator: Old Designator=P?_InputAmplifier12 New Designator=P2_InputAmplifier12
Change Component Physical Designator: Old Designator=P?_InputAmplifier21 New Designator=P2_InputAmplifier21
Change Component Physical Designator: Old Designator=P?_InputAmplifier22 New Designator=P2_InputAmplifier22
Change Component Physical Designator: Old Designator=P?_InputAmplifier31 New Designator=P2_InputAmplifier31
Change Component Physical Designator: Old Designator=P?_InputAmplifier32 New Designator=P2_InputAmplifier32
Change Component Physical Designator: Old Designator=P?_InputAmplifier41 New Designator=P2_InputAmplifier41
Change Component Physical Designator: Old Designator=P?_InputAmplifier42 New Designator=P2_InputAmplifier42
Change Component Physical Designator: Old Designator=P?_InputAmplifier51 New Designator=P2_InputAmplifier51
Change Component Physical Designator: Old Designator=P?_InputAmplifier52 New Designator=P2_InputAmplifier52
Change Component Physical Designator: Old Designator=P?_InputAmplifier61 New Designator=P2_InputAmplifier61
Change Component Physical Designator: Old Designator=P?_InputAmplifier62 New Designator=P2_InputAmplifier62
Change Component Physical Designator: Old Designator=P?_InputAmplifier71 New Designator=P2_InputAmplifier71
Change Component Physical Designator: Old Designator=P?_InputAmplifier72 New Designator=P2_InputAmplifier72
Change Component Physical Designator: Old Designator=P?_InputAmplifier81 New Designator=P2_InputAmplifier81
Change Component Physical Designator: Old Designator=P?_InputAmplifier82 New Designator=P2_InputAmplifier82
Change Component Physical Designator: Old Designator=Q? New Designator=Q1
Change Component Physical Designator: Old Designator=Q? New Designator=Q2
Change Component Physical Designator: Old Designator=Q? New Designator=Q3
Change Component Physical Designator: Old Designator=Q? New Designator=Q4
Change Component Physical Designator: Old Designator=R? New Designator=R1
Change Component Physical Designator: Old Designator=R? New Designator=R2
Change Component Physical Designator: Old Designator=R? New Designator=R3
Change Component Physical Designator: Old Designator=R? New Designator=R4
Change Component Physical Designator: Old Designator=R? New Designator=R5
Change Component Physical Designator: Old Designator=R? New Designator=R6
Change Component Physical Designator: Old Designator=R? New Designator=R7
Change Component Physical Designator: Old Designator=R? New Designator=R8
Change Component Physical Designator: Old Designator=R? New Designator=R9
Change Component Physical Designator: Old Designator=R? New Designator=R10
Change Component Physical Designator: Old Designator=R? New Designator=R11
Change Component Physical Designator: Old Designator=R? New Designator=R12
Change Component Physical Designator: Old Designator=R? New Designator=R13
Change Component Physical Designator: Old Designator=R? New Designator=R14
Change Component Physical Designator: Old Designator=R? New Designator=R15
Change Component Physical Designator: Old Designator=R? New Designator=R16
Change Component Physical Designator: Old Designator=R? New Designator=R17
Change Component Physical Designator: Old Designator=R? New Designator=R18
Change Component Physical Designator: Old Designator=R? New Designator=R19
Change Component Physical Designator: Old Designator=R? New Designator=R20
Change Component Physical Designator: Old Designator=R? New Designator=R21
Change Component Physical Designator: Old Designator=R? New Designator=R22
Change Component Physical Designator: Old Designator=R? New Designator=R23
Change Component Physical Designator: Old Designator=R? New Designator=R24
Change Component Physical Designator: Old Designator=R? New Designator=R25
Change Component Physical Designator: Old Designator=R? New Designator=R26
Change Component Physical Designator: Old Designator=R? New Designator=R27
Change Component Physical Designator: Old Designator=R? New Designator=R28
Change Component Physical Designator: Old Designator=R? New Designator=R45
Change Component Physical Designator: Old Designator=R? New Designator=R46
Change Component Physical Designator: Old Designator=R? New Designator=R47
Change Component Physical Designator: Old Designator=R? New Designator=R48
Change Component Physical Designator: Old Designator=R? New Designator=R49
Change Component Physical Designator: Old Designator=R? New Designator=R50
Change Component Physical Designator: Old Designator=R? New Designator=R51
Change Component Physical Designator: Old Designator=R? New Designator=R52
Change Component Physical Designator: Old Designator=R? New Designator=R53
Change Component Physical Designator: Old Designator=R? New Designator=R54
Change Component Physical Designator: Old Designator=R? New Designator=R55
Change Component Physical Designator: Old Designator=R? New Designator=R56
Change Component Physical Designator: Old Designator=R? New Designator=R57
Change Component Physical Designator: Old Designator=R? New Designator=R58
Change Component Physical Designator: Old Designator=R? New Designator=R59
Change Component Physical Designator: Old Designator=R? New Designator=R60
Change Component Physical Designator: Old Designator=R? New Designator=R61
Change Component Physical Designator: Old Designator=R? New Designator=R62
Change Component Physical Designator: Old Designator=R? New Designator=R63
Change Component Physical Designator: Old Designator=R? New Designator=R64
Change Component Physical Designator: Old Designator=R?_ADC1 New Designator=R29_ADC1
Change Component Physical Designator: Old Designator=R?_ADC1 New Designator=R30_ADC1
Change Component Physical Designator: Old Designator=R?_ADC1 New Designator=R31_ADC1
Change Component Physical Designator: Old Designator=R?_ADC1 New Designator=R32_ADC1
Change Component Physical Designator: Old Designator=R?_ADC1 New Designator=R33_ADC1
Change Component Physical Designator: Old Designator=R?_ADC2 New Designator=R29_ADC2
Change Component Physical Designator: Old Designator=R?_ADC2 New Designator=R30_ADC2
Change Component Physical Designator: Old Designator=R?_ADC2 New Designator=R31_ADC2
Change Component Physical Designator: Old Designator=R?_ADC2 New Designator=R32_ADC2
Change Component Physical Designator: Old Designator=R?_ADC2 New Designator=R33_ADC2
Change Component Physical Designator: Old Designator=R?_InputAmplifier11 New Designator=R34_InputAmplifier11
Change Component Physical Designator: Old Designator=R?_InputAmplifier11 New Designator=R35_InputAmplifier11
Change Component Physical Designator: Old Designator=R?_InputAmplifier11 New Designator=R36_InputAmplifier11
Change Component Physical Designator: Old Designator=R?_InputAmplifier11 New Designator=R37_InputAmplifier11
Change Component Physical Designator: Old Designator=R?_InputAmplifier11 New Designator=R38_InputAmplifier11
Change Component Physical Designator: Old Designator=R?_InputAmplifier11 New Designator=R39_InputAmplifier11
Change Component Physical Designator: Old Designator=R?_InputAmplifier11 New Designator=R40_InputAmplifier11
Change Component Physical Designator: Old Designator=R?_InputAmplifier11 New Designator=R41_InputAmplifier11
Change Component Physical Designator: Old Designator=R?_InputAmplifier11 New Designator=R42_InputAmplifier11
Change Component Physical Designator: Old Designator=R?_InputAmplifier11 New Designator=R43_InputAmplifier11
Change Component Physical Designator: Old Designator=R?_InputAmplifier11 New Designator=R44_InputAmplifier11
Change Component Physical Designator: Old Designator=R?_InputAmplifier12 New Designator=R34_InputAmplifier12
Change Component Physical Designator: Old Designator=R?_InputAmplifier12 New Designator=R35_InputAmplifier12
Change Component Physical Designator: Old Designator=R?_InputAmplifier12 New Designator=R36_InputAmplifier12
Change Component Physical Designator: Old Designator=R?_InputAmplifier12 New Designator=R37_InputAmplifier12
Change Component Physical Designator: Old Designator=R?_InputAmplifier12 New Designator=R38_InputAmplifier12
Change Component Physical Designator: Old Designator=R?_InputAmplifier12 New Designator=R39_InputAmplifier12
Change Component Physical Designator: Old Designator=R?_InputAmplifier12 New Designator=R40_InputAmplifier12
Change Component Physical Designator: Old Designator=R?_InputAmplifier12 New Designator=R41_InputAmplifier12
Change Component Physical Designator: Old Designator=R?_InputAmplifier12 New Designator=R42_InputAmplifier12
Change Component Physical Designator: Old Designator=R?_InputAmplifier12 New Designator=R43_InputAmplifier12
Change Component Physical Designator: Old Designator=R?_InputAmplifier12 New Designator=R44_InputAmplifier12
Change Component Physical Designator: Old Designator=R?_InputAmplifier21 New Designator=R34_InputAmplifier21
Change Component Physical Designator: Old Designator=R?_InputAmplifier21 New Designator=R35_InputAmplifier21
Change Component Physical Designator: Old Designator=R?_InputAmplifier21 New Designator=R36_InputAmplifier21
Change Component Physical Designator: Old Designator=R?_InputAmplifier21 New Designator=R37_InputAmplifier21
Change Component Physical Designator: Old Designator=R?_InputAmplifier21 New Designator=R38_InputAmplifier21
Change Component Physical Designator: Old Designator=R?_InputAmplifier21 New Designator=R39_InputAmplifier21
Change Component Physical Designator: Old Designator=R?_InputAmplifier21 New Designator=R40_InputAmplifier21
Change Component Physical Designator: Old Designator=R?_InputAmplifier21 New Designator=R41_InputAmplifier21
Change Component Physical Designator: Old Designator=R?_InputAmplifier21 New Designator=R42_InputAmplifier21
Change Component Physical Designator: Old Designator=R?_InputAmplifier21 New Designator=R43_InputAmplifier21
Change Component Physical Designator: Old Designator=R?_InputAmplifier21 New Designator=R44_InputAmplifier21
Change Component Physical Designator: Old Designator=R?_InputAmplifier22 New Designator=R34_InputAmplifier22
Change Component Physical Designator: Old Designator=R?_InputAmplifier22 New Designator=R35_InputAmplifier22
Change Component Physical Designator: Old Designator=R?_InputAmplifier22 New Designator=R36_InputAmplifier22
Change Component Physical Designator: Old Designator=R?_InputAmplifier22 New Designator=R37_InputAmplifier22
Change Component Physical Designator: Old Designator=R?_InputAmplifier22 New Designator=R38_InputAmplifier22
Change Component Physical Designator: Old Designator=R?_InputAmplifier22 New Designator=R39_InputAmplifier22
Change Component Physical Designator: Old Designator=R?_InputAmplifier22 New Designator=R40_InputAmplifier22
Change Component Physical Designator: Old Designator=R?_InputAmplifier22 New Designator=R41_InputAmplifier22
Change Component Physical Designator: Old Designator=R?_InputAmplifier22 New Designator=R42_InputAmplifier22
Change Component Physical Designator: Old Designator=R?_InputAmplifier22 New Designator=R43_InputAmplifier22
Change Component Physical Designator: Old Designator=R?_InputAmplifier22 New Designator=R44_InputAmplifier22
Change Component Physical Designator: Old Designator=R?_InputAmplifier31 New Designator=R34_InputAmplifier31
Change Component Physical Designator: Old Designator=R?_InputAmplifier31 New Designator=R35_InputAmplifier31
Change Component Physical Designator: Old Designator=R?_InputAmplifier31 New Designator=R36_InputAmplifier31
Change Component Physical Designator: Old Designator=R?_InputAmplifier31 New Designator=R37_InputAmplifier31
Change Component Physical Designator: Old Designator=R?_InputAmplifier31 New Designator=R38_InputAmplifier31
Change Component Physical Designator: Old Designator=R?_InputAmplifier31 New Designator=R39_InputAmplifier31
Change Component Physical Designator: Old Designator=R?_InputAmplifier31 New Designator=R40_InputAmplifier31
Change Component Physical Designator: Old Designator=R?_InputAmplifier31 New Designator=R41_InputAmplifier31
Change Component Physical Designator: Old Designator=R?_InputAmplifier31 New Designator=R42_InputAmplifier31
Change Component Physical Designator: Old Designator=R?_InputAmplifier31 New Designator=R43_InputAmplifier31
Change Component Physical Designator: Old Designator=R?_InputAmplifier31 New Designator=R44_InputAmplifier31
Change Component Physical Designator: Old Designator=R?_InputAmplifier32 New Designator=R34_InputAmplifier32
Change Component Physical Designator: Old Designator=R?_InputAmplifier32 New Designator=R35_InputAmplifier32
Change Component Physical Designator: Old Designator=R?_InputAmplifier32 New Designator=R36_InputAmplifier32
Change Component Physical Designator: Old Designator=R?_InputAmplifier32 New Designator=R37_InputAmplifier32
Change Component Physical Designator: Old Designator=R?_InputAmplifier32 New Designator=R38_InputAmplifier32
Change Component Physical Designator: Old Designator=R?_InputAmplifier32 New Designator=R39_InputAmplifier32
Change Component Physical Designator: Old Designator=R?_InputAmplifier32 New Designator=R40_InputAmplifier32
Change Component Physical Designator: Old Designator=R?_InputAmplifier32 New Designator=R41_InputAmplifier32
Change Component Physical Designator: Old Designator=R?_InputAmplifier32 New Designator=R42_InputAmplifier32
Change Component Physical Designator: Old Designator=R?_InputAmplifier32 New Designator=R43_InputAmplifier32
Change Component Physical Designator: Old Designator=R?_InputAmplifier32 New Designator=R44_InputAmplifier32
Change Component Physical Designator: Old Designator=R?_InputAmplifier41 New Designator=R34_InputAmplifier41
Change Component Physical Designator: Old Designator=R?_InputAmplifier41 New Designator=R35_InputAmplifier41
Change Component Physical Designator: Old Designator=R?_InputAmplifier41 New Designator=R36_InputAmplifier41
Change Component Physical Designator: Old Designator=R?_InputAmplifier41 New Designator=R37_InputAmplifier41
Change Component Physical Designator: Old Designator=R?_InputAmplifier41 New Designator=R38_InputAmplifier41
Change Component Physical Designator: Old Designator=R?_InputAmplifier41 New Designator=R39_InputAmplifier41
Change Component Physical Designator: Old Designator=R?_InputAmplifier41 New Designator=R40_InputAmplifier41
Change Component Physical Designator: Old Designator=R?_InputAmplifier41 New Designator=R41_InputAmplifier41
Change Component Physical Designator: Old Designator=R?_InputAmplifier41 New Designator=R42_InputAmplifier41
Change Component Physical Designator: Old Designator=R?_InputAmplifier41 New Designator=R43_InputAmplifier41
Change Component Physical Designator: Old Designator=R?_InputAmplifier41 New Designator=R44_InputAmplifier41
Change Component Physical Designator: Old Designator=R?_InputAmplifier42 New Designator=R34_InputAmplifier42
Change Component Physical Designator: Old Designator=R?_InputAmplifier42 New Designator=R35_InputAmplifier42
Change Component Physical Designator: Old Designator=R?_InputAmplifier42 New Designator=R36_InputAmplifier42
Change Component Physical Designator: Old Designator=R?_InputAmplifier42 New Designator=R37_InputAmplifier42
Change Component Physical Designator: Old Designator=R?_InputAmplifier42 New Designator=R38_InputAmplifier42
Change Component Physical Designator: Old Designator=R?_InputAmplifier42 New Designator=R39_InputAmplifier42
Change Component Physical Designator: Old Designator=R?_InputAmplifier42 New Designator=R40_InputAmplifier42
Change Component Physical Designator: Old Designator=R?_InputAmplifier42 New Designator=R41_InputAmplifier42
Change Component Physical Designator: Old Designator=R?_InputAmplifier42 New Designator=R42_InputAmplifier42
Change Component Physical Designator: Old Designator=R?_InputAmplifier42 New Designator=R43_InputAmplifier42
Change Component Physical Designator: Old Designator=R?_InputAmplifier42 New Designator=R44_InputAmplifier42
Change Component Physical Designator: Old Designator=R?_InputAmplifier51 New Designator=R34_InputAmplifier51
Change Component Physical Designator: Old Designator=R?_InputAmplifier51 New Designator=R35_InputAmplifier51
Change Component Physical Designator: Old Designator=R?_InputAmplifier51 New Designator=R36_InputAmplifier51
Change Component Physical Designator: Old Designator=R?_InputAmplifier51 New Designator=R37_InputAmplifier51
Change Component Physical Designator: Old Designator=R?_InputAmplifier51 New Designator=R38_InputAmplifier51
Change Component Physical Designator: Old Designator=R?_InputAmplifier51 New Designator=R39_InputAmplifier51
Change Component Physical Designator: Old Designator=R?_InputAmplifier51 New Designator=R40_InputAmplifier51
Change Component Physical Designator: Old Designator=R?_InputAmplifier51 New Designator=R41_InputAmplifier51
Change Component Physical Designator: Old Designator=R?_InputAmplifier51 New Designator=R42_InputAmplifier51
Change Component Physical Designator: Old Designator=R?_InputAmplifier51 New Designator=R43_InputAmplifier51
Change Component Physical Designator: Old Designator=R?_InputAmplifier51 New Designator=R44_InputAmplifier51
Change Component Physical Designator: Old Designator=R?_InputAmplifier52 New Designator=R34_InputAmplifier52
Change Component Physical Designator: Old Designator=R?_InputAmplifier52 New Designator=R35_InputAmplifier52
Change Component Physical Designator: Old Designator=R?_InputAmplifier52 New Designator=R36_InputAmplifier52
Change Component Physical Designator: Old Designator=R?_InputAmplifier52 New Designator=R37_InputAmplifier52
Change Component Physical Designator: Old Designator=R?_InputAmplifier52 New Designator=R38_InputAmplifier52
Change Component Physical Designator: Old Designator=R?_InputAmplifier52 New Designator=R39_InputAmplifier52
Change Component Physical Designator: Old Designator=R?_InputAmplifier52 New Designator=R40_InputAmplifier52
Change Component Physical Designator: Old Designator=R?_InputAmplifier52 New Designator=R41_InputAmplifier52
Change Component Physical Designator: Old Designator=R?_InputAmplifier52 New Designator=R42_InputAmplifier52
Change Component Physical Designator: Old Designator=R?_InputAmplifier52 New Designator=R43_InputAmplifier52
Change Component Physical Designator: Old Designator=R?_InputAmplifier52 New Designator=R44_InputAmplifier52
Change Component Physical Designator: Old Designator=R?_InputAmplifier61 New Designator=R34_InputAmplifier61
Change Component Physical Designator: Old Designator=R?_InputAmplifier61 New Designator=R35_InputAmplifier61
Change Component Physical Designator: Old Designator=R?_InputAmplifier61 New Designator=R36_InputAmplifier61
Change Component Physical Designator: Old Designator=R?_InputAmplifier61 New Designator=R37_InputAmplifier61
Change Component Physical Designator: Old Designator=R?_InputAmplifier61 New Designator=R38_InputAmplifier61
Change Component Physical Designator: Old Designator=R?_InputAmplifier61 New Designator=R39_InputAmplifier61
Change Component Physical Designator: Old Designator=R?_InputAmplifier61 New Designator=R40_InputAmplifier61
Change Component Physical Designator: Old Designator=R?_InputAmplifier61 New Designator=R41_InputAmplifier61
Change Component Physical Designator: Old Designator=R?_InputAmplifier61 New Designator=R42_InputAmplifier61
Change Component Physical Designator: Old Designator=R?_InputAmplifier61 New Designator=R43_InputAmplifier61
Change Component Physical Designator: Old Designator=R?_InputAmplifier61 New Designator=R44_InputAmplifier61
Change Component Physical Designator: Old Designator=R?_InputAmplifier62 New Designator=R34_InputAmplifier62
Change Component Physical Designator: Old Designator=R?_InputAmplifier62 New Designator=R35_InputAmplifier62
Change Component Physical Designator: Old Designator=R?_InputAmplifier62 New Designator=R36_InputAmplifier62
Change Component Physical Designator: Old Designator=R?_InputAmplifier62 New Designator=R37_InputAmplifier62
Change Component Physical Designator: Old Designator=R?_InputAmplifier62 New Designator=R38_InputAmplifier62
Change Component Physical Designator: Old Designator=R?_InputAmplifier62 New Designator=R39_InputAmplifier62
Change Component Physical Designator: Old Designator=R?_InputAmplifier62 New Designator=R40_InputAmplifier62
Change Component Physical Designator: Old Designator=R?_InputAmplifier62 New Designator=R41_InputAmplifier62
Change Component Physical Designator: Old Designator=R?_InputAmplifier62 New Designator=R42_InputAmplifier62
Change Component Physical Designator: Old Designator=R?_InputAmplifier62 New Designator=R43_InputAmplifier62
Change Component Physical Designator: Old Designator=R?_InputAmplifier62 New Designator=R44_InputAmplifier62
Change Component Physical Designator: Old Designator=R?_InputAmplifier71 New Designator=R34_InputAmplifier71
Change Component Physical Designator: Old Designator=R?_InputAmplifier71 New Designator=R35_InputAmplifier71
Change Component Physical Designator: Old Designator=R?_InputAmplifier71 New Designator=R36_InputAmplifier71
Change Component Physical Designator: Old Designator=R?_InputAmplifier71 New Designator=R37_InputAmplifier71
Change Component Physical Designator: Old Designator=R?_InputAmplifier71 New Designator=R38_InputAmplifier71
Change Component Physical Designator: Old Designator=R?_InputAmplifier71 New Designator=R39_InputAmplifier71
Change Component Physical Designator: Old Designator=R?_InputAmplifier71 New Designator=R40_InputAmplifier71
Change Component Physical Designator: Old Designator=R?_InputAmplifier71 New Designator=R41_InputAmplifier71
Change Component Physical Designator: Old Designator=R?_InputAmplifier71 New Designator=R42_InputAmplifier71
Change Component Physical Designator: Old Designator=R?_InputAmplifier71 New Designator=R43_InputAmplifier71
Change Component Physical Designator: Old Designator=R?_InputAmplifier71 New Designator=R44_InputAmplifier71
Change Component Physical Designator: Old Designator=R?_InputAmplifier72 New Designator=R34_InputAmplifier72
Change Component Physical Designator: Old Designator=R?_InputAmplifier72 New Designator=R35_InputAmplifier72
Change Component Physical Designator: Old Designator=R?_InputAmplifier72 New Designator=R36_InputAmplifier72
Change Component Physical Designator: Old Designator=R?_InputAmplifier72 New Designator=R37_InputAmplifier72
Change Component Physical Designator: Old Designator=R?_InputAmplifier72 New Designator=R38_InputAmplifier72
Change Component Physical Designator: Old Designator=R?_InputAmplifier72 New Designator=R39_InputAmplifier72
Change Component Physical Designator: Old Designator=R?_InputAmplifier72 New Designator=R40_InputAmplifier72
Change Component Physical Designator: Old Designator=R?_InputAmplifier72 New Designator=R41_InputAmplifier72
Change Component Physical Designator: Old Designator=R?_InputAmplifier72 New Designator=R42_InputAmplifier72
Change Component Physical Designator: Old Designator=R?_InputAmplifier72 New Designator=R43_InputAmplifier72
Change Component Physical Designator: Old Designator=R?_InputAmplifier72 New Designator=R44_InputAmplifier72
Change Component Physical Designator: Old Designator=R?_InputAmplifier81 New Designator=R34_InputAmplifier81
Change Component Physical Designator: Old Designator=R?_InputAmplifier81 New Designator=R35_InputAmplifier81
Change Component Physical Designator: Old Designator=R?_InputAmplifier81 New Designator=R36_InputAmplifier81
Change Component Physical Designator: Old Designator=R?_InputAmplifier81 New Designator=R37_InputAmplifier81
Change Component Physical Designator: Old Designator=R?_InputAmplifier81 New Designator=R38_InputAmplifier81
Change Component Physical Designator: Old Designator=R?_InputAmplifier81 New Designator=R39_InputAmplifier81
Change Component Physical Designator: Old Designator=R?_InputAmplifier81 New Designator=R40_InputAmplifier81
Change Component Physical Designator: Old Designator=R?_InputAmplifier81 New Designator=R41_InputAmplifier81
Change Component Physical Designator: Old Designator=R?_InputAmplifier81 New Designator=R42_InputAmplifier81
Change Component Physical Designator: Old Designator=R?_InputAmplifier81 New Designator=R43_InputAmplifier81
Change Component Physical Designator: Old Designator=R?_InputAmplifier81 New Designator=R44_InputAmplifier81
Change Component Physical Designator: Old Designator=R?_InputAmplifier82 New Designator=R34_InputAmplifier82
Change Component Physical Designator: Old Designator=R?_InputAmplifier82 New Designator=R35_InputAmplifier82
Change Component Physical Designator: Old Designator=R?_InputAmplifier82 New Designator=R36_InputAmplifier82
Change Component Physical Designator: Old Designator=R?_InputAmplifier82 New Designator=R37_InputAmplifier82
Change Component Physical Designator: Old Designator=R?_InputAmplifier82 New Designator=R38_InputAmplifier82
Change Component Physical Designator: Old Designator=R?_InputAmplifier82 New Designator=R39_InputAmplifier82
Change Component Physical Designator: Old Designator=R?_InputAmplifier82 New Designator=R40_InputAmplifier82
Change Component Physical Designator: Old Designator=R?_InputAmplifier82 New Designator=R41_InputAmplifier82
Change Component Physical Designator: Old Designator=R?_InputAmplifier82 New Designator=R42_InputAmplifier82
Change Component Physical Designator: Old Designator=R?_InputAmplifier82 New Designator=R43_InputAmplifier82
Change Component Physical Designator: Old Designator=R?_InputAmplifier82 New Designator=R44_InputAmplifier82
Change Component Physical Designator: Old Designator=S? New Designator=S1
Change Component Physical Designator: Old Designator=S? New Designator=S2
Change Component Physical Designator: Old Designator=S? New Designator=S3
Change Component Physical Designator: Old Designator=S? New Designator=S4
Change Component Physical Designator: Old Designator=SW? New Designator=SW1
Change Component Physical Designator: Old Designator=SW? New Designator=SW2
Change Component Physical Designator: Old Designator=TP? New Designator=TP1
Change Component Physical Designator: Old Designator=TP? New Designator=TP2
Change Component Physical Designator: Old Designator=TP? New Designator=TP3
Change Component Physical Designator: Old Designator=TP? New Designator=TP4
Change Component Physical Designator: Old Designator=TP? New Designator=TP5
Change Component Physical Designator: Old Designator=TP? New Designator=TP6
Change Component Physical Designator: Old Designator=TP? New Designator=TP7
Change Component Physical Designator: Old Designator=TP? New Designator=TP8
Change Component Physical Designator: Old Designator=TP? New Designator=TP9
Change Component Physical Designator: Old Designator=TP? New Designator=TP10
Change Component Physical Designator: Old Designator=TP? New Designator=TP11
Change Component Physical Designator: Old Designator=TP? New Designator=TP12
Change Component Physical Designator: Old Designator=TP? New Designator=TP13
Change Component Physical Designator: Old Designator=TP? New Designator=TP14
Change Component Physical Designator: Old Designator=TP? New Designator=TP15
Change Component Physical Designator: Old Designator=U? New Designator=U5
Change Component Physical Designator: Old Designator=U? New Designator=U5
Change Component Physical Designator: Old Designator=U? New Designator=U5
Change Component Physical Designator: Old Designator=U? New Designator=U5
Change Component Physical Designator: Old Designator=U? New Designator=U5
Change Component Physical Designator: Old Designator=U? New Designator=U1
Change Component Physical Designator: Old Designator=U? New Designator=U2
Change Component Physical Designator: Old Designator=U? New Designator=U3
Change Component Physical Designator: Old Designator=U? New Designator=U4
Change Component Physical Designator: Old Designator=U? New Designator=U6
Change Component Physical Designator: Old Designator=U? New Designator=U10
Change Component Physical Designator: Old Designator=U? New Designator=U11
Change Component Physical Designator: Old Designator=U? New Designator=U12
Change Component Physical Designator: Old Designator=U? New Designator=U13
Change Component Physical Designator: Old Designator=U? New Designator=U14
Change Component Physical Designator: Old Designator=U?_ADC1 New Designator=U7_ADC1
Change Component Physical Designator: Old Designator=U?_ADC1 New Designator=U8_ADC1
Change Component Physical Designator: Old Designator=U?_ADC2 New Designator=U7_ADC2
Change Component Physical Designator: Old Designator=U?_ADC2 New Designator=U8_ADC2
Change Component Physical Designator: Old Designator=U?_InputAmplifier11 New Designator=U9_InputAmplifier11
Change Component Physical Designator: Old Designator=U?_InputAmplifier11 New Designator=U9_InputAmplifier11
Change Component Physical Designator: Old Designator=U?_InputAmplifier12 New Designator=U9_InputAmplifier12
Change Component Physical Designator: Old Designator=U?_InputAmplifier12 New Designator=U9_InputAmplifier12
Change Component Physical Designator: Old Designator=U?_InputAmplifier21 New Designator=U9_InputAmplifier21
Change Component Physical Designator: Old Designator=U?_InputAmplifier21 New Designator=U9_InputAmplifier21
Change Component Physical Designator: Old Designator=U?_InputAmplifier22 New Designator=U9_InputAmplifier22
Change Component Physical Designator: Old Designator=U?_InputAmplifier22 New Designator=U9_InputAmplifier22
Change Component Physical Designator: Old Designator=U?_InputAmplifier31 New Designator=U9_InputAmplifier31
Change Component Physical Designator: Old Designator=U?_InputAmplifier31 New Designator=U9_InputAmplifier31
Change Component Physical Designator: Old Designator=U?_InputAmplifier32 New Designator=U9_InputAmplifier32
Change Component Physical Designator: Old Designator=U?_InputAmplifier32 New Designator=U9_InputAmplifier32
Change Component Physical Designator: Old Designator=U?_InputAmplifier41 New Designator=U9_InputAmplifier41
Change Component Physical Designator: Old Designator=U?_InputAmplifier41 New Designator=U9_InputAmplifier41
Change Component Physical Designator: Old Designator=U?_InputAmplifier42 New Designator=U9_InputAmplifier42
Change Component Physical Designator: Old Designator=U?_InputAmplifier42 New Designator=U9_InputAmplifier42
Change Component Physical Designator: Old Designator=U?_InputAmplifier51 New Designator=U9_InputAmplifier51
Change Component Physical Designator: Old Designator=U?_InputAmplifier51 New Designator=U9_InputAmplifier51
Change Component Physical Designator: Old Designator=U?_InputAmplifier52 New Designator=U9_InputAmplifier52
Change Component Physical Designator: Old Designator=U?_InputAmplifier52 New Designator=U9_InputAmplifier52
Change Component Physical Designator: Old Designator=U?_InputAmplifier61 New Designator=U9_InputAmplifier61
Change Component Physical Designator: Old Designator=U?_InputAmplifier61 New Designator=U9_InputAmplifier61
Change Component Physical Designator: Old Designator=U?_InputAmplifier62 New Designator=U9_InputAmplifier62
Change Component Physical Designator: Old Designator=U?_InputAmplifier62 New Designator=U9_InputAmplifier62
Change Component Physical Designator: Old Designator=U?_InputAmplifier71 New Designator=U9_InputAmplifier71
Change Component Physical Designator: Old Designator=U?_InputAmplifier71 New Designator=U9_InputAmplifier71
Change Component Physical Designator: Old Designator=U?_InputAmplifier72 New Designator=U9_InputAmplifier72
Change Component Physical Designator: Old Designator=U?_InputAmplifier72 New Designator=U9_InputAmplifier72
Change Component Physical Designator: Old Designator=U?_InputAmplifier81 New Designator=U9_InputAmplifier81
Change Component Physical Designator: Old Designator=U?_InputAmplifier81 New Designator=U9_InputAmplifier81
Change Component Physical Designator: Old Designator=U?_InputAmplifier82 New Designator=U9_InputAmplifier82
Change Component Physical Designator: Old Designator=U?_InputAmplifier82 New Designator=U9_InputAmplifier82
