Change Component Physical Designator: Old Designator=C1 New Designator=C25
Change Component Physical Designator: Old Designator=C2 New Designator=C26
Change Component Physical Designator: Old Designator=C3 New Designator=C158
Change Component Physical Designator: Old Designator=C4 New Designator=C159
Change Component Physical Designator: Old Designator=C5 New Designator=C160
Change Component Physical Designator: Old Designator=C6 New Designator=C161
Change Component Physical Designator: Old Designator=C7 New Designator=C162
Change Component Physical Designator: Old Designator=C8 New Designator=C163
Change Component Physical Designator: Old Designator=C9 New Designator=C164
Change Component Physical Designator: Old Designator=C10 New Designator=C165
Change Component Physical Designator: Old Designator=C11 New Designator=C166
Change Component Physical Designator: Old Designator=C12 New Designator=C167
Change Component Physical Designator: Old Designator=C13 New Designator=C168
Change Component Physical Designator: Old Designator=C14 New Designator=C169
Change Component Physical Designator: Old Designator=C15 New Designator=C170
Change Component Physical Designator: Old Designator=C16 New Designator=C171
Change Component Physical Designator: Old Designator=C17 New Designator=C172
Change Component Physical Designator: Old Designator=C18_ADC1 New Designator=C1
Change Component Physical Designator: Old Designator=C18_ADC2 New Designator=C13
Change Component Physical Designator: Old Designator=C19_ADC1 New Designator=C2
Change Component Physical Designator: Old Designator=C19_ADC2 New Designator=C14
Change Component Physical Designator: Old Designator=C20_ADC1 New Designator=C3
Change Component Physical Designator: Old Designator=C20_ADC2 New Designator=C15
Change Component Physical Designator: Old Designator=C21_ADC1 New Designator=C4
Change Component Physical Designator: Old Designator=C21_ADC2 New Designator=C16
Change Component Physical Designator: Old Designator=C22_ADC1 New Designator=C5
Change Component Physical Designator: Old Designator=C22_ADC2 New Designator=C17
Change Component Physical Designator: Old Designator=C23_ADC1 New Designator=C6
Change Component Physical Designator: Old Designator=C23_ADC2 New Designator=C18
Change Component Physical Designator: Old Designator=C24_ADC1 New Designator=C7
Change Component Physical Designator: Old Designator=C24_ADC2 New Designator=C19
Change Component Physical Designator: Old Designator=C25_ADC1 New Designator=C8
Change Component Physical Designator: Old Designator=C25_ADC2 New Designator=C20
Change Component Physical Designator: Old Designator=C26_ADC1 New Designator=C9
Change Component Physical Designator: Old Designator=C26_ADC2 New Designator=C21
Change Component Physical Designator: Old Designator=C27_ADC1 New Designator=C10
Change Component Physical Designator: Old Designator=C27_ADC2 New Designator=C22
Change Component Physical Designator: Old Designator=C28_ADC1 New Designator=C11
Change Component Physical Designator: Old Designator=C28_ADC2 New Designator=C23
Change Component Physical Designator: Old Designator=C29_ADC1 New Designator=C12
Change Component Physical Designator: Old Designator=C29_ADC2 New Designator=C24
Change Component Physical Designator: Old Designator=C30_InputAmplifier11 New Designator=C38
Change Component Physical Designator: Old Designator=C30_InputAmplifier12 New Designator=C45
Change Component Physical Designator: Old Designator=C30_InputAmplifier21 New Designator=C52
Change Component Physical Designator: Old Designator=C30_InputAmplifier22 New Designator=C59
Change Component Physical Designator: Old Designator=C30_InputAmplifier31 New Designator=C66
Change Component Physical Designator: Old Designator=C30_InputAmplifier32 New Designator=C73
Change Component Physical Designator: Old Designator=C30_InputAmplifier41 New Designator=C80
Change Component Physical Designator: Old Designator=C30_InputAmplifier42 New Designator=C87
Change Component Physical Designator: Old Designator=C30_InputAmplifier51 New Designator=C94
Change Component Physical Designator: Old Designator=C30_InputAmplifier52 New Designator=C101
Change Component Physical Designator: Old Designator=C30_InputAmplifier61 New Designator=C108
Change Component Physical Designator: Old Designator=C30_InputAmplifier62 New Designator=C115
Change Component Physical Designator: Old Designator=C30_InputAmplifier71 New Designator=C122
Change Component Physical Designator: Old Designator=C30_InputAmplifier72 New Designator=C129
Change Component Physical Designator: Old Designator=C30_InputAmplifier81 New Designator=C136
Change Component Physical Designator: Old Designator=C30_InputAmplifier82 New Designator=C143
Change Component Physical Designator: Old Designator=C31_InputAmplifier11 New Designator=C39
Change Component Physical Designator: Old Designator=C31_InputAmplifier12 New Designator=C46
Change Component Physical Designator: Old Designator=C31_InputAmplifier21 New Designator=C53
Change Component Physical Designator: Old Designator=C31_InputAmplifier22 New Designator=C60
Change Component Physical Designator: Old Designator=C31_InputAmplifier31 New Designator=C67
Change Component Physical Designator: Old Designator=C31_InputAmplifier32 New Designator=C74
Change Component Physical Designator: Old Designator=C31_InputAmplifier41 New Designator=C81
Change Component Physical Designator: Old Designator=C31_InputAmplifier42 New Designator=C88
Change Component Physical Designator: Old Designator=C31_InputAmplifier51 New Designator=C95
Change Component Physical Designator: Old Designator=C31_InputAmplifier52 New Designator=C102
Change Component Physical Designator: Old Designator=C31_InputAmplifier61 New Designator=C109
Change Component Physical Designator: Old Designator=C31_InputAmplifier62 New Designator=C116
Change Component Physical Designator: Old Designator=C31_InputAmplifier71 New Designator=C123
Change Component Physical Designator: Old Designator=C31_InputAmplifier72 New Designator=C130
Change Component Physical Designator: Old Designator=C31_InputAmplifier81 New Designator=C137
Change Component Physical Designator: Old Designator=C31_InputAmplifier82 New Designator=C144
Change Component Physical Designator: Old Designator=C32_InputAmplifier11 New Designator=C40
Change Component Physical Designator: Old Designator=C32_InputAmplifier12 New Designator=C47
Change Component Physical Designator: Old Designator=C32_InputAmplifier21 New Designator=C54
Change Component Physical Designator: Old Designator=C32_InputAmplifier22 New Designator=C61
Change Component Physical Designator: Old Designator=C32_InputAmplifier31 New Designator=C68
Change Component Physical Designator: Old Designator=C32_InputAmplifier32 New Designator=C75
Change Component Physical Designator: Old Designator=C32_InputAmplifier41 New Designator=C82
Change Component Physical Designator: Old Designator=C32_InputAmplifier42 New Designator=C89
Change Component Physical Designator: Old Designator=C32_InputAmplifier51 New Designator=C96
Change Component Physical Designator: Old Designator=C32_InputAmplifier52 New Designator=C103
Change Component Physical Designator: Old Designator=C32_InputAmplifier61 New Designator=C110
Change Component Physical Designator: Old Designator=C32_InputAmplifier62 New Designator=C117
Change Component Physical Designator: Old Designator=C32_InputAmplifier71 New Designator=C124
Change Component Physical Designator: Old Designator=C32_InputAmplifier72 New Designator=C131
Change Component Physical Designator: Old Designator=C32_InputAmplifier81 New Designator=C138
Change Component Physical Designator: Old Designator=C32_InputAmplifier82 New Designator=C145
Change Component Physical Designator: Old Designator=C33_InputAmplifier11 New Designator=C41
Change Component Physical Designator: Old Designator=C33_InputAmplifier12 New Designator=C48
Change Component Physical Designator: Old Designator=C33_InputAmplifier21 New Designator=C55
Change Component Physical Designator: Old Designator=C33_InputAmplifier22 New Designator=C62
Change Component Physical Designator: Old Designator=C33_InputAmplifier31 New Designator=C69
Change Component Physical Designator: Old Designator=C33_InputAmplifier32 New Designator=C76
Change Component Physical Designator: Old Designator=C33_InputAmplifier41 New Designator=C83
Change Component Physical Designator: Old Designator=C33_InputAmplifier42 New Designator=C90
Change Component Physical Designator: Old Designator=C33_InputAmplifier51 New Designator=C97
Change Component Physical Designator: Old Designator=C33_InputAmplifier52 New Designator=C104
Change Component Physical Designator: Old Designator=C33_InputAmplifier61 New Designator=C111
Change Component Physical Designator: Old Designator=C33_InputAmplifier62 New Designator=C118
Change Component Physical Designator: Old Designator=C33_InputAmplifier71 New Designator=C125
Change Component Physical Designator: Old Designator=C33_InputAmplifier72 New Designator=C132
Change Component Physical Designator: Old Designator=C33_InputAmplifier81 New Designator=C139
Change Component Physical Designator: Old Designator=C33_InputAmplifier82 New Designator=C146
Change Component Physical Designator: Old Designator=C34_InputAmplifier11 New Designator=C42
Change Component Physical Designator: Old Designator=C34_InputAmplifier12 New Designator=C49
Change Component Physical Designator: Old Designator=C34_InputAmplifier21 New Designator=C56
Change Component Physical Designator: Old Designator=C34_InputAmplifier22 New Designator=C63
Change Component Physical Designator: Old Designator=C34_InputAmplifier31 New Designator=C70
Change Component Physical Designator: Old Designator=C34_InputAmplifier32 New Designator=C77
Change Component Physical Designator: Old Designator=C34_InputAmplifier41 New Designator=C84
Change Component Physical Designator: Old Designator=C34_InputAmplifier42 New Designator=C91
Change Component Physical Designator: Old Designator=C34_InputAmplifier51 New Designator=C98
Change Component Physical Designator: Old Designator=C34_InputAmplifier52 New Designator=C105
Change Component Physical Designator: Old Designator=C34_InputAmplifier61 New Designator=C112
Change Component Physical Designator: Old Designator=C34_InputAmplifier62 New Designator=C119
Change Component Physical Designator: Old Designator=C34_InputAmplifier71 New Designator=C126
Change Component Physical Designator: Old Designator=C34_InputAmplifier72 New Designator=C133
Change Component Physical Designator: Old Designator=C34_InputAmplifier81 New Designator=C140
Change Component Physical Designator: Old Designator=C34_InputAmplifier82 New Designator=C147
Change Component Physical Designator: Old Designator=C35_InputAmplifier11 New Designator=C43
Change Component Physical Designator: Old Designator=C35_InputAmplifier12 New Designator=C50
Change Component Physical Designator: Old Designator=C35_InputAmplifier21 New Designator=C57
Change Component Physical Designator: Old Designator=C35_InputAmplifier22 New Designator=C64
Change Component Physical Designator: Old Designator=C35_InputAmplifier31 New Designator=C71
Change Component Physical Designator: Old Designator=C35_InputAmplifier32 New Designator=C78
Change Component Physical Designator: Old Designator=C35_InputAmplifier41 New Designator=C85
Change Component Physical Designator: Old Designator=C35_InputAmplifier42 New Designator=C92
Change Component Physical Designator: Old Designator=C35_InputAmplifier51 New Designator=C99
Change Component Physical Designator: Old Designator=C35_InputAmplifier52 New Designator=C106
Change Component Physical Designator: Old Designator=C35_InputAmplifier61 New Designator=C113
Change Component Physical Designator: Old Designator=C35_InputAmplifier62 New Designator=C120
Change Component Physical Designator: Old Designator=C35_InputAmplifier71 New Designator=C127
Change Component Physical Designator: Old Designator=C35_InputAmplifier72 New Designator=C134
Change Component Physical Designator: Old Designator=C35_InputAmplifier81 New Designator=C141
Change Component Physical Designator: Old Designator=C35_InputAmplifier82 New Designator=C148
Change Component Physical Designator: Old Designator=C36_InputAmplifier11 New Designator=C44
Change Component Physical Designator: Old Designator=C36_InputAmplifier12 New Designator=C51
Change Component Physical Designator: Old Designator=C36_InputAmplifier21 New Designator=C58
Change Component Physical Designator: Old Designator=C36_InputAmplifier22 New Designator=C65
Change Component Physical Designator: Old Designator=C36_InputAmplifier31 New Designator=C72
Change Component Physical Designator: Old Designator=C36_InputAmplifier32 New Designator=C79
Change Component Physical Designator: Old Designator=C36_InputAmplifier41 New Designator=C86
Change Component Physical Designator: Old Designator=C36_InputAmplifier42 New Designator=C93
Change Component Physical Designator: Old Designator=C36_InputAmplifier51 New Designator=C100
Change Component Physical Designator: Old Designator=C36_InputAmplifier52 New Designator=C107
Change Component Physical Designator: Old Designator=C36_InputAmplifier61 New Designator=C114
Change Component Physical Designator: Old Designator=C36_InputAmplifier62 New Designator=C121
Change Component Physical Designator: Old Designator=C36_InputAmplifier71 New Designator=C128
Change Component Physical Designator: Old Designator=C36_InputAmplifier72 New Designator=C135
Change Component Physical Designator: Old Designator=C36_InputAmplifier81 New Designator=C142
Change Component Physical Designator: Old Designator=C36_InputAmplifier82 New Designator=C149
Change Component Physical Designator: Old Designator=C37 New Designator=C173
Change Component Physical Designator: Old Designator=C38 New Designator=C174
Change Component Physical Designator: Old Designator=C39 New Designator=C175
Change Component Physical Designator: Old Designator=C40 New Designator=C176
Change Component Physical Designator: Old Designator=C41 New Designator=C177
Change Component Physical Designator: Old Designator=C42 New Designator=C178
Change Component Physical Designator: Old Designator=C43 New Designator=C179
Change Component Physical Designator: Old Designator=C44 New Designator=C180
Change Component Physical Designator: Old Designator=C45 New Designator=C181
Change Component Physical Designator: Old Designator=C46 New Designator=C182
Change Component Physical Designator: Old Designator=C47 New Designator=C183
Change Component Physical Designator: Old Designator=C48 New Designator=C184
Change Component Physical Designator: Old Designator=C49 New Designator=C185
Change Component Physical Designator: Old Designator=C50 New Designator=C186
Change Component Physical Designator: Old Designator=C51 New Designator=C187
Change Component Physical Designator: Old Designator=C52 New Designator=C188
Change Component Physical Designator: Old Designator=C53 New Designator=C189
Change Component Physical Designator: Old Designator=C54 New Designator=C190
Change Component Physical Designator: Old Designator=C55 New Designator=C191
Change Component Physical Designator: Old Designator=C56 New Designator=C192
Change Component Physical Designator: Old Designator=C57 New Designator=C193
Change Component Physical Designator: Old Designator=C58 New Designator=C194
Change Component Physical Designator: Old Designator=C59 New Designator=C195
Change Component Physical Designator: Old Designator=C60 New Designator=C196
Change Component Physical Designator: Old Designator=C61 New Designator=C197
Change Component Physical Designator: Old Designator=C62 New Designator=C198
Change Component Physical Designator: Old Designator=C63 New Designator=C199
Change Component Physical Designator: Old Designator=C64 New Designator=C200
Change Component Physical Designator: Old Designator=C65 New Designator=C201
Change Component Physical Designator: Old Designator=C66 New Designator=C202
Change Component Physical Designator: Old Designator=C67 New Designator=C203
Change Component Physical Designator: Old Designator=C68 New Designator=C204
Change Component Physical Designator: Old Designator=C69 New Designator=C205
Change Component Physical Designator: Old Designator=C70 New Designator=C27
Change Component Physical Designator: Old Designator=C71 New Designator=C28
Change Component Physical Designator: Old Designator=C72 New Designator=C29
Change Component Physical Designator: Old Designator=C73 New Designator=C30
Change Component Physical Designator: Old Designator=C74 New Designator=C31
Change Component Physical Designator: Old Designator=C75 New Designator=C32
Change Component Physical Designator: Old Designator=C76 New Designator=C33
Change Component Physical Designator: Old Designator=C77 New Designator=C34
Change Component Physical Designator: Old Designator=C78 New Designator=C35
Change Component Physical Designator: Old Designator=C79 New Designator=C36
Change Component Physical Designator: Old Designator=C80 New Designator=C37
Change Component Physical Designator: Old Designator=C81 New Designator=C150
Change Component Physical Designator: Old Designator=C82 New Designator=C151
Change Component Physical Designator: Old Designator=C83 New Designator=C152
Change Component Physical Designator: Old Designator=C84 New Designator=C153
Change Component Physical Designator: Old Designator=C85 New Designator=C154
Change Component Physical Designator: Old Designator=C86 New Designator=C155
Change Component Physical Designator: Old Designator=C87 New Designator=C156
Change Component Physical Designator: Old Designator=C88 New Designator=C157
Change Component Physical Designator: Old Designator=C?_ADC1 New Designator=C?1
Change Component Physical Designator: Old Designator=C?_ADC2 New Designator=C?2
Change Component Physical Designator: Old Designator=D1 New Designator=D33
Change Component Physical Designator: Old Designator=D2 New Designator=D34
Change Component Physical Designator: Old Designator=D3 New Designator=D35
Change Component Physical Designator: Old Designator=D4 New Designator=D36
Change Component Physical Designator: Old Designator=D5 New Designator=D37
Change Component Physical Designator: Old Designator=D6 New Designator=D38
Change Component Physical Designator: Old Designator=D7 New Designator=D43
Change Component Physical Designator: Old Designator=D8 New Designator=D44
Change Component Physical Designator: Old Designator=D9 New Designator=D45
Change Component Physical Designator: Old Designator=D10 New Designator=D46
Change Component Physical Designator: Old Designator=D11 New Designator=D47
Change Component Physical Designator: Old Designator=D12 New Designator=D48
Change Component Physical Designator: Old Designator=D13 New Designator=D49
Change Component Physical Designator: Old Designator=D14 New Designator=D50
Change Component Physical Designator: Old Designator=D15_InputAmplifier11 New Designator=D1
Change Component Physical Designator: Old Designator=D15_InputAmplifier12 New Designator=D3
Change Component Physical Designator: Old Designator=D15_InputAmplifier21 New Designator=D5
Change Component Physical Designator: Old Designator=D15_InputAmplifier22 New Designator=D7
Change Component Physical Designator: Old Designator=D15_InputAmplifier31 New Designator=D9
Change Component Physical Designator: Old Designator=D15_InputAmplifier32 New Designator=D11
Change Component Physical Designator: Old Designator=D15_InputAmplifier41 New Designator=D13
Change Component Physical Designator: Old Designator=D15_InputAmplifier42 New Designator=D15
Change Component Physical Designator: Old Designator=D15_InputAmplifier51 New Designator=D17
Change Component Physical Designator: Old Designator=D15_InputAmplifier52 New Designator=D19
Change Component Physical Designator: Old Designator=D15_InputAmplifier61 New Designator=D21
Change Component Physical Designator: Old Designator=D15_InputAmplifier62 New Designator=D23
Change Component Physical Designator: Old Designator=D15_InputAmplifier71 New Designator=D25
Change Component Physical Designator: Old Designator=D15_InputAmplifier72 New Designator=D27
Change Component Physical Designator: Old Designator=D15_InputAmplifier81 New Designator=D29
Change Component Physical Designator: Old Designator=D15_InputAmplifier82 New Designator=D31
Change Component Physical Designator: Old Designator=D16_InputAmplifier11 New Designator=D2
Change Component Physical Designator: Old Designator=D16_InputAmplifier12 New Designator=D4
Change Component Physical Designator: Old Designator=D16_InputAmplifier21 New Designator=D6
Change Component Physical Designator: Old Designator=D16_InputAmplifier22 New Designator=D8
Change Component Physical Designator: Old Designator=D16_InputAmplifier31 New Designator=D10
Change Component Physical Designator: Old Designator=D16_InputAmplifier32 New Designator=D12
Change Component Physical Designator: Old Designator=D16_InputAmplifier41 New Designator=D14
Change Component Physical Designator: Old Designator=D16_InputAmplifier42 New Designator=D16
Change Component Physical Designator: Old Designator=D16_InputAmplifier51 New Designator=D18
Change Component Physical Designator: Old Designator=D16_InputAmplifier52 New Designator=D20
Change Component Physical Designator: Old Designator=D16_InputAmplifier61 New Designator=D22
Change Component Physical Designator: Old Designator=D16_InputAmplifier62 New Designator=D24
Change Component Physical Designator: Old Designator=D16_InputAmplifier71 New Designator=D26
Change Component Physical Designator: Old Designator=D16_InputAmplifier72 New Designator=D28
Change Component Physical Designator: Old Designator=D16_InputAmplifier81 New Designator=D30
Change Component Physical Designator: Old Designator=D16_InputAmplifier82 New Designator=D32
Change Component Physical Designator: Old Designator=D17 New Designator=D39
Change Component Physical Designator: Old Designator=D18 New Designator=D40
Change Component Physical Designator: Old Designator=D19 New Designator=D41
Change Component Physical Designator: Old Designator=D20 New Designator=D42
Change Component Physical Designator: Old Designator=P1 New Designator=P17
Change Component Physical Designator: Old Designator=P2_InputAmplifier11 New Designator=P1
Change Component Physical Designator: Old Designator=P2_InputAmplifier12 New Designator=P2
Change Component Physical Designator: Old Designator=P2_InputAmplifier21 New Designator=P3
Change Component Physical Designator: Old Designator=P2_InputAmplifier22 New Designator=P4
Change Component Physical Designator: Old Designator=P2_InputAmplifier31 New Designator=P5
Change Component Physical Designator: Old Designator=P2_InputAmplifier32 New Designator=P6
Change Component Physical Designator: Old Designator=P2_InputAmplifier41 New Designator=P7
Change Component Physical Designator: Old Designator=P2_InputAmplifier42 New Designator=P8
Change Component Physical Designator: Old Designator=P2_InputAmplifier51 New Designator=P9
Change Component Physical Designator: Old Designator=P2_InputAmplifier52 New Designator=P10
Change Component Physical Designator: Old Designator=P2_InputAmplifier61 New Designator=P11
Change Component Physical Designator: Old Designator=P2_InputAmplifier62 New Designator=P12
Change Component Physical Designator: Old Designator=P2_InputAmplifier71 New Designator=P13
Change Component Physical Designator: Old Designator=P2_InputAmplifier72 New Designator=P14
Change Component Physical Designator: Old Designator=P2_InputAmplifier81 New Designator=P15
Change Component Physical Designator: Old Designator=P2_InputAmplifier82 New Designator=P16
Change Component Physical Designator: Old Designator=P3 New Designator=P18
Change Component Physical Designator: Old Designator=P4 New Designator=P19
Change Component Physical Designator: Old Designator=R1 New Designator=R11
Change Component Physical Designator: Old Designator=R2 New Designator=R12
Change Component Physical Designator: Old Designator=R3 New Designator=R13
Change Component Physical Designator: Old Designator=R4 New Designator=R190
Change Component Physical Designator: Old Designator=R5 New Designator=R191
Change Component Physical Designator: Old Designator=R6 New Designator=R192
Change Component Physical Designator: Old Designator=R7 New Designator=R193
Change Component Physical Designator: Old Designator=R8 New Designator=R194
Change Component Physical Designator: Old Designator=R9 New Designator=R195
Change Component Physical Designator: Old Designator=R10 New Designator=R204
Change Component Physical Designator: Old Designator=R11 New Designator=R205
Change Component Physical Designator: Old Designator=R12 New Designator=R206
Change Component Physical Designator: Old Designator=R13 New Designator=R207
Change Component Physical Designator: Old Designator=R14 New Designator=R208
Change Component Physical Designator: Old Designator=R15 New Designator=R209
Change Component Physical Designator: Old Designator=R16 New Designator=R210
Change Component Physical Designator: Old Designator=R17 New Designator=R211
Change Component Physical Designator: Old Designator=R18 New Designator=R212
Change Component Physical Designator: Old Designator=R19 New Designator=R213
Change Component Physical Designator: Old Designator=R20 New Designator=R214
Change Component Physical Designator: Old Designator=R21 New Designator=R215
Change Component Physical Designator: Old Designator=R22 New Designator=R216
Change Component Physical Designator: Old Designator=R23 New Designator=R217
Change Component Physical Designator: Old Designator=R24 New Designator=R218
Change Component Physical Designator: Old Designator=R25 New Designator=R219
Change Component Physical Designator: Old Designator=R26 New Designator=R220
Change Component Physical Designator: Old Designator=R27 New Designator=R221
Change Component Physical Designator: Old Designator=R28 New Designator=R222
Change Component Physical Designator: Old Designator=R29_ADC1 New Designator=R1
Change Component Physical Designator: Old Designator=R29_ADC2 New Designator=R6
Change Component Physical Designator: Old Designator=R30_ADC1 New Designator=R2
Change Component Physical Designator: Old Designator=R30_ADC2 New Designator=R7
Change Component Physical Designator: Old Designator=R31_ADC1 New Designator=R3
Change Component Physical Designator: Old Designator=R31_ADC2 New Designator=R8
Change Component Physical Designator: Old Designator=R32_ADC1 New Designator=R4
Change Component Physical Designator: Old Designator=R32_ADC2 New Designator=R9
Change Component Physical Designator: Old Designator=R33_ADC1 New Designator=R5
Change Component Physical Designator: Old Designator=R33_ADC2 New Designator=R10
Change Component Physical Designator: Old Designator=R34_InputAmplifier11 New Designator=R14
Change Component Physical Designator: Old Designator=R34_InputAmplifier12 New Designator=R25
Change Component Physical Designator: Old Designator=R34_InputAmplifier21 New Designator=R36
Change Component Physical Designator: Old Designator=R34_InputAmplifier22 New Designator=R47
Change Component Physical Designator: Old Designator=R34_InputAmplifier31 New Designator=R58
Change Component Physical Designator: Old Designator=R34_InputAmplifier32 New Designator=R69
Change Component Physical Designator: Old Designator=R34_InputAmplifier41 New Designator=R80
Change Component Physical Designator: Old Designator=R34_InputAmplifier42 New Designator=R91
Change Component Physical Designator: Old Designator=R34_InputAmplifier51 New Designator=R102
Change Component Physical Designator: Old Designator=R34_InputAmplifier52 New Designator=R113
Change Component Physical Designator: Old Designator=R34_InputAmplifier61 New Designator=R124
Change Component Physical Designator: Old Designator=R34_InputAmplifier62 New Designator=R135
Change Component Physical Designator: Old Designator=R34_InputAmplifier71 New Designator=R146
Change Component Physical Designator: Old Designator=R34_InputAmplifier72 New Designator=R157
Change Component Physical Designator: Old Designator=R34_InputAmplifier81 New Designator=R168
Change Component Physical Designator: Old Designator=R34_InputAmplifier82 New Designator=R179
Change Component Physical Designator: Old Designator=R35_InputAmplifier11 New Designator=R15
Change Component Physical Designator: Old Designator=R35_InputAmplifier12 New Designator=R26
Change Component Physical Designator: Old Designator=R35_InputAmplifier21 New Designator=R37
Change Component Physical Designator: Old Designator=R35_InputAmplifier22 New Designator=R48
Change Component Physical Designator: Old Designator=R35_InputAmplifier31 New Designator=R59
Change Component Physical Designator: Old Designator=R35_InputAmplifier32 New Designator=R70
Change Component Physical Designator: Old Designator=R35_InputAmplifier41 New Designator=R81
Change Component Physical Designator: Old Designator=R35_InputAmplifier42 New Designator=R92
Change Component Physical Designator: Old Designator=R35_InputAmplifier51 New Designator=R103
Change Component Physical Designator: Old Designator=R35_InputAmplifier52 New Designator=R114
Change Component Physical Designator: Old Designator=R35_InputAmplifier61 New Designator=R125
Change Component Physical Designator: Old Designator=R35_InputAmplifier62 New Designator=R136
Change Component Physical Designator: Old Designator=R35_InputAmplifier71 New Designator=R147
Change Component Physical Designator: Old Designator=R35_InputAmplifier72 New Designator=R158
Change Component Physical Designator: Old Designator=R35_InputAmplifier81 New Designator=R169
Change Component Physical Designator: Old Designator=R35_InputAmplifier82 New Designator=R180
Change Component Physical Designator: Old Designator=R36_InputAmplifier11 New Designator=R16
Change Component Physical Designator: Old Designator=R36_InputAmplifier12 New Designator=R27
Change Component Physical Designator: Old Designator=R36_InputAmplifier21 New Designator=R38
Change Component Physical Designator: Old Designator=R36_InputAmplifier22 New Designator=R49
Change Component Physical Designator: Old Designator=R36_InputAmplifier31 New Designator=R60
Change Component Physical Designator: Old Designator=R36_InputAmplifier32 New Designator=R71
Change Component Physical Designator: Old Designator=R36_InputAmplifier41 New Designator=R82
Change Component Physical Designator: Old Designator=R36_InputAmplifier42 New Designator=R93
Change Component Physical Designator: Old Designator=R36_InputAmplifier51 New Designator=R104
Change Component Physical Designator: Old Designator=R36_InputAmplifier52 New Designator=R115
Change Component Physical Designator: Old Designator=R36_InputAmplifier61 New Designator=R126
Change Component Physical Designator: Old Designator=R36_InputAmplifier62 New Designator=R137
Change Component Physical Designator: Old Designator=R36_InputAmplifier71 New Designator=R148
Change Component Physical Designator: Old Designator=R36_InputAmplifier72 New Designator=R159
Change Component Physical Designator: Old Designator=R36_InputAmplifier81 New Designator=R170
Change Component Physical Designator: Old Designator=R36_InputAmplifier82 New Designator=R181
Change Component Physical Designator: Old Designator=R37_InputAmplifier11 New Designator=R17
Change Component Physical Designator: Old Designator=R37_InputAmplifier12 New Designator=R28
Change Component Physical Designator: Old Designator=R37_InputAmplifier21 New Designator=R39
Change Component Physical Designator: Old Designator=R37_InputAmplifier22 New Designator=R50
Change Component Physical Designator: Old Designator=R37_InputAmplifier31 New Designator=R61
Change Component Physical Designator: Old Designator=R37_InputAmplifier32 New Designator=R72
Change Component Physical Designator: Old Designator=R37_InputAmplifier41 New Designator=R83
Change Component Physical Designator: Old Designator=R37_InputAmplifier42 New Designator=R94
Change Component Physical Designator: Old Designator=R37_InputAmplifier51 New Designator=R105
Change Component Physical Designator: Old Designator=R37_InputAmplifier52 New Designator=R116
Change Component Physical Designator: Old Designator=R37_InputAmplifier61 New Designator=R127
Change Component Physical Designator: Old Designator=R37_InputAmplifier62 New Designator=R138
Change Component Physical Designator: Old Designator=R37_InputAmplifier71 New Designator=R149
Change Component Physical Designator: Old Designator=R37_InputAmplifier72 New Designator=R160
Change Component Physical Designator: Old Designator=R37_InputAmplifier81 New Designator=R171
Change Component Physical Designator: Old Designator=R37_InputAmplifier82 New Designator=R182
Change Component Physical Designator: Old Designator=R38_InputAmplifier11 New Designator=R18
Change Component Physical Designator: Old Designator=R38_InputAmplifier12 New Designator=R29
Change Component Physical Designator: Old Designator=R38_InputAmplifier21 New Designator=R40
Change Component Physical Designator: Old Designator=R38_InputAmplifier22 New Designator=R51
Change Component Physical Designator: Old Designator=R38_InputAmplifier31 New Designator=R62
Change Component Physical Designator: Old Designator=R38_InputAmplifier32 New Designator=R73
Change Component Physical Designator: Old Designator=R38_InputAmplifier41 New Designator=R84
Change Component Physical Designator: Old Designator=R38_InputAmplifier42 New Designator=R95
Change Component Physical Designator: Old Designator=R38_InputAmplifier51 New Designator=R106
Change Component Physical Designator: Old Designator=R38_InputAmplifier52 New Designator=R117
Change Component Physical Designator: Old Designator=R38_InputAmplifier61 New Designator=R128
Change Component Physical Designator: Old Designator=R38_InputAmplifier62 New Designator=R139
Change Component Physical Designator: Old Designator=R38_InputAmplifier71 New Designator=R150
Change Component Physical Designator: Old Designator=R38_InputAmplifier72 New Designator=R161
Change Component Physical Designator: Old Designator=R38_InputAmplifier81 New Designator=R172
Change Component Physical Designator: Old Designator=R38_InputAmplifier82 New Designator=R183
Change Component Physical Designator: Old Designator=R39_InputAmplifier11 New Designator=R19
Change Component Physical Designator: Old Designator=R39_InputAmplifier12 New Designator=R30
Change Component Physical Designator: Old Designator=R39_InputAmplifier21 New Designator=R41
Change Component Physical Designator: Old Designator=R39_InputAmplifier22 New Designator=R52
Change Component Physical Designator: Old Designator=R39_InputAmplifier31 New Designator=R63
Change Component Physical Designator: Old Designator=R39_InputAmplifier32 New Designator=R74
Change Component Physical Designator: Old Designator=R39_InputAmplifier41 New Designator=R85
Change Component Physical Designator: Old Designator=R39_InputAmplifier42 New Designator=R96
Change Component Physical Designator: Old Designator=R39_InputAmplifier51 New Designator=R107
Change Component Physical Designator: Old Designator=R39_InputAmplifier52 New Designator=R118
Change Component Physical Designator: Old Designator=R39_InputAmplifier61 New Designator=R129
Change Component Physical Designator: Old Designator=R39_InputAmplifier62 New Designator=R140
Change Component Physical Designator: Old Designator=R39_InputAmplifier71 New Designator=R151
Change Component Physical Designator: Old Designator=R39_InputAmplifier72 New Designator=R162
Change Component Physical Designator: Old Designator=R39_InputAmplifier81 New Designator=R173
Change Component Physical Designator: Old Designator=R39_InputAmplifier82 New Designator=R184
Change Component Physical Designator: Old Designator=R40_InputAmplifier11 New Designator=R20
Change Component Physical Designator: Old Designator=R40_InputAmplifier12 New Designator=R31
Change Component Physical Designator: Old Designator=R40_InputAmplifier21 New Designator=R42
Change Component Physical Designator: Old Designator=R40_InputAmplifier22 New Designator=R53
Change Component Physical Designator: Old Designator=R40_InputAmplifier31 New Designator=R64
Change Component Physical Designator: Old Designator=R40_InputAmplifier32 New Designator=R75
Change Component Physical Designator: Old Designator=R40_InputAmplifier41 New Designator=R86
Change Component Physical Designator: Old Designator=R40_InputAmplifier42 New Designator=R97
Change Component Physical Designator: Old Designator=R40_InputAmplifier51 New Designator=R108
Change Component Physical Designator: Old Designator=R40_InputAmplifier52 New Designator=R119
Change Component Physical Designator: Old Designator=R40_InputAmplifier61 New Designator=R130
Change Component Physical Designator: Old Designator=R40_InputAmplifier62 New Designator=R141
Change Component Physical Designator: Old Designator=R40_InputAmplifier71 New Designator=R152
Change Component Physical Designator: Old Designator=R40_InputAmplifier72 New Designator=R163
Change Component Physical Designator: Old Designator=R40_InputAmplifier81 New Designator=R174
Change Component Physical Designator: Old Designator=R40_InputAmplifier82 New Designator=R185
Change Component Physical Designator: Old Designator=R41_InputAmplifier11 New Designator=R21
Change Component Physical Designator: Old Designator=R41_InputAmplifier12 New Designator=R32
Change Component Physical Designator: Old Designator=R41_InputAmplifier21 New Designator=R43
Change Component Physical Designator: Old Designator=R41_InputAmplifier22 New Designator=R54
Change Component Physical Designator: Old Designator=R41_InputAmplifier31 New Designator=R65
Change Component Physical Designator: Old Designator=R41_InputAmplifier32 New Designator=R76
Change Component Physical Designator: Old Designator=R41_InputAmplifier41 New Designator=R87
Change Component Physical Designator: Old Designator=R41_InputAmplifier42 New Designator=R98
Change Component Physical Designator: Old Designator=R41_InputAmplifier51 New Designator=R109
Change Component Physical Designator: Old Designator=R41_InputAmplifier52 New Designator=R120
Change Component Physical Designator: Old Designator=R41_InputAmplifier61 New Designator=R131
Change Component Physical Designator: Old Designator=R41_InputAmplifier62 New Designator=R142
Change Component Physical Designator: Old Designator=R41_InputAmplifier71 New Designator=R153
Change Component Physical Designator: Old Designator=R41_InputAmplifier72 New Designator=R164
Change Component Physical Designator: Old Designator=R41_InputAmplifier81 New Designator=R175
Change Component Physical Designator: Old Designator=R41_InputAmplifier82 New Designator=R186
Change Component Physical Designator: Old Designator=R42_InputAmplifier11 New Designator=R22
Change Component Physical Designator: Old Designator=R42_InputAmplifier12 New Designator=R33
Change Component Physical Designator: Old Designator=R42_InputAmplifier21 New Designator=R44
Change Component Physical Designator: Old Designator=R42_InputAmplifier22 New Designator=R55
Change Component Physical Designator: Old Designator=R42_InputAmplifier31 New Designator=R66
Change Component Physical Designator: Old Designator=R42_InputAmplifier32 New Designator=R77
Change Component Physical Designator: Old Designator=R42_InputAmplifier41 New Designator=R88
Change Component Physical Designator: Old Designator=R42_InputAmplifier42 New Designator=R99
Change Component Physical Designator: Old Designator=R42_InputAmplifier51 New Designator=R110
Change Component Physical Designator: Old Designator=R42_InputAmplifier52 New Designator=R121
Change Component Physical Designator: Old Designator=R42_InputAmplifier61 New Designator=R132
Change Component Physical Designator: Old Designator=R42_InputAmplifier62 New Designator=R143
Change Component Physical Designator: Old Designator=R42_InputAmplifier71 New Designator=R154
Change Component Physical Designator: Old Designator=R42_InputAmplifier72 New Designator=R165
Change Component Physical Designator: Old Designator=R42_InputAmplifier81 New Designator=R176
Change Component Physical Designator: Old Designator=R42_InputAmplifier82 New Designator=R187
Change Component Physical Designator: Old Designator=R43_InputAmplifier11 New Designator=R23
Change Component Physical Designator: Old Designator=R43_InputAmplifier12 New Designator=R34
Change Component Physical Designator: Old Designator=R43_InputAmplifier21 New Designator=R45
Change Component Physical Designator: Old Designator=R43_InputAmplifier22 New Designator=R56
Change Component Physical Designator: Old Designator=R43_InputAmplifier31 New Designator=R67
Change Component Physical Designator: Old Designator=R43_InputAmplifier32 New Designator=R78
Change Component Physical Designator: Old Designator=R43_InputAmplifier41 New Designator=R89
Change Component Physical Designator: Old Designator=R43_InputAmplifier42 New Designator=R100
Change Component Physical Designator: Old Designator=R43_InputAmplifier51 New Designator=R111
Change Component Physical Designator: Old Designator=R43_InputAmplifier52 New Designator=R122
Change Component Physical Designator: Old Designator=R43_InputAmplifier61 New Designator=R133
Change Component Physical Designator: Old Designator=R43_InputAmplifier62 New Designator=R144
Change Component Physical Designator: Old Designator=R43_InputAmplifier71 New Designator=R155
Change Component Physical Designator: Old Designator=R43_InputAmplifier72 New Designator=R166
Change Component Physical Designator: Old Designator=R43_InputAmplifier81 New Designator=R177
Change Component Physical Designator: Old Designator=R43_InputAmplifier82 New Designator=R188
Change Component Physical Designator: Old Designator=R44_InputAmplifier11 New Designator=R24
Change Component Physical Designator: Old Designator=R44_InputAmplifier12 New Designator=R35
Change Component Physical Designator: Old Designator=R44_InputAmplifier21 New Designator=R46
Change Component Physical Designator: Old Designator=R44_InputAmplifier22 New Designator=R57
Change Component Physical Designator: Old Designator=R44_InputAmplifier31 New Designator=R68
Change Component Physical Designator: Old Designator=R44_InputAmplifier32 New Designator=R79
Change Component Physical Designator: Old Designator=R44_InputAmplifier41 New Designator=R90
Change Component Physical Designator: Old Designator=R44_InputAmplifier42 New Designator=R101
Change Component Physical Designator: Old Designator=R44_InputAmplifier51 New Designator=R112
Change Component Physical Designator: Old Designator=R44_InputAmplifier52 New Designator=R123
Change Component Physical Designator: Old Designator=R44_InputAmplifier61 New Designator=R134
Change Component Physical Designator: Old Designator=R44_InputAmplifier62 New Designator=R145
Change Component Physical Designator: Old Designator=R44_InputAmplifier71 New Designator=R156
Change Component Physical Designator: Old Designator=R44_InputAmplifier72 New Designator=R167
Change Component Physical Designator: Old Designator=R44_InputAmplifier81 New Designator=R178
Change Component Physical Designator: Old Designator=R44_InputAmplifier82 New Designator=R189
Change Component Physical Designator: Old Designator=R45 New Designator=R223
Change Component Physical Designator: Old Designator=R46 New Designator=R224
Change Component Physical Designator: Old Designator=R47 New Designator=R225
Change Component Physical Designator: Old Designator=R48 New Designator=R226
Change Component Physical Designator: Old Designator=R49 New Designator=R227
Change Component Physical Designator: Old Designator=R50 New Designator=R228
Change Component Physical Designator: Old Designator=R51 New Designator=R229
Change Component Physical Designator: Old Designator=R52 New Designator=R230
Change Component Physical Designator: Old Designator=R53 New Designator=R231
Change Component Physical Designator: Old Designator=R54 New Designator=R232
Change Component Physical Designator: Old Designator=R55 New Designator=R233
Change Component Physical Designator: Old Designator=R56 New Designator=R234
Change Component Physical Designator: Old Designator=R57 New Designator=R196
Change Component Physical Designator: Old Designator=R58 New Designator=R197
Change Component Physical Designator: Old Designator=R59 New Designator=R198
Change Component Physical Designator: Old Designator=R60 New Designator=R199
Change Component Physical Designator: Old Designator=R61 New Designator=R200
Change Component Physical Designator: Old Designator=R62 New Designator=R201
Change Component Physical Designator: Old Designator=R63 New Designator=R202
Change Component Physical Designator: Old Designator=R64 New Designator=R203
Change Component Physical Designator: Old Designator=U1 New Designator=U5
Change Component Physical Designator: Old Designator=U2 New Designator=U6
Change Component Physical Designator: Old Designator=U3 New Designator=U25
Change Component Physical Designator: Old Designator=U4 New Designator=U26
Change Component Physical Designator: Old Designator=U5 New Designator=U27
Change Component Physical Designator: Old Designator=U5 New Designator=U27
Change Component Physical Designator: Old Designator=U5 New Designator=U27
Change Component Physical Designator: Old Designator=U5 New Designator=U27
Change Component Physical Designator: Old Designator=U5 New Designator=U27
Change Component Physical Designator: Old Designator=U6 New Designator=U28
Change Component Physical Designator: Old Designator=U7_ADC1 New Designator=U1
Change Component Physical Designator: Old Designator=U7_ADC2 New Designator=U3
Change Component Physical Designator: Old Designator=U8_ADC1 New Designator=U2
Change Component Physical Designator: Old Designator=U8_ADC2 New Designator=U4
Change Component Physical Designator: Old Designator=U9_InputAmplifier11 New Designator=U9
Change Component Physical Designator: Old Designator=U9_InputAmplifier11 New Designator=U9
Change Component Physical Designator: Old Designator=U9_InputAmplifier12 New Designator=U10
Change Component Physical Designator: Old Designator=U9_InputAmplifier12 New Designator=U10
Change Component Physical Designator: Old Designator=U9_InputAmplifier21 New Designator=U11
Change Component Physical Designator: Old Designator=U9_InputAmplifier21 New Designator=U11
Change Component Physical Designator: Old Designator=U9_InputAmplifier22 New Designator=U12
Change Component Physical Designator: Old Designator=U9_InputAmplifier22 New Designator=U12
Change Component Physical Designator: Old Designator=U9_InputAmplifier31 New Designator=U13
Change Component Physical Designator: Old Designator=U9_InputAmplifier31 New Designator=U13
Change Component Physical Designator: Old Designator=U9_InputAmplifier32 New Designator=U14
Change Component Physical Designator: Old Designator=U9_InputAmplifier32 New Designator=U14
Change Component Physical Designator: Old Designator=U9_InputAmplifier41 New Designator=U15
Change Component Physical Designator: Old Designator=U9_InputAmplifier41 New Designator=U15
Change Component Physical Designator: Old Designator=U9_InputAmplifier42 New Designator=U16
Change Component Physical Designator: Old Designator=U9_InputAmplifier42 New Designator=U16
Change Component Physical Designator: Old Designator=U9_InputAmplifier51 New Designator=U17
Change Component Physical Designator: Old Designator=U9_InputAmplifier51 New Designator=U17
Change Component Physical Designator: Old Designator=U9_InputAmplifier52 New Designator=U18
Change Component Physical Designator: Old Designator=U9_InputAmplifier52 New Designator=U18
Change Component Physical Designator: Old Designator=U9_InputAmplifier61 New Designator=U19
Change Component Physical Designator: Old Designator=U9_InputAmplifier61 New Designator=U19
Change Component Physical Designator: Old Designator=U9_InputAmplifier62 New Designator=U20
Change Component Physical Designator: Old Designator=U9_InputAmplifier62 New Designator=U20
Change Component Physical Designator: Old Designator=U9_InputAmplifier71 New Designator=U21
Change Component Physical Designator: Old Designator=U9_InputAmplifier71 New Designator=U21
Change Component Physical Designator: Old Designator=U9_InputAmplifier72 New Designator=U22
Change Component Physical Designator: Old Designator=U9_InputAmplifier72 New Designator=U22
Change Component Physical Designator: Old Designator=U9_InputAmplifier81 New Designator=U23
Change Component Physical Designator: Old Designator=U9_InputAmplifier81 New Designator=U23
Change Component Physical Designator: Old Designator=U9_InputAmplifier82 New Designator=U24
Change Component Physical Designator: Old Designator=U9_InputAmplifier82 New Designator=U24
Change Component Physical Designator: Old Designator=U10 New Designator=U29
Change Component Physical Designator: Old Designator=U11 New Designator=U30
Change Component Physical Designator: Old Designator=U12 New Designator=U31
Change Component Physical Designator: Old Designator=U13 New Designator=U7
Change Component Physical Designator: Old Designator=U14 New Designator=U8
