Removed Pin From Net: NetName=NetC59.1_1 Pin=C56.1-1
Removed Pin From Net: NetName=NetC59.1_2 Pin=C56.1-2
Removed Pin From Net: NetName=NetC59.2_1 Pin=C56.2-1
Removed Pin From Net: NetName=NetC59.2_2 Pin=C56.2-2
Removed Pin From Net: NetName=NetC59.3_1 Pin=C56.3-1
Removed Pin From Net: NetName=NetC59.3_2 Pin=C56.3-2
Removed Pin From Net: NetName=NetC59.4_1 Pin=C56.4-1
Removed Pin From Net: NetName=NetC59.4_2 Pin=C56.4-2
Removed Pin From Net: NetName=NetC59.5_1 Pin=C56.5-1
Removed Pin From Net: NetName=NetC59.5_2 Pin=C56.5-2
Removed Pin From Net: NetName=NetC59.6_1 Pin=C56.6-1
Removed Pin From Net: NetName=NetC59.6_2 Pin=C56.6-2
Removed Pin From Net: NetName=NetC59.7_1 Pin=C56.7-1
Removed Pin From Net: NetName=NetC59.7_2 Pin=C56.7-2
Removed Pin From Net: NetName=NetC59.8_1 Pin=C56.8-1
Removed Pin From Net: NetName=NetC59.8_2 Pin=C56.8-2
Removed Pin From Net: NetName=NetC59.9_1 Pin=C56.9-1
Removed Pin From Net: NetName=NetC59.9_2 Pin=C56.9-2
Removed Pin From Net: NetName=NetC59.10_1 Pin=C56.10-1
Removed Pin From Net: NetName=NetC59.10_2 Pin=C56.10-2
Removed Pin From Net: NetName=NetC59.11_1 Pin=C56.11-1
Removed Pin From Net: NetName=NetC59.11_2 Pin=C56.11-2
Removed Pin From Net: NetName=NetC59.12_1 Pin=C56.12-1
Removed Pin From Net: NetName=NetC59.12_2 Pin=C56.12-2
Removed Pin From Net: NetName=NetC59.13_1 Pin=C56.13-1
Removed Pin From Net: NetName=NetC59.13_2 Pin=C56.13-2
Removed Pin From Net: NetName=NetC59.14_1 Pin=C56.14-1
Removed Pin From Net: NetName=NetC59.14_2 Pin=C56.14-2
Removed Pin From Net: NetName=NetC59.15_1 Pin=C56.15-1
Removed Pin From Net: NetName=NetC59.15_2 Pin=C56.15-2
Removed Pin From Net: NetName=NetC59.16_1 Pin=C56.16-1
Removed Pin From Net: NetName=NetC59.16_2 Pin=C56.16-2
Removed Pin From Net: NetName=NetC59.1_1 Pin=C57.1-1
Removed Pin From Net: NetName=+2V5 Pin=C57.1-2
Removed Pin From Net: NetName=NetC59.2_1 Pin=C57.2-1
Removed Pin From Net: NetName=+2V5 Pin=C57.2-2
Removed Pin From Net: NetName=NetC59.3_1 Pin=C57.3-1
Removed Pin From Net: NetName=+2V5 Pin=C57.3-2
Removed Pin From Net: NetName=NetC59.4_1 Pin=C57.4-1
Removed Pin From Net: NetName=+2V5 Pin=C57.4-2
Removed Pin From Net: NetName=NetC59.5_1 Pin=C57.5-1
Removed Pin From Net: NetName=+2V5 Pin=C57.5-2
Removed Pin From Net: NetName=NetC59.6_1 Pin=C57.6-1
Removed Pin From Net: NetName=+2V5 Pin=C57.6-2
Removed Pin From Net: NetName=NetC59.7_1 Pin=C57.7-1
Removed Pin From Net: NetName=+2V5 Pin=C57.7-2
Removed Pin From Net: NetName=NetC59.8_1 Pin=C57.8-1
Removed Pin From Net: NetName=+2V5 Pin=C57.8-2
Removed Pin From Net: NetName=NetC59.9_1 Pin=C57.9-1
Removed Pin From Net: NetName=+2V5 Pin=C57.9-2
Removed Pin From Net: NetName=NetC59.10_1 Pin=C57.10-1
Removed Pin From Net: NetName=+2V5 Pin=C57.10-2
Removed Pin From Net: NetName=NetC59.11_1 Pin=C57.11-1
Removed Pin From Net: NetName=+2V5 Pin=C57.11-2
Removed Pin From Net: NetName=NetC59.12_1 Pin=C57.12-1
Removed Pin From Net: NetName=+2V5 Pin=C57.12-2
Removed Pin From Net: NetName=NetC59.13_1 Pin=C57.13-1
Removed Pin From Net: NetName=+2V5 Pin=C57.13-2
Removed Pin From Net: NetName=NetC59.14_1 Pin=C57.14-1
Removed Pin From Net: NetName=+2V5 Pin=C57.14-2
Removed Pin From Net: NetName=NetC59.15_1 Pin=C57.15-1
Removed Pin From Net: NetName=+2V5 Pin=C57.15-2
Removed Pin From Net: NetName=NetC59.16_1 Pin=C57.16-1
Removed Pin From Net: NetName=+2V5 Pin=C57.16-2
Removed Pin From Net: NetName=NetC61.1_1 Pin=C58.1-1
Removed Pin From Net: NetName=NetC61.1_2 Pin=C58.1-2
Removed Pin From Net: NetName=NetC61.2_1 Pin=C58.2-1
Removed Pin From Net: NetName=NetC61.2_2 Pin=C58.2-2
Removed Pin From Net: NetName=NetC61.3_1 Pin=C58.3-1
Removed Pin From Net: NetName=NetC61.3_2 Pin=C58.3-2
Removed Pin From Net: NetName=NetC61.4_1 Pin=C58.4-1
Removed Pin From Net: NetName=NetC61.4_2 Pin=C58.4-2
Removed Pin From Net: NetName=NetC61.5_1 Pin=C58.5-1
Removed Pin From Net: NetName=NetC61.5_2 Pin=C58.5-2
Removed Pin From Net: NetName=NetC61.6_1 Pin=C58.6-1
Removed Pin From Net: NetName=NetC61.6_2 Pin=C58.6-2
Removed Pin From Net: NetName=NetC61.7_1 Pin=C58.7-1
Removed Pin From Net: NetName=NetC61.7_2 Pin=C58.7-2
Removed Pin From Net: NetName=NetC61.8_1 Pin=C58.8-1
Removed Pin From Net: NetName=NetC61.8_2 Pin=C58.8-2
Removed Pin From Net: NetName=NetC61.9_1 Pin=C58.9-1
Removed Pin From Net: NetName=NetC61.9_2 Pin=C58.9-2
Removed Pin From Net: NetName=NetC61.10_1 Pin=C58.10-1
Removed Pin From Net: NetName=NetC61.10_2 Pin=C58.10-2
Removed Pin From Net: NetName=NetC61.11_1 Pin=C58.11-1
Removed Pin From Net: NetName=NetC61.11_2 Pin=C58.11-2
Removed Pin From Net: NetName=NetC61.12_1 Pin=C58.12-1
Removed Pin From Net: NetName=NetC61.12_2 Pin=C58.12-2
Removed Pin From Net: NetName=NetC61.13_1 Pin=C58.13-1
Removed Pin From Net: NetName=NetC61.13_2 Pin=C58.13-2
Removed Pin From Net: NetName=NetC61.14_1 Pin=C58.14-1
Removed Pin From Net: NetName=NetC61.14_2 Pin=C58.14-2
Removed Pin From Net: NetName=NetC61.15_1 Pin=C58.15-1
Removed Pin From Net: NetName=NetC61.15_2 Pin=C58.15-2
Removed Pin From Net: NetName=NetC61.16_1 Pin=C58.16-1
Removed Pin From Net: NetName=NetC61.16_2 Pin=C58.16-2
Removed Pin From Net: NetName=IN16_P Pin=C65.1-1
Removed Pin From Net: NetName=IN16_N Pin=C65.1-2
Removed Pin From Net: NetName=IN15_P Pin=C65.2-1
Removed Pin From Net: NetName=IN15_N Pin=C65.2-2
Removed Pin From Net: NetName=IN14_P Pin=C65.3-1
Removed Pin From Net: NetName=IN14_N Pin=C65.3-2
Removed Pin From Net: NetName=IN13_P Pin=C65.4-1
Removed Pin From Net: NetName=IN13_N Pin=C65.4-2
Removed Pin From Net: NetName=IN12_P Pin=C65.5-1
Removed Pin From Net: NetName=IN12_N Pin=C65.5-2
Removed Pin From Net: NetName=IN11_P Pin=C65.6-1
Removed Pin From Net: NetName=IN11_N Pin=C65.6-2
Removed Pin From Net: NetName=IN10_P Pin=C65.7-1
Removed Pin From Net: NetName=IN10_N Pin=C65.7-2
Removed Pin From Net: NetName=IN9_P Pin=C65.8-1
Removed Pin From Net: NetName=IN9_N Pin=C65.8-2
Removed Pin From Net: NetName=IN8_P Pin=C65.9-1
Removed Pin From Net: NetName=IN8_N Pin=C65.9-2
Removed Pin From Net: NetName=IN7_P Pin=C65.10-1
Removed Pin From Net: NetName=IN7_N Pin=C65.10-2
Removed Pin From Net: NetName=IN6_P Pin=C65.11-1
Removed Pin From Net: NetName=IN6_N Pin=C65.11-2
Removed Pin From Net: NetName=IN5_P Pin=C65.12-1
Removed Pin From Net: NetName=IN5_N Pin=C65.12-2
Removed Pin From Net: NetName=IN4_P Pin=C65.13-1
Removed Pin From Net: NetName=IN4_N Pin=C65.13-2
Removed Pin From Net: NetName=IN3_P Pin=C65.14-1
Removed Pin From Net: NetName=IN3_N Pin=C65.14-2
Removed Pin From Net: NetName=IN2_P Pin=C65.15-1
Removed Pin From Net: NetName=IN2_N Pin=C65.15-2
Removed Pin From Net: NetName=IN1_P Pin=C65.16-1
Removed Pin From Net: NetName=IN1_N Pin=C65.16-2
Removed Pin From Net: NetName=NetC69.1_1 Pin=C66.1-1
Removed Pin From Net: NetName=NetC64.1_2 Pin=C66.1-2
Removed Pin From Net: NetName=NetC69.2_1 Pin=C66.2-1
Removed Pin From Net: NetName=NetC64.2_2 Pin=C66.2-2
Removed Pin From Net: NetName=NetC69.3_1 Pin=C66.3-1
Removed Pin From Net: NetName=NetC64.3_2 Pin=C66.3-2
Removed Pin From Net: NetName=NetC69.4_1 Pin=C66.4-1
Removed Pin From Net: NetName=NetC64.4_2 Pin=C66.4-2
Removed Pin From Net: NetName=NetC69.5_1 Pin=C66.5-1
Removed Pin From Net: NetName=NetC64.5_2 Pin=C66.5-2
Removed Pin From Net: NetName=NetC69.6_1 Pin=C66.6-1
Removed Pin From Net: NetName=NetC64.6_2 Pin=C66.6-2
Removed Pin From Net: NetName=NetC69.7_1 Pin=C66.7-1
Removed Pin From Net: NetName=NetC64.7_2 Pin=C66.7-2
Removed Pin From Net: NetName=NetC69.8_1 Pin=C66.8-1
Removed Pin From Net: NetName=NetC64.8_2 Pin=C66.8-2
Removed Pin From Net: NetName=NetC69.9_1 Pin=C66.9-1
Removed Pin From Net: NetName=NetC64.9_2 Pin=C66.9-2
Removed Pin From Net: NetName=NetC69.10_1 Pin=C66.10-1
Removed Pin From Net: NetName=NetC64.10_2 Pin=C66.10-2
Removed Pin From Net: NetName=NetC69.11_1 Pin=C66.11-1
Removed Pin From Net: NetName=NetC64.11_2 Pin=C66.11-2
Removed Pin From Net: NetName=NetC69.12_1 Pin=C66.12-1
Removed Pin From Net: NetName=NetC64.12_2 Pin=C66.12-2
Removed Pin From Net: NetName=NetC69.13_1 Pin=C66.13-1
Removed Pin From Net: NetName=NetC64.13_2 Pin=C66.13-2
Removed Pin From Net: NetName=NetC69.14_1 Pin=C66.14-1
Removed Pin From Net: NetName=NetC64.14_2 Pin=C66.14-2
Removed Pin From Net: NetName=NetC69.15_1 Pin=C66.15-1
Removed Pin From Net: NetName=NetC64.15_2 Pin=C66.15-2
Removed Pin From Net: NetName=NetC69.16_1 Pin=C66.16-1
Removed Pin From Net: NetName=NetC64.16_2 Pin=C66.16-2
Removed Pin From Net: NetName=+2V5 Pin=C67.1-1
Removed Pin From Net: NetName=NetC70.1_2 Pin=C67.1-2
Removed Pin From Net: NetName=+2V5 Pin=C67.2-1
Removed Pin From Net: NetName=NetC70.2_2 Pin=C67.2-2
Removed Pin From Net: NetName=+2V5 Pin=C67.3-1
Removed Pin From Net: NetName=NetC70.3_2 Pin=C67.3-2
Removed Pin From Net: NetName=+2V5 Pin=C67.4-1
Removed Pin From Net: NetName=NetC70.4_2 Pin=C67.4-2
Removed Pin From Net: NetName=+2V5 Pin=C67.5-1
Removed Pin From Net: NetName=NetC70.5_2 Pin=C67.5-2
Removed Pin From Net: NetName=+2V5 Pin=C67.6-1
Removed Pin From Net: NetName=NetC70.6_2 Pin=C67.6-2
Removed Pin From Net: NetName=+2V5 Pin=C67.7-1
Removed Pin From Net: NetName=NetC70.7_2 Pin=C67.7-2
Removed Pin From Net: NetName=+2V5 Pin=C67.8-1
Removed Pin From Net: NetName=NetC70.8_2 Pin=C67.8-2
Removed Pin From Net: NetName=+2V5 Pin=C67.9-1
Removed Pin From Net: NetName=NetC70.9_2 Pin=C67.9-2
Removed Pin From Net: NetName=+2V5 Pin=C67.10-1
Removed Pin From Net: NetName=NetC70.10_2 Pin=C67.10-2
Removed Pin From Net: NetName=+2V5 Pin=C67.11-1
Removed Pin From Net: NetName=NetC70.11_2 Pin=C67.11-2
Removed Pin From Net: NetName=+2V5 Pin=C67.12-1
Removed Pin From Net: NetName=NetC70.12_2 Pin=C67.12-2
Removed Pin From Net: NetName=+2V5 Pin=C67.13-1
Removed Pin From Net: NetName=NetC70.13_2 Pin=C67.13-2
Removed Pin From Net: NetName=+2V5 Pin=C67.14-1
Removed Pin From Net: NetName=NetC70.14_2 Pin=C67.14-2
Removed Pin From Net: NetName=+2V5 Pin=C67.15-1
Removed Pin From Net: NetName=NetC70.15_2 Pin=C67.15-2
Removed Pin From Net: NetName=+2V5 Pin=C67.16-1
Removed Pin From Net: NetName=NetC70.16_2 Pin=C67.16-2
Removed Pin From Net: NetName=NetC76.1_1 Pin=C73.1-1
Removed Pin From Net: NetName=-V1.1 Pin=C73.1-2
Removed Pin From Net: NetName=NetC76.2_1 Pin=C73.2-1
Removed Pin From Net: NetName=-V1.2 Pin=C73.2-2
Removed Pin From Net: NetName=NetC76.3_1 Pin=C73.3-1
Removed Pin From Net: NetName=-V1.3 Pin=C73.3-2
Removed Pin From Net: NetName=NetC76.4_1 Pin=C73.4-1
Removed Pin From Net: NetName=-V1.4 Pin=C73.4-2
Removed Pin From Net: NetName=NetC76.5_1 Pin=C73.5-1
Removed Pin From Net: NetName=-V1.5 Pin=C73.5-2
Removed Pin From Net: NetName=NetC76.6_1 Pin=C73.6-1
Removed Pin From Net: NetName=-V1.6 Pin=C73.6-2
Removed Pin From Net: NetName=NetC76.7_1 Pin=C73.7-1
Removed Pin From Net: NetName=-V1.7 Pin=C73.7-2
Removed Pin From Net: NetName=NetC76.8_1 Pin=C73.8-1
Removed Pin From Net: NetName=-V1.8 Pin=C73.8-2
Removed Pin From Net: NetName=NetC76.9_1 Pin=C73.9-1
Removed Pin From Net: NetName=-V1.9 Pin=C73.9-2
Removed Pin From Net: NetName=NetC76.10_1 Pin=C73.10-1
Removed Pin From Net: NetName=-V1.10 Pin=C73.10-2
Removed Pin From Net: NetName=NetC76.11_1 Pin=C73.11-1
Removed Pin From Net: NetName=-V1.11 Pin=C73.11-2
Removed Pin From Net: NetName=NetC76.12_1 Pin=C73.12-1
Removed Pin From Net: NetName=-V1.12 Pin=C73.12-2
Removed Pin From Net: NetName=NetC76.13_1 Pin=C73.13-1
Removed Pin From Net: NetName=-V1.13 Pin=C73.13-2
Removed Pin From Net: NetName=NetC76.14_1 Pin=C73.14-1
Removed Pin From Net: NetName=-V1.14 Pin=C73.14-2
Removed Pin From Net: NetName=NetC76.15_1 Pin=C73.15-1
Removed Pin From Net: NetName=-V1.15 Pin=C73.15-2
Removed Pin From Net: NetName=NetC76.16_1 Pin=C73.16-1
Removed Pin From Net: NetName=-V1.16 Pin=C73.16-2
Removed Pin From Net: NetName=NetC77.1_1 Pin=C74.1-1
Removed Pin From Net: NetName=V1.1 Pin=C74.1-2
Removed Pin From Net: NetName=NetC77.2_1 Pin=C74.2-1
Removed Pin From Net: NetName=V1.2 Pin=C74.2-2
Removed Pin From Net: NetName=NetC77.3_1 Pin=C74.3-1
Removed Pin From Net: NetName=V1.3 Pin=C74.3-2
Removed Pin From Net: NetName=NetC77.4_1 Pin=C74.4-1
Removed Pin From Net: NetName=V1.4 Pin=C74.4-2
Removed Pin From Net: NetName=NetC77.5_1 Pin=C74.5-1
Removed Pin From Net: NetName=V1.5 Pin=C74.5-2
Removed Pin From Net: NetName=NetC77.6_1 Pin=C74.6-1
Removed Pin From Net: NetName=V1.6 Pin=C74.6-2
Removed Pin From Net: NetName=NetC77.7_1 Pin=C74.7-1
Removed Pin From Net: NetName=V1.7 Pin=C74.7-2
Removed Pin From Net: NetName=NetC77.8_1 Pin=C74.8-1
Removed Pin From Net: NetName=V1.8 Pin=C74.8-2
Removed Pin From Net: NetName=NetC77.9_1 Pin=C74.9-1
Removed Pin From Net: NetName=V1.9 Pin=C74.9-2
Removed Pin From Net: NetName=NetC77.10_1 Pin=C74.10-1
Removed Pin From Net: NetName=V1.10 Pin=C74.10-2
Removed Pin From Net: NetName=NetC77.11_1 Pin=C74.11-1
Removed Pin From Net: NetName=V1.11 Pin=C74.11-2
Removed Pin From Net: NetName=NetC77.12_1 Pin=C74.12-1
Removed Pin From Net: NetName=V1.12 Pin=C74.12-2
Removed Pin From Net: NetName=NetC77.13_1 Pin=C74.13-1
Removed Pin From Net: NetName=V1.13 Pin=C74.13-2
Removed Pin From Net: NetName=NetC77.14_1 Pin=C74.14-1
Removed Pin From Net: NetName=V1.14 Pin=C74.14-2
Removed Pin From Net: NetName=NetC77.15_1 Pin=C74.15-1
Removed Pin From Net: NetName=V1.15 Pin=C74.15-2
Removed Pin From Net: NetName=NetC77.16_1 Pin=C74.16-1
Removed Pin From Net: NetName=V1.16 Pin=C74.16-2
Removed Pin From Net: NetName=NetC78.1_2 Pin=C75.1-2
Removed Pin From Net: NetName=NetC78.2_2 Pin=C75.2-2
Removed Pin From Net: NetName=NetC78.3_2 Pin=C75.3-2
Removed Pin From Net: NetName=NetC78.4_2 Pin=C75.4-2
Removed Pin From Net: NetName=NetC78.5_2 Pin=C75.5-2
Removed Pin From Net: NetName=NetC78.6_2 Pin=C75.6-2
Removed Pin From Net: NetName=NetC78.7_2 Pin=C75.7-2
Removed Pin From Net: NetName=NetC78.8_2 Pin=C75.8-2
Removed Pin From Net: NetName=NetC78.9_2 Pin=C75.9-2
Removed Pin From Net: NetName=NetC78.10_2 Pin=C75.10-2
Removed Pin From Net: NetName=NetC78.11_2 Pin=C75.11-2
Removed Pin From Net: NetName=NetC78.12_2 Pin=C75.12-2
Removed Pin From Net: NetName=NetC78.13_2 Pin=C75.13-2
Removed Pin From Net: NetName=NetC78.14_2 Pin=C75.14-2
Removed Pin From Net: NetName=NetC78.15_2 Pin=C75.15-2
Removed Pin From Net: NetName=NetC78.16_2 Pin=C75.16-2
Added Pin To Net: NetName=+5VA Pin=C56.1-1
Added Pin To Net: NetName=GND Pin=C56.1-2
Added Pin To Net: NetName=+5VA Pin=C56.2-1
Added Pin To Net: NetName=GND Pin=C56.2-2
Added Pin To Net: NetName=+5VA Pin=C56.3-1
Added Pin To Net: NetName=GND Pin=C56.3-2
Added Pin To Net: NetName=+5VA Pin=C56.4-1
Added Pin To Net: NetName=GND Pin=C56.4-2
Added Pin To Net: NetName=+5VA Pin=C56.5-1
Added Pin To Net: NetName=GND Pin=C56.5-2
Added Pin To Net: NetName=+5VA Pin=C56.6-1
Added Pin To Net: NetName=GND Pin=C56.6-2
Added Pin To Net: NetName=+5VA Pin=C56.7-1
Added Pin To Net: NetName=GND Pin=C56.7-2
Added Pin To Net: NetName=+5VA Pin=C56.8-1
Added Pin To Net: NetName=GND Pin=C56.8-2
Added Pin To Net: NetName=+5VA Pin=C56.9-1
Added Pin To Net: NetName=GND Pin=C56.9-2
Added Pin To Net: NetName=+5VA Pin=C56.10-1
Added Pin To Net: NetName=GND Pin=C56.10-2
Added Pin To Net: NetName=+5VA Pin=C56.11-1
Added Pin To Net: NetName=GND Pin=C56.11-2
Added Pin To Net: NetName=+5VA Pin=C56.12-1
Added Pin To Net: NetName=GND Pin=C56.12-2
Added Pin To Net: NetName=+5VA Pin=C56.13-1
Added Pin To Net: NetName=GND Pin=C56.13-2
Added Pin To Net: NetName=+5VA Pin=C56.14-1
Added Pin To Net: NetName=GND Pin=C56.14-2
Added Pin To Net: NetName=+5VA Pin=C56.15-1
Added Pin To Net: NetName=GND Pin=C56.15-2
Added Pin To Net: NetName=+5VA Pin=C56.16-1
Added Pin To Net: NetName=GND Pin=C56.16-2
Added Pin To Net: NetName=+5VA Pin=C57.1-1
Added Pin To Net: NetName=GND Pin=C57.1-2
Added Pin To Net: NetName=+5VA Pin=C57.2-1
Added Pin To Net: NetName=GND Pin=C57.2-2
Added Pin To Net: NetName=+5VA Pin=C57.3-1
Added Pin To Net: NetName=GND Pin=C57.3-2
Added Pin To Net: NetName=+5VA Pin=C57.4-1
Added Pin To Net: NetName=GND Pin=C57.4-2
Added Pin To Net: NetName=+5VA Pin=C57.5-1
Added Pin To Net: NetName=GND Pin=C57.5-2
Added Pin To Net: NetName=+5VA Pin=C57.6-1
Added Pin To Net: NetName=GND Pin=C57.6-2
Added Pin To Net: NetName=+5VA Pin=C57.7-1
Added Pin To Net: NetName=GND Pin=C57.7-2
Added Pin To Net: NetName=+5VA Pin=C57.8-1
Added Pin To Net: NetName=GND Pin=C57.8-2
Added Pin To Net: NetName=+5VA Pin=C57.9-1
Added Pin To Net: NetName=GND Pin=C57.9-2
Added Pin To Net: NetName=+5VA Pin=C57.10-1
Added Pin To Net: NetName=GND Pin=C57.10-2
Added Pin To Net: NetName=+5VA Pin=C57.11-1
Added Pin To Net: NetName=GND Pin=C57.11-2
Added Pin To Net: NetName=+5VA Pin=C57.12-1
Added Pin To Net: NetName=GND Pin=C57.12-2
Added Pin To Net: NetName=+5VA Pin=C57.13-1
Added Pin To Net: NetName=GND Pin=C57.13-2
Added Pin To Net: NetName=+5VA Pin=C57.14-1
Added Pin To Net: NetName=GND Pin=C57.14-2
Added Pin To Net: NetName=+5VA Pin=C57.15-1
Added Pin To Net: NetName=GND Pin=C57.15-2
Added Pin To Net: NetName=+5VA Pin=C57.16-1
Added Pin To Net: NetName=GND Pin=C57.16-2
Added Pin To Net: NetName=+5VA Pin=C58.1-1
Added Pin To Net: NetName=GND Pin=C58.1-2
Added Pin To Net: NetName=+5VA Pin=C58.2-1
Added Pin To Net: NetName=GND Pin=C58.2-2
Added Pin To Net: NetName=+5VA Pin=C58.3-1
Added Pin To Net: NetName=GND Pin=C58.3-2
Added Pin To Net: NetName=+5VA Pin=C58.4-1
Added Pin To Net: NetName=GND Pin=C58.4-2
Added Pin To Net: NetName=+5VA Pin=C58.5-1
Added Pin To Net: NetName=GND Pin=C58.5-2
Added Pin To Net: NetName=+5VA Pin=C58.6-1
Added Pin To Net: NetName=GND Pin=C58.6-2
Added Pin To Net: NetName=+5VA Pin=C58.7-1
Added Pin To Net: NetName=GND Pin=C58.7-2
Added Pin To Net: NetName=+5VA Pin=C58.8-1
Added Pin To Net: NetName=GND Pin=C58.8-2
Added Pin To Net: NetName=+5VA Pin=C58.9-1
Added Pin To Net: NetName=GND Pin=C58.9-2
Added Pin To Net: NetName=+5VA Pin=C58.10-1
Added Pin To Net: NetName=GND Pin=C58.10-2
Added Pin To Net: NetName=+5VA Pin=C58.11-1
Added Pin To Net: NetName=GND Pin=C58.11-2
Added Pin To Net: NetName=+5VA Pin=C58.12-1
Added Pin To Net: NetName=GND Pin=C58.12-2
Added Pin To Net: NetName=+5VA Pin=C58.13-1
Added Pin To Net: NetName=GND Pin=C58.13-2
Added Pin To Net: NetName=+5VA Pin=C58.14-1
Added Pin To Net: NetName=GND Pin=C58.14-2
Added Pin To Net: NetName=+5VA Pin=C58.15-1
Added Pin To Net: NetName=GND Pin=C58.15-2
Added Pin To Net: NetName=+5VA Pin=C58.16-1
Added Pin To Net: NetName=GND Pin=C58.16-2
Added Pin To Net: NetName=NetC59.1_1 Pin=C59.1-1
Added Pin To Net: NetName=NetC59.1_2 Pin=C59.1-2
Added Pin To Net: NetName=NetC59.2_1 Pin=C59.2-1
Added Pin To Net: NetName=NetC59.2_2 Pin=C59.2-2
Added Pin To Net: NetName=NetC59.3_1 Pin=C59.3-1
Added Pin To Net: NetName=NetC59.3_2 Pin=C59.3-2
Added Pin To Net: NetName=NetC59.4_1 Pin=C59.4-1
Added Pin To Net: NetName=NetC59.4_2 Pin=C59.4-2
Added Pin To Net: NetName=NetC59.5_1 Pin=C59.5-1
Added Pin To Net: NetName=NetC59.5_2 Pin=C59.5-2
Added Pin To Net: NetName=NetC59.6_1 Pin=C59.6-1
Added Pin To Net: NetName=NetC59.6_2 Pin=C59.6-2
Added Pin To Net: NetName=NetC59.7_1 Pin=C59.7-1
Added Pin To Net: NetName=NetC59.7_2 Pin=C59.7-2
Added Pin To Net: NetName=NetC59.8_1 Pin=C59.8-1
Added Pin To Net: NetName=NetC59.8_2 Pin=C59.8-2
Added Pin To Net: NetName=NetC59.9_1 Pin=C59.9-1
Added Pin To Net: NetName=NetC59.9_2 Pin=C59.9-2
Added Pin To Net: NetName=NetC59.10_1 Pin=C59.10-1
Added Pin To Net: NetName=NetC59.10_2 Pin=C59.10-2
Added Pin To Net: NetName=NetC59.11_1 Pin=C59.11-1
Added Pin To Net: NetName=NetC59.11_2 Pin=C59.11-2
Added Pin To Net: NetName=NetC59.12_1 Pin=C59.12-1
Added Pin To Net: NetName=NetC59.12_2 Pin=C59.12-2
Added Pin To Net: NetName=NetC59.13_1 Pin=C59.13-1
Added Pin To Net: NetName=NetC59.13_2 Pin=C59.13-2
Added Pin To Net: NetName=NetC59.14_1 Pin=C59.14-1
Added Pin To Net: NetName=NetC59.14_2 Pin=C59.14-2
Added Pin To Net: NetName=NetC59.15_1 Pin=C59.15-1
Added Pin To Net: NetName=NetC59.15_2 Pin=C59.15-2
Added Pin To Net: NetName=NetC59.16_1 Pin=C59.16-1
Added Pin To Net: NetName=NetC59.16_2 Pin=C59.16-2
Added Pin To Net: NetName=NetC59.1_1 Pin=C60.1-1
Added Pin To Net: NetName=+2V5 Pin=C60.1-2
Added Pin To Net: NetName=NetC59.2_1 Pin=C60.2-1
Added Pin To Net: NetName=+2V5 Pin=C60.2-2
Added Pin To Net: NetName=NetC59.3_1 Pin=C60.3-1
Added Pin To Net: NetName=+2V5 Pin=C60.3-2
Added Pin To Net: NetName=NetC59.4_1 Pin=C60.4-1
Added Pin To Net: NetName=+2V5 Pin=C60.4-2
Added Pin To Net: NetName=NetC59.5_1 Pin=C60.5-1
Added Pin To Net: NetName=+2V5 Pin=C60.5-2
Added Pin To Net: NetName=NetC59.6_1 Pin=C60.6-1
Added Pin To Net: NetName=+2V5 Pin=C60.6-2
Added Pin To Net: NetName=NetC59.7_1 Pin=C60.7-1
Added Pin To Net: NetName=+2V5 Pin=C60.7-2
Added Pin To Net: NetName=NetC59.8_1 Pin=C60.8-1
Added Pin To Net: NetName=+2V5 Pin=C60.8-2
Added Pin To Net: NetName=NetC59.9_1 Pin=C60.9-1
Added Pin To Net: NetName=+2V5 Pin=C60.9-2
Added Pin To Net: NetName=NetC59.10_1 Pin=C60.10-1
Added Pin To Net: NetName=+2V5 Pin=C60.10-2
Added Pin To Net: NetName=NetC59.11_1 Pin=C60.11-1
Added Pin To Net: NetName=+2V5 Pin=C60.11-2
Added Pin To Net: NetName=NetC59.12_1 Pin=C60.12-1
Added Pin To Net: NetName=+2V5 Pin=C60.12-2
Added Pin To Net: NetName=NetC59.13_1 Pin=C60.13-1
Added Pin To Net: NetName=+2V5 Pin=C60.13-2
Added Pin To Net: NetName=NetC59.14_1 Pin=C60.14-1
Added Pin To Net: NetName=+2V5 Pin=C60.14-2
Added Pin To Net: NetName=NetC59.15_1 Pin=C60.15-1
Added Pin To Net: NetName=+2V5 Pin=C60.15-2
Added Pin To Net: NetName=NetC59.16_1 Pin=C60.16-1
Added Pin To Net: NetName=+2V5 Pin=C60.16-2
Added Pin To Net: NetName=NetC61.1_1 Pin=C61.1-1
Added Pin To Net: NetName=NetC61.1_2 Pin=C61.1-2
Added Pin To Net: NetName=NetC61.2_1 Pin=C61.2-1
Added Pin To Net: NetName=NetC61.2_2 Pin=C61.2-2
Added Pin To Net: NetName=NetC61.3_1 Pin=C61.3-1
Added Pin To Net: NetName=NetC61.3_2 Pin=C61.3-2
Added Pin To Net: NetName=NetC61.4_1 Pin=C61.4-1
Added Pin To Net: NetName=NetC61.4_2 Pin=C61.4-2
Added Pin To Net: NetName=NetC61.5_1 Pin=C61.5-1
Added Pin To Net: NetName=NetC61.5_2 Pin=C61.5-2
Added Pin To Net: NetName=NetC61.6_1 Pin=C61.6-1
Added Pin To Net: NetName=NetC61.6_2 Pin=C61.6-2
Added Pin To Net: NetName=NetC61.7_1 Pin=C61.7-1
Added Pin To Net: NetName=NetC61.7_2 Pin=C61.7-2
Added Pin To Net: NetName=NetC61.8_1 Pin=C61.8-1
Added Pin To Net: NetName=NetC61.8_2 Pin=C61.8-2
Added Pin To Net: NetName=NetC61.9_1 Pin=C61.9-1
Added Pin To Net: NetName=NetC61.9_2 Pin=C61.9-2
Added Pin To Net: NetName=NetC61.10_1 Pin=C61.10-1
Added Pin To Net: NetName=NetC61.10_2 Pin=C61.10-2
Added Pin To Net: NetName=NetC61.11_1 Pin=C61.11-1
Added Pin To Net: NetName=NetC61.11_2 Pin=C61.11-2
Added Pin To Net: NetName=NetC61.12_1 Pin=C61.12-1
Added Pin To Net: NetName=NetC61.12_2 Pin=C61.12-2
Added Pin To Net: NetName=NetC61.13_1 Pin=C61.13-1
Added Pin To Net: NetName=NetC61.13_2 Pin=C61.13-2
Added Pin To Net: NetName=NetC61.14_1 Pin=C61.14-1
Added Pin To Net: NetName=NetC61.14_2 Pin=C61.14-2
Added Pin To Net: NetName=NetC61.15_1 Pin=C61.15-1
Added Pin To Net: NetName=NetC61.15_2 Pin=C61.15-2
Added Pin To Net: NetName=NetC61.16_1 Pin=C61.16-1
Added Pin To Net: NetName=NetC61.16_2 Pin=C61.16-2
Added Pin To Net: NetName=+5VA Pin=C65.1-1
Added Pin To Net: NetName=GND Pin=C65.1-2
Added Pin To Net: NetName=+5VA Pin=C65.2-1
Added Pin To Net: NetName=GND Pin=C65.2-2
Added Pin To Net: NetName=+5VA Pin=C65.3-1
Added Pin To Net: NetName=GND Pin=C65.3-2
Added Pin To Net: NetName=+5VA Pin=C65.4-1
Added Pin To Net: NetName=GND Pin=C65.4-2
Added Pin To Net: NetName=+5VA Pin=C65.5-1
Added Pin To Net: NetName=GND Pin=C65.5-2
Added Pin To Net: NetName=+5VA Pin=C65.6-1
Added Pin To Net: NetName=GND Pin=C65.6-2
Added Pin To Net: NetName=+5VA Pin=C65.7-1
Added Pin To Net: NetName=GND Pin=C65.7-2
Added Pin To Net: NetName=+5VA Pin=C65.8-1
Added Pin To Net: NetName=GND Pin=C65.8-2
Added Pin To Net: NetName=+5VA Pin=C65.9-1
Added Pin To Net: NetName=GND Pin=C65.9-2
Added Pin To Net: NetName=+5VA Pin=C65.10-1
Added Pin To Net: NetName=GND Pin=C65.10-2
Added Pin To Net: NetName=+5VA Pin=C65.11-1
Added Pin To Net: NetName=GND Pin=C65.11-2
Added Pin To Net: NetName=+5VA Pin=C65.12-1
Added Pin To Net: NetName=GND Pin=C65.12-2
Added Pin To Net: NetName=+5VA Pin=C65.13-1
Added Pin To Net: NetName=GND Pin=C65.13-2
Added Pin To Net: NetName=+5VA Pin=C65.14-1
Added Pin To Net: NetName=GND Pin=C65.14-2
Added Pin To Net: NetName=+5VA Pin=C65.15-1
Added Pin To Net: NetName=GND Pin=C65.15-2
Added Pin To Net: NetName=+5VA Pin=C65.16-1
Added Pin To Net: NetName=GND Pin=C65.16-2
Added Pin To Net: NetName=+5VA Pin=C66.1-1
Added Pin To Net: NetName=GND Pin=C66.1-2
Added Pin To Net: NetName=+5VA Pin=C66.2-1
Added Pin To Net: NetName=GND Pin=C66.2-2
Added Pin To Net: NetName=+5VA Pin=C66.3-1
Added Pin To Net: NetName=GND Pin=C66.3-2
Added Pin To Net: NetName=+5VA Pin=C66.4-1
Added Pin To Net: NetName=GND Pin=C66.4-2
Added Pin To Net: NetName=+5VA Pin=C66.5-1
Added Pin To Net: NetName=GND Pin=C66.5-2
Added Pin To Net: NetName=+5VA Pin=C66.6-1
Added Pin To Net: NetName=GND Pin=C66.6-2
Added Pin To Net: NetName=+5VA Pin=C66.7-1
Added Pin To Net: NetName=GND Pin=C66.7-2
Added Pin To Net: NetName=+5VA Pin=C66.8-1
Added Pin To Net: NetName=GND Pin=C66.8-2
Added Pin To Net: NetName=+5VA Pin=C66.9-1
Added Pin To Net: NetName=GND Pin=C66.9-2
Added Pin To Net: NetName=+5VA Pin=C66.10-1
Added Pin To Net: NetName=GND Pin=C66.10-2
Added Pin To Net: NetName=+5VA Pin=C66.11-1
Added Pin To Net: NetName=GND Pin=C66.11-2
Added Pin To Net: NetName=+5VA Pin=C66.12-1
Added Pin To Net: NetName=GND Pin=C66.12-2
Added Pin To Net: NetName=+5VA Pin=C66.13-1
Added Pin To Net: NetName=GND Pin=C66.13-2
Added Pin To Net: NetName=+5VA Pin=C66.14-1
Added Pin To Net: NetName=GND Pin=C66.14-2
Added Pin To Net: NetName=+5VA Pin=C66.15-1
Added Pin To Net: NetName=GND Pin=C66.15-2
Added Pin To Net: NetName=+5VA Pin=C66.16-1
Added Pin To Net: NetName=GND Pin=C66.16-2
Added Pin To Net: NetName=+5VA Pin=C67.1-1
Added Pin To Net: NetName=GND Pin=C67.1-2
Added Pin To Net: NetName=+5VA Pin=C67.2-1
Added Pin To Net: NetName=GND Pin=C67.2-2
Added Pin To Net: NetName=+5VA Pin=C67.3-1
Added Pin To Net: NetName=GND Pin=C67.3-2
Added Pin To Net: NetName=+5VA Pin=C67.4-1
Added Pin To Net: NetName=GND Pin=C67.4-2
Added Pin To Net: NetName=+5VA Pin=C67.5-1
Added Pin To Net: NetName=GND Pin=C67.5-2
Added Pin To Net: NetName=+5VA Pin=C67.6-1
Added Pin To Net: NetName=GND Pin=C67.6-2
Added Pin To Net: NetName=+5VA Pin=C67.7-1
Added Pin To Net: NetName=GND Pin=C67.7-2
Added Pin To Net: NetName=+5VA Pin=C67.8-1
Added Pin To Net: NetName=GND Pin=C67.8-2
Added Pin To Net: NetName=+5VA Pin=C67.9-1
Added Pin To Net: NetName=GND Pin=C67.9-2
Added Pin To Net: NetName=+5VA Pin=C67.10-1
Added Pin To Net: NetName=GND Pin=C67.10-2
Added Pin To Net: NetName=+5VA Pin=C67.11-1
Added Pin To Net: NetName=GND Pin=C67.11-2
Added Pin To Net: NetName=+5VA Pin=C67.12-1
Added Pin To Net: NetName=GND Pin=C67.12-2
Added Pin To Net: NetName=+5VA Pin=C67.13-1
Added Pin To Net: NetName=GND Pin=C67.13-2
Added Pin To Net: NetName=+5VA Pin=C67.14-1
Added Pin To Net: NetName=GND Pin=C67.14-2
Added Pin To Net: NetName=+5VA Pin=C67.15-1
Added Pin To Net: NetName=GND Pin=C67.15-2
Added Pin To Net: NetName=+5VA Pin=C67.16-1
Added Pin To Net: NetName=GND Pin=C67.16-2
Added Pin To Net: NetName=IN16_P Pin=C68.1-1
Added Pin To Net: NetName=IN16_N Pin=C68.1-2
Added Pin To Net: NetName=IN15_P Pin=C68.2-1
Added Pin To Net: NetName=IN15_N Pin=C68.2-2
Added Pin To Net: NetName=IN14_P Pin=C68.3-1
Added Pin To Net: NetName=IN14_N Pin=C68.3-2
Added Pin To Net: NetName=IN13_P Pin=C68.4-1
Added Pin To Net: NetName=IN13_N Pin=C68.4-2
Added Pin To Net: NetName=IN12_P Pin=C68.5-1
Added Pin To Net: NetName=IN12_N Pin=C68.5-2
Added Pin To Net: NetName=IN11_P Pin=C68.6-1
Added Pin To Net: NetName=IN11_N Pin=C68.6-2
Added Pin To Net: NetName=IN10_P Pin=C68.7-1
Added Pin To Net: NetName=IN10_N Pin=C68.7-2
Added Pin To Net: NetName=IN9_P Pin=C68.8-1
Added Pin To Net: NetName=IN9_N Pin=C68.8-2
Added Pin To Net: NetName=IN8_P Pin=C68.9-1
Added Pin To Net: NetName=IN8_N Pin=C68.9-2
Added Pin To Net: NetName=IN7_P Pin=C68.10-1
Added Pin To Net: NetName=IN7_N Pin=C68.10-2
Added Pin To Net: NetName=IN6_P Pin=C68.11-1
Added Pin To Net: NetName=IN6_N Pin=C68.11-2
Added Pin To Net: NetName=IN5_P Pin=C68.12-1
Added Pin To Net: NetName=IN5_N Pin=C68.12-2
Added Pin To Net: NetName=IN4_P Pin=C68.13-1
Added Pin To Net: NetName=IN4_N Pin=C68.13-2
Added Pin To Net: NetName=IN3_P Pin=C68.14-1
Added Pin To Net: NetName=IN3_N Pin=C68.14-2
Added Pin To Net: NetName=IN2_P Pin=C68.15-1
Added Pin To Net: NetName=IN2_N Pin=C68.15-2
Added Pin To Net: NetName=IN1_P Pin=C68.16-1
Added Pin To Net: NetName=IN1_N Pin=C68.16-2
Added Pin To Net: NetName=NetC69.1_1 Pin=C69.1-1
Added Pin To Net: NetName=NetC64.1_2 Pin=C69.1-2
Added Pin To Net: NetName=NetC69.2_1 Pin=C69.2-1
Added Pin To Net: NetName=NetC64.2_2 Pin=C69.2-2
Added Pin To Net: NetName=NetC69.3_1 Pin=C69.3-1
Added Pin To Net: NetName=NetC64.3_2 Pin=C69.3-2
Added Pin To Net: NetName=NetC69.4_1 Pin=C69.4-1
Added Pin To Net: NetName=NetC64.4_2 Pin=C69.4-2
Added Pin To Net: NetName=NetC69.5_1 Pin=C69.5-1
Added Pin To Net: NetName=NetC64.5_2 Pin=C69.5-2
Added Pin To Net: NetName=NetC69.6_1 Pin=C69.6-1
Added Pin To Net: NetName=NetC64.6_2 Pin=C69.6-2
Added Pin To Net: NetName=NetC69.7_1 Pin=C69.7-1
Added Pin To Net: NetName=NetC64.7_2 Pin=C69.7-2
Added Pin To Net: NetName=NetC69.8_1 Pin=C69.8-1
Added Pin To Net: NetName=NetC64.8_2 Pin=C69.8-2
Added Pin To Net: NetName=NetC69.9_1 Pin=C69.9-1
Added Pin To Net: NetName=NetC64.9_2 Pin=C69.9-2
Added Pin To Net: NetName=NetC69.10_1 Pin=C69.10-1
Added Pin To Net: NetName=NetC64.10_2 Pin=C69.10-2
Added Pin To Net: NetName=NetC69.11_1 Pin=C69.11-1
Added Pin To Net: NetName=NetC64.11_2 Pin=C69.11-2
Added Pin To Net: NetName=NetC69.12_1 Pin=C69.12-1
Added Pin To Net: NetName=NetC64.12_2 Pin=C69.12-2
Added Pin To Net: NetName=NetC69.13_1 Pin=C69.13-1
Added Pin To Net: NetName=NetC64.13_2 Pin=C69.13-2
Added Pin To Net: NetName=NetC69.14_1 Pin=C69.14-1
Added Pin To Net: NetName=NetC64.14_2 Pin=C69.14-2
Added Pin To Net: NetName=NetC69.15_1 Pin=C69.15-1
Added Pin To Net: NetName=NetC64.15_2 Pin=C69.15-2
Added Pin To Net: NetName=NetC69.16_1 Pin=C69.16-1
Added Pin To Net: NetName=NetC64.16_2 Pin=C69.16-2
Added Pin To Net: NetName=+2V5 Pin=C70.1-1
Added Pin To Net: NetName=NetC70.1_2 Pin=C70.1-2
Added Pin To Net: NetName=+2V5 Pin=C70.2-1
Added Pin To Net: NetName=NetC70.2_2 Pin=C70.2-2
Added Pin To Net: NetName=+2V5 Pin=C70.3-1
Added Pin To Net: NetName=NetC70.3_2 Pin=C70.3-2
Added Pin To Net: NetName=+2V5 Pin=C70.4-1
Added Pin To Net: NetName=NetC70.4_2 Pin=C70.4-2
Added Pin To Net: NetName=+2V5 Pin=C70.5-1
Added Pin To Net: NetName=NetC70.5_2 Pin=C70.5-2
Added Pin To Net: NetName=+2V5 Pin=C70.6-1
Added Pin To Net: NetName=NetC70.6_2 Pin=C70.6-2
Added Pin To Net: NetName=+2V5 Pin=C70.7-1
Added Pin To Net: NetName=NetC70.7_2 Pin=C70.7-2
Added Pin To Net: NetName=+2V5 Pin=C70.8-1
Added Pin To Net: NetName=NetC70.8_2 Pin=C70.8-2
Added Pin To Net: NetName=+2V5 Pin=C70.9-1
Added Pin To Net: NetName=NetC70.9_2 Pin=C70.9-2
Added Pin To Net: NetName=+2V5 Pin=C70.10-1
Added Pin To Net: NetName=NetC70.10_2 Pin=C70.10-2
Added Pin To Net: NetName=+2V5 Pin=C70.11-1
Added Pin To Net: NetName=NetC70.11_2 Pin=C70.11-2
Added Pin To Net: NetName=+2V5 Pin=C70.12-1
Added Pin To Net: NetName=NetC70.12_2 Pin=C70.12-2
Added Pin To Net: NetName=+2V5 Pin=C70.13-1
Added Pin To Net: NetName=NetC70.13_2 Pin=C70.13-2
Added Pin To Net: NetName=+2V5 Pin=C70.14-1
Added Pin To Net: NetName=NetC70.14_2 Pin=C70.14-2
Added Pin To Net: NetName=+2V5 Pin=C70.15-1
Added Pin To Net: NetName=NetC70.15_2 Pin=C70.15-2
Added Pin To Net: NetName=+2V5 Pin=C70.16-1
Added Pin To Net: NetName=NetC70.16_2 Pin=C70.16-2
Added Pin To Net: NetName=+2V5 Pin=C73.1-1
Added Pin To Net: NetName=GND Pin=C73.1-2
Added Pin To Net: NetName=+2V5 Pin=C73.2-1
Added Pin To Net: NetName=GND Pin=C73.2-2
Added Pin To Net: NetName=+2V5 Pin=C73.3-1
Added Pin To Net: NetName=GND Pin=C73.3-2
Added Pin To Net: NetName=+2V5 Pin=C73.4-1
Added Pin To Net: NetName=GND Pin=C73.4-2
Added Pin To Net: NetName=+2V5 Pin=C73.5-1
Added Pin To Net: NetName=GND Pin=C73.5-2
Added Pin To Net: NetName=+2V5 Pin=C73.6-1
Added Pin To Net: NetName=GND Pin=C73.6-2
Added Pin To Net: NetName=+2V5 Pin=C73.7-1
Added Pin To Net: NetName=GND Pin=C73.7-2
Added Pin To Net: NetName=+2V5 Pin=C73.8-1
Added Pin To Net: NetName=GND Pin=C73.8-2
Added Pin To Net: NetName=+2V5 Pin=C73.9-1
Added Pin To Net: NetName=GND Pin=C73.9-2
Added Pin To Net: NetName=+2V5 Pin=C73.10-1
Added Pin To Net: NetName=GND Pin=C73.10-2
Added Pin To Net: NetName=+2V5 Pin=C73.11-1
Added Pin To Net: NetName=GND Pin=C73.11-2
Added Pin To Net: NetName=+2V5 Pin=C73.12-1
Added Pin To Net: NetName=GND Pin=C73.12-2
Added Pin To Net: NetName=+2V5 Pin=C73.13-1
Added Pin To Net: NetName=GND Pin=C73.13-2
Added Pin To Net: NetName=+2V5 Pin=C73.14-1
Added Pin To Net: NetName=GND Pin=C73.14-2
Added Pin To Net: NetName=+2V5 Pin=C73.15-1
Added Pin To Net: NetName=GND Pin=C73.15-2
Added Pin To Net: NetName=+2V5 Pin=C73.16-1
Added Pin To Net: NetName=GND Pin=C73.16-2
Added Pin To Net: NetName=+2V5 Pin=C74.1-1
Added Pin To Net: NetName=GND Pin=C74.1-2
Added Pin To Net: NetName=+2V5 Pin=C74.2-1
Added Pin To Net: NetName=GND Pin=C74.2-2
Added Pin To Net: NetName=+2V5 Pin=C74.3-1
Added Pin To Net: NetName=GND Pin=C74.3-2
Added Pin To Net: NetName=+2V5 Pin=C74.4-1
Added Pin To Net: NetName=GND Pin=C74.4-2
Added Pin To Net: NetName=+2V5 Pin=C74.5-1
Added Pin To Net: NetName=GND Pin=C74.5-2
Added Pin To Net: NetName=+2V5 Pin=C74.6-1
Added Pin To Net: NetName=GND Pin=C74.6-2
Added Pin To Net: NetName=+2V5 Pin=C74.7-1
Added Pin To Net: NetName=GND Pin=C74.7-2
Added Pin To Net: NetName=+2V5 Pin=C74.8-1
Added Pin To Net: NetName=GND Pin=C74.8-2
Added Pin To Net: NetName=+2V5 Pin=C74.9-1
Added Pin To Net: NetName=GND Pin=C74.9-2
Added Pin To Net: NetName=+2V5 Pin=C74.10-1
Added Pin To Net: NetName=GND Pin=C74.10-2
Added Pin To Net: NetName=+2V5 Pin=C74.11-1
Added Pin To Net: NetName=GND Pin=C74.11-2
Added Pin To Net: NetName=+2V5 Pin=C74.12-1
Added Pin To Net: NetName=GND Pin=C74.12-2
Added Pin To Net: NetName=+2V5 Pin=C74.13-1
Added Pin To Net: NetName=GND Pin=C74.13-2
Added Pin To Net: NetName=+2V5 Pin=C74.14-1
Added Pin To Net: NetName=GND Pin=C74.14-2
Added Pin To Net: NetName=+2V5 Pin=C74.15-1
Added Pin To Net: NetName=GND Pin=C74.15-2
Added Pin To Net: NetName=+2V5 Pin=C74.16-1
Added Pin To Net: NetName=GND Pin=C74.16-2
Added Pin To Net: NetName=GND Pin=C75.1-2
Added Pin To Net: NetName=GND Pin=C75.2-2
Added Pin To Net: NetName=GND Pin=C75.3-2
Added Pin To Net: NetName=GND Pin=C75.4-2
Added Pin To Net: NetName=GND Pin=C75.5-2
Added Pin To Net: NetName=GND Pin=C75.6-2
Added Pin To Net: NetName=GND Pin=C75.7-2
Added Pin To Net: NetName=GND Pin=C75.8-2
Added Pin To Net: NetName=GND Pin=C75.9-2
Added Pin To Net: NetName=GND Pin=C75.10-2
Added Pin To Net: NetName=GND Pin=C75.11-2
Added Pin To Net: NetName=GND Pin=C75.12-2
Added Pin To Net: NetName=GND Pin=C75.13-2
Added Pin To Net: NetName=GND Pin=C75.14-2
Added Pin To Net: NetName=GND Pin=C75.15-2
Added Pin To Net: NetName=GND Pin=C75.16-2
Added Pin To Net: NetName=NetC76.1_1 Pin=C76.1-1
Added Pin To Net: NetName=-V1.1 Pin=C76.1-2
Added Pin To Net: NetName=NetC76.2_1 Pin=C76.2-1
Added Pin To Net: NetName=-V1.2 Pin=C76.2-2
Added Pin To Net: NetName=NetC76.3_1 Pin=C76.3-1
Added Pin To Net: NetName=-V1.3 Pin=C76.3-2
Added Pin To Net: NetName=NetC76.4_1 Pin=C76.4-1
Added Pin To Net: NetName=-V1.4 Pin=C76.4-2
Added Pin To Net: NetName=NetC76.5_1 Pin=C76.5-1
Added Pin To Net: NetName=-V1.5 Pin=C76.5-2
Added Pin To Net: NetName=NetC76.6_1 Pin=C76.6-1
Added Pin To Net: NetName=-V1.6 Pin=C76.6-2
Added Pin To Net: NetName=NetC76.7_1 Pin=C76.7-1
Added Pin To Net: NetName=-V1.7 Pin=C76.7-2
Added Pin To Net: NetName=NetC76.8_1 Pin=C76.8-1
Added Pin To Net: NetName=-V1.8 Pin=C76.8-2
Added Pin To Net: NetName=NetC76.9_1 Pin=C76.9-1
Added Pin To Net: NetName=-V1.9 Pin=C76.9-2
Added Pin To Net: NetName=NetC76.10_1 Pin=C76.10-1
Added Pin To Net: NetName=-V1.10 Pin=C76.10-2
Added Pin To Net: NetName=NetC76.11_1 Pin=C76.11-1
Added Pin To Net: NetName=-V1.11 Pin=C76.11-2
Added Pin To Net: NetName=NetC76.12_1 Pin=C76.12-1
Added Pin To Net: NetName=-V1.12 Pin=C76.12-2
Added Pin To Net: NetName=NetC76.13_1 Pin=C76.13-1
Added Pin To Net: NetName=-V1.13 Pin=C76.13-2
Added Pin To Net: NetName=NetC76.14_1 Pin=C76.14-1
Added Pin To Net: NetName=-V1.14 Pin=C76.14-2
Added Pin To Net: NetName=NetC76.15_1 Pin=C76.15-1
Added Pin To Net: NetName=-V1.15 Pin=C76.15-2
Added Pin To Net: NetName=NetC76.16_1 Pin=C76.16-1
Added Pin To Net: NetName=-V1.16 Pin=C76.16-2
Added Pin To Net: NetName=NetC77.1_1 Pin=C77.1-1
Added Pin To Net: NetName=V1.1 Pin=C77.1-2
Added Pin To Net: NetName=NetC77.2_1 Pin=C77.2-1
Added Pin To Net: NetName=V1.2 Pin=C77.2-2
Added Pin To Net: NetName=NetC77.3_1 Pin=C77.3-1
Added Pin To Net: NetName=V1.3 Pin=C77.3-2
Added Pin To Net: NetName=NetC77.4_1 Pin=C77.4-1
Added Pin To Net: NetName=V1.4 Pin=C77.4-2
Added Pin To Net: NetName=NetC77.5_1 Pin=C77.5-1
Added Pin To Net: NetName=V1.5 Pin=C77.5-2
Added Pin To Net: NetName=NetC77.6_1 Pin=C77.6-1
Added Pin To Net: NetName=V1.6 Pin=C77.6-2
Added Pin To Net: NetName=NetC77.7_1 Pin=C77.7-1
Added Pin To Net: NetName=V1.7 Pin=C77.7-2
Added Pin To Net: NetName=NetC77.8_1 Pin=C77.8-1
Added Pin To Net: NetName=V1.8 Pin=C77.8-2
Added Pin To Net: NetName=NetC77.9_1 Pin=C77.9-1
Added Pin To Net: NetName=V1.9 Pin=C77.9-2
Added Pin To Net: NetName=NetC77.10_1 Pin=C77.10-1
Added Pin To Net: NetName=V1.10 Pin=C77.10-2
Added Pin To Net: NetName=NetC77.11_1 Pin=C77.11-1
Added Pin To Net: NetName=V1.11 Pin=C77.11-2
Added Pin To Net: NetName=NetC77.12_1 Pin=C77.12-1
Added Pin To Net: NetName=V1.12 Pin=C77.12-2
Added Pin To Net: NetName=NetC77.13_1 Pin=C77.13-1
Added Pin To Net: NetName=V1.13 Pin=C77.13-2
Added Pin To Net: NetName=NetC77.14_1 Pin=C77.14-1
Added Pin To Net: NetName=V1.14 Pin=C77.14-2
Added Pin To Net: NetName=NetC77.15_1 Pin=C77.15-1
Added Pin To Net: NetName=V1.15 Pin=C77.15-2
Added Pin To Net: NetName=NetC77.16_1 Pin=C77.16-1
Added Pin To Net: NetName=V1.16 Pin=C77.16-2
Added Pin To Net: NetName=+2V5 Pin=C78.1-1
Added Pin To Net: NetName=NetC78.1_2 Pin=C78.1-2
Added Pin To Net: NetName=+2V5 Pin=C78.2-1
Added Pin To Net: NetName=NetC78.2_2 Pin=C78.2-2
Added Pin To Net: NetName=+2V5 Pin=C78.3-1
Added Pin To Net: NetName=NetC78.3_2 Pin=C78.3-2
Added Pin To Net: NetName=+2V5 Pin=C78.4-1
Added Pin To Net: NetName=NetC78.4_2 Pin=C78.4-2
Added Pin To Net: NetName=+2V5 Pin=C78.5-1
Added Pin To Net: NetName=NetC78.5_2 Pin=C78.5-2
Added Pin To Net: NetName=+2V5 Pin=C78.6-1
Added Pin To Net: NetName=NetC78.6_2 Pin=C78.6-2
Added Pin To Net: NetName=+2V5 Pin=C78.7-1
Added Pin To Net: NetName=NetC78.7_2 Pin=C78.7-2
Added Pin To Net: NetName=+2V5 Pin=C78.8-1
Added Pin To Net: NetName=NetC78.8_2 Pin=C78.8-2
Added Pin To Net: NetName=+2V5 Pin=C78.9-1
Added Pin To Net: NetName=NetC78.9_2 Pin=C78.9-2
Added Pin To Net: NetName=+2V5 Pin=C78.10-1
Added Pin To Net: NetName=NetC78.10_2 Pin=C78.10-2
Added Pin To Net: NetName=+2V5 Pin=C78.11-1
Added Pin To Net: NetName=NetC78.11_2 Pin=C78.11-2
Added Pin To Net: NetName=+2V5 Pin=C78.12-1
Added Pin To Net: NetName=NetC78.12_2 Pin=C78.12-2
Added Pin To Net: NetName=+2V5 Pin=C78.13-1
Added Pin To Net: NetName=NetC78.13_2 Pin=C78.13-2
Added Pin To Net: NetName=+2V5 Pin=C78.14-1
Added Pin To Net: NetName=NetC78.14_2 Pin=C78.14-2
Added Pin To Net: NetName=+2V5 Pin=C78.15-1
Added Pin To Net: NetName=NetC78.15_2 Pin=C78.15-2
Added Pin To Net: NetName=+2V5 Pin=C78.16-1
Added Pin To Net: NetName=NetC78.16_2 Pin=C78.16-2
Added Member To Class: ClassName=U_InputAmplifier1 Member=Component C59.1 (C59) Capacitor
Added Member To Class: ClassName=U_InputAmplifier2 Member=Component C59.2 (C59) Capacitor
Added Member To Class: ClassName=U_InputAmplifier3 Member=Component C59.3 (C59) Capacitor
Added Member To Class: ClassName=U_InputAmplifier4 Member=Component C59.4 (C59) Capacitor
Added Member To Class: ClassName=U_InputAmplifier5 Member=Component C59.5 (C59) Capacitor
Added Member To Class: ClassName=U_InputAmplifier6 Member=Component C59.6 (C59) Capacitor
Added Member To Class: ClassName=U_InputAmplifier7 Member=Component C59.7 (C59) Capacitor
Added Member To Class: ClassName=U_InputAmplifier8 Member=Component C59.8 (C59) Capacitor
Added Member To Class: ClassName=U_InputAmplifier9 Member=Component C59.9 (C59) Capacitor
Added Member To Class: ClassName=U_InputAmplifier10 Member=Component C59.10 (C59) Capacitor
Added Member To Class: ClassName=U_InputAmplifier11 Member=Component C59.11 (C59) Capacitor
Added Member To Class: ClassName=U_InputAmplifier12 Member=Component C59.12 (C59) Capacitor
Added Member To Class: ClassName=U_InputAmplifier13 Member=Component C59.13 (C59) Capacitor
Added Member To Class: ClassName=U_InputAmplifier14 Member=Component C59.14 (C59) Capacitor
Added Member To Class: ClassName=U_InputAmplifier15 Member=Component C59.15 (C59) Capacitor
Added Member To Class: ClassName=U_InputAmplifier16 Member=Component C59.16 (C59) Capacitor
Added Member To Class: ClassName=U_InputAmplifier1 Member=Component C60.1 (C60) Capacitor
Added Member To Class: ClassName=U_InputAmplifier2 Member=Component C60.2 (C60) Capacitor
Added Member To Class: ClassName=U_InputAmplifier3 Member=Component C60.3 (C60) Capacitor
Added Member To Class: ClassName=U_InputAmplifier4 Member=Component C60.4 (C60) Capacitor
Added Member To Class: ClassName=U_InputAmplifier5 Member=Component C60.5 (C60) Capacitor
Added Member To Class: ClassName=U_InputAmplifier6 Member=Component C60.6 (C60) Capacitor
Added Member To Class: ClassName=U_InputAmplifier7 Member=Component C60.7 (C60) Capacitor
Added Member To Class: ClassName=U_InputAmplifier8 Member=Component C60.8 (C60) Capacitor
Added Member To Class: ClassName=U_InputAmplifier9 Member=Component C60.9 (C60) Capacitor
Added Member To Class: ClassName=U_InputAmplifier10 Member=Component C60.10 (C60) Capacitor
Added Member To Class: ClassName=U_InputAmplifier11 Member=Component C60.11 (C60) Capacitor
Added Member To Class: ClassName=U_InputAmplifier12 Member=Component C60.12 (C60) Capacitor
Added Member To Class: ClassName=U_InputAmplifier13 Member=Component C60.13 (C60) Capacitor
Added Member To Class: ClassName=U_InputAmplifier14 Member=Component C60.14 (C60) Capacitor
Added Member To Class: ClassName=U_InputAmplifier15 Member=Component C60.15 (C60) Capacitor
Added Member To Class: ClassName=U_InputAmplifier16 Member=Component C60.16 (C60) Capacitor
Added Member To Class: ClassName=U_InputAmplifier1 Member=Component C61.1 (C61) Capacitor
Added Member To Class: ClassName=U_InputAmplifier2 Member=Component C61.2 (C61) Capacitor
Added Member To Class: ClassName=U_InputAmplifier3 Member=Component C61.3 (C61) Capacitor
Added Member To Class: ClassName=U_InputAmplifier4 Member=Component C61.4 (C61) Capacitor
Added Member To Class: ClassName=U_InputAmplifier5 Member=Component C61.5 (C61) Capacitor
Added Member To Class: ClassName=U_InputAmplifier6 Member=Component C61.6 (C61) Capacitor
Added Member To Class: ClassName=U_InputAmplifier7 Member=Component C61.7 (C61) Capacitor
Added Member To Class: ClassName=U_InputAmplifier8 Member=Component C61.8 (C61) Capacitor
Added Member To Class: ClassName=U_InputAmplifier9 Member=Component C61.9 (C61) Capacitor
Added Member To Class: ClassName=U_InputAmplifier10 Member=Component C61.10 (C61) Capacitor
Added Member To Class: ClassName=U_InputAmplifier11 Member=Component C61.11 (C61) Capacitor
Added Member To Class: ClassName=U_InputAmplifier12 Member=Component C61.12 (C61) Capacitor
Added Member To Class: ClassName=U_InputAmplifier13 Member=Component C61.13 (C61) Capacitor
Added Member To Class: ClassName=U_InputAmplifier14 Member=Component C61.14 (C61) Capacitor
Added Member To Class: ClassName=U_InputAmplifier15 Member=Component C61.15 (C61) Capacitor
Added Member To Class: ClassName=U_InputAmplifier16 Member=Component C61.16 (C61) Capacitor
Added Member To Class: ClassName=U_InputAmplifier1 Member=Component C68.1 (C68) Capacitor
Added Member To Class: ClassName=U_InputAmplifier2 Member=Component C68.2 (C68) Capacitor
Added Member To Class: ClassName=U_InputAmplifier3 Member=Component C68.3 (C68) Capacitor
Added Member To Class: ClassName=U_InputAmplifier4 Member=Component C68.4 (C68) Capacitor
Added Member To Class: ClassName=U_InputAmplifier5 Member=Component C68.5 (C68) Capacitor
Added Member To Class: ClassName=U_InputAmplifier6 Member=Component C68.6 (C68) Capacitor
Added Member To Class: ClassName=U_InputAmplifier7 Member=Component C68.7 (C68) Capacitor
Added Member To Class: ClassName=U_InputAmplifier8 Member=Component C68.8 (C68) Capacitor
Added Member To Class: ClassName=U_InputAmplifier9 Member=Component C68.9 (C68) Capacitor
Added Member To Class: ClassName=U_InputAmplifier10 Member=Component C68.10 (C68) Capacitor
Added Member To Class: ClassName=U_InputAmplifier11 Member=Component C68.11 (C68) Capacitor
Added Member To Class: ClassName=U_InputAmplifier12 Member=Component C68.12 (C68) Capacitor
Added Member To Class: ClassName=U_InputAmplifier13 Member=Component C68.13 (C68) Capacitor
Added Member To Class: ClassName=U_InputAmplifier14 Member=Component C68.14 (C68) Capacitor
Added Member To Class: ClassName=U_InputAmplifier15 Member=Component C68.15 (C68) Capacitor
Added Member To Class: ClassName=U_InputAmplifier16 Member=Component C68.16 (C68) Capacitor
Added Member To Class: ClassName=U_InputAmplifier1 Member=Component C69.1 (C69) Capacitor
Added Member To Class: ClassName=U_InputAmplifier2 Member=Component C69.2 (C69) Capacitor
Added Member To Class: ClassName=U_InputAmplifier3 Member=Component C69.3 (C69) Capacitor
Added Member To Class: ClassName=U_InputAmplifier4 Member=Component C69.4 (C69) Capacitor
Added Member To Class: ClassName=U_InputAmplifier5 Member=Component C69.5 (C69) Capacitor
Added Member To Class: ClassName=U_InputAmplifier6 Member=Component C69.6 (C69) Capacitor
Added Member To Class: ClassName=U_InputAmplifier7 Member=Component C69.7 (C69) Capacitor
Added Member To Class: ClassName=U_InputAmplifier8 Member=Component C69.8 (C69) Capacitor
Added Member To Class: ClassName=U_InputAmplifier9 Member=Component C69.9 (C69) Capacitor
Added Member To Class: ClassName=U_InputAmplifier10 Member=Component C69.10 (C69) Capacitor
Added Member To Class: ClassName=U_InputAmplifier11 Member=Component C69.11 (C69) Capacitor
Added Member To Class: ClassName=U_InputAmplifier12 Member=Component C69.12 (C69) Capacitor
Added Member To Class: ClassName=U_InputAmplifier13 Member=Component C69.13 (C69) Capacitor
Added Member To Class: ClassName=U_InputAmplifier14 Member=Component C69.14 (C69) Capacitor
Added Member To Class: ClassName=U_InputAmplifier15 Member=Component C69.15 (C69) Capacitor
Added Member To Class: ClassName=U_InputAmplifier16 Member=Component C69.16 (C69) Capacitor
Added Member To Class: ClassName=U_InputAmplifier1 Member=Component C70.1 (C70) Capacitor
Added Member To Class: ClassName=U_InputAmplifier2 Member=Component C70.2 (C70) Capacitor
Added Member To Class: ClassName=U_InputAmplifier3 Member=Component C70.3 (C70) Capacitor
Added Member To Class: ClassName=U_InputAmplifier4 Member=Component C70.4 (C70) Capacitor
Added Member To Class: ClassName=U_InputAmplifier5 Member=Component C70.5 (C70) Capacitor
Added Member To Class: ClassName=U_InputAmplifier6 Member=Component C70.6 (C70) Capacitor
Added Member To Class: ClassName=U_InputAmplifier7 Member=Component C70.7 (C70) Capacitor
Added Member To Class: ClassName=U_InputAmplifier8 Member=Component C70.8 (C70) Capacitor
Added Member To Class: ClassName=U_InputAmplifier9 Member=Component C70.9 (C70) Capacitor
Added Member To Class: ClassName=U_InputAmplifier10 Member=Component C70.10 (C70) Capacitor
Added Member To Class: ClassName=U_InputAmplifier11 Member=Component C70.11 (C70) Capacitor
Added Member To Class: ClassName=U_InputAmplifier12 Member=Component C70.12 (C70) Capacitor
Added Member To Class: ClassName=U_InputAmplifier13 Member=Component C70.13 (C70) Capacitor
Added Member To Class: ClassName=U_InputAmplifier14 Member=Component C70.14 (C70) Capacitor
Added Member To Class: ClassName=U_InputAmplifier15 Member=Component C70.15 (C70) Capacitor
Added Member To Class: ClassName=U_InputAmplifier16 Member=Component C70.16 (C70) Capacitor
Added Member To Class: ClassName=U_InputAmplifier1 Member=Component C76.1 (C76) Capacitor
Added Member To Class: ClassName=U_InputAmplifier2 Member=Component C76.2 (C76) Capacitor
Added Member To Class: ClassName=U_InputAmplifier3 Member=Component C76.3 (C76) Capacitor
Added Member To Class: ClassName=U_InputAmplifier4 Member=Component C76.4 (C76) Capacitor
Added Member To Class: ClassName=U_InputAmplifier5 Member=Component C76.5 (C76) Capacitor
Added Member To Class: ClassName=U_InputAmplifier6 Member=Component C76.6 (C76) Capacitor
Added Member To Class: ClassName=U_InputAmplifier7 Member=Component C76.7 (C76) Capacitor
Added Member To Class: ClassName=U_InputAmplifier8 Member=Component C76.8 (C76) Capacitor
Added Member To Class: ClassName=U_InputAmplifier9 Member=Component C76.9 (C76) Capacitor
Added Member To Class: ClassName=U_InputAmplifier10 Member=Component C76.10 (C76) Capacitor
Added Member To Class: ClassName=U_InputAmplifier11 Member=Component C76.11 (C76) Capacitor
Added Member To Class: ClassName=U_InputAmplifier12 Member=Component C76.12 (C76) Capacitor
Added Member To Class: ClassName=U_InputAmplifier13 Member=Component C76.13 (C76) Capacitor
Added Member To Class: ClassName=U_InputAmplifier14 Member=Component C76.14 (C76) Capacitor
Added Member To Class: ClassName=U_InputAmplifier15 Member=Component C76.15 (C76) Capacitor
Added Member To Class: ClassName=U_InputAmplifier16 Member=Component C76.16 (C76) Capacitor
Added Member To Class: ClassName=U_InputAmplifier1 Member=Component C77.1 (C77) Capacitor
Added Member To Class: ClassName=U_InputAmplifier2 Member=Component C77.2 (C77) Capacitor
Added Member To Class: ClassName=U_InputAmplifier3 Member=Component C77.3 (C77) Capacitor
Added Member To Class: ClassName=U_InputAmplifier4 Member=Component C77.4 (C77) Capacitor
Added Member To Class: ClassName=U_InputAmplifier5 Member=Component C77.5 (C77) Capacitor
Added Member To Class: ClassName=U_InputAmplifier6 Member=Component C77.6 (C77) Capacitor
Added Member To Class: ClassName=U_InputAmplifier7 Member=Component C77.7 (C77) Capacitor
Added Member To Class: ClassName=U_InputAmplifier8 Member=Component C77.8 (C77) Capacitor
Added Member To Class: ClassName=U_InputAmplifier9 Member=Component C77.9 (C77) Capacitor
Added Member To Class: ClassName=U_InputAmplifier10 Member=Component C77.10 (C77) Capacitor
Added Member To Class: ClassName=U_InputAmplifier11 Member=Component C77.11 (C77) Capacitor
Added Member To Class: ClassName=U_InputAmplifier12 Member=Component C77.12 (C77) Capacitor
Added Member To Class: ClassName=U_InputAmplifier13 Member=Component C77.13 (C77) Capacitor
Added Member To Class: ClassName=U_InputAmplifier14 Member=Component C77.14 (C77) Capacitor
Added Member To Class: ClassName=U_InputAmplifier15 Member=Component C77.15 (C77) Capacitor
Added Member To Class: ClassName=U_InputAmplifier16 Member=Component C77.16 (C77) Capacitor
Added Member To Class: ClassName=U_InputAmplifier1 Member=Component C78.1 (C78) Capacitor
Added Member To Class: ClassName=U_InputAmplifier2 Member=Component C78.2 (C78) Capacitor
Added Member To Class: ClassName=U_InputAmplifier3 Member=Component C78.3 (C78) Capacitor
Added Member To Class: ClassName=U_InputAmplifier4 Member=Component C78.4 (C78) Capacitor
Added Member To Class: ClassName=U_InputAmplifier5 Member=Component C78.5 (C78) Capacitor
Added Member To Class: ClassName=U_InputAmplifier6 Member=Component C78.6 (C78) Capacitor
Added Member To Class: ClassName=U_InputAmplifier7 Member=Component C78.7 (C78) Capacitor
Added Member To Class: ClassName=U_InputAmplifier8 Member=Component C78.8 (C78) Capacitor
Added Member To Class: ClassName=U_InputAmplifier9 Member=Component C78.9 (C78) Capacitor
Added Member To Class: ClassName=U_InputAmplifier10 Member=Component C78.10 (C78) Capacitor
Added Member To Class: ClassName=U_InputAmplifier11 Member=Component C78.11 (C78) Capacitor
Added Member To Class: ClassName=U_InputAmplifier12 Member=Component C78.12 (C78) Capacitor
Added Member To Class: ClassName=U_InputAmplifier13 Member=Component C78.13 (C78) Capacitor
Added Member To Class: ClassName=U_InputAmplifier14 Member=Component C78.14 (C78) Capacitor
Added Member To Class: ClassName=U_InputAmplifier15 Member=Component C78.15 (C78) Capacitor
Added Member To Class: ClassName=U_InputAmplifier16 Member=Component C78.16 (C78) Capacitor
