Added Class: Name=ADC1
Added Class: Name=ADC2
Added Class: Name=AUDIO INPUTS
Added Class: Name=CLOCK
Added Class: Name=DAC1
Added Class: Name=DAC2
Added Class: Name=LEDs_I2C_PORT
Added Class: Name=PHY_ETHERNET
Added Class: Name=Power1
Added Class: Name=TopLevel
Added Class: Name=U_InputAmplifier1
Added Class: Name=U_InputAmplifier2
Added Class: Name=U_InputAmplifier3
Added Class: Name=U_InputAmplifier4
Added Class: Name=U_InputAmplifier5
Added Class: Name=U_InputAmplifier6
Added Class: Name=U_InputAmplifier7
Added Class: Name=U_InputAmplifier8
Added Class: Name=U_InputAmplifier9
Added Class: Name=U_InputAmplifier10
Added Class: Name=U_InputAmplifier11
Added Class: Name=U_InputAmplifier12
Added Class: Name=U_InputAmplifier13
Added Class: Name=U_InputAmplifier14
Added Class: Name=U_InputAmplifier15
Added Class: Name=U_InputAmplifier16
Added Class: Name=U_InputsConnectors1
Added Class: Name=U_InputsConnectors2
Added Class: Name=U_InputsConnectors3
Added Class: Name=U_InputsConnectors4
Added Class: Name=U_InputsConnectors5
Added Class: Name=U_InputsConnectors6
Added Class: Name=U_InputsConnectors7
Added Class: Name=U_InputsConnectors8
Added Class: Name=U_OutputConnectors1
Added Class: Name=U_OutputConnectors2
Added Class: Name=U_OutputConnectors3
Added Class: Name=U_OutputConnectors4
Added Class: Name=U_OutputConnectors5
Added Class: Name=U_OutputConnectors6
Added Class: Name=U_OutputConnectors7
Added Class: Name=U_OutputConnectors8
Added Class: Name=U_StereoHeadphoneDriver
Added Class: Name=XMOS1
Added Class: Name=XMOS_power
Added Room: Name=ADC1
Added Room: Name=ADC2
Added Room: Name=AUDIO INPUTS
Added Room: Name=CLOCK
Added Room: Name=DAC1
Added Room: Name=DAC2
Added Room: Name=LEDs_I2C_PORT
Added Room: Name=PHY_ETHERNET
Added Room: Name=Power1
Added Room: Name=TopLevel
Added Room: Name=U_InputAmplifier1
Added Room: Name=U_InputAmplifier2
Added Room: Name=U_InputAmplifier3
Added Room: Name=U_InputAmplifier4
Added Room: Name=U_InputAmplifier5
Added Room: Name=U_InputAmplifier6
Added Room: Name=U_InputAmplifier7
Added Room: Name=U_InputAmplifier8
Added Room: Name=U_InputAmplifier9
Added Room: Name=U_InputAmplifier10
Added Room: Name=U_InputAmplifier11
Added Room: Name=U_InputAmplifier12
Added Room: Name=U_InputAmplifier13
Added Room: Name=U_InputAmplifier14
Added Room: Name=U_InputAmplifier15
Added Room: Name=U_InputAmplifier16
Added Room: Name=U_InputsConnectors1
Added Room: Name=U_InputsConnectors2
Added Room: Name=U_InputsConnectors3
Added Room: Name=U_InputsConnectors4
Added Room: Name=U_InputsConnectors5
Added Room: Name=U_InputsConnectors6
Added Room: Name=U_InputsConnectors7
Added Room: Name=U_InputsConnectors8
Added Room: Name=U_OutputConnectors1
Added Room: Name=U_OutputConnectors2
Added Room: Name=U_OutputConnectors3
Added Room: Name=U_OutputConnectors4
Added Room: Name=U_OutputConnectors5
Added Room: Name=U_OutputConnectors6
Added Room: Name=U_OutputConnectors7
Added Room: Name=U_OutputConnectors8
Added Room: Name=U_StereoHeadphoneDriver
Added Room: Name=XMOS1
Added Room: Name=XMOS_power
