Added Member To Class: ClassName=U_InputAmplifier1 Member=Component C58.1 (C58) Capacitor
Added Member To Class: ClassName=U_InputAmplifier2 Member=Component C58.2 (C58) Capacitor
Added Member To Class: ClassName=U_InputAmplifier1 Member=Component C59.1 (C59) Capacitor
Added Member To Class: ClassName=U_InputAmplifier2 Member=Component C59.2 (C59) Capacitor
Added Member To Class: ClassName=U_InputAmplifier1 Member=Component C60.1 (C60) Capacitor
Added Member To Class: ClassName=U_InputAmplifier2 Member=Component C60.2 (C60) Capacitor
Added Member To Class: ClassName=U_InputAmplifier1 Member=Component C61.1 (C61) Capacitor
Added Member To Class: ClassName=U_InputAmplifier1 Member=Component C62.1 (C62) Capacitor
Added Member To Class: ClassName=U_InputAmplifier2 Member=Component C62.2 (C62) Capacitor
Added Member To Class: ClassName=U_InputAmplifier1 Member=Component C63.1 (C63) Capacitor
Added Member To Class: ClassName=U_InputAmplifier2 Member=Component C63.2 (C63) Capacitor
Added Member To Class: ClassName=U_InputAmplifier1 Member=Component C64.1 (C64) Capacitor
Added Member To Class: ClassName=U_InputAmplifier2 Member=Component C64.2 (C64) Capacitor
Added Member To Class: ClassName=U_InputAmplifier1 Member=Component C65.1 (C65) Capacitor
Added Member To Class: ClassName=U_InputAmplifier2 Member=Component C65.2 (C65) Capacitor
Added Member To Class: ClassName=U_InputAmplifier1 Member=Component C66.1 (C66) Capacitor
Added Member To Class: ClassName=U_InputAmplifier2 Member=Component C66.2 (C66) Capacitor
Added Member To Class: ClassName=U_InputAmplifier1 Member=Component C67.1 (C67) Capacitor
Added Member To Class: ClassName=U_InputAmplifier2 Member=Component C67.2 (C67) Capacitor
Added Member To Class: ClassName=U_InputAmplifier1 Member=Component C68.1 (C68) Capacitor
Added Member To Class: ClassName=U_InputAmplifier2 Member=Component C68.2 (C68) Capacitor
Added Member To Class: ClassName=U_InputAmplifier1 Member=Component C69.1 (C69) Capacitor
Added Member To Class: ClassName=U_InputAmplifier1 Member=Component C70.1 (C70) Capacitor
Added Member To Class: ClassName=U_InputAmplifier2 Member=Component C70.2 (C70) Capacitor
Added Member To Class: ClassName=U_InputAmplifier1 Member=Component C71.1 (C71) Capacitor
Added Member To Class: ClassName=U_InputAmplifier2 Member=Component C71.2 (C71) Capacitor
Added Member To Class: ClassName=U_InputAmplifier1 Member=Component C72.1 (C72) Capacitor
Added Member To Class: ClassName=U_InputAmplifier2 Member=Component C72.2 (C72) Capacitor
Added Member To Class: ClassName=U_InputAmplifier1 Member=Component C73.1 (C73) Capacitor
Added Member To Class: ClassName=U_InputAmplifier2 Member=Component C73.2 (C73) Capacitor
Added Member To Class: ClassName=U_InputAmplifier1 Member=Component C74.1 (C74) Capacitor
Added Member To Class: ClassName=U_InputAmplifier2 Member=Component C74.2 (C74) Capacitor
Added Member To Class: ClassName=U_InputAmplifier1 Member=Component C75.1 (C75) Capacitor
Added Member To Class: ClassName=U_InputAmplifier2 Member=Component C75.2 (C75) Capacitor
Added Member To Class: ClassName=U_InputAmplifier2 Member=Component C76.2 (C76) Capacitor
Added Member To Class: ClassName=U_InputAmplifier1 Member=Component C77.1 (C77) Capacitor
Added Member To Class: ClassName=U_InputAmplifier2 Member=Component C77.2 (C77) Capacitor
Added Member To Class: ClassName=U_InputAmplifier1 Member=Component C78.1 (C78) Capacitor
Added Member To Class: ClassName=U_InputAmplifier2 Member=Component C78.2 (C78) Capacitor
Added Member To Class: ClassName=U_InputAmplifier1 Member=Component C80.1 (C80) Capacitor
Added Member To Class: ClassName=U_InputAmplifier1 Member=Component C81.1 (C81) Capacitor
Added Member To Class: ClassName=U_InputAmplifier1 Member=Component C82.1 (C82) Capacitor
Added Member To Class: ClassName=U_InputAmplifier1 Member=Component C83.1 (C83) Capacitor
Added Member To Class: ClassName=U_InputAmplifier1 Member=Component C84.1 (C84) Capacitor
Added Member To Class: ClassName=U_InputAmplifier1 Member=Component D10.1 (D10) Diode_dual
Added Member To Class: ClassName=U_InputAmplifier2 Member=Component D10.2 (D10) Diode_dual
Added Member To Class: ClassName=U_InputAmplifier1 Member=Component D11.1 (D11) Diode_dual
Added Member To Class: ClassName=U_InputAmplifier2 Member=Component D11.2 (D11) Diode_dual
Added Member To Class: ClassName=U_InputAmplifier1 Member=Component D12.1 (D12) Diode_dual
Added Member To Class: ClassName=U_InputAmplifier2 Member=Component D12.2 (D12) Diode_dual
Added Member To Class: ClassName=U_InputAmplifier1 Member=Component R34.1 (R34) Resistor
Added Member To Class: ClassName=U_InputAmplifier2 Member=Component R34.2 (R34) Resistor
Added Member To Class: ClassName=U_InputAmplifier1 Member=Component R35.1 (R35) Resistor
Added Member To Class: ClassName=U_InputAmplifier2 Member=Component R35.2 (R35) Resistor
Added Member To Class: ClassName=U_InputAmplifier1 Member=Component R36.1 (R36) Resistor
Added Member To Class: ClassName=U_InputAmplifier2 Member=Component R36.2 (R36) Resistor
Added Member To Class: ClassName=U_InputAmplifier1 Member=Component R37.1 (R37) Resistor
Added Member To Class: ClassName=U_InputAmplifier2 Member=Component R37.2 (R37) Resistor
Added Member To Class: ClassName=U_InputAmplifier1 Member=Component R38.1 (R38) Resistor
Added Member To Class: ClassName=U_InputAmplifier2 Member=Component R38.2 (R38) Resistor
Added Member To Class: ClassName=U_InputAmplifier1 Member=Component R39.1 (R39) Resistor
Added Member To Class: ClassName=U_InputAmplifier2 Member=Component R39.2 (R39) Resistor
Added Member To Class: ClassName=U_InputAmplifier1 Member=Component R40.1 (R40) Resistor
Added Member To Class: ClassName=U_InputAmplifier2 Member=Component R40.2 (R40) Resistor
Added Member To Class: ClassName=U_InputAmplifier2 Member=Component R41.2 (R41) Resistor
Added Member To Class: ClassName=U_InputAmplifier1 Member=Component R42.1 (R42) Resistor
Added Member To Class: ClassName=U_InputAmplifier2 Member=Component R42.2 (R42) Resistor
Added Member To Class: ClassName=U_InputAmplifier1 Member=Component R43.1 (R43) Resistor
Added Member To Class: ClassName=U_InputAmplifier2 Member=Component R43.2 (R43) Resistor
Added Member To Class: ClassName=U_InputAmplifier1 Member=Component R44.1 (R44) Resistor
Added Member To Class: ClassName=U_InputAmplifier2 Member=Component R44.2 (R44) Resistor
Added Member To Class: ClassName=U_InputAmplifier1 Member=Component R45.1 (R45) Resistor
Added Member To Class: ClassName=U_InputAmplifier2 Member=Component R45.2 (R45) Resistor
Added Member To Class: ClassName=U_InputAmplifier1 Member=Component R46.1 (R46) Resistor
Added Member To Class: ClassName=U_InputAmplifier2 Member=Component R46.2 (R46) Resistor
Added Member To Class: ClassName=U_InputAmplifier1 Member=Component R47.1 (R47) Resistor
Added Member To Class: ClassName=U_InputAmplifier2 Member=Component R47.2 (R47) Resistor
Added Member To Class: ClassName=U_InputAmplifier1 Member=Component R48.1 (R48) Resistor
Added Member To Class: ClassName=U_InputAmplifier2 Member=Component R48.2 (R48) Resistor
Added Member To Class: ClassName=U_InputAmplifier1 Member=Component R49.1 (R49) Resistor
Added Member To Class: ClassName=U_InputAmplifier2 Member=Component R49.2 (R49) Resistor
Added Member To Class: ClassName=U_InputAmplifier1 Member=Component R50.1 (R50) Resistor
Added Member To Class: ClassName=U_InputAmplifier2 Member=Component R50.2 (R50) Resistor
Added Member To Class: ClassName=U_InputAmplifier1 Member=Component R51.1 (R51) Resistor
Added Member To Class: ClassName=U_InputAmplifier2 Member=Component R51.2 (R51) Resistor
Added Member To Class: ClassName=U_InputAmplifier1 Member=Component R52.1 (R52) Resistor
Added Member To Class: ClassName=U_InputAmplifier2 Member=Component R52.2 (R52) Resistor
Added Member To Class: ClassName=U_InputAmplifier1 Member=Component R53.1 (R53) Resistor
Added Member To Class: ClassName=U_InputAmplifier2 Member=Component R53.2 (R53) Resistor
Added Member To Class: ClassName=U_InputAmplifier1 Member=Component R54.1 (R54) Resistor
Added Member To Class: ClassName=U_InputAmplifier2 Member=Component R54.2 (R54) Resistor
Added Member To Class: ClassName=U_InputAmplifier1 Member=Component R55.1 (R55) Resistor
Added Member To Class: ClassName=U_InputAmplifier2 Member=Component R55.2 (R55) Resistor
Added Member To Class: ClassName=U_InputAmplifier1 Member=Component R56.1 (R56) Resistor
Added Member To Class: ClassName=U_InputAmplifier2 Member=Component R56.2 (R56) Resistor
Added Member To Class: ClassName=U_InputAmplifier1 Member=Component R57.1 (R57) Resistor
Added Member To Class: ClassName=U_InputAmplifier2 Member=Component R57.2 (R57) Resistor
Added Member To Class: ClassName=U_InputAmplifier1 Member=Component R58.1 (R58) Resistor
Added Member To Class: ClassName=U_InputAmplifier2 Member=Component R58.2 (R58) Resistor
Added Member To Class: ClassName=U_InputAmplifier1 Member=Component R59.1 (R59) Resistor
Added Member To Class: ClassName=U_InputAmplifier2 Member=Component R59.2 (R59) Resistor
Added Member To Class: ClassName=U_InputAmplifier1 Member=Component R60.1 (R60) Resistor
Added Member To Class: ClassName=U_InputAmplifier2 Member=Component R60.2 (R60) Resistor
Added Member To Class: ClassName=U_InputAmplifier1 Member=Component R61.1 (R61) Resistor
Added Member To Class: ClassName=U_InputAmplifier2 Member=Component R61.2 (R61) Resistor
Added Member To Class: ClassName=U_InputAmplifier1 Member=Component R62.1 (R62) Resistor
Added Member To Class: ClassName=U_InputAmplifier2 Member=Component R62.2 (R62) Resistor
Added Member To Class: ClassName=U_InputAmplifier1 Member=Component R63.1 (R63) Resistor
Added Member To Class: ClassName=U_InputAmplifier2 Member=Component R63.2 (R63) Resistor
Added Member To Class: ClassName=U_InputAmplifier1 Member=Component R64.1 (R64) Resistor
Added Member To Class: ClassName=U_InputAmplifier2 Member=Component R64.2 (R64) Resistor
Added Member To Class: ClassName=U_InputAmplifier1 Member=Component R65.1 (R65) Resistor
Added Member To Class: ClassName=U_InputAmplifier2 Member=Component R65.2 (R65) Resistor
Added Member To Class: ClassName=U_InputAmplifier1 Member=Component U17.1 (U17A) OPA_DUAL
Added Member To Class: ClassName=U_InputAmplifier1 Member=Component U18.1 (U18A) OPA1664
