Change Component Physical Designator: Old Designator=C1 New Designator=C?_InputAmplifier52
Change Component Physical Designator: Old Designator=C2 New Designator=C?_InputAmplifier42
Change Component Physical Designator: Old Designator=C3 New Designator=C?_InputAmplifier52
Change Component Physical Designator: Old Designator=C4 New Designator=C?_InputAmplifier42
Change Component Physical Designator: Old Designator=C5 New Designator=C?_InputAmplifier52
Change Component Physical Designator: Old Designator=C6 New Designator=C?_InputAmplifier42
Change Component Physical Designator: Old Designator=C7 New Designator=C?_InputAmplifier62
Change Component Physical Designator: Old Designator=C8 New Designator=C?_InputAmplifier32
Change Component Physical Designator: Old Designator=C9 New Designator=C?_InputAmplifier52
Change Component Physical Designator: Old Designator=C10 New Designator=C?_InputAmplifier42
Change Component Physical Designator: Old Designator=C11 New Designator=C?_InputAmplifier62
Change Component Physical Designator: Old Designator=C12 New Designator=C?_InputAmplifier32
Change Component Physical Designator: Old Designator=C13 New Designator=C?_InputAmplifier52
Change Component Physical Designator: Old Designator=C14 New Designator=C?_InputAmplifier42
Change Component Physical Designator: Old Designator=C15 New Designator=C?_InputAmplifier62
Change Component Physical Designator: Old Designator=C16 New Designator=C?_InputAmplifier32
Change Component Physical Designator: Old Designator=C17 New Designator=C?_ADC2
Change Component Physical Designator: Old Designator=C18 New Designator=C?_InputAmplifier62
Change Component Physical Designator: Old Designator=C19 New Designator=C?_InputAmplifier32
Change Component Physical Designator: Old Designator=C20 New Designator=C?_InputAmplifier52
Change Component Physical Designator: Old Designator=C21 New Designator=C?_InputAmplifier42
Change Component Physical Designator: Old Designator=C22 New Designator=C?_ADC2
Change Component Physical Designator: Old Designator=C23 New Designator=C?_ADC2
Change Component Physical Designator: Old Designator=C24 New Designator=C?_ADC2
Change Component Physical Designator: Old Designator=C25 New Designator=C?_InputAmplifier62
Change Component Physical Designator: Old Designator=C26 New Designator=C?_InputAmplifier32
Change Component Physical Designator: Old Designator=C27 New Designator=C?_InputAmplifier72
Change Component Physical Designator: Old Designator=C28 New Designator=C?_ADC2
Change Component Physical Designator: Old Designator=C29 New Designator=C?_ADC2
Change Component Physical Designator: Old Designator=C30 New Designator=C?_InputAmplifier22
Change Component Physical Designator: Old Designator=C31 New Designator=C?_InputAmplifier32
Change Component Physical Designator: Old Designator=C32 New Designator=C?_InputAmplifier62
Change Component Physical Designator: Old Designator=C33 New Designator=C?_InputAmplifier42
Change Component Physical Designator: Old Designator=C34 New Designator=C?_InputAmplifier62
Change Component Physical Designator: Old Designator=C35 New Designator=C?_InputAmplifier32
Change Component Physical Designator: Old Designator=C36 New Designator=C?_InputAmplifier72
Change Component Physical Designator: Old Designator=C37 New Designator=C?_InputAmplifier22
Change Component Physical Designator: Old Designator=C38 New Designator=C?_InputAmplifier72
Change Component Physical Designator: Old Designator=C39 New Designator=C?_InputAmplifier52
Change Component Physical Designator: Old Designator=C40 New Designator=C?_InputAmplifier22
Change Component Physical Designator: Old Designator=C41 New Designator=C?_InputAmplifier12
Change Component Physical Designator: Old Designator=C42 New Designator=C?_InputAmplifier72
Change Component Physical Designator: Old Designator=C43 New Designator=C?_InputAmplifier72
Change Component Physical Designator: Old Designator=C44 New Designator=C?_InputAmplifier22
Change Component Physical Designator: Old Designator=C45 New Designator=C?_InputAmplifier22
Change Component Physical Designator: Old Designator=C46 New Designator=C?_InputAmplifier82
Change Component Physical Designator: Old Designator=C47 New Designator=C?
Change Component Physical Designator: Old Designator=C48 New Designator=C?_InputAmplifier72
Change Component Physical Designator: Old Designator=C49 New Designator=C?_InputAmplifier22
Change Component Physical Designator: Old Designator=C50 New Designator=C?_ADC2
Change Component Physical Designator: Old Designator=C51 New Designator=C?_InputAmplifier72
Change Component Physical Designator: Old Designator=C52 New Designator=C?_InputAmplifier22
Change Component Physical Designator: Old Designator=C53 New Designator=C?
Change Component Physical Designator: Old Designator=C54 New Designator=C?
Change Component Physical Designator: Old Designator=C55 New Designator=C?
Change Component Physical Designator: Old Designator=C56 New Designator=C?
Change Component Physical Designator: Old Designator=C57 New Designator=C?_ADC2
Change Component Physical Designator: Old Designator=C58 New Designator=C?
Change Component Physical Designator: Old Designator=C59 New Designator=C?
Change Component Physical Designator: Old Designator=C60 New Designator=C?
Change Component Physical Designator: Old Designator=C61 New Designator=C?_ADC2
Change Component Physical Designator: Old Designator=C62 New Designator=C?_ADC2
Change Component Physical Designator: Old Designator=C63 New Designator=C?_ADC2
Change Component Physical Designator: Old Designator=C64 New Designator=C?
Change Component Physical Designator: Old Designator=C65 New Designator=C?
Change Component Physical Designator: Old Designator=C66 New Designator=C?_InputAmplifier82
Change Component Physical Designator: Old Designator=C67 New Designator=C?_InputAmplifier12
Change Component Physical Designator: Old Designator=C68 New Designator=C?
Change Component Physical Designator: Old Designator=C69 New Designator=C?
Change Component Physical Designator: Old Designator=C70 New Designator=C?_ADC2
Change Component Physical Designator: Old Designator=C71 New Designator=C?_InputAmplifier82
Change Component Physical Designator: Old Designator=C72 New Designator=C?
Change Component Physical Designator: Old Designator=C73 New Designator=C?_InputAmplifier12
Change Component Physical Designator: Old Designator=C74 New Designator=C?
Change Component Physical Designator: Old Designator=C81 New Designator=C?_InputAmplifier82
Change Component Physical Designator: Old Designator=C82 New Designator=C?_InputAmplifier12
Change Component Physical Designator: Old Designator=C83 New Designator=C?
Change Component Physical Designator: Old Designator=C84 New Designator=C?_InputAmplifier82
Change Component Physical Designator: Old Designator=C85 New Designator=C?_InputAmplifier12
Change Component Physical Designator: Old Designator=C86 New Designator=C?
Change Component Physical Designator: Old Designator=C87 New Designator=C?_InputAmplifier82
Change Component Physical Designator: Old Designator=C88 New Designator=C?_InputAmplifier12
Change Component Physical Designator: Old Designator=C89 New Designator=C?_InputAmplifier82
Change Component Physical Designator: Old Designator=C91 New Designator=C?_InputAmplifier12
Change Component Physical Designator: Old Designator=C94 New Designator=C?
Change Component Physical Designator: Old Designator=C96 New Designator=C?
Change Component Physical Designator: Old Designator=C98 New Designator=C?
Change Component Physical Designator: Old Designator=C99 New Designator=C?
Change Component Physical Designator: Old Designator=C100 New Designator=C?
Change Component Physical Designator: Old Designator=C101 New Designator=C?
Change Component Physical Designator: Old Designator=C103 New Designator=C?
Change Component Physical Designator: Old Designator=C104 New Designator=C?
Change Component Physical Designator: Old Designator=C106 New Designator=C?
Change Component Physical Designator: Old Designator=C108 New Designator=C?_InputAmplifier11
Change Component Physical Designator: Old Designator=C109 New Designator=C?_InputAmplifier81
Change Component Physical Designator: Old Designator=C110 New Designator=C?
Change Component Physical Designator: Old Designator=C113 New Designator=C?
Change Component Physical Designator: Old Designator=C114 New Designator=C?
Change Component Physical Designator: Old Designator=C115 New Designator=C?
Change Component Physical Designator: Old Designator=C116 New Designator=C?_InputAmplifier11
Change Component Physical Designator: Old Designator=C117 New Designator=C?_InputAmplifier81
Change Component Physical Designator: Old Designator=C119 New Designator=C?_InputAmplifier81
Change Component Physical Designator: Old Designator=C120 New Designator=C?
Change Component Physical Designator: Old Designator=C121 New Designator=C?
Change Component Physical Designator: Old Designator=C122 New Designator=C?_InputAmplifier11
Change Component Physical Designator: Old Designator=C123 New Designator=C?
Change Component Physical Designator: Old Designator=C124 New Designator=C?
Change Component Physical Designator: Old Designator=C125 New Designator=C?
Change Component Physical Designator: Old Designator=C126 New Designator=C?
Change Component Physical Designator: Old Designator=C133 New Designator=C?_InputAmplifier11
Change Component Physical Designator: Old Designator=C134 New Designator=C?_InputAmplifier81
Change Component Physical Designator: Old Designator=C135 New Designator=C?_InputAmplifier11
Change Component Physical Designator: Old Designator=C136 New Designator=C?_InputAmplifier81
Change Component Physical Designator: Old Designator=C137 New Designator=C?
Change Component Physical Designator: Old Designator=C138 New Designator=C?
Change Component Physical Designator: Old Designator=C139 New Designator=C?_InputAmplifier11
Change Component Physical Designator: Old Designator=C140 New Designator=C?_InputAmplifier81
Change Component Physical Designator: Old Designator=C141 New Designator=C?_ADC1
Change Component Physical Designator: Old Designator=C142 New Designator=C?
Change Component Physical Designator: Old Designator=C143 New Designator=C?_ADC1
Change Component Physical Designator: Old Designator=C144 New Designator=C?_ADC1
Change Component Physical Designator: Old Designator=C145 New Designator=C?_ADC1
Change Component Physical Designator: Old Designator=C146 New Designator=C?
Change Component Physical Designator: Old Designator=C147 New Designator=C?
Change Component Physical Designator: Old Designator=C148 New Designator=C?
Change Component Physical Designator: Old Designator=C149 New Designator=C?
Change Component Physical Designator: Old Designator=C150 New Designator=C?_InputAmplifier81
Change Component Physical Designator: Old Designator=C151 New Designator=C?
Change Component Physical Designator: Old Designator=C152 New Designator=C?_ADC1
Change Component Physical Designator: Old Designator=C153 New Designator=C?_InputAmplifier21
Change Component Physical Designator: Old Designator=C154 New Designator=C?_InputAmplifier21
Change Component Physical Designator: Old Designator=C155 New Designator=C?_InputAmplifier71
Change Component Physical Designator: Old Designator=C156 New Designator=C?_InputAmplifier71
Change Component Physical Designator: Old Designator=C157 New Designator=C?_InputAmplifier71
Change Component Physical Designator: Old Designator=C158 New Designator=C?_ADC1
Change Component Physical Designator: Old Designator=C159 New Designator=C?_InputAmplifier21
Change Component Physical Designator: Old Designator=C160 New Designator=C?_InputAmplifier21
Change Component Physical Designator: Old Designator=C161 New Designator=C?_InputAmplifier21
Change Component Physical Designator: Old Designator=C162 New Designator=C?_InputAmplifier11
Change Component Physical Designator: Old Designator=C163 New Designator=C?_InputAmplifier71
Change Component Physical Designator: Old Designator=C164 New Designator=C?_InputAmplifier71
Change Component Physical Designator: Old Designator=C165 New Designator=C?_InputAmplifier21
Change Component Physical Designator: Old Designator=C166 New Designator=C?_InputAmplifier71
Change Component Physical Designator: Old Designator=C167 New Designator=C?_InputAmplifier51
Change Component Physical Designator: Old Designator=C168 New Designator=C?_InputAmplifier21
Change Component Physical Designator: Old Designator=C169 New Designator=C?_InputAmplifier31
Change Component Physical Designator: Old Designator=C170 New Designator=C?_InputAmplifier71
Change Component Physical Designator: Old Designator=C171 New Designator=C?_InputAmplifier61
Change Component Physical Designator: Old Designator=C172 New Designator=C?_InputAmplifier41
Change Component Physical Designator: Old Designator=C173 New Designator=C?_InputAmplifier31
Change Component Physical Designator: Old Designator=C174 New Designator=C?_InputAmplifier61
Change Component Physical Designator: Old Designator=C175 New Designator=C?_ADC1
Change Component Physical Designator: Old Designator=C176 New Designator=C?_ADC1
Change Component Physical Designator: Old Designator=C177 New Designator=C?_ADC1
Change Component Physical Designator: Old Designator=C178 New Designator=C?_ADC1
Change Component Physical Designator: Old Designator=C179 New Designator=C?_ADC1
Change Component Physical Designator: Old Designator=C180 New Designator=C?_ADC1
Change Component Physical Designator: Old Designator=C181 New Designator=C?_InputAmplifier31
Change Component Physical Designator: Old Designator=C182 New Designator=C?_InputAmplifier61
Change Component Physical Designator: Old Designator=C183 New Designator=C?_InputAmplifier31
Change Component Physical Designator: Old Designator=C184 New Designator=C?_InputAmplifier61
Change Component Physical Designator: Old Designator=C185 New Designator=C?_InputAmplifier31
Change Component Physical Designator: Old Designator=C186 New Designator=C?_InputAmplifier61
Change Component Physical Designator: Old Designator=C187 New Designator=C?_InputAmplifier51
Change Component Physical Designator: Old Designator=C188 New Designator=C?_InputAmplifier41
Change Component Physical Designator: Old Designator=C189 New Designator=C?_InputAmplifier31
Change Component Physical Designator: Old Designator=C190 New Designator=C?_InputAmplifier61
Change Component Physical Designator: Old Designator=C191 New Designator=C?_InputAmplifier31
Change Component Physical Designator: Old Designator=C192 New Designator=C?_InputAmplifier61
Change Component Physical Designator: Old Designator=C193 New Designator=C?_InputAmplifier41
Change Component Physical Designator: Old Designator=C194 New Designator=C?_InputAmplifier51
Change Component Physical Designator: Old Designator=C195 New Designator=C?_InputAmplifier41
Change Component Physical Designator: Old Designator=C196 New Designator=C?_InputAmplifier51
Change Component Physical Designator: Old Designator=C197 New Designator=C?_InputAmplifier41
Change Component Physical Designator: Old Designator=C198 New Designator=C?_InputAmplifier51
Change Component Physical Designator: Old Designator=C199 New Designator=C?_InputAmplifier41
Change Component Physical Designator: Old Designator=C200 New Designator=C?_InputAmplifier51
Change Component Physical Designator: Old Designator=C201 New Designator=C?_InputAmplifier41
Change Component Physical Designator: Old Designator=C202 New Designator=C?_InputAmplifier51
Change Component Physical Designator: Old Designator=D1 New Designator=D?_InputAmplifier52
Change Component Physical Designator: Old Designator=D2 New Designator=D?_InputAmplifier42
Change Component Physical Designator: Old Designator=D3 New Designator=D?_InputAmplifier52
Change Component Physical Designator: Old Designator=D4 New Designator=D?_InputAmplifier42
Change Component Physical Designator: Old Designator=D5 New Designator=D?_InputAmplifier62
Change Component Physical Designator: Old Designator=D6 New Designator=D?_InputAmplifier32
Change Component Physical Designator: Old Designator=D7 New Designator=D?_InputAmplifier62
Change Component Physical Designator: Old Designator=D8 New Designator=D?_InputAmplifier32
Change Component Physical Designator: Old Designator=D9 New Designator=D?_InputAmplifier72
Change Component Physical Designator: Old Designator=D10 New Designator=D?_InputAmplifier22
Change Component Physical Designator: Old Designator=D11 New Designator=D?
Change Component Physical Designator: Old Designator=D12 New Designator=D?_InputAmplifier72
Change Component Physical Designator: Old Designator=D13 New Designator=D?_InputAmplifier22
Change Component Physical Designator: Old Designator=D14 New Designator=D?
Change Component Physical Designator: Old Designator=D15 New Designator=D?
Change Component Physical Designator: Old Designator=D16 New Designator=D?_InputAmplifier82
Change Component Physical Designator: Old Designator=D17 New Designator=D?_InputAmplifier12
Change Component Physical Designator: Old Designator=D18 New Designator=D?
Change Component Physical Designator: Old Designator=D19 New Designator=D?_InputAmplifier82
Change Component Physical Designator: Old Designator=D20 New Designator=D?_InputAmplifier12
Change Component Physical Designator: Old Designator=D21 New Designator=D?
Change Component Physical Designator: Old Designator=D22 New Designator=D?
Change Component Physical Designator: Old Designator=D23 New Designator=D?_InputAmplifier11
Change Component Physical Designator: Old Designator=D24 New Designator=D?_InputAmplifier81
Change Component Physical Designator: Old Designator=D26 New Designator=D?
Change Component Physical Designator: Old Designator=D27 New Designator=D?_InputAmplifier11
Change Component Physical Designator: Old Designator=D28 New Designator=D?_InputAmplifier81
Change Component Physical Designator: Old Designator=D29 New Designator=D?
Change Component Physical Designator: Old Designator=D30 New Designator=D?
Change Component Physical Designator: Old Designator=D31 New Designator=D?
Change Component Physical Designator: Old Designator=D32 New Designator=D?
Change Component Physical Designator: Old Designator=D33 New Designator=D?_InputAmplifier21
Change Component Physical Designator: Old Designator=D34 New Designator=D?_InputAmplifier71
Change Component Physical Designator: Old Designator=D35 New Designator=D?
Change Component Physical Designator: Old Designator=D36 New Designator=D?_InputAmplifier21
Change Component Physical Designator: Old Designator=D37 New Designator=D?_InputAmplifier71
Change Component Physical Designator: Old Designator=D38 New Designator=D?
Change Component Physical Designator: Old Designator=D39 New Designator=D?_InputAmplifier31
Change Component Physical Designator: Old Designator=D40 New Designator=D?_InputAmplifier61
Change Component Physical Designator: Old Designator=D41 New Designator=D?_InputAmplifier31
Change Component Physical Designator: Old Designator=D42 New Designator=D?_InputAmplifier61
Change Component Physical Designator: Old Designator=D43 New Designator=D?_InputAmplifier41
Change Component Physical Designator: Old Designator=D44 New Designator=D?_InputAmplifier51
Change Component Physical Designator: Old Designator=D45 New Designator=D?_InputAmplifier41
Change Component Physical Designator: Old Designator=D46 New Designator=D?_InputAmplifier51
Change Component Physical Designator: Old Designator=D100 New Designator=D?
Change Component Physical Designator: Old Designator=D101 New Designator=D?
Change Component Physical Designator: Old Designator=D102 New Designator=D?
Change Component Physical Designator: Old Designator=D103 New Designator=D?
Change Component Physical Designator: Old Designator=FID1 New Designator=FID?
Change Component Physical Designator: Old Designator=FID3 New Designator=FID?
Change Component Physical Designator: Old Designator=J1 New Designator=J?
Change Component Physical Designator: Old Designator=J2 New Designator=J?
Change Component Physical Designator: Old Designator=L1 New Designator=L?
Change Component Physical Designator: Old Designator=L2 New Designator=L?
Change Component Physical Designator: Old Designator=L3 New Designator=L?
Change Component Physical Designator: Old Designator=L4 New Designator=L?
Change Component Physical Designator: Old Designator=L5 New Designator=L?
Change Component Physical Designator: Old Designator=L6 New Designator=L?
Change Component Physical Designator: Old Designator=L7 New Designator=L?
Change Component Physical Designator: Old Designator=L8 New Designator=L?
Change Component Physical Designator: Old Designator=L9 New Designator=L?
Change Component Physical Designator: Old Designator=L10 New Designator=L?
Change Component Physical Designator: Old Designator=MIC1 New Designator=P?_InputAmplifier52
Change Component Physical Designator: Old Designator=MIC2 New Designator=P?_InputAmplifier62
Change Component Physical Designator: Old Designator=MIC3 New Designator=P?_InputAmplifier72
Change Component Physical Designator: Old Designator=MIC4 New Designator=P?_InputAmplifier82
Change Component Physical Designator: Old Designator=MIC5 New Designator=P?_InputAmplifier11
Change Component Physical Designator: Old Designator=MIC6 New Designator=P?_InputAmplifier21
Change Component Physical Designator: Old Designator=MIC7 New Designator=P?_InputAmplifier31
Change Component Physical Designator: Old Designator=MIC8 New Designator=P?_InputAmplifier41
Change Component Physical Designator: Old Designator=MIC9 New Designator=P?_InputAmplifier51
Change Component Physical Designator: Old Designator=MIC10 New Designator=P?_InputAmplifier61
Change Component Physical Designator: Old Designator=MIC11 New Designator=P?_InputAmplifier71
Change Component Physical Designator: Old Designator=MIC12 New Designator=P?_InputAmplifier81
Change Component Physical Designator: Old Designator=MIC13 New Designator=P?_InputAmplifier12
Change Component Physical Designator: Old Designator=MIC14 New Designator=P?_InputAmplifier22
Change Component Physical Designator: Old Designator=MIC15 New Designator=P?_InputAmplifier32
Change Component Physical Designator: Old Designator=MIC16 New Designator=P?_InputAmplifier42
Change Component Physical Designator: Old Designator=P1 New Designator=P?
Change Component Physical Designator: Old Designator=P2 New Designator=P?
Change Component Physical Designator: Old Designator=P19 New Designator=P?
Change Component Physical Designator: Old Designator=Q1 New Designator=Q?
Change Component Physical Designator: Old Designator=Q2 New Designator=Q?
Change Component Physical Designator: Old Designator=Q4 New Designator=Q?
Change Component Physical Designator: Old Designator=R1 New Designator=R?_InputAmplifier52
Change Component Physical Designator: Old Designator=R2 New Designator=R?_InputAmplifier42
Change Component Physical Designator: Old Designator=R3 New Designator=R?_InputAmplifier52
Change Component Physical Designator: Old Designator=R4 New Designator=R?_InputAmplifier42
Change Component Physical Designator: Old Designator=R5 New Designator=R?_InputAmplifier52
Change Component Physical Designator: Old Designator=R6 New Designator=R?_InputAmplifier42
Change Component Physical Designator: Old Designator=R7 New Designator=R?_InputAmplifier52
Change Component Physical Designator: Old Designator=R8 New Designator=R?_InputAmplifier42
Change Component Physical Designator: Old Designator=R9 New Designator=R?_InputAmplifier52
Change Component Physical Designator: Old Designator=R10 New Designator=R?_InputAmplifier42
Change Component Physical Designator: Old Designator=R11 New Designator=R?_InputAmplifier52
Change Component Physical Designator: Old Designator=R12 New Designator=R?_InputAmplifier42
Change Component Physical Designator: Old Designator=R13 New Designator=R?_InputAmplifier52
Change Component Physical Designator: Old Designator=R14 New Designator=R?_InputAmplifier42
Change Component Physical Designator: Old Designator=R15 New Designator=R?_InputAmplifier62
Change Component Physical Designator: Old Designator=R16 New Designator=R?_InputAmplifier62
Change Component Physical Designator: Old Designator=R17 New Designator=R?_InputAmplifier32
Change Component Physical Designator: Old Designator=R18 New Designator=R?_InputAmplifier62
Change Component Physical Designator: Old Designator=R19 New Designator=R?_InputAmplifier32
Change Component Physical Designator: Old Designator=R20 New Designator=R?_InputAmplifier32
Change Component Physical Designator: Old Designator=R21 New Designator=R?_InputAmplifier52
Change Component Physical Designator: Old Designator=R22 New Designator=R?_InputAmplifier42
Change Component Physical Designator: Old Designator=R23 New Designator=R?_InputAmplifier62
Change Component Physical Designator: Old Designator=R24 New Designator=R?_InputAmplifier32
Change Component Physical Designator: Old Designator=R25 New Designator=R?_InputAmplifier62
Change Component Physical Designator: Old Designator=R26 New Designator=R?_InputAmplifier32
Change Component Physical Designator: Old Designator=R27 New Designator=R?_InputAmplifier52
Change Component Physical Designator: Old Designator=R28 New Designator=R?_InputAmplifier42
Change Component Physical Designator: Old Designator=R29 New Designator=R?_InputAmplifier62
Change Component Physical Designator: Old Designator=R30 New Designator=R?_InputAmplifier32
Change Component Physical Designator: Old Designator=R31 New Designator=R?_InputAmplifier62
Change Component Physical Designator: Old Designator=R32 New Designator=R?_InputAmplifier52
Change Component Physical Designator: Old Designator=R33 New Designator=R?_InputAmplifier42
Change Component Physical Designator: Old Designator=R34 New Designator=R?_InputAmplifier32
Change Component Physical Designator: Old Designator=R35 New Designator=R?_InputAmplifier52
Change Component Physical Designator: Old Designator=R36 New Designator=R?_InputAmplifier42
Change Component Physical Designator: Old Designator=R37 New Designator=R?_InputAmplifier62
Change Component Physical Designator: Old Designator=R38 New Designator=R?_InputAmplifier32
Change Component Physical Designator: Old Designator=R39 New Designator=R?_InputAmplifier62
Change Component Physical Designator: Old Designator=R40 New Designator=R?_InputAmplifier32
Change Component Physical Designator: Old Designator=R41 New Designator=R?_InputAmplifier62
Change Component Physical Designator: Old Designator=R42 New Designator=R?_InputAmplifier32
Change Component Physical Designator: Old Designator=R43 New Designator=R?_InputAmplifier72
Change Component Physical Designator: Old Designator=R44 New Designator=R?_InputAmplifier22
Change Component Physical Designator: Old Designator=R45 New Designator=R?_InputAmplifier72
Change Component Physical Designator: Old Designator=R46 New Designator=R?_InputAmplifier72
Change Component Physical Designator: Old Designator=R47 New Designator=R?_InputAmplifier22
Change Component Physical Designator: Old Designator=R48 New Designator=R?_InputAmplifier62
Change Component Physical Designator: Old Designator=R49 New Designator=R?_InputAmplifier32
Change Component Physical Designator: Old Designator=R50 New Designator=R?_InputAmplifier22
Change Component Physical Designator: Old Designator=R51 New Designator=R?_InputAmplifier72
Change Component Physical Designator: Old Designator=R52 New Designator=R?_InputAmplifier22
Change Component Physical Designator: Old Designator=R53 New Designator=R?_InputAmplifier72
Change Component Physical Designator: Old Designator=R54 New Designator=R?_InputAmplifier22
Change Component Physical Designator: Old Designator=R55 New Designator=R?_InputAmplifier72
Change Component Physical Designator: Old Designator=R56 New Designator=R?_InputAmplifier22
Change Component Physical Designator: Old Designator=R57 New Designator=R?_InputAmplifier72
Change Component Physical Designator: Old Designator=R58 New Designator=R?_InputAmplifier22
Change Component Physical Designator: Old Designator=R59 New Designator=R?_InputAmplifier72
Change Component Physical Designator: Old Designator=R60 New Designator=R?_InputAmplifier22
Change Component Physical Designator: Old Designator=R61 New Designator=R?_InputAmplifier72
Change Component Physical Designator: Old Designator=R62 New Designator=R?_InputAmplifier22
Change Component Physical Designator: Old Designator=R63 New Designator=R?
Change Component Physical Designator: Old Designator=R64 New Designator=R?_InputAmplifier72
Change Component Physical Designator: Old Designator=R65 New Designator=R?_InputAmplifier22
Change Component Physical Designator: Old Designator=R66 New Designator=R?
Change Component Physical Designator: Old Designator=R67 New Designator=R?_InputAmplifier72
Change Component Physical Designator: Old Designator=R68 New Designator=R?_InputAmplifier22
Change Component Physical Designator: Old Designator=R69 New Designator=R?
Change Component Physical Designator: Old Designator=R70 New Designator=R?
Change Component Physical Designator: Old Designator=R71 New Designator=R?
Change Component Physical Designator: Old Designator=R72 New Designator=R?
Change Component Physical Designator: Old Designator=R73 New Designator=R?
Change Component Physical Designator: Old Designator=R74 New Designator=R?
Change Component Physical Designator: Old Designator=R75 New Designator=R?
Change Component Physical Designator: Old Designator=R76 New Designator=R?
Change Component Physical Designator: Old Designator=R77 New Designator=R?
Change Component Physical Designator: Old Designator=R78 New Designator=R?
Change Component Physical Designator: Old Designator=R79 New Designator=R?_ADC2
Change Component Physical Designator: Old Designator=R80 New Designator=R?_ADC2
Change Component Physical Designator: Old Designator=R81 New Designator=R?_ADC2
Change Component Physical Designator: Old Designator=R82 New Designator=R?_ADC2
Change Component Physical Designator: Old Designator=R83 New Designator=R?_ADC2
Change Component Physical Designator: Old Designator=R84 New Designator=R?
Change Component Physical Designator: Old Designator=R85 New Designator=R?_InputAmplifier82
Change Component Physical Designator: Old Designator=R86 New Designator=R?_InputAmplifier12
Change Component Physical Designator: Old Designator=R87 New Designator=R?
Change Component Physical Designator: Old Designator=R88 New Designator=R?_InputAmplifier82
Change Component Physical Designator: Old Designator=R89 New Designator=R?_InputAmplifier12
Change Component Physical Designator: Old Designator=R90 New Designator=R?_InputAmplifier82
Change Component Physical Designator: Old Designator=R91 New Designator=R?
Change Component Physical Designator: Old Designator=R92 New Designator=R?_InputAmplifier82
Change Component Physical Designator: Old Designator=R93 New Designator=R?_InputAmplifier12
Change Component Physical Designator: Old Designator=R94 New Designator=R?_InputAmplifier82
Change Component Physical Designator: Old Designator=R95 New Designator=R?_InputAmplifier12
Change Component Physical Designator: Old Designator=R96 New Designator=R?_InputAmplifier82
Change Component Physical Designator: Old Designator=R97 New Designator=R?_InputAmplifier12
Change Component Physical Designator: Old Designator=R98 New Designator=R?
Change Component Physical Designator: Old Designator=R99 New Designator=R?_InputAmplifier12
Change Component Physical Designator: Old Designator=R100 New Designator=R?
Change Component Physical Designator: Old Designator=R101 New Designator=R?_InputAmplifier82
Change Component Physical Designator: Old Designator=R102 New Designator=R?_InputAmplifier12
Change Component Physical Designator: Old Designator=R103 New Designator=R?_InputAmplifier82
Change Component Physical Designator: Old Designator=R104 New Designator=R?
Change Component Physical Designator: Old Designator=R105 New Designator=R?_InputAmplifier12
Change Component Physical Designator: Old Designator=R106 New Designator=R?_InputAmplifier82
Change Component Physical Designator: Old Designator=R107 New Designator=R?_InputAmplifier12
Change Component Physical Designator: Old Designator=R108 New Designator=R?_InputAmplifier82
Change Component Physical Designator: Old Designator=R109 New Designator=R?_InputAmplifier12
Change Component Physical Designator: Old Designator=R110 New Designator=R?_InputAmplifier82
Change Component Physical Designator: Old Designator=R111 New Designator=R?_InputAmplifier12
Change Component Physical Designator: Old Designator=R112 New Designator=R?
Change Component Physical Designator: Old Designator=R113 New Designator=R?
Change Component Physical Designator: Old Designator=R114 New Designator=R?
Change Component Physical Designator: Old Designator=R115 New Designator=R?
Change Component Physical Designator: Old Designator=R116 New Designator=R?
Change Component Physical Designator: Old Designator=R117 New Designator=R?
Change Component Physical Designator: Old Designator=R118 New Designator=R?
Change Component Physical Designator: Old Designator=R119 New Designator=R?
Change Component Physical Designator: Old Designator=R120 New Designator=R?_InputAmplifier11
Change Component Physical Designator: Old Designator=R121 New Designator=R?_InputAmplifier81
Change Component Physical Designator: Old Designator=R122 New Designator=R?
Change Component Physical Designator: Old Designator=R123 New Designator=R?
Change Component Physical Designator: Old Designator=R124 New Designator=R?_InputAmplifier11
Change Component Physical Designator: Old Designator=R125 New Designator=R?_InputAmplifier81
Change Component Physical Designator: Old Designator=R126 New Designator=R?_InputAmplifier11
Change Component Physical Designator: Old Designator=R127 New Designator=R?_InputAmplifier81
Change Component Physical Designator: Old Designator=R129 New Designator=R?_InputAmplifier11
Change Component Physical Designator: Old Designator=R130 New Designator=R?_InputAmplifier81
Change Component Physical Designator: Old Designator=R131 New Designator=R?_InputAmplifier11
Change Component Physical Designator: Old Designator=R132 New Designator=R?_InputAmplifier81
Change Component Physical Designator: Old Designator=R133 New Designator=R?
Change Component Physical Designator: Old Designator=R134 New Designator=R?_InputAmplifier11
Change Component Physical Designator: Old Designator=R135 New Designator=R?
Change Component Physical Designator: Old Designator=R136 New Designator=R?
Change Component Physical Designator: Old Designator=R137 New Designator=R?
Change Component Physical Designator: Old Designator=R138 New Designator=R?_InputAmplifier11
Change Component Physical Designator: Old Designator=R139 New Designator=R?_InputAmplifier81
Change Component Physical Designator: Old Designator=R140 New Designator=R?_InputAmplifier11
Change Component Physical Designator: Old Designator=R141 New Designator=R?
Change Component Physical Designator: Old Designator=R142 New Designator=R?_InputAmplifier81
Change Component Physical Designator: Old Designator=R143 New Designator=R?_InputAmplifier11
Change Component Physical Designator: Old Designator=R144 New Designator=R?_InputAmplifier81
Change Component Physical Designator: Old Designator=R145 New Designator=R?
Change Component Physical Designator: Old Designator=R146 New Designator=R?
Change Component Physical Designator: Old Designator=R147 New Designator=R?_InputAmplifier81
Change Component Physical Designator: Old Designator=R148 New Designator=R?_InputAmplifier11
Change Component Physical Designator: Old Designator=R149 New Designator=R?_InputAmplifier81
Change Component Physical Designator: Old Designator=R150 New Designator=R?_InputAmplifier11
Change Component Physical Designator: Old Designator=R151 New Designator=R?
Change Component Physical Designator: Old Designator=R152 New Designator=R?_InputAmplifier81
Change Component Physical Designator: Old Designator=R153 New Designator=R?_ADC1
Change Component Physical Designator: Old Designator=R154 New Designator=R?_ADC1
Change Component Physical Designator: Old Designator=R155 New Designator=R?_ADC1
Change Component Physical Designator: Old Designator=R156 New Designator=R?_ADC1
Change Component Physical Designator: Old Designator=R157 New Designator=R?_ADC1
Change Component Physical Designator: Old Designator=R158 New Designator=R?
Change Component Physical Designator: Old Designator=R159 New Designator=R?
Change Component Physical Designator: Old Designator=R160 New Designator=R?
Change Component Physical Designator: Old Designator=R161 New Designator=R?
Change Component Physical Designator: Old Designator=R162 New Designator=R?
Change Component Physical Designator: Old Designator=R163 New Designator=R?_InputAmplifier21
Change Component Physical Designator: Old Designator=R164 New Designator=R?_InputAmplifier71
Change Component Physical Designator: Old Designator=R165 New Designator=R?
Change Component Physical Designator: Old Designator=R166 New Designator=R?_InputAmplifier21
Change Component Physical Designator: Old Designator=R167 New Designator=R?_InputAmplifier71
Change Component Physical Designator: Old Designator=R168 New Designator=R?
Change Component Physical Designator: Old Designator=R169 New Designator=R?
Change Component Physical Designator: Old Designator=R170 New Designator=R?_InputAmplifier21
Change Component Physical Designator: Old Designator=R171 New Designator=R?_InputAmplifier21
Change Component Physical Designator: Old Designator=R172 New Designator=R?_InputAmplifier71
Change Component Physical Designator: Old Designator=R173 New Designator=R?_InputAmplifier71
Change Component Physical Designator: Old Designator=R174 New Designator=R?_InputAmplifier21
Change Component Physical Designator: Old Designator=R175 New Designator=R?_InputAmplifier71
Change Component Physical Designator: Old Designator=R176 New Designator=R?_InputAmplifier21
Change Component Physical Designator: Old Designator=R177 New Designator=R?_InputAmplifier71
Change Component Physical Designator: Old Designator=R178 New Designator=R?_InputAmplifier21
Change Component Physical Designator: Old Designator=R179 New Designator=R?
Change Component Physical Designator: Old Designator=R180 New Designator=R?_InputAmplifier71
Change Component Physical Designator: Old Designator=R181 New Designator=R?
Change Component Physical Designator: Old Designator=R182 New Designator=R?_InputAmplifier21
Change Component Physical Designator: Old Designator=R183 New Designator=R?_InputAmplifier71
Change Component Physical Designator: Old Designator=R184 New Designator=R?_InputAmplifier21
Change Component Physical Designator: Old Designator=R185 New Designator=R?_InputAmplifier31
Change Component Physical Designator: Old Designator=R186 New Designator=R?_InputAmplifier61
Change Component Physical Designator: Old Designator=R187 New Designator=R?_InputAmplifier21
Change Component Physical Designator: Old Designator=R188 New Designator=R?_InputAmplifier71
Change Component Physical Designator: Old Designator=R189 New Designator=R?_InputAmplifier71
Change Component Physical Designator: Old Designator=R190 New Designator=R?_InputAmplifier21
Change Component Physical Designator: Old Designator=R191 New Designator=R?_InputAmplifier71
Change Component Physical Designator: Old Designator=R192 New Designator=R?_InputAmplifier31
Change Component Physical Designator: Old Designator=R193 New Designator=R?_InputAmplifier61
Change Component Physical Designator: Old Designator=R194 New Designator=R?_InputAmplifier31
Change Component Physical Designator: Old Designator=R195 New Designator=R?_InputAmplifier61
Change Component Physical Designator: Old Designator=R196 New Designator=R?_InputAmplifier31
Change Component Physical Designator: Old Designator=R197 New Designator=R?_InputAmplifier61
Change Component Physical Designator: Old Designator=R198 New Designator=R?_InputAmplifier41
Change Component Physical Designator: Old Designator=R199 New Designator=R?_InputAmplifier51
Change Component Physical Designator: Old Designator=R200 New Designator=R?_InputAmplifier31
Change Component Physical Designator: Old Designator=R201 New Designator=R?_InputAmplifier61
Change Component Physical Designator: Old Designator=R202 New Designator=R?_InputAmplifier41
Change Component Physical Designator: Old Designator=R203 New Designator=R?_InputAmplifier51
Change Component Physical Designator: Old Designator=R204 New Designator=R?_InputAmplifier31
Change Component Physical Designator: Old Designator=R205 New Designator=R?_InputAmplifier61
Change Component Physical Designator: Old Designator=R206 New Designator=R?_InputAmplifier31
Change Component Physical Designator: Old Designator=R207 New Designator=R?_InputAmplifier61
Change Component Physical Designator: Old Designator=R208 New Designator=R?_InputAmplifier31
Change Component Physical Designator: Old Designator=R209 New Designator=R?_InputAmplifier61
Change Component Physical Designator: Old Designator=R210 New Designator=R?_InputAmplifier41
Change Component Physical Designator: Old Designator=R211 New Designator=R?_InputAmplifier51
Change Component Physical Designator: Old Designator=R212 New Designator=R?_InputAmplifier41
Change Component Physical Designator: Old Designator=R213 New Designator=R?_InputAmplifier51
Change Component Physical Designator: Old Designator=R214 New Designator=R?_InputAmplifier31
Change Component Physical Designator: Old Designator=R215 New Designator=R?_InputAmplifier31
Change Component Physical Designator: Old Designator=R216 New Designator=R?_InputAmplifier61
Change Component Physical Designator: Old Designator=R217 New Designator=R?_InputAmplifier31
Change Component Physical Designator: Old Designator=R218 New Designator=R?_InputAmplifier61
Change Component Physical Designator: Old Designator=R219 New Designator=R?_InputAmplifier41
Change Component Physical Designator: Old Designator=R220 New Designator=R?_InputAmplifier51
Change Component Physical Designator: Old Designator=R221 New Designator=R?_InputAmplifier61
Change Component Physical Designator: Old Designator=R222 New Designator=R?_InputAmplifier41
Change Component Physical Designator: Old Designator=R223 New Designator=R?_InputAmplifier51
Change Component Physical Designator: Old Designator=R224 New Designator=R?_InputAmplifier41
Change Component Physical Designator: Old Designator=R225 New Designator=R?_InputAmplifier51
Change Component Physical Designator: Old Designator=R226 New Designator=R?_InputAmplifier41
Change Component Physical Designator: Old Designator=R227 New Designator=R?_InputAmplifier51
Change Component Physical Designator: Old Designator=R228 New Designator=R?_InputAmplifier41
Change Component Physical Designator: Old Designator=R229 New Designator=R?_InputAmplifier51
Change Component Physical Designator: Old Designator=R230 New Designator=R?_InputAmplifier41
Change Component Physical Designator: Old Designator=R231 New Designator=R?_InputAmplifier51
Change Component Physical Designator: Old Designator=R232 New Designator=R?_InputAmplifier41
Change Component Physical Designator: Old Designator=R233 New Designator=R?_InputAmplifier51
Change Component Physical Designator: Old Designator=S1 New Designator=S?
Change Component Physical Designator: Old Designator=S2 New Designator=S?
Change Component Physical Designator: Old Designator=S3 New Designator=S?
Change Component Physical Designator: Old Designator=S4 New Designator=S?
Change Component Physical Designator: Old Designator=SW1 New Designator=SW?
Change Component Physical Designator: Old Designator=TP1 New Designator=TP?
Change Component Physical Designator: Old Designator=TP2 New Designator=TP?
Change Component Physical Designator: Old Designator=TP3 New Designator=TP?
Change Component Physical Designator: Old Designator=TP4 New Designator=TP?
Change Component Physical Designator: Old Designator=TP5 New Designator=TP?
Change Component Physical Designator: Old Designator=TP6 New Designator=TP?
Change Component Physical Designator: Old Designator=TP7 New Designator=TP?
Change Component Physical Designator: Old Designator=TP9 New Designator=TP?
Change Component Physical Designator: Old Designator=TP10 New Designator=TP?
Change Component Physical Designator: Old Designator=TP11 New Designator=TP?
Change Component Physical Designator: Old Designator=TP12 New Designator=TP?
Change Component Physical Designator: Old Designator=TP13 New Designator=TP?
Change Component Physical Designator: Old Designator=TP14 New Designator=TP?
Change Component Physical Designator: Old Designator=TP15 New Designator=TP?
Change Component Physical Designator: Old Designator=U1 New Designator=U?_InputAmplifier52
Change Component Physical Designator: Old Designator=U1 New Designator=U?_InputAmplifier52
Change Component Physical Designator: Old Designator=U2 New Designator=U?_InputAmplifier42
Change Component Physical Designator: Old Designator=U2 New Designator=U?_InputAmplifier42
Change Component Physical Designator: Old Designator=U3 New Designator=U?_InputAmplifier62
Change Component Physical Designator: Old Designator=U3 New Designator=U?_InputAmplifier62
Change Component Physical Designator: Old Designator=U4 New Designator=U?_InputAmplifier32
Change Component Physical Designator: Old Designator=U4 New Designator=U?_InputAmplifier32
Change Component Physical Designator: Old Designator=U5 New Designator=U?_ADC2
Change Component Physical Designator: Old Designator=U6 New Designator=U?_InputAmplifier72
Change Component Physical Designator: Old Designator=U6 New Designator=U?_InputAmplifier72
Change Component Physical Designator: Old Designator=U7 New Designator=U?_InputAmplifier22
Change Component Physical Designator: Old Designator=U7 New Designator=U?_InputAmplifier22
Change Component Physical Designator: Old Designator=U8 New Designator=U?
Change Component Physical Designator: Old Designator=U9 New Designator=U?
Change Component Physical Designator: Old Designator=U10 New Designator=U?
Change Component Physical Designator: Old Designator=U11 New Designator=U?
Change Component Physical Designator: Old Designator=U12 New Designator=U?_ADC2
Change Component Physical Designator: Old Designator=U14 New Designator=U?
Change Component Physical Designator: Old Designator=U15 New Designator=U?_InputAmplifier82
Change Component Physical Designator: Old Designator=U15 New Designator=U?_InputAmplifier82
Change Component Physical Designator: Old Designator=U16 New Designator=U?_InputAmplifier12
Change Component Physical Designator: Old Designator=U16 New Designator=U?_InputAmplifier12
Change Component Physical Designator: Old Designator=U17 New Designator=U?
Change Component Physical Designator: Old Designator=U17 New Designator=U?
Change Component Physical Designator: Old Designator=U17 New Designator=U?
Change Component Physical Designator: Old Designator=U17 New Designator=U?
Change Component Physical Designator: Old Designator=U17 New Designator=U?
Change Component Physical Designator: Old Designator=U18 New Designator=U?
Change Component Physical Designator: Old Designator=U19 New Designator=U?
Change Component Physical Designator: Old Designator=U20 New Designator=U?
Change Component Physical Designator: Old Designator=U21 New Designator=U?_InputAmplifier11
Change Component Physical Designator: Old Designator=U21 New Designator=U?_InputAmplifier11
Change Component Physical Designator: Old Designator=U22 New Designator=U?_InputAmplifier81
Change Component Physical Designator: Old Designator=U22 New Designator=U?_InputAmplifier81
Change Component Physical Designator: Old Designator=U23 New Designator=U?
Change Component Physical Designator: Old Designator=U24 New Designator=U?
Change Component Physical Designator: Old Designator=U25 New Designator=U?_ADC1
Change Component Physical Designator: Old Designator=U26 New Designator=U?_ADC1
Change Component Physical Designator: Old Designator=U27 New Designator=U?_InputAmplifier21
Change Component Physical Designator: Old Designator=U27 New Designator=U?_InputAmplifier21
Change Component Physical Designator: Old Designator=U28 New Designator=U?_InputAmplifier71
Change Component Physical Designator: Old Designator=U28 New Designator=U?_InputAmplifier71
Change Component Physical Designator: Old Designator=U29 New Designator=U?_InputAmplifier31
Change Component Physical Designator: Old Designator=U29 New Designator=U?_InputAmplifier31
Change Component Physical Designator: Old Designator=U30 New Designator=U?_InputAmplifier61
Change Component Physical Designator: Old Designator=U30 New Designator=U?_InputAmplifier61
Change Component Physical Designator: Old Designator=U31 New Designator=U?_InputAmplifier41
Change Component Physical Designator: Old Designator=U31 New Designator=U?_InputAmplifier41
Change Component Physical Designator: Old Designator=U32 New Designator=U?_InputAmplifier51
Change Component Physical Designator: Old Designator=U32 New Designator=U?_InputAmplifier51
