Added Component: Designator=C2(0603)
Added Component: Designator=C27(0603)
Added Component: Designator=C28(0603)
Added Component: Designator=C59.3(0402)
Added Component: Designator=C59.4(0402)
Added Component: Designator=C59.5(0402)
Added Component: Designator=C59.6(0402)
Added Component: Designator=C59.7(0402)
Added Component: Designator=C59.8(0402)
Added Component: Designator=C59.9(0402)
Added Component: Designator=C59.10(0402)
Added Component: Designator=C59.11(0402)
Added Component: Designator=C59.12(0402)
Added Component: Designator=C59.13(0402)
Added Component: Designator=C59.14(0402)
Added Component: Designator=C59.15(0402)
Added Component: Designator=C59.16(0402)
Added Component: Designator=C60.3(0402)
Added Component: Designator=C60.4(0402)
Added Component: Designator=C60.5(0402)
Added Component: Designator=C60.6(0402)
Added Component: Designator=C60.7(0402)
Added Component: Designator=C60.8(0402)
Added Component: Designator=C60.9(0402)
Added Component: Designator=C60.10(0402)
Added Component: Designator=C60.11(0402)
Added Component: Designator=C60.12(0402)
Added Component: Designator=C60.13(0402)
Added Component: Designator=C60.14(0402)
Added Component: Designator=C60.15(0402)
Added Component: Designator=C60.16(0402)
Added Component: Designator=C61.3(0402)
Added Component: Designator=C61.4(0402)
Added Component: Designator=C61.5(0402)
Added Component: Designator=C61.6(0402)
Added Component: Designator=C61.7(0402)
Added Component: Designator=C61.8(0402)
Added Component: Designator=C61.12(0402)
Added Component: Designator=C61.13(0402)
Added Component: Designator=C61.14(0402)
Added Component: Designator=C61.15(0402)
Added Component: Designator=C61.16(0402)
Added Component: Designator=C68.3(0402)
Added Component: Designator=C68.4(0402)
Added Component: Designator=C68.5(0402)
Added Component: Designator=C68.6(0402)
Added Component: Designator=C68.7(0402)
Added Component: Designator=C68.8(0402)
Added Component: Designator=C68.9(0402)
Added Component: Designator=C68.10(0402)
Added Component: Designator=C68.11(0402)
Added Component: Designator=C68.12(0402)
Added Component: Designator=C68.13(0402)
Added Component: Designator=C68.14(0402)
Added Component: Designator=C68.15(0402)
Added Component: Designator=C68.16(0402)
Added Component: Designator=C69.3(0402)
Added Component: Designator=C69.4(0402)
Added Component: Designator=C69.5(0402)
Added Component: Designator=C69.6(0402)
Added Component: Designator=C69.7(0402)
Added Component: Designator=C69.8(0402)
Added Component: Designator=C69.12(0402)
Added Component: Designator=C69.13(0402)
Added Component: Designator=C69.14(0402)
Added Component: Designator=C69.15(0402)
Added Component: Designator=C69.16(0402)
Added Component: Designator=C70.3(0402)
Added Component: Designator=C70.4(0402)
Added Component: Designator=C70.5(0402)
Added Component: Designator=C70.6(0402)
Added Component: Designator=C70.7(0402)
Added Component: Designator=C70.8(0402)
Added Component: Designator=C70.9(0402)
Added Component: Designator=C70.10(0402)
Added Component: Designator=C70.11(0402)
Added Component: Designator=C70.12(0402)
Added Component: Designator=C70.13(0402)
Added Component: Designator=C70.14(0402)
Added Component: Designator=C70.15(0402)
Added Component: Designator=C70.16(0402)
Added Component: Designator=C71.2(0603)
Added Component: Designator=C76.3(0402)
Added Component: Designator=C76.4(0402)
Added Component: Designator=C76.5(0402)
Added Component: Designator=C76.6(0402)
Added Component: Designator=C76.7(0402)
Added Component: Designator=C76.8(0402)
Added Component: Designator=C76.9(0402)
Added Component: Designator=C76.10(0402)
Added Component: Designator=C76.11(0402)
Added Component: Designator=C76.12(0402)
Added Component: Designator=C76.13(0402)
Added Component: Designator=C76.14(0402)
Added Component: Designator=C76.15(0402)
Added Component: Designator=C76.16(0402)
Added Component: Designator=C77.3(0402)
Added Component: Designator=C77.4(0402)
Added Component: Designator=C77.5(0402)
Added Component: Designator=C77.6(0402)
Added Component: Designator=C77.7(0402)
Added Component: Designator=C77.8(0402)
Added Component: Designator=C77.9(0402)
Added Component: Designator=C77.10(0402)
Added Component: Designator=C77.11(0402)
Added Component: Designator=C77.12(0402)
Added Component: Designator=C77.13(0402)
Added Component: Designator=C77.14(0402)
Added Component: Designator=C77.15(0402)
Added Component: Designator=C77.16(0402)
Added Component: Designator=C78.3(0402)
Added Component: Designator=C78.4(0402)
Added Component: Designator=C78.5(0402)
Added Component: Designator=C78.6(0402)
Added Component: Designator=C78.7(0402)
Added Component: Designator=C78.8(0402)
Added Component: Designator=C78.9(0402)
Added Component: Designator=C78.10(0402)
Added Component: Designator=C78.11(0402)
Added Component: Designator=C78.12(0402)
Added Component: Designator=C78.13(0402)
Added Component: Designator=C78.14(0402)
Added Component: Designator=C78.15(0402)
Added Component: Designator=C79.1(0402)
Added Component: Designator=C79.2(0402)
Added Component: Designator=C82.3(0805)
Added Component: Designator=C82.4(0805)
Added Component: Designator=C82.5(0805)
Added Component: Designator=C82.6(0805)
Added Component: Designator=C82.7(0805)
Added Component: Designator=C82.8(0805)
Added Component: Designator=C82.9(0805)
Added Component: Designator=C82.10(0805)
Added Component: Designator=C82.11(0805)
Added Component: Designator=C82.12(0805)
Added Component: Designator=C82.13(0805)
Added Component: Designator=C82.14(0805)
Added Component: Designator=C82.16(0805)
Added Component: Designator=C83.3(0402)
Added Component: Designator=C83.4(0402)
Added Component: Designator=C83.5(0402)
Added Component: Designator=C83.6(0402)
Added Component: Designator=C83.7(0402)
Added Component: Designator=C83.8(0402)
Added Component: Designator=C83.9(0402)
Added Component: Designator=C83.10(0402)
Added Component: Designator=C83.11(0402)
Added Component: Designator=C83.12(0402)
Added Component: Designator=C83.13(0402)
Added Component: Designator=C83.14(0402)
Added Component: Designator=C83.16(0402)
Added Component: Designator=C84.3(0402)
Added Component: Designator=C84.4(0402)
Added Component: Designator=C84.5(0402)
Added Component: Designator=C84.6(0402)
Added Component: Designator=C84.7(0402)
Added Component: Designator=C84.8(0402)
Added Component: Designator=C84.9(0402)
Added Component: Designator=C84.10(0402)
Added Component: Designator=C84.11(0402)
Added Component: Designator=C84.12(0402)
Added Component: Designator=C84.13(0402)
Added Component: Designator=C84.14(0402)
Added Component: Designator=C84.16(0402)
Added Component: Designator=C146.2(0402)
Added Component: Designator=C147.2(0402)
Added Component: Designator=C148.2(0402)
Added Component: Designator=R1(0603)
Added Component: Designator=R2(0603)
Added Component: Designator=R3(0603)
Added Component: Designator=U18.3(14-TSSOP)
Added Component: Designator=U18.4(14-TSSOP)
Added Component: Designator=U18.5(14-TSSOP)
Added Component: Designator=U18.6(14-TSSOP)
Added Component: Designator=U18.7(14-TSSOP)
Added Component: Designator=U18.8(14-TSSOP)
Added Component: Designator=U18.9(14-TSSOP)
Added Component: Designator=U18.10(14-TSSOP)
Added Component: Designator=U18.11(14-TSSOP)
Added Component: Designator=U18.12(14-TSSOP)
Added Component: Designator=U18.13(14-TSSOP)
Added Component: Designator=U18.14(14-TSSOP)
Added Component: Designator=U18.16(14-TSSOP)
Added Component: Designator=U24.2(14-TSSOP)
Added Pin To Net: NetName=+3V3 Pin=C2-1
Added Pin To Net: NetName=GND Pin=C2-2
Added Pin To Net: NetName=GND Pin=C27-1
Added Pin To Net: NetName=NetC27_2 Pin=C27-2
Added Pin To Net: NetName=NetC28_1 Pin=C28-1
Added Pin To Net: NetName=GND Pin=C28-2
Added Pin To Net: NetName=NetC58.2_1 Pin=C58.2-1
Added Pin To Net: NetName=NetC58.2_2 Pin=C58.2-2
Added Pin To Net: NetName=+5VA Pin=C59.2-1
Added Pin To Net: NetName=GND Pin=C59.2-2
Added Pin To Net: NetName=+5VA Pin=C59.3-1
Added Pin To Net: NetName=GND Pin=C59.3-2
Added Pin To Net: NetName=+5VA Pin=C59.4-1
Added Pin To Net: NetName=GND Pin=C59.4-2
Added Pin To Net: NetName=+5VA Pin=C59.5-1
Added Pin To Net: NetName=GND Pin=C59.5-2
Added Pin To Net: NetName=+5VA Pin=C59.6-1
Added Pin To Net: NetName=GND Pin=C59.6-2
Added Pin To Net: NetName=+5VA Pin=C59.7-1
Added Pin To Net: NetName=GND Pin=C59.7-2
Added Pin To Net: NetName=+5VA Pin=C59.8-1
Added Pin To Net: NetName=GND Pin=C59.8-2
Added Pin To Net: NetName=+5VA Pin=C59.9-1
Added Pin To Net: NetName=GND Pin=C59.9-2
Added Pin To Net: NetName=+5VA Pin=C59.10-1
Added Pin To Net: NetName=GND Pin=C59.10-2
Added Pin To Net: NetName=+5VA Pin=C59.11-1
Added Pin To Net: NetName=GND Pin=C59.11-2
Added Pin To Net: NetName=+5VA Pin=C59.12-1
Added Pin To Net: NetName=GND Pin=C59.12-2
Added Pin To Net: NetName=+5VA Pin=C59.13-1
Added Pin To Net: NetName=GND Pin=C59.13-2
Added Pin To Net: NetName=+5VA Pin=C59.14-1
Added Pin To Net: NetName=GND Pin=C59.14-2
Added Pin To Net: NetName=+5VA Pin=C59.15-1
Added Pin To Net: NetName=GND Pin=C59.15-2
Added Pin To Net: NetName=+5VA Pin=C59.16-1
Added Pin To Net: NetName=GND Pin=C59.16-2
Added Pin To Net: NetName=+5VA Pin=C60.2-1
Added Pin To Net: NetName=GND Pin=C60.2-2
Added Pin To Net: NetName=+5VA Pin=C60.3-1
Added Pin To Net: NetName=GND Pin=C60.3-2
Added Pin To Net: NetName=+5VA Pin=C60.4-1
Added Pin To Net: NetName=GND Pin=C60.4-2
Added Pin To Net: NetName=+5VA Pin=C60.5-1
Added Pin To Net: NetName=GND Pin=C60.5-2
Added Pin To Net: NetName=+5VA Pin=C60.6-1
Added Pin To Net: NetName=GND Pin=C60.6-2
Added Pin To Net: NetName=+5VA Pin=C60.7-1
Added Pin To Net: NetName=GND Pin=C60.7-2
Added Pin To Net: NetName=+5VA Pin=C60.8-1
Added Pin To Net: NetName=GND Pin=C60.8-2
Added Pin To Net: NetName=+5VA Pin=C60.9-1
Added Pin To Net: NetName=GND Pin=C60.9-2
Added Pin To Net: NetName=+5VA Pin=C60.10-1
Added Pin To Net: NetName=GND Pin=C60.10-2
Added Pin To Net: NetName=+5VA Pin=C60.11-1
Added Pin To Net: NetName=GND Pin=C60.11-2
Added Pin To Net: NetName=+5VA Pin=C60.12-1
Added Pin To Net: NetName=GND Pin=C60.12-2
Added Pin To Net: NetName=+5VA Pin=C60.13-1
Added Pin To Net: NetName=GND Pin=C60.13-2
Added Pin To Net: NetName=+5VA Pin=C60.14-1
Added Pin To Net: NetName=GND Pin=C60.14-2
Added Pin To Net: NetName=+5VA Pin=C60.15-1
Added Pin To Net: NetName=GND Pin=C60.15-2
Added Pin To Net: NetName=+5VA Pin=C60.16-1
Added Pin To Net: NetName=GND Pin=C60.16-2
Added Pin To Net: NetName=+5VA Pin=C61.2-1
Added Pin To Net: NetName=GND Pin=C61.2-2
Added Pin To Net: NetName=+5VA Pin=C61.3-1
Added Pin To Net: NetName=GND Pin=C61.3-2
Added Pin To Net: NetName=+5VA Pin=C61.4-1
Added Pin To Net: NetName=GND Pin=C61.4-2
Added Pin To Net: NetName=+5VA Pin=C61.5-1
Added Pin To Net: NetName=GND Pin=C61.5-2
Added Pin To Net: NetName=+5VA Pin=C61.6-1
Added Pin To Net: NetName=GND Pin=C61.6-2
Added Pin To Net: NetName=+5VA Pin=C61.7-1
Added Pin To Net: NetName=GND Pin=C61.7-2
Added Pin To Net: NetName=+5VA Pin=C61.8-1
Added Pin To Net: NetName=GND Pin=C61.8-2
Added Pin To Net: NetName=+5VA Pin=C61.12-1
Added Pin To Net: NetName=GND Pin=C61.12-2
Added Pin To Net: NetName=+5VA Pin=C61.13-1
Added Pin To Net: NetName=GND Pin=C61.13-2
Added Pin To Net: NetName=+5VA Pin=C61.14-1
Added Pin To Net: NetName=GND Pin=C61.14-2
Added Pin To Net: NetName=+5VA Pin=C61.15-1
Added Pin To Net: NetName=GND Pin=C61.15-2
Added Pin To Net: NetName=+5VA Pin=C61.16-1
Added Pin To Net: NetName=GND Pin=C61.16-2
Added Pin To Net: NetName=NetC62.2_1 Pin=C62.2-1
Added Pin To Net: NetName=NetC62.2_2 Pin=C62.2-2
Added Pin To Net: NetName=NetC62.2_1 Pin=C63.2-1
Added Pin To Net: NetName=+2V5 Pin=C63.2-2
Added Pin To Net: NetName=NetC64.2_1 Pin=C64.2-1
Added Pin To Net: NetName=NetC64.2_2 Pin=C64.2-2
Added Pin To Net: NetName=NetC64.2_2 Pin=C65.2-1
Added Pin To Net: NetName=+2V5 Pin=C65.2-2
Added Pin To Net: NetName=NetC66.2_1 Pin=C66.2-1
Added Pin To Net: NetName=NetC66.2_2 Pin=C66.2-2
Added Pin To Net: NetName=NetC64.2_2 Pin=C67.2-1
Added Pin To Net: NetName=NetC67.2_2 Pin=C67.2-2
Added Pin To Net: NetName=+5VA Pin=C68.2-1
Added Pin To Net: NetName=GND Pin=C68.2-2
Added Pin To Net: NetName=+5VA Pin=C68.3-1
Added Pin To Net: NetName=GND Pin=C68.3-2
Added Pin To Net: NetName=+5VA Pin=C68.4-1
Added Pin To Net: NetName=GND Pin=C68.4-2
Added Pin To Net: NetName=+5VA Pin=C68.5-1
Added Pin To Net: NetName=GND Pin=C68.5-2
Added Pin To Net: NetName=+5VA Pin=C68.6-1
Added Pin To Net: NetName=GND Pin=C68.6-2
Added Pin To Net: NetName=+5VA Pin=C68.7-1
Added Pin To Net: NetName=GND Pin=C68.7-2
Added Pin To Net: NetName=+5VA Pin=C68.8-1
Added Pin To Net: NetName=GND Pin=C68.8-2
Added Pin To Net: NetName=+5VA Pin=C68.9-1
Added Pin To Net: NetName=GND Pin=C68.9-2
Added Pin To Net: NetName=+5VA Pin=C68.10-1
Added Pin To Net: NetName=GND Pin=C68.10-2
Added Pin To Net: NetName=+5VA Pin=C68.11-1
Added Pin To Net: NetName=GND Pin=C68.11-2
Added Pin To Net: NetName=+5VA Pin=C68.12-1
Added Pin To Net: NetName=GND Pin=C68.12-2
Added Pin To Net: NetName=+5VA Pin=C68.13-1
Added Pin To Net: NetName=GND Pin=C68.13-2
Added Pin To Net: NetName=+5VA Pin=C68.14-1
Added Pin To Net: NetName=GND Pin=C68.14-2
Added Pin To Net: NetName=+5VA Pin=C68.15-1
Added Pin To Net: NetName=GND Pin=C68.15-2
Added Pin To Net: NetName=+5VA Pin=C68.16-1
Added Pin To Net: NetName=GND Pin=C68.16-2
Added Pin To Net: NetName=+5VA Pin=C69.2-1
Added Pin To Net: NetName=GND Pin=C69.2-2
Added Pin To Net: NetName=+5VA Pin=C69.3-1
Added Pin To Net: NetName=GND Pin=C69.3-2
Added Pin To Net: NetName=+5VA Pin=C69.4-1
Added Pin To Net: NetName=GND Pin=C69.4-2
Added Pin To Net: NetName=+5VA Pin=C69.5-1
Added Pin To Net: NetName=GND Pin=C69.5-2
Added Pin To Net: NetName=+5VA Pin=C69.6-1
Added Pin To Net: NetName=GND Pin=C69.6-2
Added Pin To Net: NetName=+5VA Pin=C69.7-1
Added Pin To Net: NetName=GND Pin=C69.7-2
Added Pin To Net: NetName=+5VA Pin=C69.8-1
Added Pin To Net: NetName=GND Pin=C69.8-2
Added Pin To Net: NetName=+5VA Pin=C69.12-1
Added Pin To Net: NetName=GND Pin=C69.12-2
Added Pin To Net: NetName=+5VA Pin=C69.13-1
Added Pin To Net: NetName=GND Pin=C69.13-2
Added Pin To Net: NetName=+5VA Pin=C69.14-1
Added Pin To Net: NetName=GND Pin=C69.14-2
Added Pin To Net: NetName=+5VA Pin=C69.15-1
Added Pin To Net: NetName=GND Pin=C69.15-2
Added Pin To Net: NetName=+5VA Pin=C69.16-1
Added Pin To Net: NetName=GND Pin=C69.16-2
Added Pin To Net: NetName=+5VA Pin=C70.2-1
Added Pin To Net: NetName=GND Pin=C70.2-2
Added Pin To Net: NetName=+5VA Pin=C70.3-1
Added Pin To Net: NetName=GND Pin=C70.3-2
Added Pin To Net: NetName=+5VA Pin=C70.4-1
Added Pin To Net: NetName=GND Pin=C70.4-2
Added Pin To Net: NetName=+5VA Pin=C70.5-1
Added Pin To Net: NetName=GND Pin=C70.5-2
Added Pin To Net: NetName=+5VA Pin=C70.6-1
Added Pin To Net: NetName=GND Pin=C70.6-2
Added Pin To Net: NetName=+5VA Pin=C70.7-1
Added Pin To Net: NetName=GND Pin=C70.7-2
Added Pin To Net: NetName=+5VA Pin=C70.8-1
Added Pin To Net: NetName=GND Pin=C70.8-2
Added Pin To Net: NetName=+5VA Pin=C70.9-1
Added Pin To Net: NetName=GND Pin=C70.9-2
Added Pin To Net: NetName=+5VA Pin=C70.10-1
Added Pin To Net: NetName=GND Pin=C70.10-2
Added Pin To Net: NetName=+5VA Pin=C70.11-1
Added Pin To Net: NetName=GND Pin=C70.11-2
Added Pin To Net: NetName=+5VA Pin=C70.12-1
Added Pin To Net: NetName=GND Pin=C70.12-2
Added Pin To Net: NetName=+5VA Pin=C70.13-1
Added Pin To Net: NetName=GND Pin=C70.13-2
Added Pin To Net: NetName=+5VA Pin=C70.14-1
Added Pin To Net: NetName=GND Pin=C70.14-2
Added Pin To Net: NetName=+5VA Pin=C70.15-1
Added Pin To Net: NetName=GND Pin=C70.15-2
Added Pin To Net: NetName=+5VA Pin=C70.16-1
Added Pin To Net: NetName=GND Pin=C70.16-2
Added Pin To Net: NetName=IN15_P Pin=C71.2-1
Added Pin To Net: NetName=IN15_N Pin=C71.2-2
Added Pin To Net: NetName=NetC72.2_1 Pin=C72.2-1
Added Pin To Net: NetName=NetC67.2_2 Pin=C72.2-2
Added Pin To Net: NetName=+2V5 Pin=C73.2-1
Added Pin To Net: NetName=NetC73.2_2 Pin=C73.2-2
Added Pin To Net: NetName=NetC67.2_2 Pin=C74.2-1
Added Pin To Net: NetName=+2V5 Pin=C74.2-2
Added Pin To Net: NetName=NetC75.2_1 Pin=C75.2-1
Added Pin To Net: NetName=NetC75.2_2 Pin=C75.2-2
Added Pin To Net: NetName=+2V5 Pin=C76.2-1
Added Pin To Net: NetName=GND Pin=C76.2-2
Added Pin To Net: NetName=+2V5 Pin=C76.3-1
Added Pin To Net: NetName=GND Pin=C76.3-2
Added Pin To Net: NetName=+2V5 Pin=C76.4-1
Added Pin To Net: NetName=GND Pin=C76.4-2
Added Pin To Net: NetName=+2V5 Pin=C76.5-1
Added Pin To Net: NetName=GND Pin=C76.5-2
Added Pin To Net: NetName=+2V5 Pin=C76.6-1
Added Pin To Net: NetName=GND Pin=C76.6-2
Added Pin To Net: NetName=+2V5 Pin=C76.7-1
Added Pin To Net: NetName=GND Pin=C76.7-2
Added Pin To Net: NetName=+2V5 Pin=C76.8-1
Added Pin To Net: NetName=GND Pin=C76.8-2
Added Pin To Net: NetName=+2V5 Pin=C76.9-1
Added Pin To Net: NetName=GND Pin=C76.9-2
Added Pin To Net: NetName=+2V5 Pin=C76.10-1
Added Pin To Net: NetName=GND Pin=C76.10-2
Added Pin To Net: NetName=+2V5 Pin=C76.11-1
Added Pin To Net: NetName=GND Pin=C76.11-2
Added Pin To Net: NetName=+2V5 Pin=C76.12-1
Added Pin To Net: NetName=GND Pin=C76.12-2
Added Pin To Net: NetName=+2V5 Pin=C76.13-1
Added Pin To Net: NetName=GND Pin=C76.13-2
Added Pin To Net: NetName=+2V5 Pin=C76.14-1
Added Pin To Net: NetName=GND Pin=C76.14-2
Added Pin To Net: NetName=+2V5 Pin=C76.15-1
Added Pin To Net: NetName=GND Pin=C76.15-2
Added Pin To Net: NetName=+2V5 Pin=C76.16-1
Added Pin To Net: NetName=GND Pin=C76.16-2
Added Pin To Net: NetName=+2V5 Pin=C77.2-1
Added Pin To Net: NetName=GND Pin=C77.2-2
Added Pin To Net: NetName=+2V5 Pin=C77.3-1
Added Pin To Net: NetName=GND Pin=C77.3-2
Added Pin To Net: NetName=+2V5 Pin=C77.4-1
Added Pin To Net: NetName=GND Pin=C77.4-2
Added Pin To Net: NetName=+2V5 Pin=C77.5-1
Added Pin To Net: NetName=GND Pin=C77.5-2
Added Pin To Net: NetName=+2V5 Pin=C77.6-1
Added Pin To Net: NetName=GND Pin=C77.6-2
Added Pin To Net: NetName=+2V5 Pin=C77.7-1
Added Pin To Net: NetName=GND Pin=C77.7-2
Added Pin To Net: NetName=+2V5 Pin=C77.8-1
Added Pin To Net: NetName=GND Pin=C77.8-2
Added Pin To Net: NetName=+2V5 Pin=C77.9-1
Added Pin To Net: NetName=GND Pin=C77.9-2
Added Pin To Net: NetName=+2V5 Pin=C77.10-1
Added Pin To Net: NetName=GND Pin=C77.10-2
Added Pin To Net: NetName=+2V5 Pin=C77.11-1
Added Pin To Net: NetName=GND Pin=C77.11-2
Added Pin To Net: NetName=+2V5 Pin=C77.12-1
Added Pin To Net: NetName=GND Pin=C77.12-2
Added Pin To Net: NetName=+2V5 Pin=C77.13-1
Added Pin To Net: NetName=GND Pin=C77.13-2
Added Pin To Net: NetName=+2V5 Pin=C77.14-1
Added Pin To Net: NetName=GND Pin=C77.14-2
Added Pin To Net: NetName=+2V5 Pin=C77.15-1
Added Pin To Net: NetName=GND Pin=C77.15-2
Added Pin To Net: NetName=+2V5 Pin=C77.16-1
Added Pin To Net: NetName=GND Pin=C77.16-2
Added Pin To Net: NetName=+2V5 Pin=C78.2-1
Added Pin To Net: NetName=GND Pin=C78.2-2
Added Pin To Net: NetName=+2V5 Pin=C78.3-1
Added Pin To Net: NetName=GND Pin=C78.3-2
Added Pin To Net: NetName=+2V5 Pin=C78.4-1
Added Pin To Net: NetName=GND Pin=C78.4-2
Added Pin To Net: NetName=+2V5 Pin=C78.5-1
Added Pin To Net: NetName=GND Pin=C78.5-2
Added Pin To Net: NetName=+2V5 Pin=C78.6-1
Added Pin To Net: NetName=GND Pin=C78.6-2
Added Pin To Net: NetName=+2V5 Pin=C78.7-1
Added Pin To Net: NetName=GND Pin=C78.7-2
Added Pin To Net: NetName=+2V5 Pin=C78.8-1
Added Pin To Net: NetName=GND Pin=C78.8-2
Added Pin To Net: NetName=+2V5 Pin=C78.9-1
Added Pin To Net: NetName=GND Pin=C78.9-2
Added Pin To Net: NetName=+2V5 Pin=C78.10-1
Added Pin To Net: NetName=GND Pin=C78.10-2
Added Pin To Net: NetName=+2V5 Pin=C78.11-1
Added Pin To Net: NetName=GND Pin=C78.11-2
Added Pin To Net: NetName=+2V5 Pin=C78.12-1
Added Pin To Net: NetName=GND Pin=C78.12-2
Added Pin To Net: NetName=+2V5 Pin=C78.13-1
Added Pin To Net: NetName=GND Pin=C78.13-2
Added Pin To Net: NetName=+2V5 Pin=C78.14-1
Added Pin To Net: NetName=GND Pin=C78.14-2
Added Pin To Net: NetName=+2V5 Pin=C78.15-1
Added Pin To Net: NetName=GND Pin=C78.15-2
Added Pin To Net: NetName=NetC79.1_1 Pin=C79.1-1
Added Pin To Net: NetName=-V1.1 Pin=C79.1-2
Added Pin To Net: NetName=NetC79.2_1 Pin=C79.2-1
Added Pin To Net: NetName=-V1.2 Pin=C79.2-2
Added Pin To Net: NetName=NetC80.2_1 Pin=C80.2-1
Added Pin To Net: NetName=V1.2 Pin=C80.2-2
Added Pin To Net: NetName=+2V5 Pin=C81.2-1
Added Pin To Net: NetName=NetC81.2_2 Pin=C81.2-2
Added Pin To Net: NetName=NetC82.2_1 Pin=C82.2-1
Added Pin To Net: NetName=NetC82.2_2 Pin=C82.2-2
Added Pin To Net: NetName=NetC82.3_1 Pin=C82.3-1
Added Pin To Net: NetName=NetC82.3_2 Pin=C82.3-2
Added Pin To Net: NetName=NetC82.4_1 Pin=C82.4-1
Added Pin To Net: NetName=NetC82.4_2 Pin=C82.4-2
Added Pin To Net: NetName=NetC82.5_1 Pin=C82.5-1
Added Pin To Net: NetName=NetC82.5_2 Pin=C82.5-2
Added Pin To Net: NetName=NetC82.6_1 Pin=C82.6-1
Added Pin To Net: NetName=NetC82.6_2 Pin=C82.6-2
Added Pin To Net: NetName=NetC82.7_1 Pin=C82.7-1
Added Pin To Net: NetName=NetC82.7_2 Pin=C82.7-2
Added Pin To Net: NetName=NetC82.8_1 Pin=C82.8-1
Added Pin To Net: NetName=NetC82.8_2 Pin=C82.8-2
Added Pin To Net: NetName=NetC82.9_1 Pin=C82.9-1
Added Pin To Net: NetName=NetC82.9_2 Pin=C82.9-2
Added Pin To Net: NetName=NetC82.10_1 Pin=C82.10-1
Added Pin To Net: NetName=NetC82.10_2 Pin=C82.10-2
Added Pin To Net: NetName=NetC82.11_1 Pin=C82.11-1
Added Pin To Net: NetName=NetC82.11_2 Pin=C82.11-2
Added Pin To Net: NetName=NetC82.12_1 Pin=C82.12-1
Added Pin To Net: NetName=NetC82.12_2 Pin=C82.12-2
Added Pin To Net: NetName=NetC82.13_1 Pin=C82.13-1
Added Pin To Net: NetName=NetC82.13_2 Pin=C82.13-2
Added Pin To Net: NetName=NetC82.14_1 Pin=C82.14-1
Added Pin To Net: NetName=NetC82.14_2 Pin=C82.14-2
Added Pin To Net: NetName=NetC82.16_1 Pin=C82.16-1
Added Pin To Net: NetName=NetC82.16_2 Pin=C82.16-2
Added Pin To Net: NetName=NetC83.2_1 Pin=C83.2-1
Added Pin To Net: NetName=NetC66.2_1 Pin=C83.2-2
Added Pin To Net: NetName=NetC83.3_1 Pin=C83.3-1
Added Pin To Net: NetName=NetC66.3_1 Pin=C83.3-2
Added Pin To Net: NetName=NetC83.4_1 Pin=C83.4-1
Added Pin To Net: NetName=NetC66.4_1 Pin=C83.4-2
Added Pin To Net: NetName=NetC83.5_1 Pin=C83.5-1
Added Pin To Net: NetName=NetC66.5_1 Pin=C83.5-2
Added Pin To Net: NetName=NetC83.6_1 Pin=C83.6-1
Added Pin To Net: NetName=NetC66.6_1 Pin=C83.6-2
Added Pin To Net: NetName=NetC83.7_1 Pin=C83.7-1
Added Pin To Net: NetName=NetC66.7_1 Pin=C83.7-2
Added Pin To Net: NetName=NetC83.8_1 Pin=C83.8-1
Added Pin To Net: NetName=NetC66.8_1 Pin=C83.8-2
Added Pin To Net: NetName=NetC83.9_1 Pin=C83.9-1
Added Pin To Net: NetName=NetC66.9_1 Pin=C83.9-2
Added Pin To Net: NetName=NetC83.10_1 Pin=C83.10-1
Added Pin To Net: NetName=NetC66.10_1 Pin=C83.10-2
Added Pin To Net: NetName=NetC83.11_1 Pin=C83.11-1
Added Pin To Net: NetName=NetC66.11_1 Pin=C83.11-2
Added Pin To Net: NetName=NetC83.12_1 Pin=C83.12-1
Added Pin To Net: NetName=NetC66.12_1 Pin=C83.12-2
Added Pin To Net: NetName=NetC83.13_1 Pin=C83.13-1
Added Pin To Net: NetName=NetC66.13_1 Pin=C83.13-2
Added Pin To Net: NetName=NetC83.14_1 Pin=C83.14-1
Added Pin To Net: NetName=NetC66.14_1 Pin=C83.14-2
Added Pin To Net: NetName=NetC83.16_1 Pin=C83.16-1
Added Pin To Net: NetName=NetC66.16_1 Pin=C83.16-2
Added Pin To Net: NetName=NetC82.2_2 Pin=C84.2-1
Added Pin To Net: NetName=+2V5 Pin=C84.2-2
Added Pin To Net: NetName=NetC82.3_2 Pin=C84.3-1
Added Pin To Net: NetName=+2V5 Pin=C84.3-2
Added Pin To Net: NetName=NetC82.4_2 Pin=C84.4-1
Added Pin To Net: NetName=+2V5 Pin=C84.4-2
Added Pin To Net: NetName=NetC82.5_2 Pin=C84.5-1
Added Pin To Net: NetName=+2V5 Pin=C84.5-2
Added Pin To Net: NetName=NetC82.6_2 Pin=C84.6-1
Added Pin To Net: NetName=+2V5 Pin=C84.6-2
Added Pin To Net: NetName=NetC82.7_2 Pin=C84.7-1
Added Pin To Net: NetName=+2V5 Pin=C84.7-2
Added Pin To Net: NetName=NetC82.8_2 Pin=C84.8-1
Added Pin To Net: NetName=+2V5 Pin=C84.8-2
Added Pin To Net: NetName=NetC82.9_2 Pin=C84.9-1
Added Pin To Net: NetName=+2V5 Pin=C84.9-2
Added Pin To Net: NetName=NetC82.10_2 Pin=C84.10-1
Added Pin To Net: NetName=+2V5 Pin=C84.10-2
Added Pin To Net: NetName=NetC82.11_2 Pin=C84.11-1
Added Pin To Net: NetName=+2V5 Pin=C84.11-2
Added Pin To Net: NetName=NetC82.12_2 Pin=C84.12-1
Added Pin To Net: NetName=+2V5 Pin=C84.12-2
Added Pin To Net: NetName=NetC82.13_2 Pin=C84.13-1
Added Pin To Net: NetName=+2V5 Pin=C84.13-2
Added Pin To Net: NetName=NetC82.14_2 Pin=C84.14-1
Added Pin To Net: NetName=+2V5 Pin=C84.14-2
Added Pin To Net: NetName=NetC82.16_2 Pin=C84.16-1
Added Pin To Net: NetName=+2V5 Pin=C84.16-2
Added Pin To Net: NetName=NetC146.2_1 Pin=C146.2-1
Added Pin To Net: NetName=NetC146.2_2 Pin=C146.2-2
Added Pin To Net: NetName=NetC147.2_1 Pin=C147.2-1
Added Pin To Net: NetName=+2V5 Pin=C147.2-2
Added Pin To Net: NetName=NetC146.2_2 Pin=C148.2-1
Added Pin To Net: NetName=NetC148.2_2 Pin=C148.2-2
Added Pin To Net: NetName=GND Pin=D10.2-1
Added Pin To Net: NetName=+5VA Pin=D10.2-2
Added Pin To Net: NetName=NetC64.2_2 Pin=D10.2-3
Added Pin To Net: NetName=GND Pin=D11.2-1
Added Pin To Net: NetName=+5VA Pin=D11.2-2
Added Pin To Net: NetName=NetC67.2_2 Pin=D11.2-3
Added Pin To Net: NetName=GND Pin=D12.2-1
Added Pin To Net: NetName=+5VA Pin=D12.2-2
Added Pin To Net: NetName=NetD12.2_3 Pin=D12.2-3
Added Pin To Net: NetName=NetR1_1 Pin=R1-1
Added Pin To Net: NetName=NetR1_2 Pin=R1-2
Added Pin To Net: NetName=NetR2_1 Pin=R2-1
Added Pin To Net: NetName=MCLK_XCORE Pin=R2-2
Added Pin To Net: NetName=NetR1_1 Pin=R3-1
Added Pin To Net: NetName=NetR2_1 Pin=R3-2
Added Pin To Net: NetName=+2V5 Pin=R34.2-1
Added Pin To Net: NetName=NetC62.2_1 Pin=R34.2-2
Added Pin To Net: NetName=NetC62.2_1 Pin=R35.2-1
Added Pin To Net: NetName=IN15_P Pin=R35.2-2
Added Pin To Net: NetName=NetC58.2_2 Pin=R36.2-1
Added Pin To Net: NetName=NetC58.2_1 Pin=R36.2-2
Added Pin To Net: NetName=NetJ6.1_3 Pin=R37.2-1
Added Pin To Net: NetName=NetC64.2_1 Pin=R37.2-2
Added Pin To Net: NetName=NetC64.2_2 Pin=R38.2-1
Added Pin To Net: NetName=+2V5 Pin=R38.2-2
Added Pin To Net: NetName=NetC64.2_1 Pin=R39.2-1
Added Pin To Net: NetName=PHANTOM1.1 Pin=R39.2-2
Added Pin To Net: NetName=NetC62.2_2 Pin=R40.2-1
Added Pin To Net: NetName=IN15_P Pin=R40.2-2
Added Pin To Net: NetName=+2V5 Pin=R41.2-1
Added Pin To Net: NetName=NetC66.2_1 Pin=R41.2-2
Added Pin To Net: NetName=+2V5 Pin=R42.2-1
Added Pin To Net: NetName=NetC66.2_2 Pin=R42.2-2
Added Pin To Net: NetName=NetC64.2_2 Pin=R43.2-1
Added Pin To Net: NetName=NetC58.2_1 Pin=R43.2-2
Added Pin To Net: NetName=NetC67.2_2 Pin=R44.2-1
Added Pin To Net: NetName=NetC73.2_2 Pin=R44.2-2
Added Pin To Net: NetName=PHANTOM1.1 Pin=R45.2-1
Added Pin To Net: NetName=NetC72.2_1 Pin=R45.2-2
Added Pin To Net: NetName=NetJ6.1_2 Pin=R46.2-1
Added Pin To Net: NetName=NetC72.2_1 Pin=R46.2-2
Added Pin To Net: NetName=NetC75.2_1 Pin=R47.2-1
Added Pin To Net: NetName=IN15_N Pin=R47.2-2
Added Pin To Net: NetName=NetC73.2_2 Pin=R48.2-1
Added Pin To Net: NetName=+2V5 Pin=R48.2-2
Added Pin To Net: NetName=NetC67.2_2 Pin=R49.2-1
Added Pin To Net: NetName=+2V5 Pin=R49.2-2
Added Pin To Net: NetName=NetC75.2_1 Pin=R50.2-1
Added Pin To Net: NetName=IN15_P Pin=R50.2-2
Added Pin To Net: NetName=NetC75.2_2 Pin=R51.2-1
Added Pin To Net: NetName=IN15_N Pin=R51.2-2
Added Pin To Net: NetName=-V1.2 Pin=R52.2-1
Added Pin To Net: NetName=NetC79.2_1 Pin=R52.2-2
Added Pin To Net: NetName=NetC80.2_1 Pin=R53.2-1
Added Pin To Net: NetName=NetC58.2_2 Pin=R53.2-2
Added Pin To Net: NetName=V1.2 Pin=R54.2-1
Added Pin To Net: NetName=NetC79.2_1 Pin=R54.2-2
Added Pin To Net: NetName=+2V5 Pin=R55.2-1
Added Pin To Net: NetName=NetR55.2_2 Pin=R55.2-2
Added Pin To Net: NetName=NetC81.2_2 Pin=R56.2-1
Added Pin To Net: NetName=+2V5 Pin=R56.2-2
Added Pin To Net: NetName=NetD12.2_3 Pin=R57.2-1
Added Pin To Net: NetName=NetC82.2_2 Pin=R57.2-2
Added Pin To Net: NetName=NetC80.2_1 Pin=R58.2-1
Added Pin To Net: NetName=NetD12.2_3 Pin=R58.2-2
Added Pin To Net: NetName=NetC82.2_2 Pin=R59.2-1
Added Pin To Net: NetName=+2V5 Pin=R59.2-2
Added Pin To Net: NetName=NetR60.2_1 Pin=R60.2-1
Added Pin To Net: NetName=NetC80.2_1 Pin=R60.2-2
Added Pin To Net: NetName=NetC83.2_1 Pin=R61.2-1
Added Pin To Net: NetName=NetR61.2_2 Pin=R61.2-2
Added Pin To Net: NetName=+2V5 Pin=R62.2-1
Added Pin To Net: NetName=NetR62.2_2 Pin=R62.2-2
Added Pin To Net: NetName=-V1.2 Pin=R63.2-1
Added Pin To Net: NetName=NetC80.2_1 Pin=R63.2-2
Added Pin To Net: NetName=NetC83.2_1 Pin=R64.2-1
Added Pin To Net: NetName=-V1.2 Pin=R64.2-2
Added Pin To Net: NetName=NetC66.2_1 Pin=R65.2-1
Added Pin To Net: NetName=NetC83.2_1 Pin=R65.2-2
Added Pin To Net: NetName=NetC62.2_2 Pin=U17.2-1
Added Pin To Net: NetName=NetC62.2_1 Pin=U17.2-2
Added Pin To Net: NetName=NetC66.2_2 Pin=U17.2-3
Added Pin To Net: NetName=GND Pin=U17.2-4
Added Pin To Net: NetName=+2V5 Pin=U17.2-5
Added Pin To Net: NetName=NetC75.2_1 Pin=U17.2-6
Added Pin To Net: NetName=NetC75.2_2 Pin=U17.2-7
Added Pin To Net: NetName=+5VA Pin=U17.2-8
Added Pin To Net: NetName=NetC58.2_2 Pin=U18.2-1
Added Pin To Net: NetName=NetC58.2_1 Pin=U18.2-2
Added Pin To Net: NetName=NetC73.2_2 Pin=U18.2-3
Added Pin To Net: NetName=+5VA Pin=U18.2-4
Added Pin To Net: NetName=NetR55.2_2 Pin=U18.2-5
Added Pin To Net: NetName=NetC80.2_1 Pin=U18.2-6
Added Pin To Net: NetName=V1.2 Pin=U18.2-7
Added Pin To Net: NetName=NetC66.2_1 Pin=U18.2-8
Added Pin To Net: NetName=NetC83.2_1 Pin=U18.2-9
Added Pin To Net: NetName=NetR62.2_2 Pin=U18.2-10
Added Pin To Net: NetName=GND Pin=U18.2-11
Added Pin To Net: NetName=NetC81.2_2 Pin=U18.2-12
Added Pin To Net: NetName=NetC79.2_1 Pin=U18.2-13
Added Pin To Net: NetName=-V1.2 Pin=U18.2-14
Added Pin To Net: NetName=NetC58.3_2 Pin=U18.3-1
Added Pin To Net: NetName=NetC58.3_1 Pin=U18.3-2
Added Pin To Net: NetName=NetC73.3_2 Pin=U18.3-3
Added Pin To Net: NetName=+5VA Pin=U18.3-4
Added Pin To Net: NetName=NetR55.3_2 Pin=U18.3-5
Added Pin To Net: NetName=NetC80.3_1 Pin=U18.3-6
Added Pin To Net: NetName=V1.3 Pin=U18.3-7
Added Pin To Net: NetName=NetC66.3_1 Pin=U18.3-8
Added Pin To Net: NetName=NetC83.3_1 Pin=U18.3-9
Added Pin To Net: NetName=NetR62.3_2 Pin=U18.3-10
Added Pin To Net: NetName=GND Pin=U18.3-11
Added Pin To Net: NetName=NetC81.3_2 Pin=U18.3-12
Added Pin To Net: NetName=NetC79.3_1 Pin=U18.3-13
Added Pin To Net: NetName=-V1.3 Pin=U18.3-14
Added Pin To Net: NetName=NetC58.4_2 Pin=U18.4-1
Added Pin To Net: NetName=NetC58.4_1 Pin=U18.4-2
Added Pin To Net: NetName=NetC73.4_2 Pin=U18.4-3
Added Pin To Net: NetName=+5VA Pin=U18.4-4
Added Pin To Net: NetName=NetR55.4_2 Pin=U18.4-5
Added Pin To Net: NetName=NetC80.4_1 Pin=U18.4-6
Added Pin To Net: NetName=V1.4 Pin=U18.4-7
Added Pin To Net: NetName=NetC66.4_1 Pin=U18.4-8
Added Pin To Net: NetName=NetC83.4_1 Pin=U18.4-9
Added Pin To Net: NetName=NetR62.4_2 Pin=U18.4-10
Added Pin To Net: NetName=GND Pin=U18.4-11
Added Pin To Net: NetName=NetC81.4_2 Pin=U18.4-12
Added Pin To Net: NetName=NetC79.4_1 Pin=U18.4-13
Added Pin To Net: NetName=-V1.4 Pin=U18.4-14
Added Pin To Net: NetName=NetC58.5_2 Pin=U18.5-1
Added Pin To Net: NetName=NetC58.5_1 Pin=U18.5-2
Added Pin To Net: NetName=NetC73.5_2 Pin=U18.5-3
Added Pin To Net: NetName=+5VA Pin=U18.5-4
Added Pin To Net: NetName=NetR55.5_2 Pin=U18.5-5
Added Pin To Net: NetName=NetC80.5_1 Pin=U18.5-6
Added Pin To Net: NetName=V1.5 Pin=U18.5-7
Added Pin To Net: NetName=NetC66.5_1 Pin=U18.5-8
Added Pin To Net: NetName=NetC83.5_1 Pin=U18.5-9
Added Pin To Net: NetName=NetR62.5_2 Pin=U18.5-10
Added Pin To Net: NetName=GND Pin=U18.5-11
Added Pin To Net: NetName=NetC81.5_2 Pin=U18.5-12
Added Pin To Net: NetName=NetC79.5_1 Pin=U18.5-13
Added Pin To Net: NetName=-V1.5 Pin=U18.5-14
Added Pin To Net: NetName=NetC58.6_2 Pin=U18.6-1
Added Pin To Net: NetName=NetC58.6_1 Pin=U18.6-2
Added Pin To Net: NetName=NetC73.6_2 Pin=U18.6-3
Added Pin To Net: NetName=+5VA Pin=U18.6-4
Added Pin To Net: NetName=NetR55.6_2 Pin=U18.6-5
Added Pin To Net: NetName=NetC80.6_1 Pin=U18.6-6
Added Pin To Net: NetName=V1.6 Pin=U18.6-7
Added Pin To Net: NetName=NetC66.6_1 Pin=U18.6-8
Added Pin To Net: NetName=NetC83.6_1 Pin=U18.6-9
Added Pin To Net: NetName=NetR62.6_2 Pin=U18.6-10
Added Pin To Net: NetName=GND Pin=U18.6-11
Added Pin To Net: NetName=NetC81.6_2 Pin=U18.6-12
Added Pin To Net: NetName=NetC79.6_1 Pin=U18.6-13
Added Pin To Net: NetName=-V1.6 Pin=U18.6-14
Added Pin To Net: NetName=NetC58.7_2 Pin=U18.7-1
Added Pin To Net: NetName=NetC58.7_1 Pin=U18.7-2
Added Pin To Net: NetName=NetC73.7_2 Pin=U18.7-3
Added Pin To Net: NetName=+5VA Pin=U18.7-4
Added Pin To Net: NetName=NetR55.7_2 Pin=U18.7-5
Added Pin To Net: NetName=NetC80.7_1 Pin=U18.7-6
Added Pin To Net: NetName=V1.7 Pin=U18.7-7
Added Pin To Net: NetName=NetC66.7_1 Pin=U18.7-8
Added Pin To Net: NetName=NetC83.7_1 Pin=U18.7-9
Added Pin To Net: NetName=NetR62.7_2 Pin=U18.7-10
Added Pin To Net: NetName=GND Pin=U18.7-11
Added Pin To Net: NetName=NetC81.7_2 Pin=U18.7-12
Added Pin To Net: NetName=NetC79.7_1 Pin=U18.7-13
Added Pin To Net: NetName=-V1.7 Pin=U18.7-14
Added Pin To Net: NetName=NetC58.8_2 Pin=U18.8-1
Added Pin To Net: NetName=NetC58.8_1 Pin=U18.8-2
Added Pin To Net: NetName=NetC73.8_2 Pin=U18.8-3
Added Pin To Net: NetName=+5VA Pin=U18.8-4
Added Pin To Net: NetName=NetR55.8_2 Pin=U18.8-5
Added Pin To Net: NetName=NetC80.8_1 Pin=U18.8-6
Added Pin To Net: NetName=V1.8 Pin=U18.8-7
Added Pin To Net: NetName=NetC66.8_1 Pin=U18.8-8
Added Pin To Net: NetName=NetC83.8_1 Pin=U18.8-9
Added Pin To Net: NetName=NetR62.8_2 Pin=U18.8-10
Added Pin To Net: NetName=GND Pin=U18.8-11
Added Pin To Net: NetName=NetC81.8_2 Pin=U18.8-12
Added Pin To Net: NetName=NetC79.8_1 Pin=U18.8-13
Added Pin To Net: NetName=-V1.8 Pin=U18.8-14
Added Pin To Net: NetName=NetC58.9_2 Pin=U18.9-1
Added Pin To Net: NetName=NetC58.9_1 Pin=U18.9-2
Added Pin To Net: NetName=NetC73.9_2 Pin=U18.9-3
Added Pin To Net: NetName=+5VA Pin=U18.9-4
Added Pin To Net: NetName=NetR55.9_2 Pin=U18.9-5
Added Pin To Net: NetName=NetC80.9_1 Pin=U18.9-6
Added Pin To Net: NetName=V1.9 Pin=U18.9-7
Added Pin To Net: NetName=NetC66.9_1 Pin=U18.9-8
Added Pin To Net: NetName=NetC83.9_1 Pin=U18.9-9
Added Pin To Net: NetName=NetR62.9_2 Pin=U18.9-10
Added Pin To Net: NetName=GND Pin=U18.9-11
Added Pin To Net: NetName=NetC81.9_2 Pin=U18.9-12
Added Pin To Net: NetName=NetC79.9_1 Pin=U18.9-13
Added Pin To Net: NetName=-V1.9 Pin=U18.9-14
Added Pin To Net: NetName=NetC58.10_2 Pin=U18.10-1
Added Pin To Net: NetName=NetC58.10_1 Pin=U18.10-2
Added Pin To Net: NetName=NetC73.10_2 Pin=U18.10-3
Added Pin To Net: NetName=+5VA Pin=U18.10-4
Added Pin To Net: NetName=NetR55.10_2 Pin=U18.10-5
Added Pin To Net: NetName=NetC80.10_1 Pin=U18.10-6
Added Pin To Net: NetName=V1.10 Pin=U18.10-7
Added Pin To Net: NetName=NetC66.10_1 Pin=U18.10-8
Added Pin To Net: NetName=NetC83.10_1 Pin=U18.10-9
Added Pin To Net: NetName=NetR62.10_2 Pin=U18.10-10
Added Pin To Net: NetName=GND Pin=U18.10-11
Added Pin To Net: NetName=NetC81.10_2 Pin=U18.10-12
Added Pin To Net: NetName=NetC79.10_1 Pin=U18.10-13
Added Pin To Net: NetName=-V1.10 Pin=U18.10-14
Added Pin To Net: NetName=NetC58.11_2 Pin=U18.11-1
Added Pin To Net: NetName=NetC58.11_1 Pin=U18.11-2
Added Pin To Net: NetName=NetC73.11_2 Pin=U18.11-3
Added Pin To Net: NetName=+5VA Pin=U18.11-4
Added Pin To Net: NetName=NetR55.11_2 Pin=U18.11-5
Added Pin To Net: NetName=NetC80.11_1 Pin=U18.11-6
Added Pin To Net: NetName=V1.11 Pin=U18.11-7
Added Pin To Net: NetName=NetC66.11_1 Pin=U18.11-8
Added Pin To Net: NetName=NetC83.11_1 Pin=U18.11-9
Added Pin To Net: NetName=NetR62.11_2 Pin=U18.11-10
Added Pin To Net: NetName=GND Pin=U18.11-11
Added Pin To Net: NetName=NetC81.11_2 Pin=U18.11-12
Added Pin To Net: NetName=NetC79.11_1 Pin=U18.11-13
Added Pin To Net: NetName=-V1.11 Pin=U18.11-14
Added Pin To Net: NetName=NetC58.12_2 Pin=U18.12-1
Added Pin To Net: NetName=NetC58.12_1 Pin=U18.12-2
Added Pin To Net: NetName=NetC73.12_2 Pin=U18.12-3
Added Pin To Net: NetName=+5VA Pin=U18.12-4
Added Pin To Net: NetName=NetR55.12_2 Pin=U18.12-5
Added Pin To Net: NetName=NetC80.12_1 Pin=U18.12-6
Added Pin To Net: NetName=V1.12 Pin=U18.12-7
Added Pin To Net: NetName=NetC66.12_1 Pin=U18.12-8
Added Pin To Net: NetName=NetC83.12_1 Pin=U18.12-9
Added Pin To Net: NetName=NetR62.12_2 Pin=U18.12-10
Added Pin To Net: NetName=GND Pin=U18.12-11
Added Pin To Net: NetName=NetC81.12_2 Pin=U18.12-12
Added Pin To Net: NetName=NetC79.12_1 Pin=U18.12-13
Added Pin To Net: NetName=-V1.12 Pin=U18.12-14
Added Pin To Net: NetName=NetC58.13_2 Pin=U18.13-1
Added Pin To Net: NetName=NetC58.13_1 Pin=U18.13-2
Added Pin To Net: NetName=NetC73.13_2 Pin=U18.13-3
Added Pin To Net: NetName=+5VA Pin=U18.13-4
Added Pin To Net: NetName=NetR55.13_2 Pin=U18.13-5
Added Pin To Net: NetName=NetC80.13_1 Pin=U18.13-6
Added Pin To Net: NetName=V1.13 Pin=U18.13-7
Added Pin To Net: NetName=NetC66.13_1 Pin=U18.13-8
Added Pin To Net: NetName=NetC83.13_1 Pin=U18.13-9
Added Pin To Net: NetName=NetR62.13_2 Pin=U18.13-10
Added Pin To Net: NetName=GND Pin=U18.13-11
Added Pin To Net: NetName=NetC81.13_2 Pin=U18.13-12
Added Pin To Net: NetName=NetC79.13_1 Pin=U18.13-13
Added Pin To Net: NetName=-V1.13 Pin=U18.13-14
Added Pin To Net: NetName=NetC58.14_2 Pin=U18.14-1
Added Pin To Net: NetName=NetC58.14_1 Pin=U18.14-2
Added Pin To Net: NetName=NetC73.14_2 Pin=U18.14-3
Added Pin To Net: NetName=+5VA Pin=U18.14-4
Added Pin To Net: NetName=NetR55.14_2 Pin=U18.14-5
Added Pin To Net: NetName=NetC80.14_1 Pin=U18.14-6
Added Pin To Net: NetName=V1.14 Pin=U18.14-7
Added Pin To Net: NetName=NetC66.14_1 Pin=U18.14-8
Added Pin To Net: NetName=NetC83.14_1 Pin=U18.14-9
Added Pin To Net: NetName=NetR62.14_2 Pin=U18.14-10
Added Pin To Net: NetName=GND Pin=U18.14-11
Added Pin To Net: NetName=NetC81.14_2 Pin=U18.14-12
Added Pin To Net: NetName=NetC79.14_1 Pin=U18.14-13
Added Pin To Net: NetName=-V1.14 Pin=U18.14-14
Added Pin To Net: NetName=NetC58.16_2 Pin=U18.16-1
Added Pin To Net: NetName=NetC58.16_1 Pin=U18.16-2
Added Pin To Net: NetName=NetC73.16_2 Pin=U18.16-3
Added Pin To Net: NetName=+5VA Pin=U18.16-4
Added Pin To Net: NetName=NetR55.16_2 Pin=U18.16-5
Added Pin To Net: NetName=NetC80.16_1 Pin=U18.16-6
Added Pin To Net: NetName=V1.16 Pin=U18.16-7
Added Pin To Net: NetName=NetC66.16_1 Pin=U18.16-8
Added Pin To Net: NetName=NetC83.16_1 Pin=U18.16-9
Added Pin To Net: NetName=NetR62.16_2 Pin=U18.16-10
Added Pin To Net: NetName=GND Pin=U18.16-11
Added Pin To Net: NetName=NetC81.16_2 Pin=U18.16-12
Added Pin To Net: NetName=NetC79.16_1 Pin=U18.16-13
Added Pin To Net: NetName=-V1.16 Pin=U18.16-14
Added Pin To Net: NetName=NetC132.2_2 Pin=U24.2-1
Added Pin To Net: NetName=NetC132.2_1 Pin=U24.2-2
Added Pin To Net: NetName=NetC140.2_1 Pin=U24.2-3
Added Pin To Net: NetName=+5VA Pin=U24.2-4
Added Pin To Net: NetName=NetR94.2_1 Pin=U24.2-5
Added Pin To Net: NetName=NetC139.2_1 Pin=U24.2-6
Added Pin To Net: NetName=NetC139.2_2 Pin=U24.2-7
Added Pin To Net: NetName=NetC146.2_2 Pin=U24.2-8
Added Pin To Net: NetName=NetC146.2_1 Pin=U24.2-9
Added Pin To Net: NetName=NetR108.2_1 Pin=U24.2-10
Added Pin To Net: NetName=GND Pin=U24.2-11
Added Pin To Net: NetName=NetC147.2_1 Pin=U24.2-12
Added Pin To Net: NetName=NetC142.2_1 Pin=U24.2-13
Added Pin To Net: NetName=NetC142.2_2 Pin=U24.2-14
Added Member To Class: ClassName=CLOCK Member=Component C2 Capacitor
Added Member To Class: ClassName=Power1 Member=Component C27 Capacitor
Added Member To Class: ClassName=Power1 Member=Component C28 Capacitor
Added Member To Class: ClassName=U_InputAmplifier2 Member=Component C58.2 (C58) Capacitor
Added Member To Class: ClassName=U_InputAmplifier2 Member=Component C59.2 (C59) Capacitor
Added Member To Class: ClassName=U_InputAmplifier3 Member=Component C59.3 (C59) Capacitor
Added Member To Class: ClassName=U_InputAmplifier4 Member=Component C59.4 (C59) Capacitor
Added Member To Class: ClassName=U_InputAmplifier5 Member=Component C59.5 (C59) Capacitor
Added Member To Class: ClassName=U_InputAmplifier6 Member=Component C59.6 (C59) Capacitor
Added Member To Class: ClassName=U_InputAmplifier7 Member=Component C59.7 (C59) Capacitor
Added Member To Class: ClassName=U_InputAmplifier8 Member=Component C59.8 (C59) Capacitor
Added Member To Class: ClassName=U_InputAmplifier9 Member=Component C59.9 (C59) Capacitor
Added Member To Class: ClassName=U_InputAmplifier10 Member=Component C59.10 (C59) Capacitor
Added Member To Class: ClassName=U_InputAmplifier11 Member=Component C59.11 (C59) Capacitor
Added Member To Class: ClassName=U_InputAmplifier12 Member=Component C59.12 (C59) Capacitor
Added Member To Class: ClassName=U_InputAmplifier13 Member=Component C59.13 (C59) Capacitor
Added Member To Class: ClassName=U_InputAmplifier14 Member=Component C59.14 (C59) Capacitor
Added Member To Class: ClassName=U_InputAmplifier15 Member=Component C59.15 (C59) Capacitor
Added Member To Class: ClassName=U_InputAmplifier16 Member=Component C59.16 (C59) Capacitor
Added Member To Class: ClassName=U_InputAmplifier2 Member=Component C60.2 (C60) Capacitor
Added Member To Class: ClassName=U_InputAmplifier3 Member=Component C60.3 (C60) Capacitor
Added Member To Class: ClassName=U_InputAmplifier4 Member=Component C60.4 (C60) Capacitor
Added Member To Class: ClassName=U_InputAmplifier5 Member=Component C60.5 (C60) Capacitor
Added Member To Class: ClassName=U_InputAmplifier6 Member=Component C60.6 (C60) Capacitor
Added Member To Class: ClassName=U_InputAmplifier7 Member=Component C60.7 (C60) Capacitor
Added Member To Class: ClassName=U_InputAmplifier8 Member=Component C60.8 (C60) Capacitor
Added Member To Class: ClassName=U_InputAmplifier9 Member=Component C60.9 (C60) Capacitor
Added Member To Class: ClassName=U_InputAmplifier10 Member=Component C60.10 (C60) Capacitor
Added Member To Class: ClassName=U_InputAmplifier11 Member=Component C60.11 (C60) Capacitor
Added Member To Class: ClassName=U_InputAmplifier12 Member=Component C60.12 (C60) Capacitor
Added Member To Class: ClassName=U_InputAmplifier13 Member=Component C60.13 (C60) Capacitor
Added Member To Class: ClassName=U_InputAmplifier14 Member=Component C60.14 (C60) Capacitor
Added Member To Class: ClassName=U_InputAmplifier15 Member=Component C60.15 (C60) Capacitor
Added Member To Class: ClassName=U_InputAmplifier16 Member=Component C60.16 (C60) Capacitor
Added Member To Class: ClassName=U_InputAmplifier2 Member=Component C61.2 (C61) Capacitor
Added Member To Class: ClassName=U_InputAmplifier3 Member=Component C61.3 (C61) Capacitor
Added Member To Class: ClassName=U_InputAmplifier4 Member=Component C61.4 (C61) Capacitor
Added Member To Class: ClassName=U_InputAmplifier5 Member=Component C61.5 (C61) Capacitor
Added Member To Class: ClassName=U_InputAmplifier6 Member=Component C61.6 (C61) Capacitor
Added Member To Class: ClassName=U_InputAmplifier7 Member=Component C61.7 (C61) Capacitor
Added Member To Class: ClassName=U_InputAmplifier8 Member=Component C61.8 (C61) Capacitor
Added Member To Class: ClassName=U_InputAmplifier12 Member=Component C61.12 (C61) Capacitor
Added Member To Class: ClassName=U_InputAmplifier13 Member=Component C61.13 (C61) Capacitor
Added Member To Class: ClassName=U_InputAmplifier14 Member=Component C61.14 (C61) Capacitor
Added Member To Class: ClassName=U_InputAmplifier15 Member=Component C61.15 (C61) Capacitor
Added Member To Class: ClassName=U_InputAmplifier16 Member=Component C61.16 (C61) Capacitor
Added Member To Class: ClassName=U_InputAmplifier2 Member=Component C62.2 (C62) Capacitor
Added Member To Class: ClassName=U_InputAmplifier2 Member=Component C63.2 (C63) Capacitor
Added Member To Class: ClassName=U_InputAmplifier2 Member=Component C64.2 (C64) Capacitor
Added Member To Class: ClassName=U_InputAmplifier2 Member=Component C65.2 (C65) Capacitor
Added Member To Class: ClassName=U_InputAmplifier2 Member=Component C66.2 (C66) Capacitor
Added Member To Class: ClassName=U_InputAmplifier2 Member=Component C67.2 (C67) Capacitor
Added Member To Class: ClassName=U_InputAmplifier2 Member=Component C68.2 (C68) Capacitor
Added Member To Class: ClassName=U_InputAmplifier3 Member=Component C68.3 (C68) Capacitor
Added Member To Class: ClassName=U_InputAmplifier4 Member=Component C68.4 (C68) Capacitor
Added Member To Class: ClassName=U_InputAmplifier5 Member=Component C68.5 (C68) Capacitor
Added Member To Class: ClassName=U_InputAmplifier6 Member=Component C68.6 (C68) Capacitor
Added Member To Class: ClassName=U_InputAmplifier7 Member=Component C68.7 (C68) Capacitor
Added Member To Class: ClassName=U_InputAmplifier8 Member=Component C68.8 (C68) Capacitor
Added Member To Class: ClassName=U_InputAmplifier9 Member=Component C68.9 (C68) Capacitor
Added Member To Class: ClassName=U_InputAmplifier10 Member=Component C68.10 (C68) Capacitor
Added Member To Class: ClassName=U_InputAmplifier11 Member=Component C68.11 (C68) Capacitor
Added Member To Class: ClassName=U_InputAmplifier12 Member=Component C68.12 (C68) Capacitor
Added Member To Class: ClassName=U_InputAmplifier13 Member=Component C68.13 (C68) Capacitor
Added Member To Class: ClassName=U_InputAmplifier14 Member=Component C68.14 (C68) Capacitor
Added Member To Class: ClassName=U_InputAmplifier15 Member=Component C68.15 (C68) Capacitor
Added Member To Class: ClassName=U_InputAmplifier16 Member=Component C68.16 (C68) Capacitor
Added Member To Class: ClassName=U_InputAmplifier2 Member=Component C69.2 (C69) Capacitor
Added Member To Class: ClassName=U_InputAmplifier3 Member=Component C69.3 (C69) Capacitor
Added Member To Class: ClassName=U_InputAmplifier4 Member=Component C69.4 (C69) Capacitor
Added Member To Class: ClassName=U_InputAmplifier5 Member=Component C69.5 (C69) Capacitor
Added Member To Class: ClassName=U_InputAmplifier6 Member=Component C69.6 (C69) Capacitor
Added Member To Class: ClassName=U_InputAmplifier7 Member=Component C69.7 (C69) Capacitor
Added Member To Class: ClassName=U_InputAmplifier8 Member=Component C69.8 (C69) Capacitor
Added Member To Class: ClassName=U_InputAmplifier12 Member=Component C69.12 (C69) Capacitor
Added Member To Class: ClassName=U_InputAmplifier13 Member=Component C69.13 (C69) Capacitor
Added Member To Class: ClassName=U_InputAmplifier14 Member=Component C69.14 (C69) Capacitor
Added Member To Class: ClassName=U_InputAmplifier15 Member=Component C69.15 (C69) Capacitor
Added Member To Class: ClassName=U_InputAmplifier16 Member=Component C69.16 (C69) Capacitor
Added Member To Class: ClassName=U_InputAmplifier2 Member=Component C70.2 (C70) Capacitor
Added Member To Class: ClassName=U_InputAmplifier3 Member=Component C70.3 (C70) Capacitor
Added Member To Class: ClassName=U_InputAmplifier4 Member=Component C70.4 (C70) Capacitor
Added Member To Class: ClassName=U_InputAmplifier5 Member=Component C70.5 (C70) Capacitor
Added Member To Class: ClassName=U_InputAmplifier6 Member=Component C70.6 (C70) Capacitor
Added Member To Class: ClassName=U_InputAmplifier7 Member=Component C70.7 (C70) Capacitor
Added Member To Class: ClassName=U_InputAmplifier8 Member=Component C70.8 (C70) Capacitor
Added Member To Class: ClassName=U_InputAmplifier9 Member=Component C70.9 (C70) Capacitor
Added Member To Class: ClassName=U_InputAmplifier10 Member=Component C70.10 (C70) Capacitor
Added Member To Class: ClassName=U_InputAmplifier11 Member=Component C70.11 (C70) Capacitor
Added Member To Class: ClassName=U_InputAmplifier12 Member=Component C70.12 (C70) Capacitor
Added Member To Class: ClassName=U_InputAmplifier13 Member=Component C70.13 (C70) Capacitor
Added Member To Class: ClassName=U_InputAmplifier14 Member=Component C70.14 (C70) Capacitor
Added Member To Class: ClassName=U_InputAmplifier15 Member=Component C70.15 (C70) Capacitor
Added Member To Class: ClassName=U_InputAmplifier16 Member=Component C70.16 (C70) Capacitor
Added Member To Class: ClassName=U_InputAmplifier2 Member=Component C71.2 (C71) Capacitor
Added Member To Class: ClassName=U_InputAmplifier2 Member=Component C72.2 (C72) Capacitor
Added Member To Class: ClassName=U_InputAmplifier2 Member=Component C73.2 (C73) Capacitor
Added Member To Class: ClassName=U_InputAmplifier2 Member=Component C74.2 (C74) Capacitor
Added Member To Class: ClassName=U_InputAmplifier2 Member=Component C75.2 (C75) Capacitor
Added Member To Class: ClassName=U_InputAmplifier2 Member=Component C76.2 (C76) Capacitor
Added Member To Class: ClassName=U_InputAmplifier3 Member=Component C76.3 (C76) Capacitor
Added Member To Class: ClassName=U_InputAmplifier4 Member=Component C76.4 (C76) Capacitor
Added Member To Class: ClassName=U_InputAmplifier5 Member=Component C76.5 (C76) Capacitor
Added Member To Class: ClassName=U_InputAmplifier6 Member=Component C76.6 (C76) Capacitor
Added Member To Class: ClassName=U_InputAmplifier7 Member=Component C76.7 (C76) Capacitor
Added Member To Class: ClassName=U_InputAmplifier8 Member=Component C76.8 (C76) Capacitor
Added Member To Class: ClassName=U_InputAmplifier9 Member=Component C76.9 (C76) Capacitor
Added Member To Class: ClassName=U_InputAmplifier10 Member=Component C76.10 (C76) Capacitor
Added Member To Class: ClassName=U_InputAmplifier11 Member=Component C76.11 (C76) Capacitor
Added Member To Class: ClassName=U_InputAmplifier12 Member=Component C76.12 (C76) Capacitor
Added Member To Class: ClassName=U_InputAmplifier13 Member=Component C76.13 (C76) Capacitor
Added Member To Class: ClassName=U_InputAmplifier14 Member=Component C76.14 (C76) Capacitor
Added Member To Class: ClassName=U_InputAmplifier15 Member=Component C76.15 (C76) Capacitor
Added Member To Class: ClassName=U_InputAmplifier16 Member=Component C76.16 (C76) Capacitor
Added Member To Class: ClassName=U_InputAmplifier2 Member=Component C77.2 (C77) Capacitor
Added Member To Class: ClassName=U_InputAmplifier3 Member=Component C77.3 (C77) Capacitor
Added Member To Class: ClassName=U_InputAmplifier4 Member=Component C77.4 (C77) Capacitor
Added Member To Class: ClassName=U_InputAmplifier5 Member=Component C77.5 (C77) Capacitor
Added Member To Class: ClassName=U_InputAmplifier6 Member=Component C77.6 (C77) Capacitor
Added Member To Class: ClassName=U_InputAmplifier7 Member=Component C77.7 (C77) Capacitor
Added Member To Class: ClassName=U_InputAmplifier8 Member=Component C77.8 (C77) Capacitor
Added Member To Class: ClassName=U_InputAmplifier9 Member=Component C77.9 (C77) Capacitor
Added Member To Class: ClassName=U_InputAmplifier10 Member=Component C77.10 (C77) Capacitor
Added Member To Class: ClassName=U_InputAmplifier11 Member=Component C77.11 (C77) Capacitor
Added Member To Class: ClassName=U_InputAmplifier12 Member=Component C77.12 (C77) Capacitor
Added Member To Class: ClassName=U_InputAmplifier13 Member=Component C77.13 (C77) Capacitor
Added Member To Class: ClassName=U_InputAmplifier14 Member=Component C77.14 (C77) Capacitor
Added Member To Class: ClassName=U_InputAmplifier15 Member=Component C77.15 (C77) Capacitor
Added Member To Class: ClassName=U_InputAmplifier16 Member=Component C77.16 (C77) Capacitor
Added Member To Class: ClassName=U_InputAmplifier2 Member=Component C78.2 (C78) Capacitor
Added Member To Class: ClassName=U_InputAmplifier3 Member=Component C78.3 (C78) Capacitor
Added Member To Class: ClassName=U_InputAmplifier4 Member=Component C78.4 (C78) Capacitor
Added Member To Class: ClassName=U_InputAmplifier5 Member=Component C78.5 (C78) Capacitor
Added Member To Class: ClassName=U_InputAmplifier6 Member=Component C78.6 (C78) Capacitor
Added Member To Class: ClassName=U_InputAmplifier7 Member=Component C78.7 (C78) Capacitor
Added Member To Class: ClassName=U_InputAmplifier8 Member=Component C78.8 (C78) Capacitor
Added Member To Class: ClassName=U_InputAmplifier9 Member=Component C78.9 (C78) Capacitor
Added Member To Class: ClassName=U_InputAmplifier10 Member=Component C78.10 (C78) Capacitor
Added Member To Class: ClassName=U_InputAmplifier11 Member=Component C78.11 (C78) Capacitor
Added Member To Class: ClassName=U_InputAmplifier12 Member=Component C78.12 (C78) Capacitor
Added Member To Class: ClassName=U_InputAmplifier13 Member=Component C78.13 (C78) Capacitor
Added Member To Class: ClassName=U_InputAmplifier14 Member=Component C78.14 (C78) Capacitor
Added Member To Class: ClassName=U_InputAmplifier15 Member=Component C78.15 (C78) Capacitor
Added Member To Class: ClassName=U_InputAmplifier1 Member=Component C79.1 (C79) Capacitor
Added Member To Class: ClassName=U_InputAmplifier2 Member=Component C79.2 (C79) Capacitor
Added Member To Class: ClassName=U_InputAmplifier2 Member=Component C80.2 (C80) Capacitor
Added Member To Class: ClassName=U_InputAmplifier2 Member=Component C81.2 (C81) Capacitor
Added Member To Class: ClassName=U_InputAmplifier2 Member=Component C82.2 (C82) Capacitor
Added Member To Class: ClassName=U_InputAmplifier3 Member=Component C82.3 (C82) Capacitor
Added Member To Class: ClassName=U_InputAmplifier4 Member=Component C82.4 (C82) Capacitor
Added Member To Class: ClassName=U_InputAmplifier5 Member=Component C82.5 (C82) Capacitor
Added Member To Class: ClassName=U_InputAmplifier6 Member=Component C82.6 (C82) Capacitor
Added Member To Class: ClassName=U_InputAmplifier7 Member=Component C82.7 (C82) Capacitor
Added Member To Class: ClassName=U_InputAmplifier8 Member=Component C82.8 (C82) Capacitor
Added Member To Class: ClassName=U_InputAmplifier9 Member=Component C82.9 (C82) Capacitor
Added Member To Class: ClassName=U_InputAmplifier10 Member=Component C82.10 (C82) Capacitor
Added Member To Class: ClassName=U_InputAmplifier11 Member=Component C82.11 (C82) Capacitor
Added Member To Class: ClassName=U_InputAmplifier12 Member=Component C82.12 (C82) Capacitor
Added Member To Class: ClassName=U_InputAmplifier13 Member=Component C82.13 (C82) Capacitor
Added Member To Class: ClassName=U_InputAmplifier14 Member=Component C82.14 (C82) Capacitor
Added Member To Class: ClassName=U_InputAmplifier16 Member=Component C82.16 (C82) Capacitor
Added Member To Class: ClassName=U_InputAmplifier2 Member=Component C83.2 (C83) Capacitor
Added Member To Class: ClassName=U_InputAmplifier3 Member=Component C83.3 (C83) Capacitor
Added Member To Class: ClassName=U_InputAmplifier4 Member=Component C83.4 (C83) Capacitor
Added Member To Class: ClassName=U_InputAmplifier5 Member=Component C83.5 (C83) Capacitor
Added Member To Class: ClassName=U_InputAmplifier6 Member=Component C83.6 (C83) Capacitor
Added Member To Class: ClassName=U_InputAmplifier7 Member=Component C83.7 (C83) Capacitor
Added Member To Class: ClassName=U_InputAmplifier8 Member=Component C83.8 (C83) Capacitor
Added Member To Class: ClassName=U_InputAmplifier9 Member=Component C83.9 (C83) Capacitor
Added Member To Class: ClassName=U_InputAmplifier10 Member=Component C83.10 (C83) Capacitor
Added Member To Class: ClassName=U_InputAmplifier11 Member=Component C83.11 (C83) Capacitor
Added Member To Class: ClassName=U_InputAmplifier12 Member=Component C83.12 (C83) Capacitor
Added Member To Class: ClassName=U_InputAmplifier13 Member=Component C83.13 (C83) Capacitor
Added Member To Class: ClassName=U_InputAmplifier14 Member=Component C83.14 (C83) Capacitor
Added Member To Class: ClassName=U_InputAmplifier16 Member=Component C83.16 (C83) Capacitor
Added Member To Class: ClassName=U_InputAmplifier2 Member=Component C84.2 (C84) Capacitor
Added Member To Class: ClassName=U_InputAmplifier3 Member=Component C84.3 (C84) Capacitor
Added Member To Class: ClassName=U_InputAmplifier4 Member=Component C84.4 (C84) Capacitor
Added Member To Class: ClassName=U_InputAmplifier5 Member=Component C84.5 (C84) Capacitor
Added Member To Class: ClassName=U_InputAmplifier6 Member=Component C84.6 (C84) Capacitor
Added Member To Class: ClassName=U_InputAmplifier7 Member=Component C84.7 (C84) Capacitor
Added Member To Class: ClassName=U_InputAmplifier8 Member=Component C84.8 (C84) Capacitor
Added Member To Class: ClassName=U_InputAmplifier9 Member=Component C84.9 (C84) Capacitor
Added Member To Class: ClassName=U_InputAmplifier10 Member=Component C84.10 (C84) Capacitor
Added Member To Class: ClassName=U_InputAmplifier11 Member=Component C84.11 (C84) Capacitor
Added Member To Class: ClassName=U_InputAmplifier12 Member=Component C84.12 (C84) Capacitor
Added Member To Class: ClassName=U_InputAmplifier13 Member=Component C84.13 (C84) Capacitor
Added Member To Class: ClassName=U_InputAmplifier14 Member=Component C84.14 (C84) Capacitor
Added Member To Class: ClassName=U_InputAmplifier16 Member=Component C84.16 (C84) Capacitor
Added Member To Class: ClassName=U_OutputConnectors2 Member=Component C146.2 (C146) Capacitor
Added Member To Class: ClassName=U_OutputConnectors2 Member=Component C147.2 (C147) Capacitor
Added Member To Class: ClassName=U_OutputConnectors2 Member=Component C148.2 (C148) Capacitor
Added Member To Class: ClassName=U_InputAmplifier2 Member=Component D10.2 (D10) Diode_dual
Added Member To Class: ClassName=U_InputAmplifier2 Member=Component D11.2 (D11) Diode_dual
Added Member To Class: ClassName=U_InputAmplifier2 Member=Component D12.2 (D12) Diode_dual
Added Member To Class: ClassName=CLOCK Member=Component R1 Resistor
Added Member To Class: ClassName=CLOCK Member=Component R2 Resistor
Added Member To Class: ClassName=CLOCK Member=Component R3 Resistor
Added Member To Class: ClassName=U_InputAmplifier2 Member=Component R34.2 (R34) Resistor
Added Member To Class: ClassName=U_InputAmplifier2 Member=Component R35.2 (R35) Resistor
Added Member To Class: ClassName=U_InputAmplifier2 Member=Component R36.2 (R36) Resistor
Added Member To Class: ClassName=U_InputAmplifier2 Member=Component R37.2 (R37) Resistor
Added Member To Class: ClassName=U_InputAmplifier2 Member=Component R38.2 (R38) Resistor
Added Member To Class: ClassName=U_InputAmplifier2 Member=Component R39.2 (R39) Resistor
Added Member To Class: ClassName=U_InputAmplifier2 Member=Component R40.2 (R40) Resistor
Added Member To Class: ClassName=U_InputAmplifier2 Member=Component R41.2 (R41) Resistor
Added Member To Class: ClassName=U_InputAmplifier2 Member=Component R42.2 (R42) Resistor
Added Member To Class: ClassName=U_InputAmplifier2 Member=Component R43.2 (R43) Resistor
Added Member To Class: ClassName=U_InputAmplifier2 Member=Component R44.2 (R44) Resistor
Added Member To Class: ClassName=U_InputAmplifier2 Member=Component R45.2 (R45) Resistor
Added Member To Class: ClassName=U_InputAmplifier2 Member=Component R46.2 (R46) Resistor
Added Member To Class: ClassName=U_InputAmplifier2 Member=Component R47.2 (R47) Resistor
Added Member To Class: ClassName=U_InputAmplifier2 Member=Component R48.2 (R48) Resistor
Added Member To Class: ClassName=U_InputAmplifier2 Member=Component R49.2 (R49) Resistor
Added Member To Class: ClassName=U_InputAmplifier2 Member=Component R50.2 (R50) Resistor
Added Member To Class: ClassName=U_InputAmplifier2 Member=Component R51.2 (R51) Resistor
Added Member To Class: ClassName=U_InputAmplifier2 Member=Component R52.2 (R52) Resistor
Added Member To Class: ClassName=U_InputAmplifier2 Member=Component R53.2 (R53) Resistor
Added Member To Class: ClassName=U_InputAmplifier2 Member=Component R54.2 (R54) Resistor
Added Member To Class: ClassName=U_InputAmplifier2 Member=Component R55.2 (R55) Resistor
Added Member To Class: ClassName=U_InputAmplifier2 Member=Component R56.2 (R56) Resistor
Added Member To Class: ClassName=U_InputAmplifier2 Member=Component R57.2 (R57) Resistor
Added Member To Class: ClassName=U_InputAmplifier2 Member=Component R58.2 (R58) Resistor
Added Member To Class: ClassName=U_InputAmplifier2 Member=Component R59.2 (R59) Resistor
Added Member To Class: ClassName=U_InputAmplifier2 Member=Component R60.2 (R60) Resistor
Added Member To Class: ClassName=U_InputAmplifier2 Member=Component R61.2 (R61) Resistor
Added Member To Class: ClassName=U_InputAmplifier2 Member=Component R62.2 (R62) Resistor
Added Member To Class: ClassName=U_InputAmplifier2 Member=Component R63.2 (R63) Resistor
Added Member To Class: ClassName=U_InputAmplifier2 Member=Component R64.2 (R64) Resistor
Added Member To Class: ClassName=U_InputAmplifier2 Member=Component R65.2 (R65) Resistor
Added Member To Class: ClassName=U_InputAmplifier2 Member=Component U17.2 (U17A) OPA_DUAL
Added Member To Class: ClassName=U_InputAmplifier2 Member=Component U18.2 (U18A) OPA1664
Added Member To Class: ClassName=U_InputAmplifier3 Member=Component U18.3 (U18A) OPA1664
Added Member To Class: ClassName=U_InputAmplifier4 Member=Component U18.4 (U18A) OPA1664
Added Member To Class: ClassName=U_InputAmplifier5 Member=Component U18.5 (U18A) OPA1664
Added Member To Class: ClassName=U_InputAmplifier6 Member=Component U18.6 (U18A) OPA1664
Added Member To Class: ClassName=U_InputAmplifier7 Member=Component U18.7 (U18A) OPA1664
Added Member To Class: ClassName=U_InputAmplifier8 Member=Component U18.8 (U18A) OPA1664
Added Member To Class: ClassName=U_InputAmplifier9 Member=Component U18.9 (U18A) OPA1664
Added Member To Class: ClassName=U_InputAmplifier10 Member=Component U18.10 (U18A) OPA1664
Added Member To Class: ClassName=U_InputAmplifier11 Member=Component U18.11 (U18A) OPA1664
Added Member To Class: ClassName=U_InputAmplifier12 Member=Component U18.12 (U18A) OPA1664
Added Member To Class: ClassName=U_InputAmplifier13 Member=Component U18.13 (U18A) OPA1664
Added Member To Class: ClassName=U_InputAmplifier14 Member=Component U18.14 (U18A) OPA1664
Added Member To Class: ClassName=U_InputAmplifier16 Member=Component U18.16 (U18A) OPA1664
Added Member To Class: ClassName=U_OutputConnectors2 Member=Component U24.2 (U24A) OPA1664
