Added Component: Designator=C79.2(0402)
Added Pin To Net: NetName=NetC58.2_1 Pin=C58.2-1
Added Pin To Net: NetName=NetC58.2_2 Pin=C58.2-2
Added Pin To Net: NetName=+5VA Pin=C59.2-1
Added Pin To Net: NetName=GND Pin=C59.2-2
Added Pin To Net: NetName=+5VA Pin=C60.2-1
Added Pin To Net: NetName=GND Pin=C60.2-2
Added Pin To Net: NetName=+5VA Pin=C61.2-1
Added Pin To Net: NetName=GND Pin=C61.2-2
Added Pin To Net: NetName=NetC62.2_1 Pin=C62.2-1
Added Pin To Net: NetName=NetC62.2_2 Pin=C62.2-2
Added Pin To Net: NetName=NetC62.2_1 Pin=C63.2-1
Added Pin To Net: NetName=+2V5 Pin=C63.2-2
Added Pin To Net: NetName=NetC64.2_1 Pin=C64.2-1
Added Pin To Net: NetName=NetC64.2_2 Pin=C64.2-2
Added Pin To Net: NetName=NetC64.2_2 Pin=C65.2-1
Added Pin To Net: NetName=+2V5 Pin=C65.2-2
Added Pin To Net: NetName=NetC66.2_1 Pin=C66.2-1
Added Pin To Net: NetName=NetC66.2_2 Pin=C66.2-2
Added Pin To Net: NetName=NetC64.2_2 Pin=C67.2-1
Added Pin To Net: NetName=NetC67.2_2 Pin=C67.2-2
Added Pin To Net: NetName=+5VA Pin=C68.2-1
Added Pin To Net: NetName=GND Pin=C68.2-2
Added Pin To Net: NetName=+5VA Pin=C69.2-1
Added Pin To Net: NetName=GND Pin=C69.2-2
Added Pin To Net: NetName=+5VA Pin=C70.2-1
Added Pin To Net: NetName=GND Pin=C70.2-2
Added Pin To Net: NetName=IN15_P Pin=C71.2-1
Added Pin To Net: NetName=IN15_N Pin=C71.2-2
Added Pin To Net: NetName=NetC72.2_1 Pin=C72.2-1
Added Pin To Net: NetName=NetC67.2_2 Pin=C72.2-2
Added Pin To Net: NetName=+2V5 Pin=C73.2-1
Added Pin To Net: NetName=NetC73.2_2 Pin=C73.2-2
Added Pin To Net: NetName=NetC67.2_2 Pin=C74.2-1
Added Pin To Net: NetName=+2V5 Pin=C74.2-2
Added Pin To Net: NetName=NetC75.2_1 Pin=C75.2-1
Added Pin To Net: NetName=NetC75.2_2 Pin=C75.2-2
Added Pin To Net: NetName=+2V5 Pin=C76.2-1
Added Pin To Net: NetName=GND Pin=C76.2-2
Added Pin To Net: NetName=+2V5 Pin=C77.2-1
Added Pin To Net: NetName=GND Pin=C77.2-2
Added Pin To Net: NetName=+2V5 Pin=C78.2-1
Added Pin To Net: NetName=GND Pin=C78.2-2
Added Pin To Net: NetName=NetC79.2_1 Pin=C79.2-1
Added Pin To Net: NetName=-V1.2 Pin=C79.2-2
Added Pin To Net: NetName=NetC80.2_1 Pin=C80.2-1
Added Pin To Net: NetName=V1.2 Pin=C80.2-2
Added Pin To Net: NetName=+2V5 Pin=C81.2-1
Added Pin To Net: NetName=NetC81.2_2 Pin=C81.2-2
Added Pin To Net: NetName=GND Pin=D10.2-1
Added Pin To Net: NetName=+5VA Pin=D10.2-2
Added Pin To Net: NetName=NetC64.2_2 Pin=D10.2-3
Added Pin To Net: NetName=GND Pin=D11.2-1
Added Pin To Net: NetName=+5VA Pin=D11.2-2
Added Pin To Net: NetName=NetC67.2_2 Pin=D11.2-3
Added Pin To Net: NetName=GND Pin=D12.2-1
Added Pin To Net: NetName=+5VA Pin=D12.2-2
Added Pin To Net: NetName=NetD12.2_3 Pin=D12.2-3
Added Pin To Net: NetName=+2V5 Pin=R34.2-1
Added Pin To Net: NetName=NetC62.2_1 Pin=R34.2-2
Added Pin To Net: NetName=NetC62.2_1 Pin=R35.2-1
Added Pin To Net: NetName=IN15_P Pin=R35.2-2
Added Pin To Net: NetName=NetC58.2_2 Pin=R36.2-1
Added Pin To Net: NetName=NetC58.2_1 Pin=R36.2-2
Added Pin To Net: NetName=NetJ6.1_1 Pin=R37.2-1
Added Pin To Net: NetName=NetC64.2_1 Pin=R37.2-2
Added Pin To Net: NetName=NetC64.2_2 Pin=R38.2-1
Added Pin To Net: NetName=+2V5 Pin=R38.2-2
Added Pin To Net: NetName=NetC64.2_1 Pin=R39.2-1
Added Pin To Net: NetName=PHANTOM1.1 Pin=R39.2-2
Added Pin To Net: NetName=NetC62.2_2 Pin=R40.2-1
Added Pin To Net: NetName=IN15_P Pin=R40.2-2
Added Pin To Net: NetName=+2V5 Pin=R41.2-1
Added Pin To Net: NetName=NetC66.2_1 Pin=R41.2-2
Added Pin To Net: NetName=+2V5 Pin=R42.2-1
Added Pin To Net: NetName=NetC66.2_2 Pin=R42.2-2
Added Pin To Net: NetName=NetC64.2_2 Pin=R43.2-1
Added Pin To Net: NetName=NetC58.2_1 Pin=R43.2-2
Added Pin To Net: NetName=NetC67.2_2 Pin=R44.2-1
Added Pin To Net: NetName=NetC73.2_2 Pin=R44.2-2
Added Pin To Net: NetName=PHANTOM1.1 Pin=R45.2-1
Added Pin To Net: NetName=NetC72.2_1 Pin=R45.2-2
Added Pin To Net: NetName=NetJ6.1_2 Pin=R46.2-1
Added Pin To Net: NetName=NetC72.2_1 Pin=R46.2-2
Added Pin To Net: NetName=NetC75.2_1 Pin=R47.2-1
Added Pin To Net: NetName=IN15_N Pin=R47.2-2
Added Pin To Net: NetName=NetC73.2_2 Pin=R48.2-1
Added Pin To Net: NetName=+2V5 Pin=R48.2-2
Added Pin To Net: NetName=NetC67.2_2 Pin=R49.2-1
Added Pin To Net: NetName=+2V5 Pin=R49.2-2
Added Pin To Net: NetName=NetC75.2_1 Pin=R50.2-1
Added Pin To Net: NetName=IN15_P Pin=R50.2-2
Added Pin To Net: NetName=NetC75.2_2 Pin=R51.2-1
Added Pin To Net: NetName=IN15_N Pin=R51.2-2
Added Pin To Net: NetName=-V1.2 Pin=R52.2-1
Added Pin To Net: NetName=NetC79.2_1 Pin=R52.2-2
Added Pin To Net: NetName=NetC80.2_1 Pin=R53.2-1
Added Pin To Net: NetName=NetC58.2_2 Pin=R53.2-2
Added Pin To Net: NetName=V1.2 Pin=R54.2-1
Added Pin To Net: NetName=NetC79.2_1 Pin=R54.2-2
Added Pin To Net: NetName=+2V5 Pin=R55.2-1
Added Pin To Net: NetName=NetR55.2_2 Pin=R55.2-2
Added Pin To Net: NetName=NetC81.2_2 Pin=R56.2-1
Added Pin To Net: NetName=+2V5 Pin=R56.2-2
Added Pin To Net: NetName=NetD12.2_3 Pin=R57.2-1
Added Pin To Net: NetName=NetC82.2_2 Pin=R57.2-2
Added Pin To Net: NetName=NetC80.2_1 Pin=R58.2-1
Added Pin To Net: NetName=NetD12.2_3 Pin=R58.2-2
Added Pin To Net: NetName=NetC82.2_2 Pin=R59.2-1
Added Pin To Net: NetName=+2V5 Pin=R59.2-2
Added Pin To Net: NetName=NetR60.2_1 Pin=R60.2-1
Added Pin To Net: NetName=NetC80.2_1 Pin=R60.2-2
Added Pin To Net: NetName=NetC83.2_1 Pin=R61.2-1
Added Pin To Net: NetName=NetR61.2_2 Pin=R61.2-2
Added Pin To Net: NetName=+2V5 Pin=R62.2-1
Added Pin To Net: NetName=NetR62.2_2 Pin=R62.2-2
Added Pin To Net: NetName=-V1.2 Pin=R63.2-1
Added Pin To Net: NetName=NetC80.2_1 Pin=R63.2-2
Added Pin To Net: NetName=NetC83.2_1 Pin=R64.2-1
Added Pin To Net: NetName=-V1.2 Pin=R64.2-2
Added Pin To Net: NetName=NetC66.2_1 Pin=R65.2-1
Added Pin To Net: NetName=NetC83.2_1 Pin=R65.2-2
Added Pin To Net: NetName=NetC62.2_2 Pin=U17.2-1
Added Pin To Net: NetName=NetC62.2_1 Pin=U17.2-2
Added Pin To Net: NetName=NetC66.2_2 Pin=U17.2-3
Added Pin To Net: NetName=GND Pin=U17.2-4
Added Pin To Net: NetName=+2V5 Pin=U17.2-5
Added Pin To Net: NetName=NetC75.2_1 Pin=U17.2-6
Added Pin To Net: NetName=NetC75.2_2 Pin=U17.2-7
Added Pin To Net: NetName=+5VA Pin=U17.2-8
Added Pin To Net: NetName=NetC58.2_2 Pin=U18.2-1
Added Pin To Net: NetName=NetC58.2_1 Pin=U18.2-2
Added Pin To Net: NetName=NetC73.2_2 Pin=U18.2-3
Added Pin To Net: NetName=+5VA Pin=U18.2-4
Added Pin To Net: NetName=NetR55.2_2 Pin=U18.2-5
Added Pin To Net: NetName=NetC80.2_1 Pin=U18.2-6
Added Pin To Net: NetName=V1.2 Pin=U18.2-7
Added Pin To Net: NetName=NetC66.2_1 Pin=U18.2-8
Added Pin To Net: NetName=NetC83.2_1 Pin=U18.2-9
Added Pin To Net: NetName=NetR62.2_2 Pin=U18.2-10
Added Pin To Net: NetName=GND Pin=U18.2-11
Added Pin To Net: NetName=NetC81.2_2 Pin=U18.2-12
Added Pin To Net: NetName=NetC79.2_1 Pin=U18.2-13
Added Pin To Net: NetName=-V1.2 Pin=U18.2-14
Added Member To Class: ClassName=U_InputAmplifier2 Member=Component C58.2 (C58) Capacitor
Added Member To Class: ClassName=U_InputAmplifier2 Member=Component C59.2 (C59) Capacitor
Added Member To Class: ClassName=U_InputAmplifier2 Member=Component C60.2 (C60) Capacitor
Added Member To Class: ClassName=U_InputAmplifier2 Member=Component C61.2 (C61) Capacitor
Added Member To Class: ClassName=U_InputAmplifier2 Member=Component C62.2 (C62) Capacitor
Added Member To Class: ClassName=U_InputAmplifier2 Member=Component C63.2 (C63) Capacitor
Added Member To Class: ClassName=U_InputAmplifier2 Member=Component C64.2 (C64) Capacitor
Added Member To Class: ClassName=U_InputAmplifier2 Member=Component C65.2 (C65) Capacitor
Added Member To Class: ClassName=U_InputAmplifier2 Member=Component C66.2 (C66) Capacitor
Added Member To Class: ClassName=U_InputAmplifier2 Member=Component C67.2 (C67) Capacitor
Added Member To Class: ClassName=U_InputAmplifier2 Member=Component C68.2 (C68) Capacitor
Added Member To Class: ClassName=U_InputAmplifier2 Member=Component C69.2 (C69) Capacitor
Added Member To Class: ClassName=U_InputAmplifier2 Member=Component C70.2 (C70) Capacitor
Added Member To Class: ClassName=U_InputAmplifier2 Member=Component C71.2 (C71) Capacitor
Added Member To Class: ClassName=U_InputAmplifier2 Member=Component C72.2 (C72) Capacitor
Added Member To Class: ClassName=U_InputAmplifier2 Member=Component C73.2 (C73) Capacitor
Added Member To Class: ClassName=U_InputAmplifier2 Member=Component C74.2 (C74) Capacitor
Added Member To Class: ClassName=U_InputAmplifier2 Member=Component C75.2 (C75) Capacitor
Added Member To Class: ClassName=U_InputAmplifier2 Member=Component C76.2 (C76) Capacitor
Added Member To Class: ClassName=U_InputAmplifier2 Member=Component C77.2 (C77) Capacitor
Added Member To Class: ClassName=U_InputAmplifier2 Member=Component C78.2 (C78) Capacitor
Added Member To Class: ClassName=U_InputAmplifier2 Member=Component C79.2 (C79) Capacitor
Added Member To Class: ClassName=U_InputAmplifier2 Member=Component C80.2 (C80) Capacitor
Added Member To Class: ClassName=U_InputAmplifier2 Member=Component C81.2 (C81) Capacitor
Added Member To Class: ClassName=U_InputAmplifier2 Member=Component D10.2 (D10) Diode_dual
Added Member To Class: ClassName=U_InputAmplifier2 Member=Component D11.2 (D11) Diode_dual
Added Member To Class: ClassName=U_InputAmplifier2 Member=Component D12.2 (D12) Diode_dual
Added Member To Class: ClassName=U_InputAmplifier2 Member=Component R34.2 (R34) Resistor
Added Member To Class: ClassName=U_InputAmplifier2 Member=Component R35.2 (R35) Resistor
Added Member To Class: ClassName=U_InputAmplifier2 Member=Component R36.2 (R36) Resistor
Added Member To Class: ClassName=U_InputAmplifier2 Member=Component R37.2 (R37) Resistor
Added Member To Class: ClassName=U_InputAmplifier2 Member=Component R38.2 (R38) Resistor
Added Member To Class: ClassName=U_InputAmplifier2 Member=Component R39.2 (R39) Resistor
Added Member To Class: ClassName=U_InputAmplifier2 Member=Component R40.2 (R40) Resistor
Added Member To Class: ClassName=U_InputAmplifier2 Member=Component R41.2 (R41) Resistor
Added Member To Class: ClassName=U_InputAmplifier2 Member=Component R42.2 (R42) Resistor
Added Member To Class: ClassName=U_InputAmplifier2 Member=Component R43.2 (R43) Resistor
Added Member To Class: ClassName=U_InputAmplifier2 Member=Component R44.2 (R44) Resistor
Added Member To Class: ClassName=U_InputAmplifier2 Member=Component R45.2 (R45) Resistor
Added Member To Class: ClassName=U_InputAmplifier2 Member=Component R46.2 (R46) Resistor
Added Member To Class: ClassName=U_InputAmplifier2 Member=Component R47.2 (R47) Resistor
Added Member To Class: ClassName=U_InputAmplifier2 Member=Component R48.2 (R48) Resistor
Added Member To Class: ClassName=U_InputAmplifier2 Member=Component R49.2 (R49) Resistor
Added Member To Class: ClassName=U_InputAmplifier2 Member=Component R50.2 (R50) Resistor
Added Member To Class: ClassName=U_InputAmplifier2 Member=Component R51.2 (R51) Resistor
Added Member To Class: ClassName=U_InputAmplifier2 Member=Component R52.2 (R52) Resistor
Added Member To Class: ClassName=U_InputAmplifier2 Member=Component R53.2 (R53) Resistor
Added Member To Class: ClassName=U_InputAmplifier2 Member=Component R54.2 (R54) Resistor
Added Member To Class: ClassName=U_InputAmplifier2 Member=Component R55.2 (R55) Resistor
Added Member To Class: ClassName=U_InputAmplifier2 Member=Component R56.2 (R56) Resistor
Added Member To Class: ClassName=U_InputAmplifier2 Member=Component R57.2 (R57) Resistor
Added Member To Class: ClassName=U_InputAmplifier2 Member=Component R58.2 (R58) Resistor
Added Member To Class: ClassName=U_InputAmplifier2 Member=Component R59.2 (R59) Resistor
Added Member To Class: ClassName=U_InputAmplifier2 Member=Component R60.2 (R60) Resistor
Added Member To Class: ClassName=U_InputAmplifier2 Member=Component R61.2 (R61) Resistor
Added Member To Class: ClassName=U_InputAmplifier2 Member=Component R62.2 (R62) Resistor
Added Member To Class: ClassName=U_InputAmplifier2 Member=Component R63.2 (R63) Resistor
Added Member To Class: ClassName=U_InputAmplifier2 Member=Component R64.2 (R64) Resistor
Added Member To Class: ClassName=U_InputAmplifier2 Member=Component R65.2 (R65) Resistor
Added Member To Class: ClassName=U_InputAmplifier2 Member=Component U17.2 (U17A) OPA_DUAL
Added Member To Class: ClassName=U_InputAmplifier2 Member=Component U18.2 (U18A) OPA1664
