Added Component: Designator=C59.3(0402)
Added Component: Designator=C59.5(0402)
Added Component: Designator=C59.6(0402)
Added Component: Designator=C59.8(0402)
Added Component: Designator=C59.10(0402)
Added Component: Designator=C59.11(0402)
Added Component: Designator=C59.13(0402)
Added Component: Designator=C59.14(0402)
Added Component: Designator=C60.3(0402)
Added Component: Designator=C60.5(0402)
Added Component: Designator=C60.6(0402)
Added Component: Designator=C60.8(0402)
Added Component: Designator=C60.10(0402)
Added Component: Designator=C60.11(0402)
Added Component: Designator=C60.13(0402)
Added Component: Designator=C60.14(0402)
Added Component: Designator=C61.3(0402)
Added Component: Designator=C61.5(0402)
Added Component: Designator=C61.6(0402)
Added Component: Designator=C61.8(0402)
Added Component: Designator=C61.13(0402)
Added Component: Designator=C61.14(0402)
Added Component: Designator=C68.3(0402)
Added Component: Designator=C68.5(0402)
Added Component: Designator=C68.6(0402)
Added Component: Designator=C68.8(0402)
Added Component: Designator=C68.10(0402)
Added Component: Designator=C68.11(0402)
Added Component: Designator=C68.13(0402)
Added Component: Designator=C68.14(0402)
Added Component: Designator=C69.3(0402)
Added Component: Designator=C69.5(0402)
Added Component: Designator=C69.6(0402)
Added Component: Designator=C69.8(0402)
Added Component: Designator=C69.13(0402)
Added Component: Designator=C69.14(0402)
Added Component: Designator=C70.3(0402)
Added Component: Designator=C70.5(0402)
Added Component: Designator=C70.6(0402)
Added Component: Designator=C70.8(0402)
Added Component: Designator=C70.10(0402)
Added Component: Designator=C70.11(0402)
Added Component: Designator=C70.13(0402)
Added Component: Designator=C70.14(0402)
Added Component: Designator=C76.3(0402)
Added Component: Designator=C76.5(0402)
Added Component: Designator=C76.6(0402)
Added Component: Designator=C76.8(0402)
Added Component: Designator=C76.10(0402)
Added Component: Designator=C76.11(0402)
Added Component: Designator=C76.13(0402)
Added Component: Designator=C76.14(0402)
Added Component: Designator=C77.3(0402)
Added Component: Designator=C77.5(0402)
Added Component: Designator=C77.6(0402)
Added Component: Designator=C77.8(0402)
Added Component: Designator=C77.10(0402)
Added Component: Designator=C77.11(0402)
Added Component: Designator=C77.13(0402)
Added Component: Designator=C77.14(0402)
Added Component: Designator=C78.3(0402)
Added Component: Designator=C78.5(0402)
Added Component: Designator=C78.6(0402)
Added Component: Designator=C78.8(0402)
Added Component: Designator=C78.10(0402)
Added Component: Designator=C78.11(0402)
Added Component: Designator=C78.13(0402)
Added Component: Designator=C78.14(0402)
Added Component: Designator=C79.1(0402)
Added Component: Designator=C82.3(0805)
Added Component: Designator=C82.5(0805)
Added Component: Designator=C82.6(0805)
Added Component: Designator=C82.8(0805)
Added Component: Designator=C82.10(0805)
Added Component: Designator=C82.11(0805)
Added Component: Designator=C82.13(0805)
Added Component: Designator=C82.14(0805)
Added Component: Designator=C82.16(0805)
Added Component: Designator=C83.3(0402)
Added Component: Designator=C83.5(0402)
Added Component: Designator=C83.6(0402)
Added Component: Designator=C83.8(0402)
Added Component: Designator=C83.10(0402)
Added Component: Designator=C83.11(0402)
Added Component: Designator=C83.13(0402)
Added Component: Designator=C83.14(0402)
Added Component: Designator=C83.16(0402)
Added Component: Designator=C84.3(0402)
Added Component: Designator=C84.5(0402)
Added Component: Designator=C84.6(0402)
Added Component: Designator=C84.8(0402)
Added Component: Designator=C84.10(0402)
Added Component: Designator=C84.11(0402)
Added Component: Designator=C84.13(0402)
Added Component: Designator=C84.14(0402)
Added Component: Designator=C84.16(0402)
Added Component: Designator=C146.6(0402)
Added Component: Designator=C147.6(0402)
Added Component: Designator=C148.6(0402)
Added Component: Designator=U18.3(14-TSSOP)
Added Component: Designator=U18.5(14-TSSOP)
Added Component: Designator=U18.6(14-TSSOP)
Added Component: Designator=U18.8(14-TSSOP)
Added Component: Designator=U18.10(14-TSSOP)
Added Component: Designator=U18.11(14-TSSOP)
Added Component: Designator=U18.13(14-TSSOP)
Added Component: Designator=U18.14(14-TSSOP)
Added Component: Designator=U18.16(14-TSSOP)
Added Component: Designator=U24.6(14-TSSOP)
Added Pin To Net: NetName=+5VA Pin=C59.3-1
Added Pin To Net: NetName=GND Pin=C59.3-2
Added Pin To Net: NetName=+5VA Pin=C59.5-1
Added Pin To Net: NetName=GND Pin=C59.5-2
Added Pin To Net: NetName=+5VA Pin=C59.6-1
Added Pin To Net: NetName=GND Pin=C59.6-2
Added Pin To Net: NetName=+5VA Pin=C59.8-1
Added Pin To Net: NetName=GND Pin=C59.8-2
Added Pin To Net: NetName=+5VA Pin=C59.10-1
Added Pin To Net: NetName=GND Pin=C59.10-2
Added Pin To Net: NetName=+5VA Pin=C59.11-1
Added Pin To Net: NetName=GND Pin=C59.11-2
Added Pin To Net: NetName=+5VA Pin=C59.13-1
Added Pin To Net: NetName=GND Pin=C59.13-2
Added Pin To Net: NetName=+5VA Pin=C59.14-1
Added Pin To Net: NetName=GND Pin=C59.14-2
Added Pin To Net: NetName=+5VA Pin=C60.3-1
Added Pin To Net: NetName=GND Pin=C60.3-2
Added Pin To Net: NetName=+5VA Pin=C60.5-1
Added Pin To Net: NetName=GND Pin=C60.5-2
Added Pin To Net: NetName=+5VA Pin=C60.6-1
Added Pin To Net: NetName=GND Pin=C60.6-2
Added Pin To Net: NetName=+5VA Pin=C60.8-1
Added Pin To Net: NetName=GND Pin=C60.8-2
Added Pin To Net: NetName=+5VA Pin=C60.10-1
Added Pin To Net: NetName=GND Pin=C60.10-2
Added Pin To Net: NetName=+5VA Pin=C60.11-1
Added Pin To Net: NetName=GND Pin=C60.11-2
Added Pin To Net: NetName=+5VA Pin=C60.13-1
Added Pin To Net: NetName=GND Pin=C60.13-2
Added Pin To Net: NetName=+5VA Pin=C60.14-1
Added Pin To Net: NetName=GND Pin=C60.14-2
Added Pin To Net: NetName=+5VA Pin=C61.3-1
Added Pin To Net: NetName=GND Pin=C61.3-2
Added Pin To Net: NetName=+5VA Pin=C61.5-1
Added Pin To Net: NetName=GND Pin=C61.5-2
Added Pin To Net: NetName=+5VA Pin=C61.6-1
Added Pin To Net: NetName=GND Pin=C61.6-2
Added Pin To Net: NetName=+5VA Pin=C61.8-1
Added Pin To Net: NetName=GND Pin=C61.8-2
Added Pin To Net: NetName=+5VA Pin=C61.13-1
Added Pin To Net: NetName=GND Pin=C61.13-2
Added Pin To Net: NetName=+5VA Pin=C61.14-1
Added Pin To Net: NetName=GND Pin=C61.14-2
Added Pin To Net: NetName=+5VA Pin=C68.3-1
Added Pin To Net: NetName=GND Pin=C68.3-2
Added Pin To Net: NetName=+5VA Pin=C68.5-1
Added Pin To Net: NetName=GND Pin=C68.5-2
Added Pin To Net: NetName=+5VA Pin=C68.6-1
Added Pin To Net: NetName=GND Pin=C68.6-2
Added Pin To Net: NetName=+5VA Pin=C68.8-1
Added Pin To Net: NetName=GND Pin=C68.8-2
Added Pin To Net: NetName=+5VA Pin=C68.10-1
Added Pin To Net: NetName=GND Pin=C68.10-2
Added Pin To Net: NetName=+5VA Pin=C68.11-1
Added Pin To Net: NetName=GND Pin=C68.11-2
Added Pin To Net: NetName=+5VA Pin=C68.13-1
Added Pin To Net: NetName=GND Pin=C68.13-2
Added Pin To Net: NetName=+5VA Pin=C68.14-1
Added Pin To Net: NetName=GND Pin=C68.14-2
Added Pin To Net: NetName=+5VA Pin=C69.3-1
Added Pin To Net: NetName=GND Pin=C69.3-2
Added Pin To Net: NetName=+5VA Pin=C69.5-1
Added Pin To Net: NetName=GND Pin=C69.5-2
Added Pin To Net: NetName=+5VA Pin=C69.6-1
Added Pin To Net: NetName=GND Pin=C69.6-2
Added Pin To Net: NetName=+5VA Pin=C69.8-1
Added Pin To Net: NetName=GND Pin=C69.8-2
Added Pin To Net: NetName=+5VA Pin=C69.13-1
Added Pin To Net: NetName=GND Pin=C69.13-2
Added Pin To Net: NetName=+5VA Pin=C69.14-1
Added Pin To Net: NetName=GND Pin=C69.14-2
Added Pin To Net: NetName=+5VA Pin=C70.3-1
Added Pin To Net: NetName=GND Pin=C70.3-2
Added Pin To Net: NetName=+5VA Pin=C70.5-1
Added Pin To Net: NetName=GND Pin=C70.5-2
Added Pin To Net: NetName=+5VA Pin=C70.6-1
Added Pin To Net: NetName=GND Pin=C70.6-2
Added Pin To Net: NetName=+5VA Pin=C70.8-1
Added Pin To Net: NetName=GND Pin=C70.8-2
Added Pin To Net: NetName=+5VA Pin=C70.10-1
Added Pin To Net: NetName=GND Pin=C70.10-2
Added Pin To Net: NetName=+5VA Pin=C70.11-1
Added Pin To Net: NetName=GND Pin=C70.11-2
Added Pin To Net: NetName=+5VA Pin=C70.13-1
Added Pin To Net: NetName=GND Pin=C70.13-2
Added Pin To Net: NetName=+5VA Pin=C70.14-1
Added Pin To Net: NetName=GND Pin=C70.14-2
Added Pin To Net: NetName=+2V5 Pin=C76.3-1
Added Pin To Net: NetName=GND Pin=C76.3-2
Added Pin To Net: NetName=+2V5 Pin=C76.5-1
Added Pin To Net: NetName=GND Pin=C76.5-2
Added Pin To Net: NetName=+2V5 Pin=C76.6-1
Added Pin To Net: NetName=GND Pin=C76.6-2
Added Pin To Net: NetName=+2V5 Pin=C76.8-1
Added Pin To Net: NetName=GND Pin=C76.8-2
Added Pin To Net: NetName=+2V5 Pin=C76.10-1
Added Pin To Net: NetName=GND Pin=C76.10-2
Added Pin To Net: NetName=+2V5 Pin=C76.11-1
Added Pin To Net: NetName=GND Pin=C76.11-2
Added Pin To Net: NetName=+2V5 Pin=C76.13-1
Added Pin To Net: NetName=GND Pin=C76.13-2
Added Pin To Net: NetName=+2V5 Pin=C76.14-1
Added Pin To Net: NetName=GND Pin=C76.14-2
Added Pin To Net: NetName=+2V5 Pin=C77.3-1
Added Pin To Net: NetName=GND Pin=C77.3-2
Added Pin To Net: NetName=+2V5 Pin=C77.5-1
Added Pin To Net: NetName=GND Pin=C77.5-2
Added Pin To Net: NetName=+2V5 Pin=C77.6-1
Added Pin To Net: NetName=GND Pin=C77.6-2
Added Pin To Net: NetName=+2V5 Pin=C77.8-1
Added Pin To Net: NetName=GND Pin=C77.8-2
Added Pin To Net: NetName=+2V5 Pin=C77.10-1
Added Pin To Net: NetName=GND Pin=C77.10-2
Added Pin To Net: NetName=+2V5 Pin=C77.11-1
Added Pin To Net: NetName=GND Pin=C77.11-2
Added Pin To Net: NetName=+2V5 Pin=C77.13-1
Added Pin To Net: NetName=GND Pin=C77.13-2
Added Pin To Net: NetName=+2V5 Pin=C77.14-1
Added Pin To Net: NetName=GND Pin=C77.14-2
Added Pin To Net: NetName=+2V5 Pin=C78.3-1
Added Pin To Net: NetName=GND Pin=C78.3-2
Added Pin To Net: NetName=+2V5 Pin=C78.5-1
Added Pin To Net: NetName=GND Pin=C78.5-2
Added Pin To Net: NetName=+2V5 Pin=C78.6-1
Added Pin To Net: NetName=GND Pin=C78.6-2
Added Pin To Net: NetName=+2V5 Pin=C78.8-1
Added Pin To Net: NetName=GND Pin=C78.8-2
Added Pin To Net: NetName=+2V5 Pin=C78.10-1
Added Pin To Net: NetName=GND Pin=C78.10-2
Added Pin To Net: NetName=+2V5 Pin=C78.11-1
Added Pin To Net: NetName=GND Pin=C78.11-2
Added Pin To Net: NetName=+2V5 Pin=C78.13-1
Added Pin To Net: NetName=GND Pin=C78.13-2
Added Pin To Net: NetName=+2V5 Pin=C78.14-1
Added Pin To Net: NetName=GND Pin=C78.14-2
Added Pin To Net: NetName=NetC79.1_1 Pin=C79.1-1
Added Pin To Net: NetName=-V1.1 Pin=C79.1-2
Added Pin To Net: NetName=NetC82.3_1 Pin=C82.3-1
Added Pin To Net: NetName=NetC82.3_2 Pin=C82.3-2
Added Pin To Net: NetName=NetC82.5_1 Pin=C82.5-1
Added Pin To Net: NetName=NetC82.5_2 Pin=C82.5-2
Added Pin To Net: NetName=NetC82.6_1 Pin=C82.6-1
Added Pin To Net: NetName=NetC82.6_2 Pin=C82.6-2
Added Pin To Net: NetName=NetC82.8_1 Pin=C82.8-1
Added Pin To Net: NetName=NetC82.8_2 Pin=C82.8-2
Added Pin To Net: NetName=NetC82.10_1 Pin=C82.10-1
Added Pin To Net: NetName=NetC82.10_2 Pin=C82.10-2
Added Pin To Net: NetName=NetC82.11_1 Pin=C82.11-1
Added Pin To Net: NetName=NetC82.11_2 Pin=C82.11-2
Added Pin To Net: NetName=NetC82.13_1 Pin=C82.13-1
Added Pin To Net: NetName=NetC82.13_2 Pin=C82.13-2
Added Pin To Net: NetName=NetC82.14_1 Pin=C82.14-1
Added Pin To Net: NetName=NetC82.14_2 Pin=C82.14-2
Added Pin To Net: NetName=NetC82.16_1 Pin=C82.16-1
Added Pin To Net: NetName=NetC82.16_2 Pin=C82.16-2
Added Pin To Net: NetName=NetC83.3_1 Pin=C83.3-1
Added Pin To Net: NetName=NetC66.3_1 Pin=C83.3-2
Added Pin To Net: NetName=NetC83.5_1 Pin=C83.5-1
Added Pin To Net: NetName=NetC66.5_1 Pin=C83.5-2
Added Pin To Net: NetName=NetC83.6_1 Pin=C83.6-1
Added Pin To Net: NetName=NetC66.6_1 Pin=C83.6-2
Added Pin To Net: NetName=NetC83.8_1 Pin=C83.8-1
Added Pin To Net: NetName=NetC66.8_1 Pin=C83.8-2
Added Pin To Net: NetName=NetC83.10_1 Pin=C83.10-1
Added Pin To Net: NetName=NetC66.10_1 Pin=C83.10-2
Added Pin To Net: NetName=NetC83.11_1 Pin=C83.11-1
Added Pin To Net: NetName=NetC66.11_1 Pin=C83.11-2
Added Pin To Net: NetName=NetC83.13_1 Pin=C83.13-1
Added Pin To Net: NetName=NetC66.13_1 Pin=C83.13-2
Added Pin To Net: NetName=NetC83.14_1 Pin=C83.14-1
Added Pin To Net: NetName=NetC66.14_1 Pin=C83.14-2
Added Pin To Net: NetName=NetC83.16_1 Pin=C83.16-1
Added Pin To Net: NetName=NetC66.16_1 Pin=C83.16-2
Added Pin To Net: NetName=NetC82.3_2 Pin=C84.3-1
Added Pin To Net: NetName=+2V5 Pin=C84.3-2
Added Pin To Net: NetName=NetC82.5_2 Pin=C84.5-1
Added Pin To Net: NetName=+2V5 Pin=C84.5-2
Added Pin To Net: NetName=NetC82.6_2 Pin=C84.6-1
Added Pin To Net: NetName=+2V5 Pin=C84.6-2
Added Pin To Net: NetName=NetC82.8_2 Pin=C84.8-1
Added Pin To Net: NetName=+2V5 Pin=C84.8-2
Added Pin To Net: NetName=NetC82.10_2 Pin=C84.10-1
Added Pin To Net: NetName=+2V5 Pin=C84.10-2
Added Pin To Net: NetName=NetC82.11_2 Pin=C84.11-1
Added Pin To Net: NetName=+2V5 Pin=C84.11-2
Added Pin To Net: NetName=NetC82.13_2 Pin=C84.13-1
Added Pin To Net: NetName=+2V5 Pin=C84.13-2
Added Pin To Net: NetName=NetC82.14_2 Pin=C84.14-1
Added Pin To Net: NetName=+2V5 Pin=C84.14-2
Added Pin To Net: NetName=NetC82.16_2 Pin=C84.16-1
Added Pin To Net: NetName=+2V5 Pin=C84.16-2
Added Pin To Net: NetName=NetC146.6_1 Pin=C146.6-1
Added Pin To Net: NetName=NetC146.6_2 Pin=C146.6-2
Added Pin To Net: NetName=NetC147.6_1 Pin=C147.6-1
Added Pin To Net: NetName=+2V5 Pin=C147.6-2
Added Pin To Net: NetName=NetC146.6_2 Pin=C148.6-1
Added Pin To Net: NetName=NetC148.6_2 Pin=C148.6-2
Added Pin To Net: NetName=NetC58.3_2 Pin=U18.3-1
Added Pin To Net: NetName=NetC58.3_1 Pin=U18.3-2
Added Pin To Net: NetName=NetC73.3_2 Pin=U18.3-3
Added Pin To Net: NetName=+5VA Pin=U18.3-4
Added Pin To Net: NetName=NetR55.3_2 Pin=U18.3-5
Added Pin To Net: NetName=NetC80.3_1 Pin=U18.3-6
Added Pin To Net: NetName=V1.3 Pin=U18.3-7
Added Pin To Net: NetName=NetC66.3_1 Pin=U18.3-8
Added Pin To Net: NetName=NetC83.3_1 Pin=U18.3-9
Added Pin To Net: NetName=NetR62.3_2 Pin=U18.3-10
Added Pin To Net: NetName=GND Pin=U18.3-11
Added Pin To Net: NetName=NetC81.3_2 Pin=U18.3-12
Added Pin To Net: NetName=NetC79.3_1 Pin=U18.3-13
Added Pin To Net: NetName=-V1.3 Pin=U18.3-14
Added Pin To Net: NetName=NetC58.5_2 Pin=U18.5-1
Added Pin To Net: NetName=NetC58.5_1 Pin=U18.5-2
Added Pin To Net: NetName=NetC73.5_2 Pin=U18.5-3
Added Pin To Net: NetName=+5VA Pin=U18.5-4
Added Pin To Net: NetName=NetR55.5_2 Pin=U18.5-5
Added Pin To Net: NetName=NetC80.5_1 Pin=U18.5-6
Added Pin To Net: NetName=V1.5 Pin=U18.5-7
Added Pin To Net: NetName=NetC66.5_1 Pin=U18.5-8
Added Pin To Net: NetName=NetC83.5_1 Pin=U18.5-9
Added Pin To Net: NetName=NetR62.5_2 Pin=U18.5-10
Added Pin To Net: NetName=GND Pin=U18.5-11
Added Pin To Net: NetName=NetC81.5_2 Pin=U18.5-12
Added Pin To Net: NetName=NetC79.5_1 Pin=U18.5-13
Added Pin To Net: NetName=-V1.5 Pin=U18.5-14
Added Pin To Net: NetName=NetC58.6_2 Pin=U18.6-1
Added Pin To Net: NetName=NetC58.6_1 Pin=U18.6-2
Added Pin To Net: NetName=NetC73.6_2 Pin=U18.6-3
Added Pin To Net: NetName=+5VA Pin=U18.6-4
Added Pin To Net: NetName=NetR55.6_2 Pin=U18.6-5
Added Pin To Net: NetName=NetC80.6_1 Pin=U18.6-6
Added Pin To Net: NetName=V1.6 Pin=U18.6-7
Added Pin To Net: NetName=NetC66.6_1 Pin=U18.6-8
Added Pin To Net: NetName=NetC83.6_1 Pin=U18.6-9
Added Pin To Net: NetName=NetR62.6_2 Pin=U18.6-10
Added Pin To Net: NetName=GND Pin=U18.6-11
Added Pin To Net: NetName=NetC81.6_2 Pin=U18.6-12
Added Pin To Net: NetName=NetC79.6_1 Pin=U18.6-13
Added Pin To Net: NetName=-V1.6 Pin=U18.6-14
Added Pin To Net: NetName=NetC58.8_2 Pin=U18.8-1
Added Pin To Net: NetName=NetC58.8_1 Pin=U18.8-2
Added Pin To Net: NetName=NetC73.8_2 Pin=U18.8-3
Added Pin To Net: NetName=+5VA Pin=U18.8-4
Added Pin To Net: NetName=NetR55.8_2 Pin=U18.8-5
Added Pin To Net: NetName=NetC80.8_1 Pin=U18.8-6
Added Pin To Net: NetName=V1.8 Pin=U18.8-7
Added Pin To Net: NetName=NetC66.8_1 Pin=U18.8-8
Added Pin To Net: NetName=NetC83.8_1 Pin=U18.8-9
Added Pin To Net: NetName=NetR62.8_2 Pin=U18.8-10
Added Pin To Net: NetName=GND Pin=U18.8-11
Added Pin To Net: NetName=NetC81.8_2 Pin=U18.8-12
Added Pin To Net: NetName=NetC79.8_1 Pin=U18.8-13
Added Pin To Net: NetName=-V1.8 Pin=U18.8-14
Added Pin To Net: NetName=NetC58.10_2 Pin=U18.10-1
Added Pin To Net: NetName=NetC58.10_1 Pin=U18.10-2
Added Pin To Net: NetName=NetC73.10_2 Pin=U18.10-3
Added Pin To Net: NetName=+5VA Pin=U18.10-4
Added Pin To Net: NetName=NetR55.10_2 Pin=U18.10-5
Added Pin To Net: NetName=NetC80.10_1 Pin=U18.10-6
Added Pin To Net: NetName=V1.10 Pin=U18.10-7
Added Pin To Net: NetName=NetC66.10_1 Pin=U18.10-8
Added Pin To Net: NetName=NetC83.10_1 Pin=U18.10-9
Added Pin To Net: NetName=NetR62.10_2 Pin=U18.10-10
Added Pin To Net: NetName=GND Pin=U18.10-11
Added Pin To Net: NetName=NetC81.10_2 Pin=U18.10-12
Added Pin To Net: NetName=NetC79.10_1 Pin=U18.10-13
Added Pin To Net: NetName=-V1.10 Pin=U18.10-14
Added Pin To Net: NetName=NetC58.11_2 Pin=U18.11-1
Added Pin To Net: NetName=NetC58.11_1 Pin=U18.11-2
Added Pin To Net: NetName=NetC73.11_2 Pin=U18.11-3
Added Pin To Net: NetName=+5VA Pin=U18.11-4
Added Pin To Net: NetName=NetR55.11_2 Pin=U18.11-5
Added Pin To Net: NetName=NetC80.11_1 Pin=U18.11-6
Added Pin To Net: NetName=V1.11 Pin=U18.11-7
Added Pin To Net: NetName=NetC66.11_1 Pin=U18.11-8
Added Pin To Net: NetName=NetC83.11_1 Pin=U18.11-9
Added Pin To Net: NetName=NetR62.11_2 Pin=U18.11-10
Added Pin To Net: NetName=GND Pin=U18.11-11
Added Pin To Net: NetName=NetC81.11_2 Pin=U18.11-12
Added Pin To Net: NetName=NetC79.11_1 Pin=U18.11-13
Added Pin To Net: NetName=-V1.11 Pin=U18.11-14
Added Pin To Net: NetName=NetC58.13_2 Pin=U18.13-1
Added Pin To Net: NetName=NetC58.13_1 Pin=U18.13-2
Added Pin To Net: NetName=NetC73.13_2 Pin=U18.13-3
Added Pin To Net: NetName=+5VA Pin=U18.13-4
Added Pin To Net: NetName=NetR55.13_2 Pin=U18.13-5
Added Pin To Net: NetName=NetC80.13_1 Pin=U18.13-6
Added Pin To Net: NetName=V1.13 Pin=U18.13-7
Added Pin To Net: NetName=NetC66.13_1 Pin=U18.13-8
Added Pin To Net: NetName=NetC83.13_1 Pin=U18.13-9
Added Pin To Net: NetName=NetR62.13_2 Pin=U18.13-10
Added Pin To Net: NetName=GND Pin=U18.13-11
Added Pin To Net: NetName=NetC81.13_2 Pin=U18.13-12
Added Pin To Net: NetName=NetC79.13_1 Pin=U18.13-13
Added Pin To Net: NetName=-V1.13 Pin=U18.13-14
Added Pin To Net: NetName=NetC58.14_2 Pin=U18.14-1
Added Pin To Net: NetName=NetC58.14_1 Pin=U18.14-2
Added Pin To Net: NetName=NetC73.14_2 Pin=U18.14-3
Added Pin To Net: NetName=+5VA Pin=U18.14-4
Added Pin To Net: NetName=NetR55.14_2 Pin=U18.14-5
Added Pin To Net: NetName=NetC80.14_1 Pin=U18.14-6
Added Pin To Net: NetName=V1.14 Pin=U18.14-7
Added Pin To Net: NetName=NetC66.14_1 Pin=U18.14-8
Added Pin To Net: NetName=NetC83.14_1 Pin=U18.14-9
Added Pin To Net: NetName=NetR62.14_2 Pin=U18.14-10
Added Pin To Net: NetName=GND Pin=U18.14-11
Added Pin To Net: NetName=NetC81.14_2 Pin=U18.14-12
Added Pin To Net: NetName=NetC79.14_1 Pin=U18.14-13
Added Pin To Net: NetName=-V1.14 Pin=U18.14-14
Added Pin To Net: NetName=NetC58.16_2 Pin=U18.16-1
Added Pin To Net: NetName=NetC58.16_1 Pin=U18.16-2
Added Pin To Net: NetName=NetC73.16_2 Pin=U18.16-3
Added Pin To Net: NetName=+5VA Pin=U18.16-4
Added Pin To Net: NetName=NetR55.16_2 Pin=U18.16-5
Added Pin To Net: NetName=NetC80.16_1 Pin=U18.16-6
Added Pin To Net: NetName=V1.16 Pin=U18.16-7
Added Pin To Net: NetName=NetC66.16_1 Pin=U18.16-8
Added Pin To Net: NetName=NetC83.16_1 Pin=U18.16-9
Added Pin To Net: NetName=NetR62.16_2 Pin=U18.16-10
Added Pin To Net: NetName=GND Pin=U18.16-11
Added Pin To Net: NetName=NetC81.16_2 Pin=U18.16-12
Added Pin To Net: NetName=NetC79.16_1 Pin=U18.16-13
Added Pin To Net: NetName=-V1.16 Pin=U18.16-14
Added Pin To Net: NetName=NetC132.6_2 Pin=U24.6-1
Added Pin To Net: NetName=NetC132.6_1 Pin=U24.6-2
Added Pin To Net: NetName=NetC140.6_1 Pin=U24.6-3
Added Pin To Net: NetName=+5VA Pin=U24.6-4
Added Pin To Net: NetName=NetR94.6_1 Pin=U24.6-5
Added Pin To Net: NetName=NetC139.6_1 Pin=U24.6-6
Added Pin To Net: NetName=NetC139.6_2 Pin=U24.6-7
Added Pin To Net: NetName=NetC146.6_2 Pin=U24.6-8
Added Pin To Net: NetName=NetC146.6_1 Pin=U24.6-9
Added Pin To Net: NetName=NetR108.6_1 Pin=U24.6-10
Added Pin To Net: NetName=GND Pin=U24.6-11
Added Pin To Net: NetName=NetC147.6_1 Pin=U24.6-12
Added Pin To Net: NetName=NetC142.6_1 Pin=U24.6-13
Added Pin To Net: NetName=NetC142.6_2 Pin=U24.6-14
Added Member To Class: ClassName=U_InputAmplifier3 Member=Component C59.3 (C59) Capacitor
Added Member To Class: ClassName=U_InputAmplifier5 Member=Component C59.5 (C59) Capacitor
Added Member To Class: ClassName=U_InputAmplifier6 Member=Component C59.6 (C59) Capacitor
Added Member To Class: ClassName=U_InputAmplifier8 Member=Component C59.8 (C59) Capacitor
Added Member To Class: ClassName=U_InputAmplifier10 Member=Component C59.10 (C59) Capacitor
Added Member To Class: ClassName=U_InputAmplifier11 Member=Component C59.11 (C59) Capacitor
Added Member To Class: ClassName=U_InputAmplifier13 Member=Component C59.13 (C59) Capacitor
Added Member To Class: ClassName=U_InputAmplifier14 Member=Component C59.14 (C59) Capacitor
Added Member To Class: ClassName=U_InputAmplifier3 Member=Component C60.3 (C60) Capacitor
Added Member To Class: ClassName=U_InputAmplifier5 Member=Component C60.5 (C60) Capacitor
Added Member To Class: ClassName=U_InputAmplifier6 Member=Component C60.6 (C60) Capacitor
Added Member To Class: ClassName=U_InputAmplifier8 Member=Component C60.8 (C60) Capacitor
Added Member To Class: ClassName=U_InputAmplifier10 Member=Component C60.10 (C60) Capacitor
Added Member To Class: ClassName=U_InputAmplifier11 Member=Component C60.11 (C60) Capacitor
Added Member To Class: ClassName=U_InputAmplifier13 Member=Component C60.13 (C60) Capacitor
Added Member To Class: ClassName=U_InputAmplifier14 Member=Component C60.14 (C60) Capacitor
Added Member To Class: ClassName=U_InputAmplifier3 Member=Component C61.3 (C61) Capacitor
Added Member To Class: ClassName=U_InputAmplifier5 Member=Component C61.5 (C61) Capacitor
Added Member To Class: ClassName=U_InputAmplifier6 Member=Component C61.6 (C61) Capacitor
Added Member To Class: ClassName=U_InputAmplifier8 Member=Component C61.8 (C61) Capacitor
Added Member To Class: ClassName=U_InputAmplifier13 Member=Component C61.13 (C61) Capacitor
Added Member To Class: ClassName=U_InputAmplifier14 Member=Component C61.14 (C61) Capacitor
Added Member To Class: ClassName=U_InputAmplifier3 Member=Component C68.3 (C68) Capacitor
Added Member To Class: ClassName=U_InputAmplifier5 Member=Component C68.5 (C68) Capacitor
Added Member To Class: ClassName=U_InputAmplifier6 Member=Component C68.6 (C68) Capacitor
Added Member To Class: ClassName=U_InputAmplifier8 Member=Component C68.8 (C68) Capacitor
Added Member To Class: ClassName=U_InputAmplifier10 Member=Component C68.10 (C68) Capacitor
Added Member To Class: ClassName=U_InputAmplifier11 Member=Component C68.11 (C68) Capacitor
Added Member To Class: ClassName=U_InputAmplifier13 Member=Component C68.13 (C68) Capacitor
Added Member To Class: ClassName=U_InputAmplifier14 Member=Component C68.14 (C68) Capacitor
Added Member To Class: ClassName=U_InputAmplifier3 Member=Component C69.3 (C69) Capacitor
Added Member To Class: ClassName=U_InputAmplifier5 Member=Component C69.5 (C69) Capacitor
Added Member To Class: ClassName=U_InputAmplifier6 Member=Component C69.6 (C69) Capacitor
Added Member To Class: ClassName=U_InputAmplifier8 Member=Component C69.8 (C69) Capacitor
Added Member To Class: ClassName=U_InputAmplifier13 Member=Component C69.13 (C69) Capacitor
Added Member To Class: ClassName=U_InputAmplifier14 Member=Component C69.14 (C69) Capacitor
Added Member To Class: ClassName=U_InputAmplifier3 Member=Component C70.3 (C70) Capacitor
Added Member To Class: ClassName=U_InputAmplifier5 Member=Component C70.5 (C70) Capacitor
Added Member To Class: ClassName=U_InputAmplifier6 Member=Component C70.6 (C70) Capacitor
Added Member To Class: ClassName=U_InputAmplifier8 Member=Component C70.8 (C70) Capacitor
Added Member To Class: ClassName=U_InputAmplifier10 Member=Component C70.10 (C70) Capacitor
Added Member To Class: ClassName=U_InputAmplifier11 Member=Component C70.11 (C70) Capacitor
Added Member To Class: ClassName=U_InputAmplifier13 Member=Component C70.13 (C70) Capacitor
Added Member To Class: ClassName=U_InputAmplifier14 Member=Component C70.14 (C70) Capacitor
Added Member To Class: ClassName=U_InputAmplifier3 Member=Component C76.3 (C76) Capacitor
Added Member To Class: ClassName=U_InputAmplifier5 Member=Component C76.5 (C76) Capacitor
Added Member To Class: ClassName=U_InputAmplifier6 Member=Component C76.6 (C76) Capacitor
Added Member To Class: ClassName=U_InputAmplifier8 Member=Component C76.8 (C76) Capacitor
Added Member To Class: ClassName=U_InputAmplifier10 Member=Component C76.10 (C76) Capacitor
Added Member To Class: ClassName=U_InputAmplifier11 Member=Component C76.11 (C76) Capacitor
Added Member To Class: ClassName=U_InputAmplifier13 Member=Component C76.13 (C76) Capacitor
Added Member To Class: ClassName=U_InputAmplifier14 Member=Component C76.14 (C76) Capacitor
Added Member To Class: ClassName=U_InputAmplifier3 Member=Component C77.3 (C77) Capacitor
Added Member To Class: ClassName=U_InputAmplifier5 Member=Component C77.5 (C77) Capacitor
Added Member To Class: ClassName=U_InputAmplifier6 Member=Component C77.6 (C77) Capacitor
Added Member To Class: ClassName=U_InputAmplifier8 Member=Component C77.8 (C77) Capacitor
Added Member To Class: ClassName=U_InputAmplifier10 Member=Component C77.10 (C77) Capacitor
Added Member To Class: ClassName=U_InputAmplifier11 Member=Component C77.11 (C77) Capacitor
Added Member To Class: ClassName=U_InputAmplifier13 Member=Component C77.13 (C77) Capacitor
Added Member To Class: ClassName=U_InputAmplifier14 Member=Component C77.14 (C77) Capacitor
Added Member To Class: ClassName=U_InputAmplifier3 Member=Component C78.3 (C78) Capacitor
Added Member To Class: ClassName=U_InputAmplifier5 Member=Component C78.5 (C78) Capacitor
Added Member To Class: ClassName=U_InputAmplifier6 Member=Component C78.6 (C78) Capacitor
Added Member To Class: ClassName=U_InputAmplifier8 Member=Component C78.8 (C78) Capacitor
Added Member To Class: ClassName=U_InputAmplifier10 Member=Component C78.10 (C78) Capacitor
Added Member To Class: ClassName=U_InputAmplifier11 Member=Component C78.11 (C78) Capacitor
Added Member To Class: ClassName=U_InputAmplifier13 Member=Component C78.13 (C78) Capacitor
Added Member To Class: ClassName=U_InputAmplifier14 Member=Component C78.14 (C78) Capacitor
Added Member To Class: ClassName=U_InputAmplifier1 Member=Component C79.1 (C79) Capacitor
Added Member To Class: ClassName=U_InputAmplifier3 Member=Component C82.3 (C82) Capacitor
Added Member To Class: ClassName=U_InputAmplifier5 Member=Component C82.5 (C82) Capacitor
Added Member To Class: ClassName=U_InputAmplifier6 Member=Component C82.6 (C82) Capacitor
Added Member To Class: ClassName=U_InputAmplifier8 Member=Component C82.8 (C82) Capacitor
Added Member To Class: ClassName=U_InputAmplifier10 Member=Component C82.10 (C82) Capacitor
Added Member To Class: ClassName=U_InputAmplifier11 Member=Component C82.11 (C82) Capacitor
Added Member To Class: ClassName=U_InputAmplifier13 Member=Component C82.13 (C82) Capacitor
Added Member To Class: ClassName=U_InputAmplifier14 Member=Component C82.14 (C82) Capacitor
Added Member To Class: ClassName=U_InputAmplifier16 Member=Component C82.16 (C82) Capacitor
Added Member To Class: ClassName=U_InputAmplifier3 Member=Component C83.3 (C83) Capacitor
Added Member To Class: ClassName=U_InputAmplifier5 Member=Component C83.5 (C83) Capacitor
Added Member To Class: ClassName=U_InputAmplifier6 Member=Component C83.6 (C83) Capacitor
Added Member To Class: ClassName=U_InputAmplifier8 Member=Component C83.8 (C83) Capacitor
Added Member To Class: ClassName=U_InputAmplifier10 Member=Component C83.10 (C83) Capacitor
Added Member To Class: ClassName=U_InputAmplifier11 Member=Component C83.11 (C83) Capacitor
Added Member To Class: ClassName=U_InputAmplifier13 Member=Component C83.13 (C83) Capacitor
Added Member To Class: ClassName=U_InputAmplifier14 Member=Component C83.14 (C83) Capacitor
Added Member To Class: ClassName=U_InputAmplifier16 Member=Component C83.16 (C83) Capacitor
Added Member To Class: ClassName=U_InputAmplifier3 Member=Component C84.3 (C84) Capacitor
Added Member To Class: ClassName=U_InputAmplifier5 Member=Component C84.5 (C84) Capacitor
Added Member To Class: ClassName=U_InputAmplifier6 Member=Component C84.6 (C84) Capacitor
Added Member To Class: ClassName=U_InputAmplifier8 Member=Component C84.8 (C84) Capacitor
Added Member To Class: ClassName=U_InputAmplifier10 Member=Component C84.10 (C84) Capacitor
Added Member To Class: ClassName=U_InputAmplifier11 Member=Component C84.11 (C84) Capacitor
Added Member To Class: ClassName=U_InputAmplifier13 Member=Component C84.13 (C84) Capacitor
Added Member To Class: ClassName=U_InputAmplifier14 Member=Component C84.14 (C84) Capacitor
Added Member To Class: ClassName=U_InputAmplifier16 Member=Component C84.16 (C84) Capacitor
Added Member To Class: ClassName=U_OutputConnectors6 Member=Component C146.6 (C146) Capacitor
Added Member To Class: ClassName=U_OutputConnectors6 Member=Component C147.6 (C147) Capacitor
Added Member To Class: ClassName=U_OutputConnectors6 Member=Component C148.6 (C148) Capacitor
Added Member To Class: ClassName=U_InputAmplifier3 Member=Component U18.3 (U18A) OPA1664
Added Member To Class: ClassName=U_InputAmplifier5 Member=Component U18.5 (U18A) OPA1664
Added Member To Class: ClassName=U_InputAmplifier6 Member=Component U18.6 (U18A) OPA1664
Added Member To Class: ClassName=U_InputAmplifier8 Member=Component U18.8 (U18A) OPA1664
Added Member To Class: ClassName=U_InputAmplifier10 Member=Component U18.10 (U18A) OPA1664
Added Member To Class: ClassName=U_InputAmplifier11 Member=Component U18.11 (U18A) OPA1664
Added Member To Class: ClassName=U_InputAmplifier13 Member=Component U18.13 (U18A) OPA1664
Added Member To Class: ClassName=U_InputAmplifier14 Member=Component U18.14 (U18A) OPA1664
Added Member To Class: ClassName=U_InputAmplifier16 Member=Component U18.16 (U18A) OPA1664
Added Member To Class: ClassName=U_OutputConnectors6 Member=Component U24.6 (U24A) OPA1664
