Removed Pin From Net: NetName=+5VA Pin=C42-+
Removed Pin From Net: NetName=GND Pin=C42--
Removed Pin From Net: NetName=+3V3 Pin=C43-+
Removed Pin From Net: NetName=GND Pin=C43--
Removed Pin From Net: NetName=GND Pin=C138.7-1
Removed Pin From Net: NetName=GND Pin=C138.7-2
Removed Pin From Net: NetName=GND Pin=C140.7-1
Removed Pin From Net: NetName=GND Pin=C140.7-2
Removed Pin From Net: NetName=GND Pin=R84.7-2
Removed Pin From Net: NetName=GND Pin=R86.7-1
Removed Pin From Net: NetName=GND Pin=R86.7-2
Removed Pin From Net: NetName=GND Pin=R88.7-1
Removed Pin From Net: NetName=GND Pin=R88.7-2
Removed Pin From Net: NetName=GND Pin=R89.7-1
Removed Pin From Net: NetName=GND Pin=R89.7-2
Removed Pin From Net: NetName=GND Pin=R94.7-2
Removed Pin From Net: NetName=GND Pin=U24.7-3
Removed Pin From Net: NetName=TRD_1_P Pin=U25-2
Removed Pin From Net: NetName=TRD_1_P Pin=U26-11
Removed Member From Class: ClassName=AUDIO INPUTS Member=C42
Removed Member From Class: ClassName=AUDIO INPUTS Member=C43
Added Component: Designator=C59(0402)
Added Component: Designator=C59(0402)
Added Component: Designator=C129.1(0603)
Added Component: Designator=C129.2(0603)
Added Component: Designator=C130.1(0603)
Added Component: Designator=C130.2(0603)
Added Component: Designator=C131.1(0603)
Added Component: Designator=C131.2(0603)
Added Component: Designator=D13.2(SOT23_132)
Added Component: Designator=R81.2(0402)
Added Pin To Net: NetName=NetC58.4_1 Pin=C58.4-1
Added Pin To Net: NetName=NetC58.4_2 Pin=C58.4-2
Added Pin To Net: NetName=+3V3 Pin=C59-1
Added Pin To Net: NetName=+5VA Pin=C59-1
Added Pin To Net: NetName=GND Pin=C59-2
Added Pin To Net: NetName=GND Pin=C59-2
Added Pin To Net: NetName=+5VA Pin=C59.4-1
Added Pin To Net: NetName=GND Pin=C59.4-2
Added Pin To Net: NetName=+5VA Pin=C60.4-1
Added Pin To Net: NetName=GND Pin=C60.4-2
Added Pin To Net: NetName=+5VA Pin=C61.4-1
Added Pin To Net: NetName=GND Pin=C61.4-2
Added Pin To Net: NetName=NetC62.4_1 Pin=C62.4-1
Added Pin To Net: NetName=NetC62.4_2 Pin=C62.4-2
Added Pin To Net: NetName=NetC62.4_1 Pin=C63.4-1
Added Pin To Net: NetName=+2V5 Pin=C63.4-2
Added Pin To Net: NetName=NetC64.4_1 Pin=C64.4-1
Added Pin To Net: NetName=NetC64.4_2 Pin=C64.4-2
Added Pin To Net: NetName=NetC64.4_2 Pin=C65.4-1
Added Pin To Net: NetName=+2V5 Pin=C65.4-2
Added Pin To Net: NetName=NetC66.4_1 Pin=C66.4-1
Added Pin To Net: NetName=NetC66.4_2 Pin=C66.4-2
Added Pin To Net: NetName=NetC64.4_2 Pin=C67.4-1
Added Pin To Net: NetName=NetC67.4_2 Pin=C67.4-2
Added Pin To Net: NetName=+5VA Pin=C68.4-1
Added Pin To Net: NetName=GND Pin=C68.4-2
Added Pin To Net: NetName=+5VA Pin=C69.4-1
Added Pin To Net: NetName=GND Pin=C69.4-2
Added Pin To Net: NetName=+5VA Pin=C70.4-1
Added Pin To Net: NetName=GND Pin=C70.4-2
Added Pin To Net: NetName=IN13_P Pin=C71.4-1
Added Pin To Net: NetName=IN13_N Pin=C71.4-2
Added Pin To Net: NetName=NetC72.4_1 Pin=C72.4-1
Added Pin To Net: NetName=NetC67.4_2 Pin=C72.4-2
Added Pin To Net: NetName=+2V5 Pin=C73.4-1
Added Pin To Net: NetName=NetC73.4_2 Pin=C73.4-2
Added Pin To Net: NetName=NetC67.4_2 Pin=C74.4-1
Added Pin To Net: NetName=+2V5 Pin=C74.4-2
Added Pin To Net: NetName=NetC75.4_1 Pin=C75.4-1
Added Pin To Net: NetName=NetC75.4_2 Pin=C75.4-2
Added Pin To Net: NetName=+2V5 Pin=C76.4-1
Added Pin To Net: NetName=GND Pin=C76.4-2
Added Pin To Net: NetName=+2V5 Pin=C77.4-1
Added Pin To Net: NetName=GND Pin=C77.4-2
Added Pin To Net: NetName=+2V5 Pin=C78.4-1
Added Pin To Net: NetName=GND Pin=C78.4-2
Added Pin To Net: NetName=NetC79.4_1 Pin=C79.4-1
Added Pin To Net: NetName=-V1.4 Pin=C79.4-2
Added Pin To Net: NetName=NetC80.4_1 Pin=C80.4-1
Added Pin To Net: NetName=V1.4 Pin=C80.4-2
Added Pin To Net: NetName=+2V5 Pin=C81.4-1
Added Pin To Net: NetName=NetC81.4_2 Pin=C81.4-2
Added Pin To Net: NetName=NetC82.4_1 Pin=C82.4-1
Added Pin To Net: NetName=NetC82.4_2 Pin=C82.4-2
Added Pin To Net: NetName=NetC83.4_1 Pin=C83.4-1
Added Pin To Net: NetName=NetC66.4_1 Pin=C83.4-2
Added Pin To Net: NetName=NetC82.4_2 Pin=C84.4-1
Added Pin To Net: NetName=+2V5 Pin=C84.4-2
Added Pin To Net: NetName=NetC128.1_1 Pin=C129.1-1
Added Pin To Net: NetName=GND Pin=C129.1-2
Added Pin To Net: NetName=NetC128.2_1 Pin=C129.2-1
Added Pin To Net: NetName=GND Pin=C129.2-2
Added Pin To Net: NetName=NetC126.1_+ Pin=C130.1-1
Added Pin To Net: NetName=GND Pin=C130.1-2
Added Pin To Net: NetName=NetC126.2_+ Pin=C130.2-1
Added Pin To Net: NetName=GND Pin=C130.2-2
Added Pin To Net: NetName=+3V3 Pin=C131.1-1
Added Pin To Net: NetName=GND Pin=C131.1-2
Added Pin To Net: NetName=+3V3 Pin=C131.2-1
Added Pin To Net: NetName=GND Pin=C131.2-2
Added Pin To Net: NetName=NetC132.2_1 Pin=C132.2-1
Added Pin To Net: NetName=NetC132.2_2 Pin=C132.2-2
Added Pin To Net: NetName=NetC132.3_1 Pin=C132.3-1
Added Pin To Net: NetName=NetC132.3_2 Pin=C132.3-2
Added Pin To Net: NetName=NetC132.4_1 Pin=C132.4-1
Added Pin To Net: NetName=NetC132.4_2 Pin=C132.4-2
Added Pin To Net: NetName=NetC132.5_1 Pin=C132.5-1
Added Pin To Net: NetName=NetC132.5_2 Pin=C132.5-2
Added Pin To Net: NetName=NetC132.6_1 Pin=C132.6-1
Added Pin To Net: NetName=NetC132.6_2 Pin=C132.6-2
Added Pin To Net: NetName=NetC132.7_1 Pin=C132.7-1
Added Pin To Net: NetName=NetC132.8_1 Pin=C132.8-1
Added Pin To Net: NetName=NetC132.8_2 Pin=C132.8-2
Added Pin To Net: NetName=NetC132.2_2 Pin=C133.2-1
Added Pin To Net: NetName=NetC133.2_2 Pin=C133.2-2
Added Pin To Net: NetName=NetC132.3_2 Pin=C133.3-1
Added Pin To Net: NetName=NetC133.3_2 Pin=C133.3-2
Added Pin To Net: NetName=NetC132.4_2 Pin=C133.4-1
Added Pin To Net: NetName=NetC133.4_2 Pin=C133.4-2
Added Pin To Net: NetName=NetC132.5_2 Pin=C133.5-1
Added Pin To Net: NetName=NetC133.5_2 Pin=C133.5-2
Added Pin To Net: NetName=NetC132.6_2 Pin=C133.6-1
Added Pin To Net: NetName=NetC133.6_2 Pin=C133.6-2
Added Pin To Net: NetName=NetC133.7_2 Pin=C133.7-2
Added Pin To Net: NetName=NetC132.8_2 Pin=C133.8-1
Added Pin To Net: NetName=NetC133.8_2 Pin=C133.8-2
Added Pin To Net: NetName=+5VA Pin=C134.2-1
Added Pin To Net: NetName=GND Pin=C134.2-2
Added Pin To Net: NetName=+5VA Pin=C134.3-1
Added Pin To Net: NetName=GND Pin=C134.3-2
Added Pin To Net: NetName=+5VA Pin=C134.4-1
Added Pin To Net: NetName=GND Pin=C134.4-2
Added Pin To Net: NetName=+5VA Pin=C134.5-1
Added Pin To Net: NetName=GND Pin=C134.5-2
Added Pin To Net: NetName=+5VA Pin=C134.6-1
Added Pin To Net: NetName=GND Pin=C134.6-2
Added Pin To Net: NetName=+5VA Pin=C134.7-1
Added Pin To Net: NetName=GND Pin=C134.7-2
Added Pin To Net: NetName=+5VA Pin=C134.8-1
Added Pin To Net: NetName=GND Pin=C134.8-2
Added Pin To Net: NetName=+5VA Pin=C135.2-1
Added Pin To Net: NetName=GND Pin=C135.2-2
Added Pin To Net: NetName=+5VA Pin=C135.3-1
Added Pin To Net: NetName=GND Pin=C135.3-2
Added Pin To Net: NetName=+5VA Pin=C135.4-1
Added Pin To Net: NetName=GND Pin=C135.4-2
Added Pin To Net: NetName=+5VA Pin=C135.5-1
Added Pin To Net: NetName=GND Pin=C135.5-2
Added Pin To Net: NetName=+5VA Pin=C135.6-1
Added Pin To Net: NetName=GND Pin=C135.6-2
Added Pin To Net: NetName=+5VA Pin=C135.7-1
Added Pin To Net: NetName=GND Pin=C135.7-2
Added Pin To Net: NetName=+5VA Pin=C135.8-1
Added Pin To Net: NetName=GND Pin=C135.8-2
Added Pin To Net: NetName=GND Pin=C136.2-1
Added Pin To Net: NetName=+5VA Pin=C136.2-2
Added Pin To Net: NetName=GND Pin=C136.3-1
Added Pin To Net: NetName=+5VA Pin=C136.3-2
Added Pin To Net: NetName=GND Pin=C136.4-1
Added Pin To Net: NetName=+5VA Pin=C136.4-2
Added Pin To Net: NetName=GND Pin=C136.5-1
Added Pin To Net: NetName=+5VA Pin=C136.5-2
Added Pin To Net: NetName=GND Pin=C136.6-1
Added Pin To Net: NetName=+5VA Pin=C136.6-2
Added Pin To Net: NetName=GND Pin=C136.7-1
Added Pin To Net: NetName=+5VA Pin=C136.7-2
Added Pin To Net: NetName=GND Pin=C136.8-1
Added Pin To Net: NetName=+5VA Pin=C136.8-2
Added Pin To Net: NetName=NetC132.2_2 Pin=C137.2-1
Added Pin To Net: NetName=NetC137.2_2 Pin=C137.2-2
Added Pin To Net: NetName=NetC132.3_2 Pin=C137.3-1
Added Pin To Net: NetName=NetC137.3_2 Pin=C137.3-2
Added Pin To Net: NetName=NetC132.4_2 Pin=C137.4-1
Added Pin To Net: NetName=NetC137.4_2 Pin=C137.4-2
Added Pin To Net: NetName=NetC132.5_2 Pin=C137.5-1
Added Pin To Net: NetName=NetC137.5_2 Pin=C137.5-2
Added Pin To Net: NetName=NetC132.6_2 Pin=C137.6-1
Added Pin To Net: NetName=NetC137.6_2 Pin=C137.6-2
Added Pin To Net: NetName=NetC137.7_2 Pin=C137.7-2
Added Pin To Net: NetName=NetC132.8_2 Pin=C137.8-1
Added Pin To Net: NetName=NetC137.8_2 Pin=C137.8-2
Added Pin To Net: NetName=AOUT13 Pin=C138.2-1
Added Pin To Net: NetName=NetC138.2_2 Pin=C138.2-2
Added Pin To Net: NetName=AOUT11 Pin=C138.3-1
Added Pin To Net: NetName=NetC138.3_2 Pin=C138.3-2
Added Pin To Net: NetName=AOUT9 Pin=C138.4-1
Added Pin To Net: NetName=NetC138.4_2 Pin=C138.4-2
Added Pin To Net: NetName=AOUT7 Pin=C138.5-1
Added Pin To Net: NetName=NetC138.5_2 Pin=C138.5-2
Added Pin To Net: NetName=AOUT5 Pin=C138.6-1
Added Pin To Net: NetName=NetC138.6_2 Pin=C138.6-2
Added Pin To Net: NetName=AOUT3 Pin=C138.7-1
Added Pin To Net: NetName=NetC138.7_2 Pin=C138.7-2
Added Pin To Net: NetName=AOUT1 Pin=C138.8-1
Added Pin To Net: NetName=NetC138.8_2 Pin=C138.8-2
Added Pin To Net: NetName=NetC139.2_1 Pin=C139.2-1
Added Pin To Net: NetName=NetC139.2_2 Pin=C139.2-2
Added Pin To Net: NetName=NetC139.3_1 Pin=C139.3-1
Added Pin To Net: NetName=NetC139.3_2 Pin=C139.3-2
Added Pin To Net: NetName=NetC139.4_1 Pin=C139.4-1
Added Pin To Net: NetName=NetC139.4_2 Pin=C139.4-2
Added Pin To Net: NetName=NetC139.5_1 Pin=C139.5-1
Added Pin To Net: NetName=NetC139.5_2 Pin=C139.5-2
Added Pin To Net: NetName=NetC139.6_1 Pin=C139.6-1
Added Pin To Net: NetName=NetC139.6_2 Pin=C139.6-2
Added Pin To Net: NetName=NetC139.7_1 Pin=C139.7-1
Added Pin To Net: NetName=NetC139.7_2 Pin=C139.7-2
Added Pin To Net: NetName=NetC139.8_1 Pin=C139.8-1
Added Pin To Net: NetName=NetC139.8_2 Pin=C139.8-2
Added Pin To Net: NetName=NetC140.2_1 Pin=C140.2-1
Added Pin To Net: NetName=+2V5 Pin=C140.2-2
Added Pin To Net: NetName=NetC140.3_1 Pin=C140.3-1
Added Pin To Net: NetName=+2V5 Pin=C140.3-2
Added Pin To Net: NetName=NetC140.4_1 Pin=C140.4-1
Added Pin To Net: NetName=+2V5 Pin=C140.4-2
Added Pin To Net: NetName=NetC140.5_1 Pin=C140.5-1
Added Pin To Net: NetName=+2V5 Pin=C140.5-2
Added Pin To Net: NetName=NetC140.6_1 Pin=C140.6-1
Added Pin To Net: NetName=+2V5 Pin=C140.6-2
Added Pin To Net: NetName=NetC140.7_1 Pin=C140.7-1
Added Pin To Net: NetName=+2V5 Pin=C140.7-2
Added Pin To Net: NetName=NetC140.8_1 Pin=C140.8-1
Added Pin To Net: NetName=+2V5 Pin=C140.8-2
Added Pin To Net: NetName=NetC139.2_2 Pin=C141.2-1
Added Pin To Net: NetName=NetC141.2_2 Pin=C141.2-2
Added Pin To Net: NetName=NetC139.3_2 Pin=C141.3-1
Added Pin To Net: NetName=NetC141.3_2 Pin=C141.3-2
Added Pin To Net: NetName=NetC139.4_2 Pin=C141.4-1
Added Pin To Net: NetName=NetC141.4_2 Pin=C141.4-2
Added Pin To Net: NetName=NetC139.5_2 Pin=C141.5-1
Added Pin To Net: NetName=NetC141.5_2 Pin=C141.5-2
Added Pin To Net: NetName=NetC139.6_2 Pin=C141.6-1
Added Pin To Net: NetName=NetC141.6_2 Pin=C141.6-2
Added Pin To Net: NetName=NetC139.7_2 Pin=C141.7-1
Added Pin To Net: NetName=NetC141.7_2 Pin=C141.7-2
Added Pin To Net: NetName=NetC139.8_2 Pin=C141.8-1
Added Pin To Net: NetName=NetC141.8_2 Pin=C141.8-2
Added Pin To Net: NetName=NetC142.2_1 Pin=C142.2-1
Added Pin To Net: NetName=NetC142.2_2 Pin=C142.2-2
Added Pin To Net: NetName=NetC142.3_1 Pin=C142.3-1
Added Pin To Net: NetName=NetC142.3_2 Pin=C142.3-2
Added Pin To Net: NetName=NetC142.4_1 Pin=C142.4-1
Added Pin To Net: NetName=NetC142.4_2 Pin=C142.4-2
Added Pin To Net: NetName=NetC142.5_1 Pin=C142.5-1
Added Pin To Net: NetName=NetC142.5_2 Pin=C142.5-2
Added Pin To Net: NetName=NetC142.6_1 Pin=C142.6-1
Added Pin To Net: NetName=NetC142.6_2 Pin=C142.6-2
Added Pin To Net: NetName=NetC142.7_1 Pin=C142.7-1
Added Pin To Net: NetName=NetC142.7_2 Pin=C142.7-2
Added Pin To Net: NetName=NetC142.8_1 Pin=C142.8-1
Added Pin To Net: NetName=NetC142.8_2 Pin=C142.8-2
Added Pin To Net: NetName=NetC142.2_2 Pin=C143.2-1
Added Pin To Net: NetName=NetC143.2_2 Pin=C143.2-2
Added Pin To Net: NetName=NetC142.3_2 Pin=C143.3-1
Added Pin To Net: NetName=NetC143.3_2 Pin=C143.3-2
Added Pin To Net: NetName=NetC142.4_2 Pin=C143.4-1
Added Pin To Net: NetName=NetC143.4_2 Pin=C143.4-2
Added Pin To Net: NetName=NetC142.5_2 Pin=C143.5-1
Added Pin To Net: NetName=NetC143.5_2 Pin=C143.5-2
Added Pin To Net: NetName=NetC142.6_2 Pin=C143.6-1
Added Pin To Net: NetName=NetC143.6_2 Pin=C143.6-2
Added Pin To Net: NetName=NetC142.7_2 Pin=C143.7-1
Added Pin To Net: NetName=NetC143.7_2 Pin=C143.7-2
Added Pin To Net: NetName=NetC142.8_2 Pin=C143.8-1
Added Pin To Net: NetName=NetC143.8_2 Pin=C143.8-2
Added Pin To Net: NetName=NetC142.2_2 Pin=C144.2-1
Added Pin To Net: NetName=NetC144.2_2 Pin=C144.2-2
Added Pin To Net: NetName=NetC142.3_2 Pin=C144.3-1
Added Pin To Net: NetName=NetC144.3_2 Pin=C144.3-2
Added Pin To Net: NetName=NetC142.4_2 Pin=C144.4-1
Added Pin To Net: NetName=NetC144.4_2 Pin=C144.4-2
Added Pin To Net: NetName=NetC142.5_2 Pin=C144.5-1
Added Pin To Net: NetName=NetC144.5_2 Pin=C144.5-2
Added Pin To Net: NetName=NetC142.6_2 Pin=C144.6-1
Added Pin To Net: NetName=NetC144.6_2 Pin=C144.6-2
Added Pin To Net: NetName=NetC142.7_2 Pin=C144.7-1
Added Pin To Net: NetName=NetC144.7_2 Pin=C144.7-2
Added Pin To Net: NetName=NetC142.8_2 Pin=C144.8-1
Added Pin To Net: NetName=NetC144.8_2 Pin=C144.8-2
Added Pin To Net: NetName=AOUT14 Pin=C145.2-1
Added Pin To Net: NetName=NetC145.2_2 Pin=C145.2-2
Added Pin To Net: NetName=AOUT12 Pin=C145.3-1
Added Pin To Net: NetName=NetC145.3_2 Pin=C145.3-2
Added Pin To Net: NetName=AOUT10 Pin=C145.4-1
Added Pin To Net: NetName=NetC145.4_2 Pin=C145.4-2
Added Pin To Net: NetName=AOUT8 Pin=C145.5-1
Added Pin To Net: NetName=NetC145.5_2 Pin=C145.5-2
Added Pin To Net: NetName=AOUT6 Pin=C145.6-1
Added Pin To Net: NetName=NetC145.6_2 Pin=C145.6-2
Added Pin To Net: NetName=AOUT4 Pin=C145.7-1
Added Pin To Net: NetName=NetC145.7_2 Pin=C145.7-2
Added Pin To Net: NetName=AOUT2 Pin=C145.8-1
Added Pin To Net: NetName=NetC145.8_2 Pin=C145.8-2
Added Pin To Net: NetName=NetC146.2_1 Pin=C146.2-1
Added Pin To Net: NetName=NetC146.2_2 Pin=C146.2-2
Added Pin To Net: NetName=NetC146.3_1 Pin=C146.3-1
Added Pin To Net: NetName=NetC146.3_2 Pin=C146.3-2
Added Pin To Net: NetName=NetC146.4_1 Pin=C146.4-1
Added Pin To Net: NetName=NetC146.4_2 Pin=C146.4-2
Added Pin To Net: NetName=NetC146.5_1 Pin=C146.5-1
Added Pin To Net: NetName=NetC146.5_2 Pin=C146.5-2
Added Pin To Net: NetName=NetC146.6_1 Pin=C146.6-1
Added Pin To Net: NetName=NetC146.6_2 Pin=C146.6-2
Added Pin To Net: NetName=NetC146.7_1 Pin=C146.7-1
Added Pin To Net: NetName=NetC146.7_2 Pin=C146.7-2
Added Pin To Net: NetName=NetC147.2_1 Pin=C147.2-1
Added Pin To Net: NetName=+2V5 Pin=C147.2-2
Added Pin To Net: NetName=NetC147.3_1 Pin=C147.3-1
Added Pin To Net: NetName=+2V5 Pin=C147.3-2
Added Pin To Net: NetName=NetC147.4_1 Pin=C147.4-1
Added Pin To Net: NetName=+2V5 Pin=C147.4-2
Added Pin To Net: NetName=NetC147.5_1 Pin=C147.5-1
Added Pin To Net: NetName=+2V5 Pin=C147.5-2
Added Pin To Net: NetName=NetC147.6_1 Pin=C147.6-1
Added Pin To Net: NetName=+2V5 Pin=C147.6-2
Added Pin To Net: NetName=NetC147.7_1 Pin=C147.7-1
Added Pin To Net: NetName=+2V5 Pin=C147.7-2
Added Pin To Net: NetName=NetC146.2_2 Pin=C148.2-1
Added Pin To Net: NetName=NetC148.2_2 Pin=C148.2-2
Added Pin To Net: NetName=NetC146.3_2 Pin=C148.3-1
Added Pin To Net: NetName=NetC148.3_2 Pin=C148.3-2
Added Pin To Net: NetName=NetC146.4_2 Pin=C148.4-1
Added Pin To Net: NetName=NetC148.4_2 Pin=C148.4-2
Added Pin To Net: NetName=NetC146.5_2 Pin=C148.5-1
Added Pin To Net: NetName=NetC148.5_2 Pin=C148.5-2
Added Pin To Net: NetName=NetC146.6_2 Pin=C148.6-1
Added Pin To Net: NetName=NetC148.6_2 Pin=C148.6-2
Added Pin To Net: NetName=NetC146.7_2 Pin=C148.7-1
Added Pin To Net: NetName=NetC148.7_2 Pin=C148.7-2
Added Pin To Net: NetName=GND Pin=D10.4-1
Added Pin To Net: NetName=+5VA Pin=D10.4-2
Added Pin To Net: NetName=NetC64.4_2 Pin=D10.4-3
Added Pin To Net: NetName=GND Pin=D11.4-1
Added Pin To Net: NetName=+5VA Pin=D11.4-2
Added Pin To Net: NetName=NetC67.4_2 Pin=D11.4-3
Added Pin To Net: NetName=GND Pin=D12.4-1
Added Pin To Net: NetName=+5VA Pin=D12.4-2
Added Pin To Net: NetName=NetD12.4_3 Pin=D12.4-3
Added Pin To Net: NetName=GND Pin=D13.2-1
Added Pin To Net: NetName=+5VA Pin=D13.2-2
Added Pin To Net: NetName=NetC132.2_2 Pin=D13.2-3
Added Pin To Net: NetName=GND Pin=D13.3-1
Added Pin To Net: NetName=+5VA Pin=D13.3-2
Added Pin To Net: NetName=NetC132.3_2 Pin=D13.3-3
Added Pin To Net: NetName=GND Pin=D13.4-1
Added Pin To Net: NetName=+5VA Pin=D13.4-2
Added Pin To Net: NetName=NetC132.4_2 Pin=D13.4-3
Added Pin To Net: NetName=GND Pin=D13.5-1
Added Pin To Net: NetName=+5VA Pin=D13.5-2
Added Pin To Net: NetName=NetC132.5_2 Pin=D13.5-3
Added Pin To Net: NetName=GND Pin=D13.6-1
Added Pin To Net: NetName=+5VA Pin=D13.6-2
Added Pin To Net: NetName=NetC132.6_2 Pin=D13.6-3
Added Pin To Net: NetName=GND Pin=D13.7-1
Added Pin To Net: NetName=+5VA Pin=D13.7-2
Added Pin To Net: NetName=GND Pin=D13.8-1
Added Pin To Net: NetName=+5VA Pin=D13.8-2
Added Pin To Net: NetName=NetC132.8_2 Pin=D13.8-3
Added Pin To Net: NetName=GND Pin=D14.2-1
Added Pin To Net: NetName=+5VA Pin=D14.2-2
Added Pin To Net: NetName=NetC139.2_2 Pin=D14.2-3
Added Pin To Net: NetName=GND Pin=D14.3-1
Added Pin To Net: NetName=+5VA Pin=D14.3-2
Added Pin To Net: NetName=NetC139.3_2 Pin=D14.3-3
Added Pin To Net: NetName=GND Pin=D14.4-1
Added Pin To Net: NetName=+5VA Pin=D14.4-2
Added Pin To Net: NetName=NetC139.4_2 Pin=D14.4-3
Added Pin To Net: NetName=GND Pin=D14.5-1
Added Pin To Net: NetName=+5VA Pin=D14.5-2
Added Pin To Net: NetName=NetC139.5_2 Pin=D14.5-3
Added Pin To Net: NetName=GND Pin=D14.6-1
Added Pin To Net: NetName=+5VA Pin=D14.6-2
Added Pin To Net: NetName=NetC139.6_2 Pin=D14.6-3
Added Pin To Net: NetName=GND Pin=D14.7-1
Added Pin To Net: NetName=+5VA Pin=D14.7-2
Added Pin To Net: NetName=NetC139.7_2 Pin=D14.7-3
Added Pin To Net: NetName=GND Pin=D14.8-1
Added Pin To Net: NetName=+5VA Pin=D14.8-2
Added Pin To Net: NetName=NetC139.8_2 Pin=D14.8-3
Added Pin To Net: NetName=GND Pin=D15.2-1
Added Pin To Net: NetName=+5VA Pin=D15.2-2
Added Pin To Net: NetName=NetC142.2_2 Pin=D15.2-3
Added Pin To Net: NetName=GND Pin=D15.3-1
Added Pin To Net: NetName=+5VA Pin=D15.3-2
Added Pin To Net: NetName=NetC142.3_2 Pin=D15.3-3
Added Pin To Net: NetName=GND Pin=D15.4-1
Added Pin To Net: NetName=+5VA Pin=D15.4-2
Added Pin To Net: NetName=NetC142.4_2 Pin=D15.4-3
Added Pin To Net: NetName=GND Pin=D15.5-1
Added Pin To Net: NetName=+5VA Pin=D15.5-2
Added Pin To Net: NetName=NetC142.5_2 Pin=D15.5-3
Added Pin To Net: NetName=GND Pin=D15.6-1
Added Pin To Net: NetName=+5VA Pin=D15.6-2
Added Pin To Net: NetName=NetC142.6_2 Pin=D15.6-3
Added Pin To Net: NetName=GND Pin=D15.7-1
Added Pin To Net: NetName=+5VA Pin=D15.7-2
Added Pin To Net: NetName=NetC142.7_2 Pin=D15.7-3
Added Pin To Net: NetName=GND Pin=D15.8-1
Added Pin To Net: NetName=+5VA Pin=D15.8-2
Added Pin To Net: NetName=NetC142.8_2 Pin=D15.8-3
Added Pin To Net: NetName=GND Pin=D16.2-1
Added Pin To Net: NetName=+5VA Pin=D16.2-2
Added Pin To Net: NetName=NetC146.2_2 Pin=D16.2-3
Added Pin To Net: NetName=GND Pin=D16.3-1
Added Pin To Net: NetName=+5VA Pin=D16.3-2
Added Pin To Net: NetName=NetC146.3_2 Pin=D16.3-3
Added Pin To Net: NetName=GND Pin=D16.4-1
Added Pin To Net: NetName=+5VA Pin=D16.4-2
Added Pin To Net: NetName=NetC146.4_2 Pin=D16.4-3
Added Pin To Net: NetName=GND Pin=D16.5-1
Added Pin To Net: NetName=+5VA Pin=D16.5-2
Added Pin To Net: NetName=NetC146.5_2 Pin=D16.5-3
Added Pin To Net: NetName=GND Pin=D16.6-1
Added Pin To Net: NetName=+5VA Pin=D16.6-2
Added Pin To Net: NetName=NetC146.6_2 Pin=D16.6-3
Added Pin To Net: NetName=GND Pin=D16.7-1
Added Pin To Net: NetName=+5VA Pin=D16.7-2
Added Pin To Net: NetName=NetC146.7_2 Pin=D16.7-3
Added Pin To Net: NetName=GND Pin=D16.8-1
Added Pin To Net: NetName=+5VA Pin=D16.8-2
Added Pin To Net: NetName=NetC146.8_2 Pin=D16.8-3
Added Pin To Net: NetName=XLRA1.2 Pin=J5.2-1
Added Pin To Net: NetName=XLRA2.2 Pin=J5.2-2
Added Pin To Net: NetName=JACKA.2 Pin=J5.2-3
Added Pin To Net: NetName=GND Pin=J5.2-4
Added Pin To Net: NetName=XLRB2.2 Pin=J5.2-5
Added Pin To Net: NetName=XLRB1.2 Pin=J5.2-6
Added Pin To Net: NetName=JACKB.2 Pin=J5.2-7
Added Pin To Net: NetName=XLRA1.3 Pin=J5.3-1
Added Pin To Net: NetName=XLRA2.3 Pin=J5.3-2
Added Pin To Net: NetName=JACKA.3 Pin=J5.3-3
Added Pin To Net: NetName=GND Pin=J5.3-4
Added Pin To Net: NetName=XLRB2.3 Pin=J5.3-5
Added Pin To Net: NetName=XLRB1.3 Pin=J5.3-6
Added Pin To Net: NetName=JACKB.3 Pin=J5.3-7
Added Pin To Net: NetName=XLRA1.4 Pin=J5.4-1
Added Pin To Net: NetName=XLRA2.4 Pin=J5.4-2
Added Pin To Net: NetName=JACKA.4 Pin=J5.4-3
Added Pin To Net: NetName=GND Pin=J5.4-4
Added Pin To Net: NetName=XLRB2.4 Pin=J5.4-5
Added Pin To Net: NetName=XLRB1.4 Pin=J5.4-6
Added Pin To Net: NetName=JACKB.4 Pin=J5.4-7
Added Pin To Net: NetName=XLRA1.5 Pin=J5.5-1
Added Pin To Net: NetName=XLRA2.5 Pin=J5.5-2
Added Pin To Net: NetName=JACKA.5 Pin=J5.5-3
Added Pin To Net: NetName=GND Pin=J5.5-4
Added Pin To Net: NetName=XLRB2.5 Pin=J5.5-5
Added Pin To Net: NetName=XLRB1.5 Pin=J5.5-6
Added Pin To Net: NetName=JACKB.5 Pin=J5.5-7
Added Pin To Net: NetName=XLRA1.6 Pin=J5.6-1
Added Pin To Net: NetName=XLRA2.6 Pin=J5.6-2
Added Pin To Net: NetName=JACKA.6 Pin=J5.6-3
Added Pin To Net: NetName=GND Pin=J5.6-4
Added Pin To Net: NetName=XLRB2.6 Pin=J5.6-5
Added Pin To Net: NetName=XLRB1.6 Pin=J5.6-6
Added Pin To Net: NetName=JACKB.6 Pin=J5.6-7
Added Pin To Net: NetName=XLRA1.7 Pin=J5.7-1
Added Pin To Net: NetName=XLRA2.7 Pin=J5.7-2
Added Pin To Net: NetName=JACKA.7 Pin=J5.7-3
Added Pin To Net: NetName=GND Pin=J5.7-4
Added Pin To Net: NetName=XLRB2.7 Pin=J5.7-5
Added Pin To Net: NetName=XLRB1.7 Pin=J5.7-6
Added Pin To Net: NetName=JACKB.7 Pin=J5.7-7
Added Pin To Net: NetName=XLRA1.8 Pin=J5.8-1
Added Pin To Net: NetName=XLRA2.8 Pin=J5.8-2
Added Pin To Net: NetName=JACKA.8 Pin=J5.8-3
Added Pin To Net: NetName=GND Pin=J5.8-4
Added Pin To Net: NetName=XLRB2.8 Pin=J5.8-5
Added Pin To Net: NetName=XLRB1.8 Pin=J5.8-6
Added Pin To Net: NetName=JACKB.8 Pin=J5.8-7
Added Pin To Net: NetName=+2V5 Pin=R34.4-1
Added Pin To Net: NetName=NetC62.4_1 Pin=R34.4-2
Added Pin To Net: NetName=NetC62.4_1 Pin=R35.4-1
Added Pin To Net: NetName=IN13_P Pin=R35.4-2
Added Pin To Net: NetName=NetC58.4_2 Pin=R36.4-1
Added Pin To Net: NetName=NetC58.4_1 Pin=R36.4-2
Added Pin To Net: NetName=NetJ6.2_3 Pin=R37.4-1
Added Pin To Net: NetName=NetC64.4_1 Pin=R37.4-2
Added Pin To Net: NetName=NetC64.4_2 Pin=R38.4-1
Added Pin To Net: NetName=+2V5 Pin=R38.4-2
Added Pin To Net: NetName=NetC64.4_1 Pin=R39.4-1
Added Pin To Net: NetName=PHANTOM1.2 Pin=R39.4-2
Added Pin To Net: NetName=NetC62.4_2 Pin=R40.4-1
Added Pin To Net: NetName=IN13_P Pin=R40.4-2
Added Pin To Net: NetName=+2V5 Pin=R41.4-1
Added Pin To Net: NetName=NetC66.4_1 Pin=R41.4-2
Added Pin To Net: NetName=+2V5 Pin=R42.4-1
Added Pin To Net: NetName=NetC66.4_2 Pin=R42.4-2
Added Pin To Net: NetName=NetC64.4_2 Pin=R43.4-1
Added Pin To Net: NetName=NetC58.4_1 Pin=R43.4-2
Added Pin To Net: NetName=NetC67.4_2 Pin=R44.4-1
Added Pin To Net: NetName=NetC73.4_2 Pin=R44.4-2
Added Pin To Net: NetName=PHANTOM1.2 Pin=R45.4-1
Added Pin To Net: NetName=NetC72.4_1 Pin=R45.4-2
Added Pin To Net: NetName=NetJ6.2_2 Pin=R46.4-1
Added Pin To Net: NetName=NetC72.4_1 Pin=R46.4-2
Added Pin To Net: NetName=NetC75.4_1 Pin=R47.4-1
Added Pin To Net: NetName=IN13_N Pin=R47.4-2
Added Pin To Net: NetName=NetC73.4_2 Pin=R48.4-1
Added Pin To Net: NetName=+2V5 Pin=R48.4-2
Added Pin To Net: NetName=NetC67.4_2 Pin=R49.4-1
Added Pin To Net: NetName=+2V5 Pin=R49.4-2
Added Pin To Net: NetName=NetC75.4_1 Pin=R50.4-1
Added Pin To Net: NetName=IN13_P Pin=R50.4-2
Added Pin To Net: NetName=NetC75.4_2 Pin=R51.4-1
Added Pin To Net: NetName=IN13_N Pin=R51.4-2
Added Pin To Net: NetName=-V1.4 Pin=R52.4-1
Added Pin To Net: NetName=NetC79.4_1 Pin=R52.4-2
Added Pin To Net: NetName=NetC80.4_1 Pin=R53.4-1
Added Pin To Net: NetName=NetC58.4_2 Pin=R53.4-2
Added Pin To Net: NetName=V1.4 Pin=R54.4-1
Added Pin To Net: NetName=NetC79.4_1 Pin=R54.4-2
Added Pin To Net: NetName=+2V5 Pin=R55.4-1
Added Pin To Net: NetName=NetR55.4_2 Pin=R55.4-2
Added Pin To Net: NetName=NetC81.4_2 Pin=R56.4-1
Added Pin To Net: NetName=+2V5 Pin=R56.4-2
Added Pin To Net: NetName=NetD12.4_3 Pin=R57.4-1
Added Pin To Net: NetName=NetC82.4_2 Pin=R57.4-2
Added Pin To Net: NetName=NetC80.4_1 Pin=R58.4-1
Added Pin To Net: NetName=NetD12.4_3 Pin=R58.4-2
Added Pin To Net: NetName=NetC82.4_2 Pin=R59.4-1
Added Pin To Net: NetName=+2V5 Pin=R59.4-2
Added Pin To Net: NetName=NetR60.4_1 Pin=R60.4-1
Added Pin To Net: NetName=NetC80.4_1 Pin=R60.4-2
Added Pin To Net: NetName=NetC83.4_1 Pin=R61.4-1
Added Pin To Net: NetName=NetR61.4_2 Pin=R61.4-2
Added Pin To Net: NetName=+2V5 Pin=R62.4-1
Added Pin To Net: NetName=NetR62.4_2 Pin=R62.4-2
Added Pin To Net: NetName=-V1.4 Pin=R63.4-1
Added Pin To Net: NetName=NetC80.4_1 Pin=R63.4-2
Added Pin To Net: NetName=NetC83.4_1 Pin=R64.4-1
Added Pin To Net: NetName=-V1.4 Pin=R64.4-2
Added Pin To Net: NetName=NetC66.4_1 Pin=R65.4-1
Added Pin To Net: NetName=NetC83.4_1 Pin=R65.4-2
Added Pin To Net: NetName=JACKA.2 Pin=R81.2-1
Added Pin To Net: NetName=NetC133.2_2 Pin=R81.2-2
Added Pin To Net: NetName=JACKA.3 Pin=R81.3-1
Added Pin To Net: NetName=NetC133.3_2 Pin=R81.3-2
Added Pin To Net: NetName=JACKA.4 Pin=R81.4-1
Added Pin To Net: NetName=NetC133.4_2 Pin=R81.4-2
Added Pin To Net: NetName=JACKA.5 Pin=R81.5-1
Added Pin To Net: NetName=NetC133.5_2 Pin=R81.5-2
Added Pin To Net: NetName=JACKA.6 Pin=R81.6-1
Added Pin To Net: NetName=NetC133.6_2 Pin=R81.6-2
Added Pin To Net: NetName=JACKA.7 Pin=R81.7-1
Added Pin To Net: NetName=NetC133.7_2 Pin=R81.7-2
Added Pin To Net: NetName=JACKA.8 Pin=R81.8-1
Added Pin To Net: NetName=NetC133.8_2 Pin=R81.8-2
Added Pin To Net: NetName=NetC132.2_2 Pin=R82.2-1
Added Pin To Net: NetName=NetC132.2_1 Pin=R82.2-2
Added Pin To Net: NetName=NetC132.3_2 Pin=R82.3-1
Added Pin To Net: NetName=NetC132.3_1 Pin=R82.3-2
Added Pin To Net: NetName=NetC132.4_2 Pin=R82.4-1
Added Pin To Net: NetName=NetC132.4_1 Pin=R82.4-2
Added Pin To Net: NetName=NetC132.5_2 Pin=R82.5-1
Added Pin To Net: NetName=NetC132.5_1 Pin=R82.5-2
Added Pin To Net: NetName=NetC132.6_2 Pin=R82.6-1
Added Pin To Net: NetName=NetC132.6_1 Pin=R82.6-2
Added Pin To Net: NetName=NetC132.7_1 Pin=R82.7-2
Added Pin To Net: NetName=NetC132.8_2 Pin=R82.8-1
Added Pin To Net: NetName=NetC132.8_1 Pin=R82.8-2
Added Pin To Net: NetName=GND Pin=R83.2-1
Added Pin To Net: NetName=NetC133.2_2 Pin=R83.2-2
Added Pin To Net: NetName=GND Pin=R83.3-1
Added Pin To Net: NetName=NetC133.3_2 Pin=R83.3-2
Added Pin To Net: NetName=GND Pin=R83.4-1
Added Pin To Net: NetName=NetC133.4_2 Pin=R83.4-2
Added Pin To Net: NetName=GND Pin=R83.5-1
Added Pin To Net: NetName=NetC133.5_2 Pin=R83.5-2
Added Pin To Net: NetName=GND Pin=R83.6-1
Added Pin To Net: NetName=NetC133.6_2 Pin=R83.6-2
Added Pin To Net: NetName=GND Pin=R83.7-1
Added Pin To Net: NetName=NetC133.7_2 Pin=R83.7-2
Added Pin To Net: NetName=GND Pin=R83.8-1
Added Pin To Net: NetName=NetC133.8_2 Pin=R83.8-2
Added Pin To Net: NetName=NetC132.2_1 Pin=R84.2-1
Added Pin To Net: NetName=+2V5 Pin=R84.2-2
Added Pin To Net: NetName=NetC132.3_1 Pin=R84.3-1
Added Pin To Net: NetName=+2V5 Pin=R84.3-2
Added Pin To Net: NetName=NetC132.4_1 Pin=R84.4-1
Added Pin To Net: NetName=+2V5 Pin=R84.4-2
Added Pin To Net: NetName=NetC132.5_1 Pin=R84.5-1
Added Pin To Net: NetName=+2V5 Pin=R84.5-2
Added Pin To Net: NetName=NetC132.6_1 Pin=R84.6-1
Added Pin To Net: NetName=+2V5 Pin=R84.6-2
Added Pin To Net: NetName=NetC132.7_1 Pin=R84.7-1
Added Pin To Net: NetName=+2V5 Pin=R84.7-2
Added Pin To Net: NetName=NetC132.8_1 Pin=R84.8-1
Added Pin To Net: NetName=+2V5 Pin=R84.8-2
Added Pin To Net: NetName=XLRA1.2 Pin=R85.2-1
Added Pin To Net: NetName=NetC137.2_2 Pin=R85.2-2
Added Pin To Net: NetName=XLRA1.3 Pin=R85.3-1
Added Pin To Net: NetName=NetC137.3_2 Pin=R85.3-2
Added Pin To Net: NetName=XLRA1.4 Pin=R85.4-1
Added Pin To Net: NetName=NetC137.4_2 Pin=R85.4-2
Added Pin To Net: NetName=XLRA1.5 Pin=R85.5-1
Added Pin To Net: NetName=NetC137.5_2 Pin=R85.5-2
Added Pin To Net: NetName=XLRA1.6 Pin=R85.6-1
Added Pin To Net: NetName=NetC137.6_2 Pin=R85.6-2
Added Pin To Net: NetName=XLRA1.7 Pin=R85.7-1
Added Pin To Net: NetName=NetC137.7_2 Pin=R85.7-2
Added Pin To Net: NetName=XLRA1.8 Pin=R85.8-1
Added Pin To Net: NetName=NetC137.8_2 Pin=R85.8-2
Added Pin To Net: NetName=NetC138.2_2 Pin=R86.2-1
Added Pin To Net: NetName=NetC140.2_1 Pin=R86.2-2
Added Pin To Net: NetName=NetC138.3_2 Pin=R86.3-1
Added Pin To Net: NetName=NetC140.3_1 Pin=R86.3-2
Added Pin To Net: NetName=NetC138.4_2 Pin=R86.4-1
Added Pin To Net: NetName=NetC140.4_1 Pin=R86.4-2
Added Pin To Net: NetName=NetC138.5_2 Pin=R86.5-1
Added Pin To Net: NetName=NetC140.5_1 Pin=R86.5-2
Added Pin To Net: NetName=NetC138.6_2 Pin=R86.6-1
Added Pin To Net: NetName=NetC140.6_1 Pin=R86.6-2
Added Pin To Net: NetName=NetC138.7_2 Pin=R86.7-1
Added Pin To Net: NetName=NetC140.7_1 Pin=R86.7-2
Added Pin To Net: NetName=NetC138.8_2 Pin=R86.8-1
Added Pin To Net: NetName=NetC140.8_1 Pin=R86.8-2
Added Pin To Net: NetName=GND Pin=R87.2-1
Added Pin To Net: NetName=NetC137.2_2 Pin=R87.2-2
Added Pin To Net: NetName=GND Pin=R87.3-1
Added Pin To Net: NetName=NetC137.3_2 Pin=R87.3-2
Added Pin To Net: NetName=GND Pin=R87.4-1
Added Pin To Net: NetName=NetC137.4_2 Pin=R87.4-2
Added Pin To Net: NetName=GND Pin=R87.5-1
Added Pin To Net: NetName=NetC137.5_2 Pin=R87.5-2
Added Pin To Net: NetName=GND Pin=R87.6-1
Added Pin To Net: NetName=NetC137.6_2 Pin=R87.6-2
Added Pin To Net: NetName=GND Pin=R87.7-1
Added Pin To Net: NetName=NetC137.7_2 Pin=R87.7-2
Added Pin To Net: NetName=GND Pin=R87.8-1
Added Pin To Net: NetName=NetC137.8_2 Pin=R87.8-2
Added Pin To Net: NetName=+2V5 Pin=R88.2-1
Added Pin To Net: NetName=NetC138.2_2 Pin=R88.2-2
Added Pin To Net: NetName=+2V5 Pin=R88.3-1
Added Pin To Net: NetName=NetC138.3_2 Pin=R88.3-2
Added Pin To Net: NetName=+2V5 Pin=R88.4-1
Added Pin To Net: NetName=NetC138.4_2 Pin=R88.4-2
Added Pin To Net: NetName=+2V5 Pin=R88.5-1
Added Pin To Net: NetName=NetC138.5_2 Pin=R88.5-2
Added Pin To Net: NetName=+2V5 Pin=R88.6-1
Added Pin To Net: NetName=NetC138.6_2 Pin=R88.6-2
Added Pin To Net: NetName=+2V5 Pin=R88.7-1
Added Pin To Net: NetName=NetC138.7_2 Pin=R88.7-2
Added Pin To Net: NetName=+2V5 Pin=R88.8-1
Added Pin To Net: NetName=NetC138.8_2 Pin=R88.8-2
Added Pin To Net: NetName=+2V5 Pin=R89.2-1
Added Pin To Net: NetName=NetC140.2_1 Pin=R89.2-2
Added Pin To Net: NetName=+2V5 Pin=R89.3-1
Added Pin To Net: NetName=NetC140.3_1 Pin=R89.3-2
Added Pin To Net: NetName=+2V5 Pin=R89.4-1
Added Pin To Net: NetName=NetC140.4_1 Pin=R89.4-2
Added Pin To Net: NetName=+2V5 Pin=R89.5-1
Added Pin To Net: NetName=NetC140.5_1 Pin=R89.5-2
Added Pin To Net: NetName=+2V5 Pin=R89.6-1
Added Pin To Net: NetName=NetC140.6_1 Pin=R89.6-2
Added Pin To Net: NetName=+2V5 Pin=R89.7-1
Added Pin To Net: NetName=NetC140.7_1 Pin=R89.7-2
Added Pin To Net: NetName=+2V5 Pin=R89.8-1
Added Pin To Net: NetName=NetC140.8_1 Pin=R89.8-2
Added Pin To Net: NetName=NetC139.2_2 Pin=R90.2-1
Added Pin To Net: NetName=NetC139.2_1 Pin=R90.2-2
Added Pin To Net: NetName=NetC139.3_2 Pin=R90.3-1
Added Pin To Net: NetName=NetC139.3_1 Pin=R90.3-2
Added Pin To Net: NetName=NetC139.4_2 Pin=R90.4-1
Added Pin To Net: NetName=NetC139.4_1 Pin=R90.4-2
Added Pin To Net: NetName=NetC139.5_2 Pin=R90.5-1
Added Pin To Net: NetName=NetC139.5_1 Pin=R90.5-2
Added Pin To Net: NetName=NetC139.6_2 Pin=R90.6-1
Added Pin To Net: NetName=NetC139.6_1 Pin=R90.6-2
Added Pin To Net: NetName=NetC139.7_2 Pin=R90.7-1
Added Pin To Net: NetName=NetC139.7_1 Pin=R90.7-2
Added Pin To Net: NetName=NetC139.8_2 Pin=R90.8-1
Added Pin To Net: NetName=NetC139.8_1 Pin=R90.8-2
Added Pin To Net: NetName=NetC139.2_1 Pin=R91.2-1
Added Pin To Net: NetName=NetC132.2_2 Pin=R91.2-2
Added Pin To Net: NetName=NetC139.3_1 Pin=R91.3-1
Added Pin To Net: NetName=NetC132.3_2 Pin=R91.3-2
Added Pin To Net: NetName=NetC139.4_1 Pin=R91.4-1
Added Pin To Net: NetName=NetC132.4_2 Pin=R91.4-2
Added Pin To Net: NetName=NetC139.5_1 Pin=R91.5-1
Added Pin To Net: NetName=NetC132.5_2 Pin=R91.5-2
Added Pin To Net: NetName=NetC139.6_1 Pin=R91.6-1
Added Pin To Net: NetName=NetC132.6_2 Pin=R91.6-2
Added Pin To Net: NetName=NetC139.7_1 Pin=R91.7-1
Added Pin To Net: NetName=NetC139.8_1 Pin=R91.8-1
Added Pin To Net: NetName=NetC132.8_2 Pin=R91.8-2
Added Pin To Net: NetName=XLRA2.2 Pin=R92.2-1
Added Pin To Net: NetName=NetC141.2_2 Pin=R92.2-2
Added Pin To Net: NetName=XLRA2.3 Pin=R92.3-1
Added Pin To Net: NetName=NetC141.3_2 Pin=R92.3-2
Added Pin To Net: NetName=XLRA2.4 Pin=R92.4-1
Added Pin To Net: NetName=NetC141.4_2 Pin=R92.4-2
Added Pin To Net: NetName=XLRA2.5 Pin=R92.5-1
Added Pin To Net: NetName=NetC141.5_2 Pin=R92.5-2
Added Pin To Net: NetName=XLRA2.6 Pin=R92.6-1
Added Pin To Net: NetName=NetC141.6_2 Pin=R92.6-2
Added Pin To Net: NetName=XLRA2.7 Pin=R92.7-1
Added Pin To Net: NetName=NetC141.7_2 Pin=R92.7-2
Added Pin To Net: NetName=XLRA2.8 Pin=R92.8-1
Added Pin To Net: NetName=NetC141.8_2 Pin=R92.8-2
Added Pin To Net: NetName=GND Pin=R93.2-1
Added Pin To Net: NetName=NetC141.2_2 Pin=R93.2-2
Added Pin To Net: NetName=GND Pin=R93.3-1
Added Pin To Net: NetName=NetC141.3_2 Pin=R93.3-2
Added Pin To Net: NetName=GND Pin=R93.4-1
Added Pin To Net: NetName=NetC141.4_2 Pin=R93.4-2
Added Pin To Net: NetName=GND Pin=R93.5-1
Added Pin To Net: NetName=NetC141.5_2 Pin=R93.5-2
Added Pin To Net: NetName=GND Pin=R93.6-1
Added Pin To Net: NetName=NetC141.6_2 Pin=R93.6-2
Added Pin To Net: NetName=GND Pin=R93.7-1
Added Pin To Net: NetName=NetC141.7_2 Pin=R93.7-2
Added Pin To Net: NetName=GND Pin=R93.8-1
Added Pin To Net: NetName=NetC141.8_2 Pin=R93.8-2
Added Pin To Net: NetName=NetR94.2_1 Pin=R94.2-1
Added Pin To Net: NetName=+2V5 Pin=R94.2-2
Added Pin To Net: NetName=NetR94.3_1 Pin=R94.3-1
Added Pin To Net: NetName=+2V5 Pin=R94.3-2
Added Pin To Net: NetName=NetR94.4_1 Pin=R94.4-1
Added Pin To Net: NetName=+2V5 Pin=R94.4-2
Added Pin To Net: NetName=NetR94.5_1 Pin=R94.5-1
Added Pin To Net: NetName=+2V5 Pin=R94.5-2
Added Pin To Net: NetName=NetR94.6_1 Pin=R94.6-1
Added Pin To Net: NetName=+2V5 Pin=R94.6-2
Added Pin To Net: NetName=NetR94.7_1 Pin=R94.7-1
Added Pin To Net: NetName=+2V5 Pin=R94.7-2
Added Pin To Net: NetName=NetR94.8_1 Pin=R94.8-1
Added Pin To Net: NetName=+2V5 Pin=R94.8-2
Added Pin To Net: NetName=JACKB.2 Pin=R95.2-1
Added Pin To Net: NetName=NetC143.2_2 Pin=R95.2-2
Added Pin To Net: NetName=JACKB.3 Pin=R95.3-1
Added Pin To Net: NetName=NetC143.3_2 Pin=R95.3-2
Added Pin To Net: NetName=JACKB.4 Pin=R95.4-1
Added Pin To Net: NetName=NetC143.4_2 Pin=R95.4-2
Added Pin To Net: NetName=JACKB.5 Pin=R95.5-1
Added Pin To Net: NetName=NetC143.5_2 Pin=R95.5-2
Added Pin To Net: NetName=JACKB.6 Pin=R95.6-1
Added Pin To Net: NetName=NetC143.6_2 Pin=R95.6-2
Added Pin To Net: NetName=JACKB.7 Pin=R95.7-1
Added Pin To Net: NetName=NetC143.7_2 Pin=R95.7-2
Added Pin To Net: NetName=JACKB.8 Pin=R95.8-1
Added Pin To Net: NetName=NetC143.8_2 Pin=R95.8-2
Added Pin To Net: NetName=NetC142.2_2 Pin=R96.2-1
Added Pin To Net: NetName=NetC142.2_1 Pin=R96.2-2
Added Pin To Net: NetName=NetC142.3_2 Pin=R96.3-1
Added Pin To Net: NetName=NetC142.3_1 Pin=R96.3-2
Added Pin To Net: NetName=NetC142.4_2 Pin=R96.4-1
Added Pin To Net: NetName=NetC142.4_1 Pin=R96.4-2
Added Pin To Net: NetName=NetC142.5_2 Pin=R96.5-1
Added Pin To Net: NetName=NetC142.5_1 Pin=R96.5-2
Added Pin To Net: NetName=NetC142.6_2 Pin=R96.6-1
Added Pin To Net: NetName=NetC142.6_1 Pin=R96.6-2
Added Pin To Net: NetName=NetC142.7_2 Pin=R96.7-1
Added Pin To Net: NetName=NetC142.7_1 Pin=R96.7-2
Added Pin To Net: NetName=NetC142.8_2 Pin=R96.8-1
Added Pin To Net: NetName=NetC142.8_1 Pin=R96.8-2
Added Pin To Net: NetName=GND Pin=R97.2-1
Added Pin To Net: NetName=NetC143.2_2 Pin=R97.2-2
Added Pin To Net: NetName=GND Pin=R97.3-1
Added Pin To Net: NetName=NetC143.3_2 Pin=R97.3-2
Added Pin To Net: NetName=GND Pin=R97.4-1
Added Pin To Net: NetName=NetC143.4_2 Pin=R97.4-2
Added Pin To Net: NetName=GND Pin=R97.5-1
Added Pin To Net: NetName=NetC143.5_2 Pin=R97.5-2
Added Pin To Net: NetName=GND Pin=R97.6-1
Added Pin To Net: NetName=NetC143.6_2 Pin=R97.6-2
Added Pin To Net: NetName=GND Pin=R97.7-1
Added Pin To Net: NetName=NetC143.7_2 Pin=R97.7-2
Added Pin To Net: NetName=GND Pin=R97.8-1
Added Pin To Net: NetName=NetC143.8_2 Pin=R97.8-2
Added Pin To Net: NetName=NetC142.2_1 Pin=R98.2-1
Added Pin To Net: NetName=+2V5 Pin=R98.2-2
Added Pin To Net: NetName=NetC142.3_1 Pin=R98.3-1
Added Pin To Net: NetName=+2V5 Pin=R98.3-2
Added Pin To Net: NetName=NetC142.4_1 Pin=R98.4-1
Added Pin To Net: NetName=+2V5 Pin=R98.4-2
Added Pin To Net: NetName=NetC142.5_1 Pin=R98.5-1
Added Pin To Net: NetName=+2V5 Pin=R98.5-2
Added Pin To Net: NetName=NetC142.6_1 Pin=R98.6-1
Added Pin To Net: NetName=+2V5 Pin=R98.6-2
Added Pin To Net: NetName=NetC142.7_1 Pin=R98.7-1
Added Pin To Net: NetName=+2V5 Pin=R98.7-2
Added Pin To Net: NetName=NetC142.8_1 Pin=R98.8-1
Added Pin To Net: NetName=+2V5 Pin=R98.8-2
Added Pin To Net: NetName=XLRB1.2 Pin=R99.2-1
Added Pin To Net: NetName=NetC144.2_2 Pin=R99.2-2
Added Pin To Net: NetName=XLRB1.3 Pin=R99.3-1
Added Pin To Net: NetName=NetC144.3_2 Pin=R99.3-2
Added Pin To Net: NetName=XLRB1.4 Pin=R99.4-1
Added Pin To Net: NetName=NetC144.4_2 Pin=R99.4-2
Added Pin To Net: NetName=XLRB1.5 Pin=R99.5-1
Added Pin To Net: NetName=NetC144.5_2 Pin=R99.5-2
Added Pin To Net: NetName=XLRB1.6 Pin=R99.6-1
Added Pin To Net: NetName=NetC144.6_2 Pin=R99.6-2
Added Pin To Net: NetName=XLRB1.7 Pin=R99.7-1
Added Pin To Net: NetName=NetC144.7_2 Pin=R99.7-2
Added Pin To Net: NetName=XLRB1.8 Pin=R99.8-1
Added Pin To Net: NetName=NetC144.8_2 Pin=R99.8-2
Added Pin To Net: NetName=NetC145.2_2 Pin=R100.2-1
Added Pin To Net: NetName=NetC147.2_1 Pin=R100.2-2
Added Pin To Net: NetName=NetC145.3_2 Pin=R100.3-1
Added Pin To Net: NetName=NetC147.3_1 Pin=R100.3-2
Added Pin To Net: NetName=NetC145.4_2 Pin=R100.4-1
Added Pin To Net: NetName=NetC147.4_1 Pin=R100.4-2
Added Pin To Net: NetName=NetC145.5_2 Pin=R100.5-1
Added Pin To Net: NetName=NetC147.5_1 Pin=R100.5-2
Added Pin To Net: NetName=NetC145.6_2 Pin=R100.6-1
Added Pin To Net: NetName=NetC147.6_1 Pin=R100.6-2
Added Pin To Net: NetName=NetC145.7_2 Pin=R100.7-1
Added Pin To Net: NetName=NetC147.7_1 Pin=R100.7-2
Added Pin To Net: NetName=NetC145.8_2 Pin=R100.8-1
Added Pin To Net: NetName=NetC147.8_1 Pin=R100.8-2
Added Pin To Net: NetName=GND Pin=R101.2-1
Added Pin To Net: NetName=NetC144.2_2 Pin=R101.2-2
Added Pin To Net: NetName=GND Pin=R101.3-1
Added Pin To Net: NetName=NetC144.3_2 Pin=R101.3-2
Added Pin To Net: NetName=GND Pin=R101.4-1
Added Pin To Net: NetName=NetC144.4_2 Pin=R101.4-2
Added Pin To Net: NetName=GND Pin=R101.5-1
Added Pin To Net: NetName=NetC144.5_2 Pin=R101.5-2
Added Pin To Net: NetName=GND Pin=R101.6-1
Added Pin To Net: NetName=NetC144.6_2 Pin=R101.6-2
Added Pin To Net: NetName=GND Pin=R101.7-1
Added Pin To Net: NetName=NetC144.7_2 Pin=R101.7-2
Added Pin To Net: NetName=GND Pin=R101.8-1
Added Pin To Net: NetName=NetC144.8_2 Pin=R101.8-2
Added Pin To Net: NetName=+2V5 Pin=R102.2-1
Added Pin To Net: NetName=NetC145.2_2 Pin=R102.2-2
Added Pin To Net: NetName=+2V5 Pin=R102.3-1
Added Pin To Net: NetName=NetC145.3_2 Pin=R102.3-2
Added Pin To Net: NetName=+2V5 Pin=R102.4-1
Added Pin To Net: NetName=NetC145.4_2 Pin=R102.4-2
Added Pin To Net: NetName=+2V5 Pin=R102.5-1
Added Pin To Net: NetName=NetC145.5_2 Pin=R102.5-2
Added Pin To Net: NetName=+2V5 Pin=R102.6-1
Added Pin To Net: NetName=NetC145.6_2 Pin=R102.6-2
Added Pin To Net: NetName=+2V5 Pin=R102.7-1
Added Pin To Net: NetName=NetC145.7_2 Pin=R102.7-2
Added Pin To Net: NetName=+2V5 Pin=R102.8-1
Added Pin To Net: NetName=NetC145.8_2 Pin=R102.8-2
Added Pin To Net: NetName=+2V5 Pin=R103.2-1
Added Pin To Net: NetName=NetC147.2_1 Pin=R103.2-2
Added Pin To Net: NetName=+2V5 Pin=R103.3-1
Added Pin To Net: NetName=NetC147.3_1 Pin=R103.3-2
Added Pin To Net: NetName=+2V5 Pin=R103.4-1
Added Pin To Net: NetName=NetC147.4_1 Pin=R103.4-2
Added Pin To Net: NetName=+2V5 Pin=R103.5-1
Added Pin To Net: NetName=NetC147.5_1 Pin=R103.5-2
Added Pin To Net: NetName=+2V5 Pin=R103.6-1
Added Pin To Net: NetName=NetC147.6_1 Pin=R103.6-2
Added Pin To Net: NetName=+2V5 Pin=R103.7-1
Added Pin To Net: NetName=NetC147.7_1 Pin=R103.7-2
Added Pin To Net: NetName=+2V5 Pin=R103.8-1
Added Pin To Net: NetName=NetC147.8_1 Pin=R103.8-2
Added Pin To Net: NetName=NetC146.2_2 Pin=R104.2-1
Added Pin To Net: NetName=NetC146.2_1 Pin=R104.2-2
Added Pin To Net: NetName=NetC146.3_2 Pin=R104.3-1
Added Pin To Net: NetName=NetC146.3_1 Pin=R104.3-2
Added Pin To Net: NetName=NetC146.4_2 Pin=R104.4-1
Added Pin To Net: NetName=NetC146.4_1 Pin=R104.4-2
Added Pin To Net: NetName=NetC146.5_2 Pin=R104.5-1
Added Pin To Net: NetName=NetC146.5_1 Pin=R104.5-2
Added Pin To Net: NetName=NetC146.6_2 Pin=R104.6-1
Added Pin To Net: NetName=NetC146.6_1 Pin=R104.6-2
Added Pin To Net: NetName=NetC146.7_2 Pin=R104.7-1
Added Pin To Net: NetName=NetC146.7_1 Pin=R104.7-2
Added Pin To Net: NetName=NetC146.8_2 Pin=R104.8-1
Added Pin To Net: NetName=NetC146.8_1 Pin=R104.8-2
Added Pin To Net: NetName=NetC146.2_1 Pin=R105.2-1
Added Pin To Net: NetName=NetC142.2_2 Pin=R105.2-2
Added Pin To Net: NetName=NetC146.3_1 Pin=R105.3-1
Added Pin To Net: NetName=NetC142.3_2 Pin=R105.3-2
Added Pin To Net: NetName=NetC146.4_1 Pin=R105.4-1
Added Pin To Net: NetName=NetC142.4_2 Pin=R105.4-2
Added Pin To Net: NetName=NetC146.5_1 Pin=R105.5-1
Added Pin To Net: NetName=NetC142.5_2 Pin=R105.5-2
Added Pin To Net: NetName=NetC146.6_1 Pin=R105.6-1
Added Pin To Net: NetName=NetC142.6_2 Pin=R105.6-2
Added Pin To Net: NetName=NetC146.7_1 Pin=R105.7-1
Added Pin To Net: NetName=NetC142.7_2 Pin=R105.7-2
Added Pin To Net: NetName=NetC146.8_1 Pin=R105.8-1
Added Pin To Net: NetName=NetC142.8_2 Pin=R105.8-2
Added Pin To Net: NetName=XLRB2.2 Pin=R106.2-1
Added Pin To Net: NetName=NetC148.2_2 Pin=R106.2-2
Added Pin To Net: NetName=XLRB2.3 Pin=R106.3-1
Added Pin To Net: NetName=NetC148.3_2 Pin=R106.3-2
Added Pin To Net: NetName=XLRB2.4 Pin=R106.4-1
Added Pin To Net: NetName=NetC148.4_2 Pin=R106.4-2
Added Pin To Net: NetName=XLRB2.5 Pin=R106.5-1
Added Pin To Net: NetName=NetC148.5_2 Pin=R106.5-2
Added Pin To Net: NetName=XLRB2.6 Pin=R106.6-1
Added Pin To Net: NetName=NetC148.6_2 Pin=R106.6-2
Added Pin To Net: NetName=XLRB2.7 Pin=R106.7-1
Added Pin To Net: NetName=NetC148.7_2 Pin=R106.7-2
Added Pin To Net: NetName=XLRB2.8 Pin=R106.8-1
Added Pin To Net: NetName=NetC148.8_2 Pin=R106.8-2
Added Pin To Net: NetName=GND Pin=R107.2-1
Added Pin To Net: NetName=NetC148.2_2 Pin=R107.2-2
Added Pin To Net: NetName=GND Pin=R107.3-1
Added Pin To Net: NetName=NetC148.3_2 Pin=R107.3-2
Added Pin To Net: NetName=GND Pin=R107.4-1
Added Pin To Net: NetName=NetC148.4_2 Pin=R107.4-2
Added Pin To Net: NetName=GND Pin=R107.5-1
Added Pin To Net: NetName=NetC148.5_2 Pin=R107.5-2
Added Pin To Net: NetName=GND Pin=R107.6-1
Added Pin To Net: NetName=NetC148.6_2 Pin=R107.6-2
Added Pin To Net: NetName=GND Pin=R107.7-1
Added Pin To Net: NetName=NetC148.7_2 Pin=R107.7-2
Added Pin To Net: NetName=GND Pin=R107.8-1
Added Pin To Net: NetName=NetC148.8_2 Pin=R107.8-2
Added Pin To Net: NetName=NetR108.2_1 Pin=R108.2-1
Added Pin To Net: NetName=+2V5 Pin=R108.2-2
Added Pin To Net: NetName=NetR108.3_1 Pin=R108.3-1
Added Pin To Net: NetName=+2V5 Pin=R108.3-2
Added Pin To Net: NetName=NetR108.4_1 Pin=R108.4-1
Added Pin To Net: NetName=+2V5 Pin=R108.4-2
Added Pin To Net: NetName=NetR108.5_1 Pin=R108.5-1
Added Pin To Net: NetName=+2V5 Pin=R108.5-2
Added Pin To Net: NetName=NetR108.6_1 Pin=R108.6-1
Added Pin To Net: NetName=+2V5 Pin=R108.6-2
Added Pin To Net: NetName=NetR108.7_1 Pin=R108.7-1
Added Pin To Net: NetName=+2V5 Pin=R108.7-2
Added Pin To Net: NetName=NetR108.8_1 Pin=R108.8-1
Added Pin To Net: NetName=+2V5 Pin=R108.8-2
Added Pin To Net: NetName=NetC62.4_2 Pin=U17.4-1
Added Pin To Net: NetName=NetC62.4_1 Pin=U17.4-2
Added Pin To Net: NetName=NetC66.4_2 Pin=U17.4-3
Added Pin To Net: NetName=GND Pin=U17.4-4
Added Pin To Net: NetName=+2V5 Pin=U17.4-5
Added Pin To Net: NetName=NetC75.4_1 Pin=U17.4-6
Added Pin To Net: NetName=NetC75.4_2 Pin=U17.4-7
Added Pin To Net: NetName=+5VA Pin=U17.4-8
Added Pin To Net: NetName=NetC58.4_2 Pin=U18.4-1
Added Pin To Net: NetName=NetC58.4_1 Pin=U18.4-2
Added Pin To Net: NetName=NetC73.4_2 Pin=U18.4-3
Added Pin To Net: NetName=+5VA Pin=U18.4-4
Added Pin To Net: NetName=NetR55.4_2 Pin=U18.4-5
Added Pin To Net: NetName=NetC80.4_1 Pin=U18.4-6
Added Pin To Net: NetName=V1.4 Pin=U18.4-7
Added Pin To Net: NetName=NetC66.4_1 Pin=U18.4-8
Added Pin To Net: NetName=NetC83.4_1 Pin=U18.4-9
Added Pin To Net: NetName=NetR62.4_2 Pin=U18.4-10
Added Pin To Net: NetName=GND Pin=U18.4-11
Added Pin To Net: NetName=NetC81.4_2 Pin=U18.4-12
Added Pin To Net: NetName=NetC79.4_1 Pin=U18.4-13
Added Pin To Net: NetName=-V1.4 Pin=U18.4-14
Added Pin To Net: NetName=NetC132.2_2 Pin=U24.2-1
Added Pin To Net: NetName=NetC132.2_1 Pin=U24.2-2
Added Pin To Net: NetName=NetC140.2_1 Pin=U24.2-3
Added Pin To Net: NetName=+5VA Pin=U24.2-4
Added Pin To Net: NetName=NetR94.2_1 Pin=U24.2-5
Added Pin To Net: NetName=NetC139.2_1 Pin=U24.2-6
Added Pin To Net: NetName=NetC139.2_2 Pin=U24.2-7
Added Pin To Net: NetName=NetC146.2_2 Pin=U24.2-8
Added Pin To Net: NetName=NetC146.2_1 Pin=U24.2-9
Added Pin To Net: NetName=NetR108.2_1 Pin=U24.2-10
Added Pin To Net: NetName=GND Pin=U24.2-11
Added Pin To Net: NetName=NetC147.2_1 Pin=U24.2-12
Added Pin To Net: NetName=NetC142.2_1 Pin=U24.2-13
Added Pin To Net: NetName=NetC142.2_2 Pin=U24.2-14
Added Pin To Net: NetName=NetC132.3_2 Pin=U24.3-1
Added Pin To Net: NetName=NetC132.3_1 Pin=U24.3-2
Added Pin To Net: NetName=NetC140.3_1 Pin=U24.3-3
Added Pin To Net: NetName=+5VA Pin=U24.3-4
Added Pin To Net: NetName=NetR94.3_1 Pin=U24.3-5
Added Pin To Net: NetName=NetC139.3_1 Pin=U24.3-6
Added Pin To Net: NetName=NetC139.3_2 Pin=U24.3-7
Added Pin To Net: NetName=NetC146.3_2 Pin=U24.3-8
Added Pin To Net: NetName=NetC146.3_1 Pin=U24.3-9
Added Pin To Net: NetName=NetR108.3_1 Pin=U24.3-10
Added Pin To Net: NetName=GND Pin=U24.3-11
Added Pin To Net: NetName=NetC147.3_1 Pin=U24.3-12
Added Pin To Net: NetName=NetC142.3_1 Pin=U24.3-13
Added Pin To Net: NetName=NetC142.3_2 Pin=U24.3-14
Added Pin To Net: NetName=NetC132.4_2 Pin=U24.4-1
Added Pin To Net: NetName=NetC132.4_1 Pin=U24.4-2
Added Pin To Net: NetName=NetC140.4_1 Pin=U24.4-3
Added Pin To Net: NetName=+5VA Pin=U24.4-4
Added Pin To Net: NetName=NetR94.4_1 Pin=U24.4-5
Added Pin To Net: NetName=NetC139.4_1 Pin=U24.4-6
Added Pin To Net: NetName=NetC139.4_2 Pin=U24.4-7
Added Pin To Net: NetName=NetC146.4_2 Pin=U24.4-8
Added Pin To Net: NetName=NetC146.4_1 Pin=U24.4-9
Added Pin To Net: NetName=NetR108.4_1 Pin=U24.4-10
Added Pin To Net: NetName=GND Pin=U24.4-11
Added Pin To Net: NetName=NetC147.4_1 Pin=U24.4-12
Added Pin To Net: NetName=NetC142.4_1 Pin=U24.4-13
Added Pin To Net: NetName=NetC142.4_2 Pin=U24.4-14
Added Pin To Net: NetName=NetC132.5_2 Pin=U24.5-1
Added Pin To Net: NetName=NetC132.5_1 Pin=U24.5-2
Added Pin To Net: NetName=NetC140.5_1 Pin=U24.5-3
Added Pin To Net: NetName=+5VA Pin=U24.5-4
Added Pin To Net: NetName=NetR94.5_1 Pin=U24.5-5
Added Pin To Net: NetName=NetC139.5_1 Pin=U24.5-6
Added Pin To Net: NetName=NetC139.5_2 Pin=U24.5-7
Added Pin To Net: NetName=NetC146.5_2 Pin=U24.5-8
Added Pin To Net: NetName=NetC146.5_1 Pin=U24.5-9
Added Pin To Net: NetName=NetR108.5_1 Pin=U24.5-10
Added Pin To Net: NetName=GND Pin=U24.5-11
Added Pin To Net: NetName=NetC147.5_1 Pin=U24.5-12
Added Pin To Net: NetName=NetC142.5_1 Pin=U24.5-13
Added Pin To Net: NetName=NetC142.5_2 Pin=U24.5-14
Added Pin To Net: NetName=NetC132.6_2 Pin=U24.6-1
Added Pin To Net: NetName=NetC132.6_1 Pin=U24.6-2
Added Pin To Net: NetName=NetC140.6_1 Pin=U24.6-3
Added Pin To Net: NetName=+5VA Pin=U24.6-4
Added Pin To Net: NetName=NetR94.6_1 Pin=U24.6-5
Added Pin To Net: NetName=NetC139.6_1 Pin=U24.6-6
Added Pin To Net: NetName=NetC139.6_2 Pin=U24.6-7
Added Pin To Net: NetName=NetC146.6_2 Pin=U24.6-8
Added Pin To Net: NetName=NetC146.6_1 Pin=U24.6-9
Added Pin To Net: NetName=NetR108.6_1 Pin=U24.6-10
Added Pin To Net: NetName=GND Pin=U24.6-11
Added Pin To Net: NetName=NetC147.6_1 Pin=U24.6-12
Added Pin To Net: NetName=NetC142.6_1 Pin=U24.6-13
Added Pin To Net: NetName=NetC142.6_2 Pin=U24.6-14
Added Pin To Net: NetName=NetC132.7_1 Pin=U24.7-2
Added Pin To Net: NetName=NetC140.7_1 Pin=U24.7-3
Added Pin To Net: NetName=+5VA Pin=U24.7-4
Added Pin To Net: NetName=NetR94.7_1 Pin=U24.7-5
Added Pin To Net: NetName=NetC139.7_1 Pin=U24.7-6
Added Pin To Net: NetName=NetC139.7_2 Pin=U24.7-7
Added Pin To Net: NetName=NetC146.7_2 Pin=U24.7-8
Added Pin To Net: NetName=NetC146.7_1 Pin=U24.7-9
Added Pin To Net: NetName=NetR108.7_1 Pin=U24.7-10
Added Pin To Net: NetName=GND Pin=U24.7-11
Added Pin To Net: NetName=NetC147.7_1 Pin=U24.7-12
Added Pin To Net: NetName=NetC142.7_1 Pin=U24.7-13
Added Pin To Net: NetName=NetC142.7_2 Pin=U24.7-14
Change Net Name : Old Net Name=TRD_1_P New Net Name=NetC132.7_2
Added Pin To Net: NetName=TRD_1_P Pin=U25-2
Added Pin To Net: NetName=TRD_1_P Pin=U26-11
Added Net: Name=TRD_1_P
Added Member To Class: ClassName=U_InputAmplifier4 Member=Component C58.4 (C58) Capacitor
Added Member To Class: ClassName=U_InputAmplifier4 Member=Component C59.4 (C59) Capacitor
Added Member To Class: ClassName=AUDIO INPUTS Member=Component C59 Capacitor
Added Member To Class: ClassName=AUDIO INPUTS Member=Component C59 Capacitor
Added Member To Class: ClassName=U_InputAmplifier4 Member=Component C60.4 (C60) Capacitor
Added Member To Class: ClassName=U_InputAmplifier4 Member=Component C61.4 (C61) Capacitor
Added Member To Class: ClassName=U_InputAmplifier4 Member=Component C62.4 (C62) Capacitor
Added Member To Class: ClassName=U_InputAmplifier4 Member=Component C63.4 (C63) Capacitor
Added Member To Class: ClassName=U_InputAmplifier4 Member=Component C64.4 (C64) Capacitor
Added Member To Class: ClassName=U_InputAmplifier4 Member=Component C65.4 (C65) Capacitor
Added Member To Class: ClassName=U_InputAmplifier4 Member=Component C66.4 (C66) Capacitor
Added Member To Class: ClassName=U_InputAmplifier4 Member=Component C67.4 (C67) Capacitor
Added Member To Class: ClassName=U_InputAmplifier4 Member=Component C68.4 (C68) Capacitor
Added Member To Class: ClassName=U_InputAmplifier4 Member=Component C69.4 (C69) Capacitor
Added Member To Class: ClassName=U_InputAmplifier4 Member=Component C70.4 (C70) Capacitor
Added Member To Class: ClassName=U_InputAmplifier4 Member=Component C71.4 (C71) Capacitor
Added Member To Class: ClassName=U_InputAmplifier4 Member=Component C72.4 (C72) Capacitor
Added Member To Class: ClassName=U_InputAmplifier4 Member=Component C73.4 (C73) Capacitor
Added Member To Class: ClassName=U_InputAmplifier4 Member=Component C74.4 (C74) Capacitor
Added Member To Class: ClassName=U_InputAmplifier4 Member=Component C75.4 (C75) Capacitor
Added Member To Class: ClassName=U_InputAmplifier4 Member=Component C76.4 (C76) Capacitor
Added Member To Class: ClassName=U_InputAmplifier4 Member=Component C77.4 (C77) Capacitor
Added Member To Class: ClassName=U_InputAmplifier4 Member=Component C78.4 (C78) Capacitor
Added Member To Class: ClassName=U_InputAmplifier4 Member=Component C79.4 (C79) Capacitor
Added Member To Class: ClassName=U_InputAmplifier4 Member=Component C80.4 (C80) Capacitor
Added Member To Class: ClassName=U_InputAmplifier4 Member=Component C81.4 (C81) Capacitor
Added Member To Class: ClassName=U_InputAmplifier4 Member=Component C82.4 (C82) Capacitor
Added Member To Class: ClassName=U_InputAmplifier4 Member=Component C83.4 (C83) Capacitor
Added Member To Class: ClassName=U_InputAmplifier4 Member=Component C84.4 (C84) Capacitor
Added Member To Class: ClassName=DAC1 Member=Component C129.1 (C129) Capacitor
Added Member To Class: ClassName=DAC2 Member=Component C129.2 (C129) Capacitor
Added Member To Class: ClassName=DAC1 Member=Component C130.1 (C130) Capacitor
Added Member To Class: ClassName=DAC2 Member=Component C130.2 (C130) Capacitor
Added Member To Class: ClassName=DAC1 Member=Component C131.1 (C131) Capacitor
Added Member To Class: ClassName=DAC2 Member=Component C131.2 (C131) Capacitor
Added Member To Class: ClassName=U_OutputConnectors2 Member=Component C132.2 (C132) Capacitor
Added Member To Class: ClassName=U_OutputConnectors3 Member=Component C132.3 (C132) Capacitor
Added Member To Class: ClassName=U_OutputConnectors4 Member=Component C132.4 (C132) Capacitor
Added Member To Class: ClassName=U_OutputConnectors5 Member=Component C132.5 (C132) Capacitor
Added Member To Class: ClassName=U_OutputConnectors6 Member=Component C132.6 (C132) Capacitor
Added Member To Class: ClassName=U_OutputConnectors7 Member=Component C132.7 (C132) Capacitor
Added Member To Class: ClassName=U_OutputConnectors8 Member=Component C132.8 (C132) Capacitor
Added Member To Class: ClassName=U_OutputConnectors2 Member=Component C133.2 (C133) Capacitor
Added Member To Class: ClassName=U_OutputConnectors3 Member=Component C133.3 (C133) Capacitor
Added Member To Class: ClassName=U_OutputConnectors4 Member=Component C133.4 (C133) Capacitor
Added Member To Class: ClassName=U_OutputConnectors5 Member=Component C133.5 (C133) Capacitor
Added Member To Class: ClassName=U_OutputConnectors6 Member=Component C133.6 (C133) Capacitor
Added Member To Class: ClassName=U_OutputConnectors7 Member=Component C133.7 (C133) Capacitor
Added Member To Class: ClassName=U_OutputConnectors8 Member=Component C133.8 (C133) Capacitor
Added Member To Class: ClassName=U_OutputConnectors2 Member=Component C134.2 (C134) Capacitor
Added Member To Class: ClassName=U_OutputConnectors3 Member=Component C134.3 (C134) Capacitor
Added Member To Class: ClassName=U_OutputConnectors4 Member=Component C134.4 (C134) Capacitor
Added Member To Class: ClassName=U_OutputConnectors5 Member=Component C134.5 (C134) Capacitor
Added Member To Class: ClassName=U_OutputConnectors6 Member=Component C134.6 (C134) Capacitor
Added Member To Class: ClassName=U_OutputConnectors7 Member=Component C134.7 (C134) Capacitor
Added Member To Class: ClassName=U_OutputConnectors8 Member=Component C134.8 (C134) Capacitor
Added Member To Class: ClassName=U_OutputConnectors2 Member=Component C135.2 (C135) Capacitor
Added Member To Class: ClassName=U_OutputConnectors3 Member=Component C135.3 (C135) Capacitor
Added Member To Class: ClassName=U_OutputConnectors4 Member=Component C135.4 (C135) Capacitor
Added Member To Class: ClassName=U_OutputConnectors5 Member=Component C135.5 (C135) Capacitor
Added Member To Class: ClassName=U_OutputConnectors6 Member=Component C135.6 (C135) Capacitor
Added Member To Class: ClassName=U_OutputConnectors7 Member=Component C135.7 (C135) Capacitor
Added Member To Class: ClassName=U_OutputConnectors8 Member=Component C135.8 (C135) Capacitor
Added Member To Class: ClassName=U_OutputConnectors2 Member=Component C136.2 (C136) Capacitor
Added Member To Class: ClassName=U_OutputConnectors3 Member=Component C136.3 (C136) Capacitor
Added Member To Class: ClassName=U_OutputConnectors4 Member=Component C136.4 (C136) Capacitor
Added Member To Class: ClassName=U_OutputConnectors5 Member=Component C136.5 (C136) Capacitor
Added Member To Class: ClassName=U_OutputConnectors6 Member=Component C136.6 (C136) Capacitor
Added Member To Class: ClassName=U_OutputConnectors7 Member=Component C136.7 (C136) Capacitor
Added Member To Class: ClassName=U_OutputConnectors8 Member=Component C136.8 (C136) Capacitor
Added Member To Class: ClassName=U_OutputConnectors2 Member=Component C137.2 (C137) Capacitor
Added Member To Class: ClassName=U_OutputConnectors3 Member=Component C137.3 (C137) Capacitor
Added Member To Class: ClassName=U_OutputConnectors4 Member=Component C137.4 (C137) Capacitor
Added Member To Class: ClassName=U_OutputConnectors5 Member=Component C137.5 (C137) Capacitor
Added Member To Class: ClassName=U_OutputConnectors6 Member=Component C137.6 (C137) Capacitor
Added Member To Class: ClassName=U_OutputConnectors7 Member=Component C137.7 (C137) Capacitor
Added Member To Class: ClassName=U_OutputConnectors8 Member=Component C137.8 (C137) Capacitor
Added Member To Class: ClassName=U_OutputConnectors2 Member=Component C138.2 (C138) Capacitor
Added Member To Class: ClassName=U_OutputConnectors3 Member=Component C138.3 (C138) Capacitor
Added Member To Class: ClassName=U_OutputConnectors4 Member=Component C138.4 (C138) Capacitor
Added Member To Class: ClassName=U_OutputConnectors5 Member=Component C138.5 (C138) Capacitor
Added Member To Class: ClassName=U_OutputConnectors6 Member=Component C138.6 (C138) Capacitor
Added Member To Class: ClassName=U_OutputConnectors7 Member=Component C138.7 (C138) Capacitor
Added Member To Class: ClassName=U_OutputConnectors8 Member=Component C138.8 (C138) Capacitor
Added Member To Class: ClassName=U_OutputConnectors2 Member=Component C139.2 (C139) Capacitor
Added Member To Class: ClassName=U_OutputConnectors3 Member=Component C139.3 (C139) Capacitor
Added Member To Class: ClassName=U_OutputConnectors4 Member=Component C139.4 (C139) Capacitor
Added Member To Class: ClassName=U_OutputConnectors5 Member=Component C139.5 (C139) Capacitor
Added Member To Class: ClassName=U_OutputConnectors6 Member=Component C139.6 (C139) Capacitor
Added Member To Class: ClassName=U_OutputConnectors7 Member=Component C139.7 (C139) Capacitor
Added Member To Class: ClassName=U_OutputConnectors8 Member=Component C139.8 (C139) Capacitor
Added Member To Class: ClassName=U_OutputConnectors2 Member=Component C140.2 (C140) Capacitor
Added Member To Class: ClassName=U_OutputConnectors3 Member=Component C140.3 (C140) Capacitor
Added Member To Class: ClassName=U_OutputConnectors4 Member=Component C140.4 (C140) Capacitor
Added Member To Class: ClassName=U_OutputConnectors5 Member=Component C140.5 (C140) Capacitor
Added Member To Class: ClassName=U_OutputConnectors6 Member=Component C140.6 (C140) Capacitor
Added Member To Class: ClassName=U_OutputConnectors7 Member=Component C140.7 (C140) Capacitor
Added Member To Class: ClassName=U_OutputConnectors8 Member=Component C140.8 (C140) Capacitor
Added Member To Class: ClassName=U_OutputConnectors2 Member=Component C141.2 (C141) Capacitor
Added Member To Class: ClassName=U_OutputConnectors3 Member=Component C141.3 (C141) Capacitor
Added Member To Class: ClassName=U_OutputConnectors4 Member=Component C141.4 (C141) Capacitor
Added Member To Class: ClassName=U_OutputConnectors5 Member=Component C141.5 (C141) Capacitor
Added Member To Class: ClassName=U_OutputConnectors6 Member=Component C141.6 (C141) Capacitor
Added Member To Class: ClassName=U_OutputConnectors7 Member=Component C141.7 (C141) Capacitor
Added Member To Class: ClassName=U_OutputConnectors8 Member=Component C141.8 (C141) Capacitor
Added Member To Class: ClassName=U_OutputConnectors2 Member=Component C142.2 (C142) Capacitor
Added Member To Class: ClassName=U_OutputConnectors3 Member=Component C142.3 (C142) Capacitor
Added Member To Class: ClassName=U_OutputConnectors4 Member=Component C142.4 (C142) Capacitor
Added Member To Class: ClassName=U_OutputConnectors5 Member=Component C142.5 (C142) Capacitor
Added Member To Class: ClassName=U_OutputConnectors6 Member=Component C142.6 (C142) Capacitor
Added Member To Class: ClassName=U_OutputConnectors7 Member=Component C142.7 (C142) Capacitor
Added Member To Class: ClassName=U_OutputConnectors8 Member=Component C142.8 (C142) Capacitor
Added Member To Class: ClassName=U_OutputConnectors2 Member=Component C146.2 (C146) Capacitor
Added Member To Class: ClassName=U_OutputConnectors3 Member=Component C146.3 (C146) Capacitor
Added Member To Class: ClassName=U_OutputConnectors4 Member=Component C146.4 (C146) Capacitor
Added Member To Class: ClassName=U_OutputConnectors5 Member=Component C146.5 (C146) Capacitor
Added Member To Class: ClassName=U_OutputConnectors6 Member=Component C146.6 (C146) Capacitor
Added Member To Class: ClassName=U_OutputConnectors7 Member=Component C146.7 (C146) Capacitor
Added Member To Class: ClassName=U_OutputConnectors2 Member=Component C147.2 (C147) Capacitor
Added Member To Class: ClassName=U_OutputConnectors3 Member=Component C147.3 (C147) Capacitor
Added Member To Class: ClassName=U_OutputConnectors4 Member=Component C147.4 (C147) Capacitor
Added Member To Class: ClassName=U_OutputConnectors5 Member=Component C147.5 (C147) Capacitor
Added Member To Class: ClassName=U_OutputConnectors6 Member=Component C147.6 (C147) Capacitor
Added Member To Class: ClassName=U_OutputConnectors7 Member=Component C147.7 (C147) Capacitor
Added Member To Class: ClassName=U_OutputConnectors2 Member=Component C148.2 (C148) Capacitor
Added Member To Class: ClassName=U_OutputConnectors3 Member=Component C148.3 (C148) Capacitor
Added Member To Class: ClassName=U_OutputConnectors4 Member=Component C148.4 (C148) Capacitor
Added Member To Class: ClassName=U_OutputConnectors5 Member=Component C148.5 (C148) Capacitor
Added Member To Class: ClassName=U_OutputConnectors6 Member=Component C148.6 (C148) Capacitor
Added Member To Class: ClassName=U_OutputConnectors7 Member=Component C148.7 (C148) Capacitor
Added Member To Class: ClassName=U_InputAmplifier4 Member=Component D10.4 (D10) Diode_dual
Added Member To Class: ClassName=U_InputAmplifier4 Member=Component D11.4 (D11) Diode_dual
Added Member To Class: ClassName=U_InputAmplifier4 Member=Component D12.4 (D12) Diode_dual
Added Member To Class: ClassName=U_OutputConnectors2 Member=Component D13.2 (D13) Diode_dual
Added Member To Class: ClassName=U_OutputConnectors3 Member=Component D13.3 (D13) Diode_dual
Added Member To Class: ClassName=U_OutputConnectors4 Member=Component D13.4 (D13) Diode_dual
Added Member To Class: ClassName=U_OutputConnectors5 Member=Component D13.5 (D13) Diode_dual
Added Member To Class: ClassName=U_OutputConnectors6 Member=Component D13.6 (D13) Diode_dual
Added Member To Class: ClassName=U_OutputConnectors7 Member=Component D13.7 (D13) Diode_dual
Added Member To Class: ClassName=U_OutputConnectors8 Member=Component D13.8 (D13) Diode_dual
Added Member To Class: ClassName=U_OutputConnectors2 Member=Component D14.2 (D14) Diode_dual
Added Member To Class: ClassName=U_OutputConnectors3 Member=Component D14.3 (D14) Diode_dual
Added Member To Class: ClassName=U_OutputConnectors4 Member=Component D14.4 (D14) Diode_dual
Added Member To Class: ClassName=U_OutputConnectors5 Member=Component D14.5 (D14) Diode_dual
Added Member To Class: ClassName=U_OutputConnectors6 Member=Component D14.6 (D14) Diode_dual
Added Member To Class: ClassName=U_OutputConnectors7 Member=Component D14.7 (D14) Diode_dual
Added Member To Class: ClassName=U_OutputConnectors8 Member=Component D14.8 (D14) Diode_dual
Added Member To Class: ClassName=U_OutputConnectors2 Member=Component D15.2 (D15) Diode_dual
Added Member To Class: ClassName=U_OutputConnectors3 Member=Component D15.3 (D15) Diode_dual
Added Member To Class: ClassName=U_OutputConnectors4 Member=Component D15.4 (D15) Diode_dual
Added Member To Class: ClassName=U_OutputConnectors5 Member=Component D15.5 (D15) Diode_dual
Added Member To Class: ClassName=U_OutputConnectors6 Member=Component D15.6 (D15) Diode_dual
Added Member To Class: ClassName=U_OutputConnectors7 Member=Component D15.7 (D15) Diode_dual
Added Member To Class: ClassName=U_OutputConnectors8 Member=Component D15.8 (D15) Diode_dual
Added Member To Class: ClassName=U_OutputConnectors2 Member=Component D16.2 (D16) Diode_dual
Added Member To Class: ClassName=U_OutputConnectors3 Member=Component D16.3 (D16) Diode_dual
Added Member To Class: ClassName=U_OutputConnectors4 Member=Component D16.4 (D16) Diode_dual
Added Member To Class: ClassName=U_OutputConnectors5 Member=Component D16.5 (D16) Diode_dual
Added Member To Class: ClassName=U_OutputConnectors6 Member=Component D16.6 (D16) Diode_dual
Added Member To Class: ClassName=U_OutputConnectors7 Member=Component D16.7 (D16) Diode_dual
Added Member To Class: ClassName=U_OutputConnectors8 Member=Component D16.8 (D16) Diode_dual
Added Member To Class: ClassName=U_OutputConnectors2 Member=Component J5.2 (J5) B7B-XH-A(LF)(SN)
Added Member To Class: ClassName=U_OutputConnectors3 Member=Component J5.3 (J5) B7B-XH-A(LF)(SN)
Added Member To Class: ClassName=U_OutputConnectors4 Member=Component J5.4 (J5) B7B-XH-A(LF)(SN)
Added Member To Class: ClassName=U_OutputConnectors5 Member=Component J5.5 (J5) B7B-XH-A(LF)(SN)
Added Member To Class: ClassName=U_OutputConnectors6 Member=Component J5.6 (J5) B7B-XH-A(LF)(SN)
Added Member To Class: ClassName=U_OutputConnectors7 Member=Component J5.7 (J5) B7B-XH-A(LF)(SN)
Added Member To Class: ClassName=U_OutputConnectors8 Member=Component J5.8 (J5) B7B-XH-A(LF)(SN)
Added Member To Class: ClassName=U_InputAmplifier4 Member=Component R34.4 (R34) Resistor
Added Member To Class: ClassName=U_InputAmplifier4 Member=Component R35.4 (R35) Resistor
Added Member To Class: ClassName=U_InputAmplifier4 Member=Component R36.4 (R36) Resistor
Added Member To Class: ClassName=U_InputAmplifier4 Member=Component R37.4 (R37) Resistor
Added Member To Class: ClassName=U_InputAmplifier4 Member=Component R38.4 (R38) Resistor
Added Member To Class: ClassName=U_InputAmplifier4 Member=Component R39.4 (R39) Resistor
Added Member To Class: ClassName=U_InputAmplifier4 Member=Component R40.4 (R40) Resistor
Added Member To Class: ClassName=U_InputAmplifier4 Member=Component R41.4 (R41) Resistor
Added Member To Class: ClassName=U_InputAmplifier4 Member=Component R42.4 (R42) Resistor
Added Member To Class: ClassName=U_InputAmplifier4 Member=Component R43.4 (R43) Resistor
Added Member To Class: ClassName=U_InputAmplifier4 Member=Component R44.4 (R44) Resistor
Added Member To Class: ClassName=U_InputAmplifier4 Member=Component R45.4 (R45) Resistor
Added Member To Class: ClassName=U_InputAmplifier4 Member=Component R46.4 (R46) Resistor
Added Member To Class: ClassName=U_InputAmplifier4 Member=Component R47.4 (R47) Resistor
Added Member To Class: ClassName=U_InputAmplifier4 Member=Component R48.4 (R48) Resistor
Added Member To Class: ClassName=U_InputAmplifier4 Member=Component R49.4 (R49) Resistor
Added Member To Class: ClassName=U_InputAmplifier4 Member=Component R50.4 (R50) Resistor
Added Member To Class: ClassName=U_InputAmplifier4 Member=Component R51.4 (R51) Resistor
Added Member To Class: ClassName=U_InputAmplifier4 Member=Component R52.4 (R52) Resistor
Added Member To Class: ClassName=U_InputAmplifier4 Member=Component R53.4 (R53) Resistor
Added Member To Class: ClassName=U_InputAmplifier4 Member=Component R54.4 (R54) Resistor
Added Member To Class: ClassName=U_InputAmplifier4 Member=Component R55.4 (R55) Resistor
Added Member To Class: ClassName=U_InputAmplifier4 Member=Component R56.4 (R56) Resistor
Added Member To Class: ClassName=U_InputAmplifier4 Member=Component R57.4 (R57) Resistor
Added Member To Class: ClassName=U_InputAmplifier4 Member=Component R58.4 (R58) Resistor
Added Member To Class: ClassName=U_InputAmplifier4 Member=Component R59.4 (R59) Resistor
Added Member To Class: ClassName=U_InputAmplifier4 Member=Component R60.4 (R60) Resistor
Added Member To Class: ClassName=U_InputAmplifier4 Member=Component R61.4 (R61) Resistor
Added Member To Class: ClassName=U_InputAmplifier4 Member=Component R62.4 (R62) Resistor
Added Member To Class: ClassName=U_InputAmplifier4 Member=Component R63.4 (R63) Resistor
Added Member To Class: ClassName=U_InputAmplifier4 Member=Component R64.4 (R64) Resistor
Added Member To Class: ClassName=U_InputAmplifier4 Member=Component R65.4 (R65) Resistor
Added Member To Class: ClassName=U_OutputConnectors2 Member=Component R81.2 (R81) Resistor
Added Member To Class: ClassName=U_OutputConnectors3 Member=Component R81.3 (R81) Resistor
Added Member To Class: ClassName=U_OutputConnectors4 Member=Component R81.4 (R81) Resistor
Added Member To Class: ClassName=U_OutputConnectors5 Member=Component R81.5 (R81) Resistor
Added Member To Class: ClassName=U_OutputConnectors6 Member=Component R81.6 (R81) Resistor
Added Member To Class: ClassName=U_OutputConnectors7 Member=Component R81.7 (R81) Resistor
Added Member To Class: ClassName=U_OutputConnectors8 Member=Component R81.8 (R81) Resistor
Added Member To Class: ClassName=U_OutputConnectors2 Member=Component R82.2 (R82) Resistor
Added Member To Class: ClassName=U_OutputConnectors3 Member=Component R82.3 (R82) Resistor
Added Member To Class: ClassName=U_OutputConnectors4 Member=Component R82.4 (R82) Resistor
Added Member To Class: ClassName=U_OutputConnectors5 Member=Component R82.5 (R82) Resistor
Added Member To Class: ClassName=U_OutputConnectors6 Member=Component R82.6 (R82) Resistor
Added Member To Class: ClassName=U_OutputConnectors7 Member=Component R82.7 (R82) Resistor
Added Member To Class: ClassName=U_OutputConnectors8 Member=Component R82.8 (R82) Resistor
Added Member To Class: ClassName=U_OutputConnectors2 Member=Component R83.2 (R83) Resistor
Added Member To Class: ClassName=U_OutputConnectors3 Member=Component R83.3 (R83) Resistor
Added Member To Class: ClassName=U_OutputConnectors4 Member=Component R83.4 (R83) Resistor
Added Member To Class: ClassName=U_OutputConnectors5 Member=Component R83.5 (R83) Resistor
Added Member To Class: ClassName=U_OutputConnectors6 Member=Component R83.6 (R83) Resistor
Added Member To Class: ClassName=U_OutputConnectors7 Member=Component R83.7 (R83) Resistor
Added Member To Class: ClassName=U_OutputConnectors8 Member=Component R83.8 (R83) Resistor
Added Member To Class: ClassName=U_OutputConnectors2 Member=Component R84.2 (R84) Resistor
Added Member To Class: ClassName=U_OutputConnectors3 Member=Component R84.3 (R84) Resistor
Added Member To Class: ClassName=U_OutputConnectors4 Member=Component R84.4 (R84) Resistor
Added Member To Class: ClassName=U_OutputConnectors5 Member=Component R84.5 (R84) Resistor
Added Member To Class: ClassName=U_OutputConnectors6 Member=Component R84.6 (R84) Resistor
Added Member To Class: ClassName=U_OutputConnectors7 Member=Component R84.7 (R84) Resistor
Added Member To Class: ClassName=U_OutputConnectors8 Member=Component R84.8 (R84) Resistor
Added Member To Class: ClassName=U_OutputConnectors2 Member=Component R85.2 (R85) Resistor
Added Member To Class: ClassName=U_OutputConnectors3 Member=Component R85.3 (R85) Resistor
Added Member To Class: ClassName=U_OutputConnectors4 Member=Component R85.4 (R85) Resistor
Added Member To Class: ClassName=U_OutputConnectors5 Member=Component R85.5 (R85) Resistor
Added Member To Class: ClassName=U_OutputConnectors6 Member=Component R85.6 (R85) Resistor
Added Member To Class: ClassName=U_OutputConnectors7 Member=Component R85.7 (R85) Resistor
Added Member To Class: ClassName=U_OutputConnectors8 Member=Component R85.8 (R85) Resistor
Added Member To Class: ClassName=U_OutputConnectors2 Member=Component R86.2 (R86) Resistor
Added Member To Class: ClassName=U_OutputConnectors3 Member=Component R86.3 (R86) Resistor
Added Member To Class: ClassName=U_OutputConnectors4 Member=Component R86.4 (R86) Resistor
Added Member To Class: ClassName=U_OutputConnectors5 Member=Component R86.5 (R86) Resistor
Added Member To Class: ClassName=U_OutputConnectors6 Member=Component R86.6 (R86) Resistor
Added Member To Class: ClassName=U_OutputConnectors7 Member=Component R86.7 (R86) Resistor
Added Member To Class: ClassName=U_OutputConnectors8 Member=Component R86.8 (R86) Resistor
Added Member To Class: ClassName=U_OutputConnectors2 Member=Component R87.2 (R87) Resistor
Added Member To Class: ClassName=U_OutputConnectors3 Member=Component R87.3 (R87) Resistor
Added Member To Class: ClassName=U_OutputConnectors4 Member=Component R87.4 (R87) Resistor
Added Member To Class: ClassName=U_OutputConnectors5 Member=Component R87.5 (R87) Resistor
Added Member To Class: ClassName=U_OutputConnectors6 Member=Component R87.6 (R87) Resistor
Added Member To Class: ClassName=U_OutputConnectors7 Member=Component R87.7 (R87) Resistor
Added Member To Class: ClassName=U_OutputConnectors8 Member=Component R87.8 (R87) Resistor
Added Member To Class: ClassName=U_OutputConnectors2 Member=Component R88.2 (R88) Resistor
Added Member To Class: ClassName=U_OutputConnectors3 Member=Component R88.3 (R88) Resistor
Added Member To Class: ClassName=U_OutputConnectors4 Member=Component R88.4 (R88) Resistor
Added Member To Class: ClassName=U_OutputConnectors5 Member=Component R88.5 (R88) Resistor
Added Member To Class: ClassName=U_OutputConnectors6 Member=Component R88.6 (R88) Resistor
Added Member To Class: ClassName=U_OutputConnectors7 Member=Component R88.7 (R88) Resistor
Added Member To Class: ClassName=U_OutputConnectors8 Member=Component R88.8 (R88) Resistor
Added Member To Class: ClassName=U_OutputConnectors2 Member=Component R89.2 (R89) Resistor
Added Member To Class: ClassName=U_OutputConnectors3 Member=Component R89.3 (R89) Resistor
Added Member To Class: ClassName=U_OutputConnectors4 Member=Component R89.4 (R89) Resistor
Added Member To Class: ClassName=U_OutputConnectors5 Member=Component R89.5 (R89) Resistor
Added Member To Class: ClassName=U_OutputConnectors6 Member=Component R89.6 (R89) Resistor
Added Member To Class: ClassName=U_OutputConnectors7 Member=Component R89.7 (R89) Resistor
Added Member To Class: ClassName=U_OutputConnectors8 Member=Component R89.8 (R89) Resistor
Added Member To Class: ClassName=U_OutputConnectors2 Member=Component R90.2 (R90) Resistor
Added Member To Class: ClassName=U_OutputConnectors3 Member=Component R90.3 (R90) Resistor
Added Member To Class: ClassName=U_OutputConnectors4 Member=Component R90.4 (R90) Resistor
Added Member To Class: ClassName=U_OutputConnectors5 Member=Component R90.5 (R90) Resistor
Added Member To Class: ClassName=U_OutputConnectors6 Member=Component R90.6 (R90) Resistor
Added Member To Class: ClassName=U_OutputConnectors7 Member=Component R90.7 (R90) Resistor
Added Member To Class: ClassName=U_OutputConnectors8 Member=Component R90.8 (R90) Resistor
Added Member To Class: ClassName=U_OutputConnectors2 Member=Component R91.2 (R91) Resistor
Added Member To Class: ClassName=U_OutputConnectors3 Member=Component R91.3 (R91) Resistor
Added Member To Class: ClassName=U_OutputConnectors4 Member=Component R91.4 (R91) Resistor
Added Member To Class: ClassName=U_OutputConnectors5 Member=Component R91.5 (R91) Resistor
Added Member To Class: ClassName=U_OutputConnectors6 Member=Component R91.6 (R91) Resistor
Added Member To Class: ClassName=U_OutputConnectors7 Member=Component R91.7 (R91) Resistor
Added Member To Class: ClassName=U_OutputConnectors8 Member=Component R91.8 (R91) Resistor
Added Member To Class: ClassName=U_OutputConnectors2 Member=Component R92.2 (R92) Resistor
Added Member To Class: ClassName=U_OutputConnectors3 Member=Component R92.3 (R92) Resistor
Added Member To Class: ClassName=U_OutputConnectors4 Member=Component R92.4 (R92) Resistor
Added Member To Class: ClassName=U_OutputConnectors5 Member=Component R92.5 (R92) Resistor
Added Member To Class: ClassName=U_OutputConnectors6 Member=Component R92.6 (R92) Resistor
Added Member To Class: ClassName=U_OutputConnectors7 Member=Component R92.7 (R92) Resistor
Added Member To Class: ClassName=U_OutputConnectors8 Member=Component R92.8 (R92) Resistor
Added Member To Class: ClassName=U_OutputConnectors2 Member=Component R93.2 (R93) Resistor
Added Member To Class: ClassName=U_OutputConnectors3 Member=Component R93.3 (R93) Resistor
Added Member To Class: ClassName=U_OutputConnectors4 Member=Component R93.4 (R93) Resistor
Added Member To Class: ClassName=U_OutputConnectors5 Member=Component R93.5 (R93) Resistor
Added Member To Class: ClassName=U_OutputConnectors6 Member=Component R93.6 (R93) Resistor
Added Member To Class: ClassName=U_OutputConnectors7 Member=Component R93.7 (R93) Resistor
Added Member To Class: ClassName=U_OutputConnectors8 Member=Component R93.8 (R93) Resistor
Added Member To Class: ClassName=U_OutputConnectors2 Member=Component R94.2 (R94) Resistor
Added Member To Class: ClassName=U_OutputConnectors3 Member=Component R94.3 (R94) Resistor
Added Member To Class: ClassName=U_OutputConnectors4 Member=Component R94.4 (R94) Resistor
Added Member To Class: ClassName=U_OutputConnectors5 Member=Component R94.5 (R94) Resistor
Added Member To Class: ClassName=U_OutputConnectors6 Member=Component R94.6 (R94) Resistor
Added Member To Class: ClassName=U_OutputConnectors7 Member=Component R94.7 (R94) Resistor
Added Member To Class: ClassName=U_OutputConnectors8 Member=Component R94.8 (R94) Resistor
Added Member To Class: ClassName=U_OutputConnectors2 Member=Component R95.2 (R95) Resistor
Added Member To Class: ClassName=U_OutputConnectors3 Member=Component R95.3 (R95) Resistor
Added Member To Class: ClassName=U_OutputConnectors4 Member=Component R95.4 (R95) Resistor
Added Member To Class: ClassName=U_OutputConnectors5 Member=Component R95.5 (R95) Resistor
Added Member To Class: ClassName=U_OutputConnectors6 Member=Component R95.6 (R95) Resistor
Added Member To Class: ClassName=U_OutputConnectors7 Member=Component R95.7 (R95) Resistor
Added Member To Class: ClassName=U_OutputConnectors8 Member=Component R95.8 (R95) Resistor
Added Member To Class: ClassName=U_OutputConnectors2 Member=Component R96.2 (R96) Resistor
Added Member To Class: ClassName=U_OutputConnectors3 Member=Component R96.3 (R96) Resistor
Added Member To Class: ClassName=U_OutputConnectors4 Member=Component R96.4 (R96) Resistor
Added Member To Class: ClassName=U_OutputConnectors5 Member=Component R96.5 (R96) Resistor
Added Member To Class: ClassName=U_OutputConnectors6 Member=Component R96.6 (R96) Resistor
Added Member To Class: ClassName=U_OutputConnectors7 Member=Component R96.7 (R96) Resistor
Added Member To Class: ClassName=U_OutputConnectors8 Member=Component R96.8 (R96) Resistor
Added Member To Class: ClassName=U_OutputConnectors2 Member=Component R97.2 (R97) Resistor
Added Member To Class: ClassName=U_OutputConnectors3 Member=Component R97.3 (R97) Resistor
Added Member To Class: ClassName=U_OutputConnectors4 Member=Component R97.4 (R97) Resistor
Added Member To Class: ClassName=U_OutputConnectors5 Member=Component R97.5 (R97) Resistor
Added Member To Class: ClassName=U_OutputConnectors6 Member=Component R97.6 (R97) Resistor
Added Member To Class: ClassName=U_OutputConnectors7 Member=Component R97.7 (R97) Resistor
Added Member To Class: ClassName=U_OutputConnectors8 Member=Component R97.8 (R97) Resistor
Added Member To Class: ClassName=U_OutputConnectors2 Member=Component R98.2 (R98) Resistor
Added Member To Class: ClassName=U_OutputConnectors3 Member=Component R98.3 (R98) Resistor
Added Member To Class: ClassName=U_OutputConnectors4 Member=Component R98.4 (R98) Resistor
Added Member To Class: ClassName=U_OutputConnectors5 Member=Component R98.5 (R98) Resistor
Added Member To Class: ClassName=U_OutputConnectors6 Member=Component R98.6 (R98) Resistor
Added Member To Class: ClassName=U_OutputConnectors7 Member=Component R98.7 (R98) Resistor
Added Member To Class: ClassName=U_OutputConnectors8 Member=Component R98.8 (R98) Resistor
Added Member To Class: ClassName=U_OutputConnectors2 Member=Component R99.2 (R99) Resistor
Added Member To Class: ClassName=U_OutputConnectors3 Member=Component R99.3 (R99) Resistor
Added Member To Class: ClassName=U_OutputConnectors4 Member=Component R99.4 (R99) Resistor
Added Member To Class: ClassName=U_OutputConnectors5 Member=Component R99.5 (R99) Resistor
Added Member To Class: ClassName=U_OutputConnectors6 Member=Component R99.6 (R99) Resistor
Added Member To Class: ClassName=U_OutputConnectors7 Member=Component R99.7 (R99) Resistor
Added Member To Class: ClassName=U_OutputConnectors8 Member=Component R99.8 (R99) Resistor
Added Member To Class: ClassName=U_OutputConnectors2 Member=Component R100.2 (R100) Resistor
Added Member To Class: ClassName=U_OutputConnectors3 Member=Component R100.3 (R100) Resistor
Added Member To Class: ClassName=U_OutputConnectors4 Member=Component R100.4 (R100) Resistor
Added Member To Class: ClassName=U_OutputConnectors5 Member=Component R100.5 (R100) Resistor
Added Member To Class: ClassName=U_OutputConnectors6 Member=Component R100.6 (R100) Resistor
Added Member To Class: ClassName=U_OutputConnectors7 Member=Component R100.7 (R100) Resistor
Added Member To Class: ClassName=U_OutputConnectors8 Member=Component R100.8 (R100) Resistor
Added Member To Class: ClassName=U_OutputConnectors2 Member=Component R101.2 (R101) Resistor
Added Member To Class: ClassName=U_OutputConnectors3 Member=Component R101.3 (R101) Resistor
Added Member To Class: ClassName=U_OutputConnectors4 Member=Component R101.4 (R101) Resistor
Added Member To Class: ClassName=U_OutputConnectors5 Member=Component R101.5 (R101) Resistor
Added Member To Class: ClassName=U_OutputConnectors6 Member=Component R101.6 (R101) Resistor
Added Member To Class: ClassName=U_OutputConnectors7 Member=Component R101.7 (R101) Resistor
Added Member To Class: ClassName=U_OutputConnectors8 Member=Component R101.8 (R101) Resistor
Added Member To Class: ClassName=U_OutputConnectors2 Member=Component R102.2 (R102) Resistor
Added Member To Class: ClassName=U_OutputConnectors3 Member=Component R102.3 (R102) Resistor
Added Member To Class: ClassName=U_OutputConnectors4 Member=Component R102.4 (R102) Resistor
Added Member To Class: ClassName=U_OutputConnectors5 Member=Component R102.5 (R102) Resistor
Added Member To Class: ClassName=U_OutputConnectors6 Member=Component R102.6 (R102) Resistor
Added Member To Class: ClassName=U_OutputConnectors7 Member=Component R102.7 (R102) Resistor
Added Member To Class: ClassName=U_OutputConnectors8 Member=Component R102.8 (R102) Resistor
Added Member To Class: ClassName=U_OutputConnectors2 Member=Component R103.2 (R103) Resistor
Added Member To Class: ClassName=U_OutputConnectors3 Member=Component R103.3 (R103) Resistor
Added Member To Class: ClassName=U_OutputConnectors4 Member=Component R103.4 (R103) Resistor
Added Member To Class: ClassName=U_OutputConnectors5 Member=Component R103.5 (R103) Resistor
Added Member To Class: ClassName=U_OutputConnectors6 Member=Component R103.6 (R103) Resistor
Added Member To Class: ClassName=U_OutputConnectors7 Member=Component R103.7 (R103) Resistor
Added Member To Class: ClassName=U_OutputConnectors8 Member=Component R103.8 (R103) Resistor
Added Member To Class: ClassName=U_OutputConnectors2 Member=Component R104.2 (R104) Resistor
Added Member To Class: ClassName=U_OutputConnectors3 Member=Component R104.3 (R104) Resistor
Added Member To Class: ClassName=U_OutputConnectors4 Member=Component R104.4 (R104) Resistor
Added Member To Class: ClassName=U_OutputConnectors5 Member=Component R104.5 (R104) Resistor
Added Member To Class: ClassName=U_OutputConnectors6 Member=Component R104.6 (R104) Resistor
Added Member To Class: ClassName=U_OutputConnectors7 Member=Component R104.7 (R104) Resistor
Added Member To Class: ClassName=U_OutputConnectors8 Member=Component R104.8 (R104) Resistor
Added Member To Class: ClassName=U_OutputConnectors2 Member=Component R105.2 (R105) Resistor
Added Member To Class: ClassName=U_OutputConnectors3 Member=Component R105.3 (R105) Resistor
Added Member To Class: ClassName=U_OutputConnectors4 Member=Component R105.4 (R105) Resistor
Added Member To Class: ClassName=U_OutputConnectors5 Member=Component R105.5 (R105) Resistor
Added Member To Class: ClassName=U_OutputConnectors6 Member=Component R105.6 (R105) Resistor
Added Member To Class: ClassName=U_OutputConnectors7 Member=Component R105.7 (R105) Resistor
Added Member To Class: ClassName=U_OutputConnectors8 Member=Component R105.8 (R105) Resistor
Added Member To Class: ClassName=U_OutputConnectors2 Member=Component R106.2 (R106) Resistor
Added Member To Class: ClassName=U_OutputConnectors3 Member=Component R106.3 (R106) Resistor
Added Member To Class: ClassName=U_OutputConnectors4 Member=Component R106.4 (R106) Resistor
Added Member To Class: ClassName=U_OutputConnectors5 Member=Component R106.5 (R106) Resistor
Added Member To Class: ClassName=U_OutputConnectors6 Member=Component R106.6 (R106) Resistor
Added Member To Class: ClassName=U_OutputConnectors7 Member=Component R106.7 (R106) Resistor
Added Member To Class: ClassName=U_OutputConnectors8 Member=Component R106.8 (R106) Resistor
Added Member To Class: ClassName=U_OutputConnectors2 Member=Component R107.2 (R107) Resistor
Added Member To Class: ClassName=U_OutputConnectors3 Member=Component R107.3 (R107) Resistor
Added Member To Class: ClassName=U_OutputConnectors4 Member=Component R107.4 (R107) Resistor
Added Member To Class: ClassName=U_OutputConnectors5 Member=Component R107.5 (R107) Resistor
Added Member To Class: ClassName=U_OutputConnectors6 Member=Component R107.6 (R107) Resistor
Added Member To Class: ClassName=U_OutputConnectors7 Member=Component R107.7 (R107) Resistor
Added Member To Class: ClassName=U_OutputConnectors8 Member=Component R107.8 (R107) Resistor
Added Member To Class: ClassName=U_OutputConnectors2 Member=Component R108.2 (R108) Resistor
Added Member To Class: ClassName=U_OutputConnectors3 Member=Component R108.3 (R108) Resistor
Added Member To Class: ClassName=U_OutputConnectors4 Member=Component R108.4 (R108) Resistor
Added Member To Class: ClassName=U_OutputConnectors5 Member=Component R108.5 (R108) Resistor
Added Member To Class: ClassName=U_OutputConnectors6 Member=Component R108.6 (R108) Resistor
Added Member To Class: ClassName=U_OutputConnectors7 Member=Component R108.7 (R108) Resistor
Added Member To Class: ClassName=U_OutputConnectors8 Member=Component R108.8 (R108) Resistor
Added Member To Class: ClassName=U_InputAmplifier4 Member=Component U17.4 (U17A) OPA_DUAL
Added Member To Class: ClassName=U_InputAmplifier4 Member=Component U18.4 (U18A) OPA1664
Added Member To Class: ClassName=U_OutputConnectors2 Member=Component U24.2 (U24A) OPA1664
Added Member To Class: ClassName=U_OutputConnectors3 Member=Component U24.3 (U24A) OPA1664
Added Member To Class: ClassName=U_OutputConnectors4 Member=Component U24.4 (U24A) OPA1664
Added Member To Class: ClassName=U_OutputConnectors5 Member=Component U24.5 (U24A) OPA1664
Added Member To Class: ClassName=U_OutputConnectors6 Member=Component U24.6 (U24A) OPA1664
Added Member To Class: ClassName=U_OutputConnectors7 Member=Component U24.7 (U24A) OPA1664
Added Room: Name=U_OutputConnectors2
Added Room: Name=U_OutputConnectors3
Added Room: Name=U_OutputConnectors4
Added Room: Name=U_OutputConnectors5
Added Room: Name=U_OutputConnectors6
Added Room: Name=U_OutputConnectors7
Added Room: Name=U_OutputConnectors8
