Removed Pin From Net: NetName=NetC82.2_1 Pin=J6.1-3
Removed Pin From Net: NetName=NetC82.4_1 Pin=J6.2-3
Removed Pin From Net: NetName=NetC82.6_1 Pin=J6.3-3
Removed Pin From Net: NetName=NetC82.8_1 Pin=J6.4-3
Removed Pin From Net: NetName=NetC82.10_1 Pin=J6.5-3
Removed Pin From Net: NetName=NetC82.12_1 Pin=J6.6-3
Removed Pin From Net: NetName=NetC82.14_1 Pin=J6.7-3
Removed Pin From Net: NetName=NetC82.16_1 Pin=J6.8-3
Added Pin To Net: NetName=NetC82.2_1 Pin=J6.1-1
Added Pin To Net: NetName=NetC82.4_1 Pin=J6.2-1
Added Pin To Net: NetName=NetC82.6_1 Pin=J6.3-1
Added Pin To Net: NetName=NetC82.8_1 Pin=J6.4-1
Added Pin To Net: NetName=NetC82.10_1 Pin=J6.5-1
Added Pin To Net: NetName=NetC82.12_1 Pin=J6.6-1
Added Pin To Net: NetName=NetC82.14_1 Pin=J6.7-1
Added Pin To Net: NetName=NetC82.16_1 Pin=J6.8-1
Added Pin To Net: NetName=NetJ6.1_3 Pin=J6.1-3
Added Pin To Net: NetName=NetJ6.1_3 Pin=R37.2-1
Added Net: Name=NetJ6.1_3
Added Pin To Net: NetName=NetJ6.2_3 Pin=J6.2-3
Added Pin To Net: NetName=NetJ6.2_3 Pin=R37.4-1
Added Net: Name=NetJ6.2_3
Added Pin To Net: NetName=NetJ6.3_3 Pin=J6.3-3
Added Pin To Net: NetName=NetJ6.3_3 Pin=R37.6-1
Added Net: Name=NetJ6.3_3
Added Pin To Net: NetName=NetJ6.4_3 Pin=J6.4-3
Added Pin To Net: NetName=NetJ6.4_3 Pin=R37.8-1
Added Net: Name=NetJ6.4_3
Added Pin To Net: NetName=NetJ6.5_3 Pin=J6.5-3
Added Pin To Net: NetName=NetJ6.5_3 Pin=R37.10-1
Added Net: Name=NetJ6.5_3
Added Pin To Net: NetName=NetJ6.6_3 Pin=J6.6-3
Added Pin To Net: NetName=NetJ6.6_3 Pin=R37.12-1
Added Net: Name=NetJ6.6_3
Added Pin To Net: NetName=NetJ6.7_3 Pin=J6.7-3
Added Pin To Net: NetName=NetJ6.7_3 Pin=R37.14-1
Added Net: Name=NetJ6.7_3
Added Pin To Net: NetName=NetJ6.8_3 Pin=J6.8-3
Added Pin To Net: NetName=NetJ6.8_3 Pin=R37.16-1
Added Net: Name=NetJ6.8_3
Added Member To Class: ClassName=U_InputAmplifier2 Member=Component C79.2 (C79) Capacitor
