Removed Pin From Net: NetName=-V1.2 Pin=C79.2-2
Removed Pin From Net: NetName=V1.2 Pin=C80.1-2
Removed Pin From Net: NetName=NetC81.2_2 Pin=C81.1-2
Removed Pin From Net: NetName=NetJ6.1_3 Pin=R37.1-1
Removed Pin From Net: NetName=PHANTOM1.1 Pin=R39.1-2
Removed Pin From Net: NetName=PHANTOM1.1 Pin=R45.1-1
Removed Pin From Net: NetName=NetJ6.1_2 Pin=R46.1-1
Removed Pin From Net: NetName=NetC79.2_1 Pin=R52.1-2
Removed Pin From Net: NetName=V1.2 Pin=R54.1-1
Removed Pin From Net: NetName=NetC79.2_1 Pin=R54.1-2
Removed Pin From Net: NetName=NetR55.2_2 Pin=R55.1-2
Removed Pin From Net: NetName=NetC81.2_2 Pin=R56.1-1
Removed Pin From Net: NetName=NetC82.2_2 Pin=R57.1-2
Removed Pin From Net: NetName=NetC82.2_2 Pin=R59.1-1
Removed Pin From Net: NetName=NetR60.2_1 Pin=R60.1-1
Removed Pin From Net: NetName=NetR61.2_2 Pin=R61.1-2
Removed Pin From Net: NetName=NetR62.2_2 Pin=R62.1-2
Removed Pin From Net: NetName=IN15_P Pin=U12.2-15
Removed Pin From Net: NetName=IN15_N Pin=U12.2-16
Removed Member From Class: ClassName=U_InputAmplifier2 Member=C79.2
Added Component: Designator=C58.2(0402)
Added Component: Designator=C59.2(0402)
Added Component: Designator=C59.3(0402)
Added Component: Designator=C59.5(0402)
Added Component: Designator=C59.6(0402)
Added Component: Designator=C59.8(0402)
Added Component: Designator=C59.10(0402)
Added Component: Designator=C59.11(0402)
Added Component: Designator=C59.13(0402)
Added Component: Designator=C59.14(0402)
Added Component: Designator=C60.2(0402)
Added Component: Designator=C60.3(0402)
Added Component: Designator=C60.5(0402)
Added Component: Designator=C60.6(0402)
Added Component: Designator=C60.8(0402)
Added Component: Designator=C60.10(0402)
Added Component: Designator=C60.11(0402)
Added Component: Designator=C60.13(0402)
Added Component: Designator=C60.14(0402)
Added Component: Designator=C61.2(0402)
Added Component: Designator=C61.3(0402)
Added Component: Designator=C61.5(0402)
Added Component: Designator=C61.6(0402)
Added Component: Designator=C61.8(0402)
Added Component: Designator=C61.13(0402)
Added Component: Designator=C61.14(0402)
Added Component: Designator=C62.2(0402)
Added Component: Designator=C63.2(0402)
Added Component: Designator=C64.2(CAP_1210)
Added Component: Designator=C65.2(0402)
Added Component: Designator=C66.2(0402)
Added Component: Designator=C67.2(0402)
Added Component: Designator=C68.2(0402)
Added Component: Designator=C68.3(0402)
Added Component: Designator=C68.5(0402)
Added Component: Designator=C68.6(0402)
Added Component: Designator=C68.8(0402)
Added Component: Designator=C68.10(0402)
Added Component: Designator=C68.11(0402)
Added Component: Designator=C68.13(0402)
Added Component: Designator=C68.14(0402)
Added Component: Designator=C69.2(0402)
Added Component: Designator=C69.3(0402)
Added Component: Designator=C69.5(0402)
Added Component: Designator=C69.6(0402)
Added Component: Designator=C69.8(0402)
Added Component: Designator=C69.13(0402)
Added Component: Designator=C69.14(0402)
Added Component: Designator=C70.2(0402)
Added Component: Designator=C70.3(0402)
Added Component: Designator=C70.5(0402)
Added Component: Designator=C70.6(0402)
Added Component: Designator=C70.8(0402)
Added Component: Designator=C70.10(0402)
Added Component: Designator=C70.11(0402)
Added Component: Designator=C70.13(0402)
Added Component: Designator=C70.14(0402)
Added Component: Designator=C71.2(0603)
Added Component: Designator=C72.2(CAP_1210)
Added Component: Designator=C73.2(0402)
Added Component: Designator=C74.2(0402)
Added Component: Designator=C75.2(0402)
Added Component: Designator=C76.2(0402)
Added Component: Designator=C76.3(0402)
Added Component: Designator=C76.5(0402)
Added Component: Designator=C76.6(0402)
Added Component: Designator=C76.8(0402)
Added Component: Designator=C76.10(0402)
Added Component: Designator=C76.11(0402)
Added Component: Designator=C76.13(0402)
Added Component: Designator=C76.14(0402)
Added Component: Designator=C77.2(0402)
Added Component: Designator=C77.3(0402)
Added Component: Designator=C77.5(0402)
Added Component: Designator=C77.6(0402)
Added Component: Designator=C77.8(0402)
Added Component: Designator=C77.10(0402)
Added Component: Designator=C77.11(0402)
Added Component: Designator=C77.13(0402)
Added Component: Designator=C77.14(0402)
Added Component: Designator=C78.2(0402)
Added Component: Designator=C78.3(0402)
Added Component: Designator=C78.5(0402)
Added Component: Designator=C78.6(0402)
Added Component: Designator=C78.8(0402)
Added Component: Designator=C78.10(0402)
Added Component: Designator=C78.11(0402)
Added Component: Designator=C78.13(0402)
Added Component: Designator=C78.14(0402)
Added Component: Designator=C79.1(0402)
Added Component: Designator=C80.2(0402)
Added Component: Designator=C81.2(0402)
Added Component: Designator=C82.2(0805)
Added Component: Designator=C82.3(0805)
Added Component: Designator=C82.5(0805)
Added Component: Designator=C82.6(0805)
Added Component: Designator=C82.8(0805)
Added Component: Designator=C82.10(0805)
Added Component: Designator=C82.11(0805)
Added Component: Designator=C82.13(0805)
Added Component: Designator=C82.14(0805)
Added Component: Designator=C82.16(0805)
Added Component: Designator=C83.2(0402)
Added Component: Designator=C83.3(0402)
Added Component: Designator=C83.5(0402)
Added Component: Designator=C83.6(0402)
Added Component: Designator=C83.8(0402)
Added Component: Designator=C83.10(0402)
Added Component: Designator=C83.11(0402)
Added Component: Designator=C83.13(0402)
Added Component: Designator=C83.14(0402)
Added Component: Designator=C83.16(0402)
Added Component: Designator=C84.2(0402)
Added Component: Designator=C84.3(0402)
Added Component: Designator=C84.5(0402)
Added Component: Designator=C84.6(0402)
Added Component: Designator=C84.8(0402)
Added Component: Designator=C84.10(0402)
Added Component: Designator=C84.11(0402)
Added Component: Designator=C84.13(0402)
Added Component: Designator=C84.14(0402)
Added Component: Designator=C84.16(0402)
Added Component: Designator=C146.6(0402)
Added Component: Designator=C146.7(0402)
Added Component: Designator=C147.6(0402)
Added Component: Designator=C147.7(0402)
Added Component: Designator=C148.6(0402)
Added Component: Designator=C148.7(0402)
Added Component: Designator=D10.2(SOT23_132)
Added Component: Designator=D11.2(SOT23_132)
Added Component: Designator=D12.2(SOT23_132)
Added Component: Designator=R34.2(0402)
Added Component: Designator=R35.2(0402)
Added Component: Designator=R36.2(0402)
Added Component: Designator=R37.2(0402)
Added Component: Designator=R38.2(0402)
Added Component: Designator=R39.2(0402)
Added Component: Designator=R40.2(0402)
Added Component: Designator=R41.2(0402)
Added Component: Designator=R42.2(0402)
Added Component: Designator=R43.2(0402)
Added Component: Designator=R44.2(0402)
Added Component: Designator=R45.2(0402)
Added Component: Designator=R46.2(0402)
Added Component: Designator=R47.2(0402)
Added Component: Designator=R48.2(0402)
Added Component: Designator=R49.2(0402)
Added Component: Designator=R50.2(0402)
Added Component: Designator=R51.2(0402)
Added Component: Designator=R52.2(0402)
Added Component: Designator=R53.2(0402)
Added Component: Designator=R54.2(0402)
Added Component: Designator=R55.2(0402)
Added Component: Designator=R56.2(0402)
Added Component: Designator=R57.2(0402)
Added Component: Designator=R58.2(0402)
Added Component: Designator=R59.2(0402)
Added Component: Designator=R60.2(0402)
Added Component: Designator=R61.2(0402)
Added Component: Designator=R62.2(0402)
Added Component: Designator=R63.2(0402)
Added Component: Designator=R64.2(0402)
Added Component: Designator=R65.2(0402)
Added Component: Designator=U17.2(SOP127P600-8N)
Added Component: Designator=U18.2(14-TSSOP)
Added Component: Designator=U18.3(14-TSSOP)
Added Component: Designator=U18.5(14-TSSOP)
Added Component: Designator=U18.6(14-TSSOP)
Added Component: Designator=U18.8(14-TSSOP)
Added Component: Designator=U18.10(14-TSSOP)
Added Component: Designator=U18.11(14-TSSOP)
Added Component: Designator=U18.13(14-TSSOP)
Added Component: Designator=U18.14(14-TSSOP)
Added Component: Designator=U18.16(14-TSSOP)
Added Component: Designator=U24.6(14-TSSOP)
Added Component: Designator=U24.7(14-TSSOP)
Added Pin To Net: NetName=+5VA Pin=C59.2-1
Added Pin To Net: NetName=GND Pin=C59.2-2
Added Pin To Net: NetName=+5VA Pin=C59.3-1
Added Pin To Net: NetName=GND Pin=C59.3-2
Added Pin To Net: NetName=+5VA Pin=C59.5-1
Added Pin To Net: NetName=GND Pin=C59.5-2
Added Pin To Net: NetName=+5VA Pin=C59.6-1
Added Pin To Net: NetName=GND Pin=C59.6-2
Added Pin To Net: NetName=+5VA Pin=C59.8-1
Added Pin To Net: NetName=GND Pin=C59.8-2
Added Pin To Net: NetName=+5VA Pin=C59.10-1
Added Pin To Net: NetName=GND Pin=C59.10-2
Added Pin To Net: NetName=+5VA Pin=C59.11-1
Added Pin To Net: NetName=GND Pin=C59.11-2
Added Pin To Net: NetName=+5VA Pin=C59.13-1
Added Pin To Net: NetName=GND Pin=C59.13-2
Added Pin To Net: NetName=+5VA Pin=C59.14-1
Added Pin To Net: NetName=GND Pin=C59.14-2
Added Pin To Net: NetName=+5VA Pin=C60.2-1
Added Pin To Net: NetName=GND Pin=C60.2-2
Added Pin To Net: NetName=+5VA Pin=C60.3-1
Added Pin To Net: NetName=GND Pin=C60.3-2
Added Pin To Net: NetName=+5VA Pin=C60.5-1
Added Pin To Net: NetName=GND Pin=C60.5-2
Added Pin To Net: NetName=+5VA Pin=C60.6-1
Added Pin To Net: NetName=GND Pin=C60.6-2
Added Pin To Net: NetName=+5VA Pin=C60.8-1
Added Pin To Net: NetName=GND Pin=C60.8-2
Added Pin To Net: NetName=+5VA Pin=C60.10-1
Added Pin To Net: NetName=GND Pin=C60.10-2
Added Pin To Net: NetName=+5VA Pin=C60.11-1
Added Pin To Net: NetName=GND Pin=C60.11-2
Added Pin To Net: NetName=+5VA Pin=C60.13-1
Added Pin To Net: NetName=GND Pin=C60.13-2
Added Pin To Net: NetName=+5VA Pin=C60.14-1
Added Pin To Net: NetName=GND Pin=C60.14-2
Added Pin To Net: NetName=+5VA Pin=C61.2-1
Added Pin To Net: NetName=GND Pin=C61.2-2
Added Pin To Net: NetName=+5VA Pin=C61.3-1
Added Pin To Net: NetName=GND Pin=C61.3-2
Added Pin To Net: NetName=+5VA Pin=C61.5-1
Added Pin To Net: NetName=GND Pin=C61.5-2
Added Pin To Net: NetName=+5VA Pin=C61.6-1
Added Pin To Net: NetName=GND Pin=C61.6-2
Added Pin To Net: NetName=+5VA Pin=C61.8-1
Added Pin To Net: NetName=GND Pin=C61.8-2
Added Pin To Net: NetName=+5VA Pin=C61.13-1
Added Pin To Net: NetName=GND Pin=C61.13-2
Added Pin To Net: NetName=+5VA Pin=C61.14-1
Added Pin To Net: NetName=GND Pin=C61.14-2
Added Pin To Net: NetName=+2V5 Pin=C63.2-2
Added Pin To Net: NetName=+2V5 Pin=C65.2-2
Added Pin To Net: NetName=+5VA Pin=C68.2-1
Added Pin To Net: NetName=GND Pin=C68.2-2
Added Pin To Net: NetName=+5VA Pin=C68.3-1
Added Pin To Net: NetName=GND Pin=C68.3-2
Added Pin To Net: NetName=+5VA Pin=C68.5-1
Added Pin To Net: NetName=GND Pin=C68.5-2
Added Pin To Net: NetName=+5VA Pin=C68.6-1
Added Pin To Net: NetName=GND Pin=C68.6-2
Added Pin To Net: NetName=+5VA Pin=C68.8-1
Added Pin To Net: NetName=GND Pin=C68.8-2
Added Pin To Net: NetName=+5VA Pin=C68.10-1
Added Pin To Net: NetName=GND Pin=C68.10-2
Added Pin To Net: NetName=+5VA Pin=C68.11-1
Added Pin To Net: NetName=GND Pin=C68.11-2
Added Pin To Net: NetName=+5VA Pin=C68.13-1
Added Pin To Net: NetName=GND Pin=C68.13-2
Added Pin To Net: NetName=+5VA Pin=C68.14-1
Added Pin To Net: NetName=GND Pin=C68.14-2
Added Pin To Net: NetName=+5VA Pin=C69.2-1
Added Pin To Net: NetName=GND Pin=C69.2-2
Added Pin To Net: NetName=+5VA Pin=C69.3-1
Added Pin To Net: NetName=GND Pin=C69.3-2
Added Pin To Net: NetName=+5VA Pin=C69.5-1
Added Pin To Net: NetName=GND Pin=C69.5-2
Added Pin To Net: NetName=+5VA Pin=C69.6-1
Added Pin To Net: NetName=GND Pin=C69.6-2
Added Pin To Net: NetName=+5VA Pin=C69.8-1
Added Pin To Net: NetName=GND Pin=C69.8-2
Added Pin To Net: NetName=+5VA Pin=C69.13-1
Added Pin To Net: NetName=GND Pin=C69.13-2
Added Pin To Net: NetName=+5VA Pin=C69.14-1
Added Pin To Net: NetName=GND Pin=C69.14-2
Added Pin To Net: NetName=+5VA Pin=C70.2-1
Added Pin To Net: NetName=GND Pin=C70.2-2
Added Pin To Net: NetName=+5VA Pin=C70.3-1
Added Pin To Net: NetName=GND Pin=C70.3-2
Added Pin To Net: NetName=+5VA Pin=C70.5-1
Added Pin To Net: NetName=GND Pin=C70.5-2
Added Pin To Net: NetName=+5VA Pin=C70.6-1
Added Pin To Net: NetName=GND Pin=C70.6-2
Added Pin To Net: NetName=+5VA Pin=C70.8-1
Added Pin To Net: NetName=GND Pin=C70.8-2
Added Pin To Net: NetName=+5VA Pin=C70.10-1
Added Pin To Net: NetName=GND Pin=C70.10-2
Added Pin To Net: NetName=+5VA Pin=C70.11-1
Added Pin To Net: NetName=GND Pin=C70.11-2
Added Pin To Net: NetName=+5VA Pin=C70.13-1
Added Pin To Net: NetName=GND Pin=C70.13-2
Added Pin To Net: NetName=+5VA Pin=C70.14-1
Added Pin To Net: NetName=GND Pin=C70.14-2
Added Pin To Net: NetName=+2V5 Pin=C73.2-1
Added Pin To Net: NetName=+2V5 Pin=C74.2-2
Added Pin To Net: NetName=+2V5 Pin=C76.2-1
Added Pin To Net: NetName=GND Pin=C76.2-2
Added Pin To Net: NetName=+2V5 Pin=C76.3-1
Added Pin To Net: NetName=GND Pin=C76.3-2
Added Pin To Net: NetName=+2V5 Pin=C76.5-1
Added Pin To Net: NetName=GND Pin=C76.5-2
Added Pin To Net: NetName=+2V5 Pin=C76.6-1
Added Pin To Net: NetName=GND Pin=C76.6-2
Added Pin To Net: NetName=+2V5 Pin=C76.8-1
Added Pin To Net: NetName=GND Pin=C76.8-2
Added Pin To Net: NetName=+2V5 Pin=C76.10-1
Added Pin To Net: NetName=GND Pin=C76.10-2
Added Pin To Net: NetName=+2V5 Pin=C76.11-1
Added Pin To Net: NetName=GND Pin=C76.11-2
Added Pin To Net: NetName=+2V5 Pin=C76.13-1
Added Pin To Net: NetName=GND Pin=C76.13-2
Added Pin To Net: NetName=+2V5 Pin=C76.14-1
Added Pin To Net: NetName=GND Pin=C76.14-2
Added Pin To Net: NetName=+2V5 Pin=C77.2-1
Added Pin To Net: NetName=GND Pin=C77.2-2
Added Pin To Net: NetName=+2V5 Pin=C77.3-1
Added Pin To Net: NetName=GND Pin=C77.3-2
Added Pin To Net: NetName=+2V5 Pin=C77.5-1
Added Pin To Net: NetName=GND Pin=C77.5-2
Added Pin To Net: NetName=+2V5 Pin=C77.6-1
Added Pin To Net: NetName=GND Pin=C77.6-2
Added Pin To Net: NetName=+2V5 Pin=C77.8-1
Added Pin To Net: NetName=GND Pin=C77.8-2
Added Pin To Net: NetName=+2V5 Pin=C77.10-1
Added Pin To Net: NetName=GND Pin=C77.10-2
Added Pin To Net: NetName=+2V5 Pin=C77.11-1
Added Pin To Net: NetName=GND Pin=C77.11-2
Added Pin To Net: NetName=+2V5 Pin=C77.13-1
Added Pin To Net: NetName=GND Pin=C77.13-2
Added Pin To Net: NetName=+2V5 Pin=C77.14-1
Added Pin To Net: NetName=GND Pin=C77.14-2
Added Pin To Net: NetName=+2V5 Pin=C78.2-1
Added Pin To Net: NetName=GND Pin=C78.2-2
Added Pin To Net: NetName=+2V5 Pin=C78.3-1
Added Pin To Net: NetName=GND Pin=C78.3-2
Added Pin To Net: NetName=+2V5 Pin=C78.5-1
Added Pin To Net: NetName=GND Pin=C78.5-2
Added Pin To Net: NetName=+2V5 Pin=C78.6-1
Added Pin To Net: NetName=GND Pin=C78.6-2
Added Pin To Net: NetName=+2V5 Pin=C78.8-1
Added Pin To Net: NetName=GND Pin=C78.8-2
Added Pin To Net: NetName=+2V5 Pin=C78.10-1
Added Pin To Net: NetName=GND Pin=C78.10-2
Added Pin To Net: NetName=+2V5 Pin=C78.11-1
Added Pin To Net: NetName=GND Pin=C78.11-2
Added Pin To Net: NetName=+2V5 Pin=C78.13-1
Added Pin To Net: NetName=GND Pin=C78.13-2
Added Pin To Net: NetName=+2V5 Pin=C78.14-1
Added Pin To Net: NetName=GND Pin=C78.14-2
Added Pin To Net: NetName=NetC79.1_1 Pin=C79.1-1
Added Pin To Net: NetName=-V1.2 Pin=C79.1-2
Added Pin To Net: NetName=V1.1 Pin=C80.1-2
Added Pin To Net: NetName=V1.2 Pin=C80.2-2
Added Pin To Net: NetName=NetC81.1_2 Pin=C81.1-2
Added Pin To Net: NetName=+2V5 Pin=C81.2-1
Added Pin To Net: NetName=NetC81.2_2 Pin=C81.2-2
Added Pin To Net: NetName=NetC82.2_1 Pin=C82.2-1
Added Pin To Net: NetName=NetC82.2_2 Pin=C82.2-2
Added Pin To Net: NetName=NetC82.3_1 Pin=C82.3-1
Added Pin To Net: NetName=NetC82.3_2 Pin=C82.3-2
Added Pin To Net: NetName=NetC82.5_1 Pin=C82.5-1
Added Pin To Net: NetName=NetC82.5_2 Pin=C82.5-2
Added Pin To Net: NetName=NetC82.6_1 Pin=C82.6-1
Added Pin To Net: NetName=NetC82.6_2 Pin=C82.6-2
Added Pin To Net: NetName=NetC82.8_1 Pin=C82.8-1
Added Pin To Net: NetName=NetC82.8_2 Pin=C82.8-2
Added Pin To Net: NetName=NetC82.10_1 Pin=C82.10-1
Added Pin To Net: NetName=NetC82.10_2 Pin=C82.10-2
Added Pin To Net: NetName=NetC82.11_1 Pin=C82.11-1
Added Pin To Net: NetName=NetC82.11_2 Pin=C82.11-2
Added Pin To Net: NetName=NetC82.13_1 Pin=C82.13-1
Added Pin To Net: NetName=NetC82.13_2 Pin=C82.13-2
Added Pin To Net: NetName=NetC82.14_1 Pin=C82.14-1
Added Pin To Net: NetName=NetC82.14_2 Pin=C82.14-2
Added Pin To Net: NetName=NetC82.16_1 Pin=C82.16-1
Added Pin To Net: NetName=NetC82.16_2 Pin=C82.16-2
Added Pin To Net: NetName=NetC83.2_1 Pin=C83.1-1
Added Pin To Net: NetName=NetC66.2_1 Pin=C83.1-2
Added Pin To Net: NetName=NetC83.3_1 Pin=C83.3-1
Added Pin To Net: NetName=NetC66.3_1 Pin=C83.3-2
Added Pin To Net: NetName=NetC83.5_1 Pin=C83.5-1
Added Pin To Net: NetName=NetC66.5_1 Pin=C83.5-2
Added Pin To Net: NetName=NetC83.6_1 Pin=C83.6-1
Added Pin To Net: NetName=NetC66.6_1 Pin=C83.6-2
Added Pin To Net: NetName=NetC83.8_1 Pin=C83.8-1
Added Pin To Net: NetName=NetC66.8_1 Pin=C83.8-2
Added Pin To Net: NetName=NetC83.10_1 Pin=C83.10-1
Added Pin To Net: NetName=NetC66.10_1 Pin=C83.10-2
Added Pin To Net: NetName=NetC83.11_1 Pin=C83.11-1
Added Pin To Net: NetName=NetC66.11_1 Pin=C83.11-2
Added Pin To Net: NetName=NetC83.13_1 Pin=C83.13-1
Added Pin To Net: NetName=NetC66.13_1 Pin=C83.13-2
Added Pin To Net: NetName=NetC83.14_1 Pin=C83.14-1
Added Pin To Net: NetName=NetC66.14_1 Pin=C83.14-2
Added Pin To Net: NetName=NetC83.16_1 Pin=C83.16-1
Added Pin To Net: NetName=NetC66.16_1 Pin=C83.16-2
Added Pin To Net: NetName=NetC82.2_2 Pin=C84.2-1
Added Pin To Net: NetName=+2V5 Pin=C84.2-2
Added Pin To Net: NetName=NetC82.3_2 Pin=C84.3-1
Added Pin To Net: NetName=+2V5 Pin=C84.3-2
Added Pin To Net: NetName=NetC82.5_2 Pin=C84.5-1
Added Pin To Net: NetName=+2V5 Pin=C84.5-2
Added Pin To Net: NetName=NetC82.6_2 Pin=C84.6-1
Added Pin To Net: NetName=+2V5 Pin=C84.6-2
Added Pin To Net: NetName=NetC82.8_2 Pin=C84.8-1
Added Pin To Net: NetName=+2V5 Pin=C84.8-2
Added Pin To Net: NetName=NetC82.10_2 Pin=C84.10-1
Added Pin To Net: NetName=+2V5 Pin=C84.10-2
Added Pin To Net: NetName=NetC82.11_2 Pin=C84.11-1
Added Pin To Net: NetName=+2V5 Pin=C84.11-2
Added Pin To Net: NetName=NetC82.13_2 Pin=C84.13-1
Added Pin To Net: NetName=+2V5 Pin=C84.13-2
Added Pin To Net: NetName=NetC82.14_2 Pin=C84.14-1
Added Pin To Net: NetName=+2V5 Pin=C84.14-2
Added Pin To Net: NetName=NetC82.16_2 Pin=C84.16-1
Added Pin To Net: NetName=+2V5 Pin=C84.16-2
Added Pin To Net: NetName=NetC146.6_1 Pin=C146.6-1
Added Pin To Net: NetName=NetC146.6_2 Pin=C146.6-2
Added Pin To Net: NetName=NetC146.7_1 Pin=C146.7-1
Added Pin To Net: NetName=NetC146.7_2 Pin=C146.7-2
Added Pin To Net: NetName=NetC147.6_1 Pin=C147.6-1
Added Pin To Net: NetName=+2V5 Pin=C147.6-2
Added Pin To Net: NetName=NetC147.7_1 Pin=C147.7-1
Added Pin To Net: NetName=+2V5 Pin=C147.7-2
Added Pin To Net: NetName=NetC146.6_2 Pin=C148.6-1
Added Pin To Net: NetName=NetC148.6_2 Pin=C148.6-2
Added Pin To Net: NetName=NetC146.7_2 Pin=C148.7-1
Added Pin To Net: NetName=NetC148.7_2 Pin=C148.7-2
Added Pin To Net: NetName=GND Pin=D10.2-1
Added Pin To Net: NetName=+5VA Pin=D10.2-2
Added Pin To Net: NetName=GND Pin=D11.2-1
Added Pin To Net: NetName=+5VA Pin=D11.2-2
Added Pin To Net: NetName=GND Pin=D12.2-1
Added Pin To Net: NetName=+5VA Pin=D12.2-2
Added Pin To Net: NetName=+2V5 Pin=R34.2-1
Added Pin To Net: NetName=NetJ6.1_5 Pin=R37.1-1
Added Pin To Net: NetName=NetJ6.1_3 Pin=R37.2-1
Added Pin To Net: NetName=+2V5 Pin=R38.2-2
Added Pin To Net: NetName=PHANTOM2.1 Pin=R39.1-2
Added Pin To Net: NetName=PHANTOM1.1 Pin=R39.2-2
Added Pin To Net: NetName=+2V5 Pin=R41.2-1
Added Pin To Net: NetName=+2V5 Pin=R42.2-1
Added Pin To Net: NetName=PHANTOM2.1 Pin=R45.1-1
Added Pin To Net: NetName=PHANTOM1.1 Pin=R45.2-1
Added Pin To Net: NetName=NetJ6.1_6 Pin=R46.1-1
Added Pin To Net: NetName=NetJ6.1_2 Pin=R46.2-1
Added Pin To Net: NetName=+2V5 Pin=R48.2-2
Added Pin To Net: NetName=+2V5 Pin=R49.2-2
Added Pin To Net: NetName=NetC79.1_1 Pin=R52.1-2
Added Pin To Net: NetName=NetC79.2_1 Pin=R52.2-2
Added Pin To Net: NetName=V1.1 Pin=R54.1-1
Added Pin To Net: NetName=NetC79.1_1 Pin=R54.1-2
Added Pin To Net: NetName=V1.2 Pin=R54.2-1
Added Pin To Net: NetName=NetC79.2_1 Pin=R54.2-2
Added Pin To Net: NetName=NetR55.1_2 Pin=R55.1-2
Added Pin To Net: NetName=+2V5 Pin=R55.2-1
Added Pin To Net: NetName=NetR55.2_2 Pin=R55.2-2
Added Pin To Net: NetName=NetC81.1_2 Pin=R56.1-1
Added Pin To Net: NetName=NetC81.2_2 Pin=R56.2-1
Added Pin To Net: NetName=+2V5 Pin=R56.2-2
Added Pin To Net: NetName=NetC82.1_2 Pin=R57.1-2
Added Pin To Net: NetName=NetC82.2_2 Pin=R57.2-2
Added Pin To Net: NetName=NetC82.1_2 Pin=R59.1-1
Added Pin To Net: NetName=NetC82.2_2 Pin=R59.2-1
Added Pin To Net: NetName=+2V5 Pin=R59.2-2
Added Pin To Net: NetName=NetR60.1_1 Pin=R60.1-1
Added Pin To Net: NetName=NetR60.2_1 Pin=R60.2-1
Added Pin To Net: NetName=NetR61.1_2 Pin=R61.1-2
Added Pin To Net: NetName=NetR61.2_2 Pin=R61.2-2
Added Pin To Net: NetName=NetR62.1_2 Pin=R62.1-2
Added Pin To Net: NetName=+2V5 Pin=R62.2-1
Added Pin To Net: NetName=NetR62.2_2 Pin=R62.2-2
Added Pin To Net: NetName=IN15_P Pin=U12.2-17
Added Pin To Net: NetName=IN15_N Pin=U12.2-18
Added Pin To Net: NetName=GND Pin=U17.2-4
Added Pin To Net: NetName=+2V5 Pin=U17.2-5
Added Pin To Net: NetName=+5VA Pin=U17.2-8
Added Pin To Net: NetName=NetC58.2_2 Pin=U18.1-1
Added Pin To Net: NetName=NetC58.2_1 Pin=U18.1-2
Added Pin To Net: NetName=NetC73.2_2 Pin=U18.1-3
Added Pin To Net: NetName=NetC80.2_1 Pin=U18.1-6
Added Pin To Net: NetName=NetC66.2_1 Pin=U18.1-8
Added Pin To Net: NetName=NetC83.2_1 Pin=U18.1-9
Added Pin To Net: NetName=-V1.2 Pin=U18.1-14
Added Pin To Net: NetName=+5VA Pin=U18.2-4
Added Pin To Net: NetName=NetR55.2_2 Pin=U18.2-5
Added Pin To Net: NetName=V1.2 Pin=U18.2-7
Added Pin To Net: NetName=NetR62.2_2 Pin=U18.2-10
Added Pin To Net: NetName=GND Pin=U18.2-11
Added Pin To Net: NetName=NetC81.2_2 Pin=U18.2-12
Added Pin To Net: NetName=NetC79.2_1 Pin=U18.2-13
Added Pin To Net: NetName=NetC58.3_2 Pin=U18.3-1
Added Pin To Net: NetName=NetC58.3_1 Pin=U18.3-2
Added Pin To Net: NetName=NetC73.3_2 Pin=U18.3-3
Added Pin To Net: NetName=+5VA Pin=U18.3-4
Added Pin To Net: NetName=NetR55.3_2 Pin=U18.3-5
Added Pin To Net: NetName=NetC80.3_1 Pin=U18.3-6
Added Pin To Net: NetName=V1.3 Pin=U18.3-7
Added Pin To Net: NetName=NetC66.3_1 Pin=U18.3-8
Added Pin To Net: NetName=NetC83.3_1 Pin=U18.3-9
Added Pin To Net: NetName=NetR62.3_2 Pin=U18.3-10
Added Pin To Net: NetName=GND Pin=U18.3-11
Added Pin To Net: NetName=NetC81.3_2 Pin=U18.3-12
Added Pin To Net: NetName=NetC79.3_1 Pin=U18.3-13
Added Pin To Net: NetName=-V1.3 Pin=U18.3-14
Added Pin To Net: NetName=NetC58.5_2 Pin=U18.5-1
Added Pin To Net: NetName=NetC58.5_1 Pin=U18.5-2
Added Pin To Net: NetName=NetC73.5_2 Pin=U18.5-3
Added Pin To Net: NetName=+5VA Pin=U18.5-4
Added Pin To Net: NetName=NetR55.5_2 Pin=U18.5-5
Added Pin To Net: NetName=NetC80.5_1 Pin=U18.5-6
Added Pin To Net: NetName=V1.5 Pin=U18.5-7
Added Pin To Net: NetName=NetC66.5_1 Pin=U18.5-8
Added Pin To Net: NetName=NetC83.5_1 Pin=U18.5-9
Added Pin To Net: NetName=NetR62.5_2 Pin=U18.5-10
Added Pin To Net: NetName=GND Pin=U18.5-11
Added Pin To Net: NetName=NetC81.5_2 Pin=U18.5-12
Added Pin To Net: NetName=NetC79.5_1 Pin=U18.5-13
Added Pin To Net: NetName=-V1.5 Pin=U18.5-14
Added Pin To Net: NetName=NetC58.6_2 Pin=U18.6-1
Added Pin To Net: NetName=NetC58.6_1 Pin=U18.6-2
Added Pin To Net: NetName=NetC73.6_2 Pin=U18.6-3
Added Pin To Net: NetName=+5VA Pin=U18.6-4
Added Pin To Net: NetName=NetR55.6_2 Pin=U18.6-5
Added Pin To Net: NetName=NetC80.6_1 Pin=U18.6-6
Added Pin To Net: NetName=V1.6 Pin=U18.6-7
Added Pin To Net: NetName=NetC66.6_1 Pin=U18.6-8
Added Pin To Net: NetName=NetC83.6_1 Pin=U18.6-9
Added Pin To Net: NetName=NetR62.6_2 Pin=U18.6-10
Added Pin To Net: NetName=GND Pin=U18.6-11
Added Pin To Net: NetName=NetC81.6_2 Pin=U18.6-12
Added Pin To Net: NetName=NetC79.6_1 Pin=U18.6-13
Added Pin To Net: NetName=-V1.6 Pin=U18.6-14
Added Pin To Net: NetName=NetC58.8_2 Pin=U18.8-1
Added Pin To Net: NetName=NetC58.8_1 Pin=U18.8-2
Added Pin To Net: NetName=NetC73.8_2 Pin=U18.8-3
Added Pin To Net: NetName=+5VA Pin=U18.8-4
Added Pin To Net: NetName=NetR55.8_2 Pin=U18.8-5
Added Pin To Net: NetName=NetC80.8_1 Pin=U18.8-6
Added Pin To Net: NetName=V1.8 Pin=U18.8-7
Added Pin To Net: NetName=NetC66.8_1 Pin=U18.8-8
Added Pin To Net: NetName=NetC83.8_1 Pin=U18.8-9
Added Pin To Net: NetName=NetR62.8_2 Pin=U18.8-10
Added Pin To Net: NetName=GND Pin=U18.8-11
Added Pin To Net: NetName=NetC81.8_2 Pin=U18.8-12
Added Pin To Net: NetName=NetC79.8_1 Pin=U18.8-13
Added Pin To Net: NetName=-V1.8 Pin=U18.8-14
Added Pin To Net: NetName=NetC58.10_2 Pin=U18.10-1
Added Pin To Net: NetName=NetC58.10_1 Pin=U18.10-2
Added Pin To Net: NetName=NetC73.10_2 Pin=U18.10-3
Added Pin To Net: NetName=+5VA Pin=U18.10-4
Added Pin To Net: NetName=NetR55.10_2 Pin=U18.10-5
Added Pin To Net: NetName=NetC80.10_1 Pin=U18.10-6
Added Pin To Net: NetName=V1.10 Pin=U18.10-7
Added Pin To Net: NetName=NetC66.10_1 Pin=U18.10-8
Added Pin To Net: NetName=NetC83.10_1 Pin=U18.10-9
Added Pin To Net: NetName=NetR62.10_2 Pin=U18.10-10
Added Pin To Net: NetName=GND Pin=U18.10-11
Added Pin To Net: NetName=NetC81.10_2 Pin=U18.10-12
Added Pin To Net: NetName=NetC79.10_1 Pin=U18.10-13
Added Pin To Net: NetName=-V1.10 Pin=U18.10-14
Added Pin To Net: NetName=NetC58.11_2 Pin=U18.11-1
Added Pin To Net: NetName=NetC58.11_1 Pin=U18.11-2
Added Pin To Net: NetName=NetC73.11_2 Pin=U18.11-3
Added Pin To Net: NetName=+5VA Pin=U18.11-4
Added Pin To Net: NetName=NetR55.11_2 Pin=U18.11-5
Added Pin To Net: NetName=NetC80.11_1 Pin=U18.11-6
Added Pin To Net: NetName=V1.11 Pin=U18.11-7
Added Pin To Net: NetName=NetC66.11_1 Pin=U18.11-8
Added Pin To Net: NetName=NetC83.11_1 Pin=U18.11-9
Added Pin To Net: NetName=NetR62.11_2 Pin=U18.11-10
Added Pin To Net: NetName=GND Pin=U18.11-11
Added Pin To Net: NetName=NetC81.11_2 Pin=U18.11-12
Added Pin To Net: NetName=NetC79.11_1 Pin=U18.11-13
Added Pin To Net: NetName=-V1.11 Pin=U18.11-14
Added Pin To Net: NetName=NetC58.13_2 Pin=U18.13-1
Added Pin To Net: NetName=NetC58.13_1 Pin=U18.13-2
Added Pin To Net: NetName=NetC73.13_2 Pin=U18.13-3
Added Pin To Net: NetName=+5VA Pin=U18.13-4
Added Pin To Net: NetName=NetR55.13_2 Pin=U18.13-5
Added Pin To Net: NetName=NetC80.13_1 Pin=U18.13-6
Added Pin To Net: NetName=V1.13 Pin=U18.13-7
Added Pin To Net: NetName=NetC66.13_1 Pin=U18.13-8
Added Pin To Net: NetName=NetC83.13_1 Pin=U18.13-9
Added Pin To Net: NetName=NetR62.13_2 Pin=U18.13-10
Added Pin To Net: NetName=GND Pin=U18.13-11
Added Pin To Net: NetName=NetC81.13_2 Pin=U18.13-12
Added Pin To Net: NetName=NetC79.13_1 Pin=U18.13-13
Added Pin To Net: NetName=-V1.13 Pin=U18.13-14
Added Pin To Net: NetName=NetC58.14_2 Pin=U18.14-1
Added Pin To Net: NetName=NetC58.14_1 Pin=U18.14-2
Added Pin To Net: NetName=NetC73.14_2 Pin=U18.14-3
Added Pin To Net: NetName=+5VA Pin=U18.14-4
Added Pin To Net: NetName=NetR55.14_2 Pin=U18.14-5
Added Pin To Net: NetName=NetC80.14_1 Pin=U18.14-6
Added Pin To Net: NetName=V1.14 Pin=U18.14-7
Added Pin To Net: NetName=NetC66.14_1 Pin=U18.14-8
Added Pin To Net: NetName=NetC83.14_1 Pin=U18.14-9
Added Pin To Net: NetName=NetR62.14_2 Pin=U18.14-10
Added Pin To Net: NetName=GND Pin=U18.14-11
Added Pin To Net: NetName=NetC81.14_2 Pin=U18.14-12
Added Pin To Net: NetName=NetC79.14_1 Pin=U18.14-13
Added Pin To Net: NetName=-V1.14 Pin=U18.14-14
Added Pin To Net: NetName=NetC58.16_2 Pin=U18.16-1
Added Pin To Net: NetName=NetC58.16_1 Pin=U18.16-2
Added Pin To Net: NetName=NetC73.16_2 Pin=U18.16-3
Added Pin To Net: NetName=+5VA Pin=U18.16-4
Added Pin To Net: NetName=NetR55.16_2 Pin=U18.16-5
Added Pin To Net: NetName=NetC80.16_1 Pin=U18.16-6
Added Pin To Net: NetName=V1.16 Pin=U18.16-7
Added Pin To Net: NetName=NetC66.16_1 Pin=U18.16-8
Added Pin To Net: NetName=NetC83.16_1 Pin=U18.16-9
Added Pin To Net: NetName=NetR62.16_2 Pin=U18.16-10
Added Pin To Net: NetName=GND Pin=U18.16-11
Added Pin To Net: NetName=NetC81.16_2 Pin=U18.16-12
Added Pin To Net: NetName=NetC79.16_1 Pin=U18.16-13
Added Pin To Net: NetName=-V1.16 Pin=U18.16-14
Added Pin To Net: NetName=NetC132.6_2 Pin=U24.6-1
Added Pin To Net: NetName=NetC132.6_1 Pin=U24.6-2
Added Pin To Net: NetName=NetC140.6_1 Pin=U24.6-3
Added Pin To Net: NetName=+5VA Pin=U24.6-4
Added Pin To Net: NetName=NetR94.6_1 Pin=U24.6-5
Added Pin To Net: NetName=NetC139.6_1 Pin=U24.6-6
Added Pin To Net: NetName=NetC139.6_2 Pin=U24.6-7
Added Pin To Net: NetName=NetC146.6_2 Pin=U24.6-8
Added Pin To Net: NetName=NetC146.6_1 Pin=U24.6-9
Added Pin To Net: NetName=NetR108.6_1 Pin=U24.6-10
Added Pin To Net: NetName=GND Pin=U24.6-11
Added Pin To Net: NetName=NetC147.6_1 Pin=U24.6-12
Added Pin To Net: NetName=NetC142.6_1 Pin=U24.6-13
Added Pin To Net: NetName=NetC142.6_2 Pin=U24.6-14
Added Pin To Net: NetName=NetC132.7_2 Pin=U24.7-1
Added Pin To Net: NetName=NetC132.7_1 Pin=U24.7-2
Added Pin To Net: NetName=NetC140.7_1 Pin=U24.7-3
Added Pin To Net: NetName=+5VA Pin=U24.7-4
Added Pin To Net: NetName=NetR94.7_1 Pin=U24.7-5
Added Pin To Net: NetName=NetC139.7_1 Pin=U24.7-6
Added Pin To Net: NetName=NetC139.7_2 Pin=U24.7-7
Added Pin To Net: NetName=NetC146.7_2 Pin=U24.7-8
Added Pin To Net: NetName=NetC146.7_1 Pin=U24.7-9
Added Pin To Net: NetName=NetR108.7_1 Pin=U24.7-10
Added Pin To Net: NetName=GND Pin=U24.7-11
Added Pin To Net: NetName=NetC147.7_1 Pin=U24.7-12
Added Pin To Net: NetName=NetC142.7_1 Pin=U24.7-13
Added Pin To Net: NetName=NetC142.7_2 Pin=U24.7-14
Change Net Name : Old Net Name=-V1.2 New Net Name=-V1.1
Change Net Name : Old Net Name=IN15_N New Net Name=IN16_N
Change Net Name : Old Net Name=IN15_P New Net Name=IN16_P
Change Net Name : Old Net Name=NetC58.2_1 New Net Name=NetC58.1_1
Change Net Name : Old Net Name=NetC58.2_2 New Net Name=NetC58.1_2
Change Net Name : Old Net Name=NetC62.2_1 New Net Name=NetC62.1_1
Change Net Name : Old Net Name=NetC62.2_2 New Net Name=NetC62.1_2
Change Net Name : Old Net Name=NetC64.2_1 New Net Name=NetC64.1_1
Change Net Name : Old Net Name=NetC64.2_2 New Net Name=NetC64.1_2
Change Net Name : Old Net Name=NetC66.2_1 New Net Name=NetC66.1_1
Change Net Name : Old Net Name=NetC66.2_2 New Net Name=NetC66.1_2
Change Net Name : Old Net Name=NetC67.2_2 New Net Name=NetC67.1_2
Change Net Name : Old Net Name=NetC72.2_1 New Net Name=NetC72.1_1
Change Net Name : Old Net Name=NetC73.2_2 New Net Name=NetC73.1_2
Change Net Name : Old Net Name=NetC75.2_1 New Net Name=NetC75.1_1
Change Net Name : Old Net Name=NetC75.2_2 New Net Name=NetC75.1_2
Change Net Name : Old Net Name=NetC80.2_1 New Net Name=NetC80.1_1
Change Net Name : Old Net Name=NetC83.2_1 New Net Name=NetC83.1_1
Change Net Name : Old Net Name=NetD12.2_3 New Net Name=NetD12.1_3
Added Pin To Net: NetName=-V1.2 Pin=C79.2-2
Added Pin To Net: NetName=-V1.2 Pin=R52.2-1
Added Pin To Net: NetName=-V1.2 Pin=R63.2-1
Added Pin To Net: NetName=-V1.2 Pin=R64.2-2
Added Pin To Net: NetName=-V1.2 Pin=U18.2-14
Added Net: Name=-V1.2
Added Pin To Net: NetName=IN15_N Pin=C71.2-2
Added Pin To Net: NetName=IN15_N Pin=R47.2-2
Added Pin To Net: NetName=IN15_N Pin=R51.2-2
Added Pin To Net: NetName=IN15_N Pin=U12.2-16
Added Net: Name=IN15_N
Added Pin To Net: NetName=IN15_P Pin=C71.2-1
Added Pin To Net: NetName=IN15_P Pin=R35.2-2
Added Pin To Net: NetName=IN15_P Pin=R40.2-2
Added Pin To Net: NetName=IN15_P Pin=R50.2-2
Added Pin To Net: NetName=IN15_P Pin=U12.2-15
Added Net: Name=IN15_P
Added Pin To Net: NetName=NetC58.2_1 Pin=C58.2-1
Added Pin To Net: NetName=NetC58.2_1 Pin=R36.2-2
Added Pin To Net: NetName=NetC58.2_1 Pin=R43.2-2
Added Pin To Net: NetName=NetC58.2_1 Pin=U18.2-2
Added Net: Name=NetC58.2_1
Added Pin To Net: NetName=NetC58.2_2 Pin=C58.2-2
Added Pin To Net: NetName=NetC58.2_2 Pin=R36.2-1
Added Pin To Net: NetName=NetC58.2_2 Pin=R53.2-2
Added Pin To Net: NetName=NetC58.2_2 Pin=U18.2-1
Added Net: Name=NetC58.2_2
Added Pin To Net: NetName=NetC62.2_1 Pin=C62.2-1
Added Pin To Net: NetName=NetC62.2_1 Pin=C63.2-1
Added Pin To Net: NetName=NetC62.2_1 Pin=R34.2-2
Added Pin To Net: NetName=NetC62.2_1 Pin=R35.2-1
Added Pin To Net: NetName=NetC62.2_1 Pin=U17.2-2
Added Net: Name=NetC62.2_1
Added Pin To Net: NetName=NetC62.2_2 Pin=C62.2-2
Added Pin To Net: NetName=NetC62.2_2 Pin=R40.2-1
Added Pin To Net: NetName=NetC62.2_2 Pin=U17.2-1
Added Net: Name=NetC62.2_2
Added Pin To Net: NetName=NetC64.2_1 Pin=C64.2-1
Added Pin To Net: NetName=NetC64.2_1 Pin=R37.2-2
Added Pin To Net: NetName=NetC64.2_1 Pin=R39.2-1
Added Net: Name=NetC64.2_1
Added Pin To Net: NetName=NetC64.2_2 Pin=C64.2-2
Added Pin To Net: NetName=NetC64.2_2 Pin=C65.2-1
Added Pin To Net: NetName=NetC64.2_2 Pin=C67.2-1
Added Pin To Net: NetName=NetC64.2_2 Pin=D10.2-3
Added Pin To Net: NetName=NetC64.2_2 Pin=R38.2-1
Added Pin To Net: NetName=NetC64.2_2 Pin=R43.2-1
Added Net: Name=NetC64.2_2
Added Pin To Net: NetName=NetC66.2_1 Pin=C66.2-1
Added Pin To Net: NetName=NetC66.2_1 Pin=C83.2-2
Added Pin To Net: NetName=NetC66.2_1 Pin=R41.2-2
Added Pin To Net: NetName=NetC66.2_1 Pin=R65.2-1
Added Pin To Net: NetName=NetC66.2_1 Pin=U18.2-8
Added Net: Name=NetC66.2_1
Added Pin To Net: NetName=NetC66.2_2 Pin=C66.2-2
Added Pin To Net: NetName=NetC66.2_2 Pin=R42.2-2
Added Pin To Net: NetName=NetC66.2_2 Pin=U17.2-3
Added Net: Name=NetC66.2_2
Added Pin To Net: NetName=NetC67.2_2 Pin=C67.2-2
Added Pin To Net: NetName=NetC67.2_2 Pin=C72.2-2
Added Pin To Net: NetName=NetC67.2_2 Pin=C74.2-1
Added Pin To Net: NetName=NetC67.2_2 Pin=D11.2-3
Added Pin To Net: NetName=NetC67.2_2 Pin=R44.2-1
Added Pin To Net: NetName=NetC67.2_2 Pin=R49.2-1
Added Net: Name=NetC67.2_2
Added Pin To Net: NetName=NetC72.2_1 Pin=C72.2-1
Added Pin To Net: NetName=NetC72.2_1 Pin=R45.2-2
Added Pin To Net: NetName=NetC72.2_1 Pin=R46.2-2
Added Net: Name=NetC72.2_1
Added Pin To Net: NetName=NetC73.2_2 Pin=C73.2-2
Added Pin To Net: NetName=NetC73.2_2 Pin=R44.2-2
Added Pin To Net: NetName=NetC73.2_2 Pin=R48.2-1
Added Pin To Net: NetName=NetC73.2_2 Pin=U18.2-3
Added Net: Name=NetC73.2_2
Added Pin To Net: NetName=NetC75.2_1 Pin=C75.2-1
Added Pin To Net: NetName=NetC75.2_1 Pin=R47.2-1
Added Pin To Net: NetName=NetC75.2_1 Pin=R50.2-1
Added Pin To Net: NetName=NetC75.2_1 Pin=U17.2-6
Added Net: Name=NetC75.2_1
Added Pin To Net: NetName=NetC75.2_2 Pin=C75.2-2
Added Pin To Net: NetName=NetC75.2_2 Pin=R51.2-1
Added Pin To Net: NetName=NetC75.2_2 Pin=U17.2-7
Added Net: Name=NetC75.2_2
Added Pin To Net: NetName=NetC80.2_1 Pin=C80.2-1
Added Pin To Net: NetName=NetC80.2_1 Pin=R53.2-1
Added Pin To Net: NetName=NetC80.2_1 Pin=R58.2-1
Added Pin To Net: NetName=NetC80.2_1 Pin=R60.2-2
Added Pin To Net: NetName=NetC80.2_1 Pin=R63.2-2
Added Pin To Net: NetName=NetC80.2_1 Pin=U18.2-6
Added Net: Name=NetC80.2_1
Added Pin To Net: NetName=NetC83.2_1 Pin=C83.2-1
Added Pin To Net: NetName=NetC83.2_1 Pin=R61.2-1
Added Pin To Net: NetName=NetC83.2_1 Pin=R64.2-1
Added Pin To Net: NetName=NetC83.2_1 Pin=R65.2-2
Added Pin To Net: NetName=NetC83.2_1 Pin=U18.2-9
Added Net: Name=NetC83.2_1
Added Pin To Net: NetName=NetD12.2_3 Pin=D12.2-3
Added Pin To Net: NetName=NetD12.2_3 Pin=R57.2-1
Added Pin To Net: NetName=NetD12.2_3 Pin=R58.2-2
Added Net: Name=NetD12.2_3
Change Class Name : Old Net Name=U_InputAmplifier2 New Net Name=U_InputAmplifier1
Added Class: Name=U_InputAmplifier2
Added Member To Class: ClassName=U_InputAmplifier3 Member=Component C59.3 (C59) Capacitor
Added Member To Class: ClassName=U_InputAmplifier5 Member=Component C59.5 (C59) Capacitor
Added Member To Class: ClassName=U_InputAmplifier6 Member=Component C59.6 (C59) Capacitor
Added Member To Class: ClassName=U_InputAmplifier8 Member=Component C59.8 (C59) Capacitor
Added Member To Class: ClassName=U_InputAmplifier10 Member=Component C59.10 (C59) Capacitor
Added Member To Class: ClassName=U_InputAmplifier11 Member=Component C59.11 (C59) Capacitor
Added Member To Class: ClassName=U_InputAmplifier13 Member=Component C59.13 (C59) Capacitor
Added Member To Class: ClassName=U_InputAmplifier14 Member=Component C59.14 (C59) Capacitor
Added Member To Class: ClassName=U_InputAmplifier3 Member=Component C60.3 (C60) Capacitor
Added Member To Class: ClassName=U_InputAmplifier5 Member=Component C60.5 (C60) Capacitor
Added Member To Class: ClassName=U_InputAmplifier6 Member=Component C60.6 (C60) Capacitor
Added Member To Class: ClassName=U_InputAmplifier8 Member=Component C60.8 (C60) Capacitor
Added Member To Class: ClassName=U_InputAmplifier10 Member=Component C60.10 (C60) Capacitor
Added Member To Class: ClassName=U_InputAmplifier11 Member=Component C60.11 (C60) Capacitor
Added Member To Class: ClassName=U_InputAmplifier13 Member=Component C60.13 (C60) Capacitor
Added Member To Class: ClassName=U_InputAmplifier14 Member=Component C60.14 (C60) Capacitor
Added Member To Class: ClassName=U_InputAmplifier3 Member=Component C61.3 (C61) Capacitor
Added Member To Class: ClassName=U_InputAmplifier5 Member=Component C61.5 (C61) Capacitor
Added Member To Class: ClassName=U_InputAmplifier6 Member=Component C61.6 (C61) Capacitor
Added Member To Class: ClassName=U_InputAmplifier8 Member=Component C61.8 (C61) Capacitor
Added Member To Class: ClassName=U_InputAmplifier13 Member=Component C61.13 (C61) Capacitor
Added Member To Class: ClassName=U_InputAmplifier14 Member=Component C61.14 (C61) Capacitor
Added Member To Class: ClassName=U_InputAmplifier3 Member=Component C68.3 (C68) Capacitor
Added Member To Class: ClassName=U_InputAmplifier5 Member=Component C68.5 (C68) Capacitor
Added Member To Class: ClassName=U_InputAmplifier6 Member=Component C68.6 (C68) Capacitor
Added Member To Class: ClassName=U_InputAmplifier8 Member=Component C68.8 (C68) Capacitor
Added Member To Class: ClassName=U_InputAmplifier10 Member=Component C68.10 (C68) Capacitor
Added Member To Class: ClassName=U_InputAmplifier11 Member=Component C68.11 (C68) Capacitor
Added Member To Class: ClassName=U_InputAmplifier13 Member=Component C68.13 (C68) Capacitor
Added Member To Class: ClassName=U_InputAmplifier14 Member=Component C68.14 (C68) Capacitor
Added Member To Class: ClassName=U_InputAmplifier3 Member=Component C69.3 (C69) Capacitor
Added Member To Class: ClassName=U_InputAmplifier5 Member=Component C69.5 (C69) Capacitor
Added Member To Class: ClassName=U_InputAmplifier6 Member=Component C69.6 (C69) Capacitor
Added Member To Class: ClassName=U_InputAmplifier8 Member=Component C69.8 (C69) Capacitor
Added Member To Class: ClassName=U_InputAmplifier13 Member=Component C69.13 (C69) Capacitor
Added Member To Class: ClassName=U_InputAmplifier14 Member=Component C69.14 (C69) Capacitor
Added Member To Class: ClassName=U_InputAmplifier3 Member=Component C70.3 (C70) Capacitor
Added Member To Class: ClassName=U_InputAmplifier5 Member=Component C70.5 (C70) Capacitor
Added Member To Class: ClassName=U_InputAmplifier6 Member=Component C70.6 (C70) Capacitor
Added Member To Class: ClassName=U_InputAmplifier8 Member=Component C70.8 (C70) Capacitor
Added Member To Class: ClassName=U_InputAmplifier10 Member=Component C70.10 (C70) Capacitor
Added Member To Class: ClassName=U_InputAmplifier11 Member=Component C70.11 (C70) Capacitor
Added Member To Class: ClassName=U_InputAmplifier13 Member=Component C70.13 (C70) Capacitor
Added Member To Class: ClassName=U_InputAmplifier14 Member=Component C70.14 (C70) Capacitor
Added Member To Class: ClassName=U_InputAmplifier3 Member=Component C76.3 (C76) Capacitor
Added Member To Class: ClassName=U_InputAmplifier5 Member=Component C76.5 (C76) Capacitor
Added Member To Class: ClassName=U_InputAmplifier6 Member=Component C76.6 (C76) Capacitor
Added Member To Class: ClassName=U_InputAmplifier8 Member=Component C76.8 (C76) Capacitor
Added Member To Class: ClassName=U_InputAmplifier10 Member=Component C76.10 (C76) Capacitor
Added Member To Class: ClassName=U_InputAmplifier11 Member=Component C76.11 (C76) Capacitor
Added Member To Class: ClassName=U_InputAmplifier13 Member=Component C76.13 (C76) Capacitor
Added Member To Class: ClassName=U_InputAmplifier14 Member=Component C76.14 (C76) Capacitor
Added Member To Class: ClassName=U_InputAmplifier3 Member=Component C77.3 (C77) Capacitor
Added Member To Class: ClassName=U_InputAmplifier5 Member=Component C77.5 (C77) Capacitor
Added Member To Class: ClassName=U_InputAmplifier6 Member=Component C77.6 (C77) Capacitor
Added Member To Class: ClassName=U_InputAmplifier8 Member=Component C77.8 (C77) Capacitor
Added Member To Class: ClassName=U_InputAmplifier10 Member=Component C77.10 (C77) Capacitor
Added Member To Class: ClassName=U_InputAmplifier11 Member=Component C77.11 (C77) Capacitor
Added Member To Class: ClassName=U_InputAmplifier13 Member=Component C77.13 (C77) Capacitor
Added Member To Class: ClassName=U_InputAmplifier14 Member=Component C77.14 (C77) Capacitor
Added Member To Class: ClassName=U_InputAmplifier3 Member=Component C78.3 (C78) Capacitor
Added Member To Class: ClassName=U_InputAmplifier5 Member=Component C78.5 (C78) Capacitor
Added Member To Class: ClassName=U_InputAmplifier6 Member=Component C78.6 (C78) Capacitor
Added Member To Class: ClassName=U_InputAmplifier8 Member=Component C78.8 (C78) Capacitor
Added Member To Class: ClassName=U_InputAmplifier10 Member=Component C78.10 (C78) Capacitor
Added Member To Class: ClassName=U_InputAmplifier11 Member=Component C78.11 (C78) Capacitor
Added Member To Class: ClassName=U_InputAmplifier13 Member=Component C78.13 (C78) Capacitor
Added Member To Class: ClassName=U_InputAmplifier14 Member=Component C78.14 (C78) Capacitor
Added Member To Class: ClassName=U_InputAmplifier1 Member=Component C79.1 (C79) Capacitor
Added Member To Class: ClassName=U_InputAmplifier3 Member=Component C82.3 (C82) Capacitor
Added Member To Class: ClassName=U_InputAmplifier5 Member=Component C82.5 (C82) Capacitor
Added Member To Class: ClassName=U_InputAmplifier6 Member=Component C82.6 (C82) Capacitor
Added Member To Class: ClassName=U_InputAmplifier8 Member=Component C82.8 (C82) Capacitor
Added Member To Class: ClassName=U_InputAmplifier10 Member=Component C82.10 (C82) Capacitor
Added Member To Class: ClassName=U_InputAmplifier11 Member=Component C82.11 (C82) Capacitor
Added Member To Class: ClassName=U_InputAmplifier13 Member=Component C82.13 (C82) Capacitor
Added Member To Class: ClassName=U_InputAmplifier14 Member=Component C82.14 (C82) Capacitor
Added Member To Class: ClassName=U_InputAmplifier16 Member=Component C82.16 (C82) Capacitor
Added Member To Class: ClassName=U_InputAmplifier3 Member=Component C83.3 (C83) Capacitor
Added Member To Class: ClassName=U_InputAmplifier5 Member=Component C83.5 (C83) Capacitor
Added Member To Class: ClassName=U_InputAmplifier6 Member=Component C83.6 (C83) Capacitor
Added Member To Class: ClassName=U_InputAmplifier8 Member=Component C83.8 (C83) Capacitor
Added Member To Class: ClassName=U_InputAmplifier10 Member=Component C83.10 (C83) Capacitor
Added Member To Class: ClassName=U_InputAmplifier11 Member=Component C83.11 (C83) Capacitor
Added Member To Class: ClassName=U_InputAmplifier13 Member=Component C83.13 (C83) Capacitor
Added Member To Class: ClassName=U_InputAmplifier14 Member=Component C83.14 (C83) Capacitor
Added Member To Class: ClassName=U_InputAmplifier16 Member=Component C83.16 (C83) Capacitor
Added Member To Class: ClassName=U_InputAmplifier3 Member=Component C84.3 (C84) Capacitor
Added Member To Class: ClassName=U_InputAmplifier5 Member=Component C84.5 (C84) Capacitor
Added Member To Class: ClassName=U_InputAmplifier6 Member=Component C84.6 (C84) Capacitor
Added Member To Class: ClassName=U_InputAmplifier8 Member=Component C84.8 (C84) Capacitor
Added Member To Class: ClassName=U_InputAmplifier10 Member=Component C84.10 (C84) Capacitor
Added Member To Class: ClassName=U_InputAmplifier11 Member=Component C84.11 (C84) Capacitor
Added Member To Class: ClassName=U_InputAmplifier13 Member=Component C84.13 (C84) Capacitor
Added Member To Class: ClassName=U_InputAmplifier14 Member=Component C84.14 (C84) Capacitor
Added Member To Class: ClassName=U_InputAmplifier16 Member=Component C84.16 (C84) Capacitor
Added Member To Class: ClassName=U_OutputConnectors6 Member=Component C146.6 (C146) Capacitor
Added Member To Class: ClassName=U_OutputConnectors7 Member=Component C146.7 (C146) Capacitor
Added Member To Class: ClassName=U_OutputConnectors6 Member=Component C147.6 (C147) Capacitor
Added Member To Class: ClassName=U_OutputConnectors7 Member=Component C147.7 (C147) Capacitor
Added Member To Class: ClassName=U_OutputConnectors6 Member=Component C148.6 (C148) Capacitor
Added Member To Class: ClassName=U_OutputConnectors7 Member=Component C148.7 (C148) Capacitor
Added Member To Class: ClassName=U_InputAmplifier3 Member=Component U18.3 (U18A) OPA1664
Added Member To Class: ClassName=U_InputAmplifier5 Member=Component U18.5 (U18A) OPA1664
Added Member To Class: ClassName=U_InputAmplifier6 Member=Component U18.6 (U18A) OPA1664
Added Member To Class: ClassName=U_InputAmplifier8 Member=Component U18.8 (U18A) OPA1664
Added Member To Class: ClassName=U_InputAmplifier10 Member=Component U18.10 (U18A) OPA1664
Added Member To Class: ClassName=U_InputAmplifier11 Member=Component U18.11 (U18A) OPA1664
Added Member To Class: ClassName=U_InputAmplifier13 Member=Component U18.13 (U18A) OPA1664
Added Member To Class: ClassName=U_InputAmplifier14 Member=Component U18.14 (U18A) OPA1664
Added Member To Class: ClassName=U_InputAmplifier16 Member=Component U18.16 (U18A) OPA1664
Added Member To Class: ClassName=U_OutputConnectors6 Member=Component U24.6 (U24A) OPA1664
Added Member To Class: ClassName=U_OutputConnectors7 Member=Component U24.7 (U24A) OPA1664
