Added Component: Designator=C58.3(0402)
Added Component: Designator=C59.3(0402)
Added Component: Designator=C60.3(0402)
Added Component: Designator=C61.3(0402)
Added Component: Designator=C62.3(0402)
Added Component: Designator=C63.3(0402)
Added Component: Designator=C63.4(0402)
Added Component: Designator=C64.3(CAP_1210)
Added Component: Designator=C65.3(0402)
Added Component: Designator=C66.3(0402)
Added Component: Designator=C66.4(0402)
Added Component: Designator=C67.3(0402)
Added Component: Designator=C68.3(0402)
Added Component: Designator=C69.3(0402)
Added Component: Designator=C70.3(0402)
Added Component: Designator=C71.3(0603)
Added Component: Designator=C72.3(CAP_1210)
Added Component: Designator=C73.3(0402)
Added Component: Designator=C74.3(0402)
Added Component: Designator=C75.3(0402)
Added Component: Designator=C76.3(0402)
Added Component: Designator=C76.4(0402)
Added Component: Designator=C77.3(0402)
Added Component: Designator=C77.4(0402)
Added Component: Designator=C78.3(0402)
Added Component: Designator=C78.4(0402)
Added Component: Designator=C79.3(0402)
Added Component: Designator=C80.3(0402)
Added Component: Designator=C80.4(0402)
Added Component: Designator=C81.3(0402)
Added Component: Designator=C82.3(0805)
Added Component: Designator=C82.4(0805)
Added Component: Designator=C83.3(0402)
Added Component: Designator=C83.4(0402)
Added Component: Designator=C84.3(0402)
Added Component: Designator=C84.4(0402)
Added Component: Designator=D10.3(SOT23_132)
Added Component: Designator=D11.3(SOT23_132)
Added Component: Designator=D12.3(SOT23_132)
Added Component: Designator=R34.3(0402)
Added Component: Designator=R34.4(0402)
Added Component: Designator=R35.3(0402)
Added Component: Designator=R36.3(0402)
Added Component: Designator=R37.3(0402)
Added Component: Designator=R38.3(0402)
Added Component: Designator=R39.3(0402)
Added Component: Designator=R40.3(0402)
Added Component: Designator=R41.3(0402)
Added Component: Designator=R41.4(0402)
Added Component: Designator=R42.3(0402)
Added Component: Designator=R42.4(0402)
Added Component: Designator=R43.3(0402)
Added Component: Designator=R44.3(0402)
Added Component: Designator=R45.3(0402)
Added Component: Designator=R46.3(0402)
Added Component: Designator=R47.3(0402)
Added Component: Designator=R48.3(0402)
Added Component: Designator=R49.3(0402)
Added Component: Designator=R50.3(0402)
Added Component: Designator=R51.3(0402)
Added Component: Designator=R52.3(0402)
Added Component: Designator=R53.3(0402)
Added Component: Designator=R54.3(0402)
Added Component: Designator=R55.3(0402)
Added Component: Designator=R55.4(0402)
Added Component: Designator=R56.3(0402)
Added Component: Designator=R57.3(0402)
Added Component: Designator=R57.4(0402)
Added Component: Designator=R58.3(0402)
Added Component: Designator=R58.4(0402)
Added Component: Designator=R59.3(0402)
Added Component: Designator=R59.4(0402)
Added Component: Designator=R60.3(0402)
Added Component: Designator=R61.3(0402)
Added Component: Designator=R62.3(0402)
Added Component: Designator=R63.3(0402)
Added Component: Designator=R64.3(0402)
Added Component: Designator=R64.4(0402)
Added Component: Designator=R65.3(0402)
Added Component: Designator=R65.4(0402)
Added Component: Designator=U17.3(SOP127P600-8N)
Added Component: Designator=U18.3(14-TSSOP)
Added Pin To Net: NetName=NetC58.2_1 Pin=C58.2-1
Added Pin To Net: NetName=NetC58.2_2 Pin=C58.2-2
Added Pin To Net: NetName=NetC58.3_1 Pin=C58.3-1
Added Pin To Net: NetName=NetC58.3_2 Pin=C58.3-2
Added Pin To Net: NetName=+5VA Pin=C59.2-1
Added Pin To Net: NetName=GND Pin=C59.2-2
Added Pin To Net: NetName=+5VA Pin=C59.3-1
Added Pin To Net: NetName=GND Pin=C59.3-2
Added Pin To Net: NetName=+5VA Pin=C60.2-1
Added Pin To Net: NetName=GND Pin=C60.2-2
Added Pin To Net: NetName=+5VA Pin=C60.3-1
Added Pin To Net: NetName=GND Pin=C60.3-2
Added Pin To Net: NetName=+5VA Pin=C61.2-1
Added Pin To Net: NetName=GND Pin=C61.2-2
Added Pin To Net: NetName=+5VA Pin=C61.3-1
Added Pin To Net: NetName=GND Pin=C61.3-2
Added Pin To Net: NetName=NetC62.2_1 Pin=C62.2-1
Added Pin To Net: NetName=NetC62.2_2 Pin=C62.2-2
Added Pin To Net: NetName=NetC62.3_1 Pin=C62.3-1
Added Pin To Net: NetName=NetC62.3_2 Pin=C62.3-2
Added Pin To Net: NetName=NetC62.2_1 Pin=C63.2-1
Added Pin To Net: NetName=+2V5 Pin=C63.2-2
Added Pin To Net: NetName=NetC62.3_1 Pin=C63.3-1
Added Pin To Net: NetName=+2V5 Pin=C63.3-2
Added Pin To Net: NetName=NetC62.4_1 Pin=C63.4-1
Added Pin To Net: NetName=+2V5 Pin=C63.4-2
Added Pin To Net: NetName=NetC64.2_1 Pin=C64.2-1
Added Pin To Net: NetName=NetC64.2_2 Pin=C64.2-2
Added Pin To Net: NetName=NetC64.3_1 Pin=C64.3-1
Added Pin To Net: NetName=NetC64.3_2 Pin=C64.3-2
Added Pin To Net: NetName=NetC64.2_2 Pin=C65.2-1
Added Pin To Net: NetName=+2V5 Pin=C65.2-2
Added Pin To Net: NetName=NetC64.3_2 Pin=C65.3-1
Added Pin To Net: NetName=+2V5 Pin=C65.3-2
Added Pin To Net: NetName=NetC66.2_1 Pin=C66.2-1
Added Pin To Net: NetName=NetC66.2_2 Pin=C66.2-2
Added Pin To Net: NetName=NetC66.3_1 Pin=C66.3-1
Added Pin To Net: NetName=NetC66.3_2 Pin=C66.3-2
Added Pin To Net: NetName=NetC66.4_1 Pin=C66.4-1
Added Pin To Net: NetName=NetC66.4_2 Pin=C66.4-2
Added Pin To Net: NetName=NetC64.2_2 Pin=C67.2-1
Added Pin To Net: NetName=NetC67.2_2 Pin=C67.2-2
Added Pin To Net: NetName=NetC64.3_2 Pin=C67.3-1
Added Pin To Net: NetName=NetC67.3_2 Pin=C67.3-2
Added Pin To Net: NetName=+5VA Pin=C68.2-1
Added Pin To Net: NetName=GND Pin=C68.2-2
Added Pin To Net: NetName=+5VA Pin=C68.3-1
Added Pin To Net: NetName=GND Pin=C68.3-2
Added Pin To Net: NetName=+5VA Pin=C69.2-1
Added Pin To Net: NetName=GND Pin=C69.2-2
Added Pin To Net: NetName=+5VA Pin=C69.3-1
Added Pin To Net: NetName=GND Pin=C69.3-2
Added Pin To Net: NetName=+5VA Pin=C70.2-1
Added Pin To Net: NetName=GND Pin=C70.2-2
Added Pin To Net: NetName=+5VA Pin=C70.3-1
Added Pin To Net: NetName=GND Pin=C70.3-2
Added Pin To Net: NetName=IN15_P Pin=C71.2-1
Added Pin To Net: NetName=IN15_N Pin=C71.2-2
Added Pin To Net: NetName=IN14_P Pin=C71.3-1
Added Pin To Net: NetName=IN14_N Pin=C71.3-2
Added Pin To Net: NetName=NetC72.2_1 Pin=C72.2-1
Added Pin To Net: NetName=NetC67.2_2 Pin=C72.2-2
Added Pin To Net: NetName=NetC72.3_1 Pin=C72.3-1
Added Pin To Net: NetName=NetC67.3_2 Pin=C72.3-2
Added Pin To Net: NetName=+2V5 Pin=C73.2-1
Added Pin To Net: NetName=NetC73.2_2 Pin=C73.2-2
Added Pin To Net: NetName=+2V5 Pin=C73.3-1
Added Pin To Net: NetName=NetC73.3_2 Pin=C73.3-2
Added Pin To Net: NetName=NetC67.2_2 Pin=C74.2-1
Added Pin To Net: NetName=+2V5 Pin=C74.2-2
Added Pin To Net: NetName=NetC67.3_2 Pin=C74.3-1
Added Pin To Net: NetName=+2V5 Pin=C74.3-2
Added Pin To Net: NetName=NetC75.2_1 Pin=C75.2-1
Added Pin To Net: NetName=NetC75.2_2 Pin=C75.2-2
Added Pin To Net: NetName=NetC75.3_1 Pin=C75.3-1
Added Pin To Net: NetName=NetC75.3_2 Pin=C75.3-2
Added Pin To Net: NetName=+2V5 Pin=C76.2-1
Added Pin To Net: NetName=GND Pin=C76.2-2
Added Pin To Net: NetName=+2V5 Pin=C76.3-1
Added Pin To Net: NetName=GND Pin=C76.3-2
Added Pin To Net: NetName=+2V5 Pin=C76.4-1
Added Pin To Net: NetName=GND Pin=C76.4-2
Added Pin To Net: NetName=+2V5 Pin=C77.2-1
Added Pin To Net: NetName=GND Pin=C77.2-2
Added Pin To Net: NetName=+2V5 Pin=C77.3-1
Added Pin To Net: NetName=GND Pin=C77.3-2
Added Pin To Net: NetName=+2V5 Pin=C77.4-1
Added Pin To Net: NetName=GND Pin=C77.4-2
Added Pin To Net: NetName=+2V5 Pin=C78.2-1
Added Pin To Net: NetName=GND Pin=C78.2-2
Added Pin To Net: NetName=+2V5 Pin=C78.3-1
Added Pin To Net: NetName=GND Pin=C78.3-2
Added Pin To Net: NetName=+2V5 Pin=C78.4-1
Added Pin To Net: NetName=GND Pin=C78.4-2
Added Pin To Net: NetName=NetC79.2_1 Pin=C79.2-1
Added Pin To Net: NetName=-V1.2 Pin=C79.2-2
Added Pin To Net: NetName=NetC79.3_1 Pin=C79.3-1
Added Pin To Net: NetName=-V1.3 Pin=C79.3-2
Added Pin To Net: NetName=NetC80.2_1 Pin=C80.2-1
Added Pin To Net: NetName=V1.2 Pin=C80.2-2
Added Pin To Net: NetName=NetC80.3_1 Pin=C80.3-1
Added Pin To Net: NetName=V1.3 Pin=C80.3-2
Added Pin To Net: NetName=NetC80.4_1 Pin=C80.4-1
Added Pin To Net: NetName=V1.4 Pin=C80.4-2
Added Pin To Net: NetName=+2V5 Pin=C81.2-1
Added Pin To Net: NetName=NetC81.2_2 Pin=C81.2-2
Added Pin To Net: NetName=+2V5 Pin=C81.3-1
Added Pin To Net: NetName=NetC81.3_2 Pin=C81.3-2
Added Pin To Net: NetName=NetC82.2_1 Pin=C82.2-1
Added Pin To Net: NetName=NetC82.2_2 Pin=C82.2-2
Added Pin To Net: NetName=NetC82.3_1 Pin=C82.3-1
Added Pin To Net: NetName=NetC82.3_2 Pin=C82.3-2
Added Pin To Net: NetName=NetC82.4_1 Pin=C82.4-1
Added Pin To Net: NetName=NetC82.4_2 Pin=C82.4-2
Added Pin To Net: NetName=NetC83.2_1 Pin=C83.2-1
Added Pin To Net: NetName=NetC66.2_1 Pin=C83.2-2
Added Pin To Net: NetName=NetC83.3_1 Pin=C83.3-1
Added Pin To Net: NetName=NetC66.3_1 Pin=C83.3-2
Added Pin To Net: NetName=NetC83.4_1 Pin=C83.4-1
Added Pin To Net: NetName=NetC66.4_1 Pin=C83.4-2
Added Pin To Net: NetName=NetC82.2_2 Pin=C84.2-1
Added Pin To Net: NetName=+2V5 Pin=C84.2-2
Added Pin To Net: NetName=NetC82.3_2 Pin=C84.3-1
Added Pin To Net: NetName=+2V5 Pin=C84.3-2
Added Pin To Net: NetName=NetC82.4_2 Pin=C84.4-1
Added Pin To Net: NetName=+2V5 Pin=C84.4-2
Added Pin To Net: NetName=GND Pin=D10.2-1
Added Pin To Net: NetName=+5VA Pin=D10.2-2
Added Pin To Net: NetName=NetC64.2_2 Pin=D10.2-3
Added Pin To Net: NetName=GND Pin=D10.3-1
Added Pin To Net: NetName=+5VA Pin=D10.3-2
Added Pin To Net: NetName=NetC64.3_2 Pin=D10.3-3
Added Pin To Net: NetName=GND Pin=D11.2-1
Added Pin To Net: NetName=+5VA Pin=D11.2-2
Added Pin To Net: NetName=NetC67.2_2 Pin=D11.2-3
Added Pin To Net: NetName=GND Pin=D11.3-1
Added Pin To Net: NetName=+5VA Pin=D11.3-2
Added Pin To Net: NetName=NetC67.3_2 Pin=D11.3-3
Added Pin To Net: NetName=GND Pin=D12.2-1
Added Pin To Net: NetName=+5VA Pin=D12.2-2
Added Pin To Net: NetName=NetD12.2_3 Pin=D12.2-3
Added Pin To Net: NetName=GND Pin=D12.3-1
Added Pin To Net: NetName=+5VA Pin=D12.3-2
Added Pin To Net: NetName=NetD12.3_3 Pin=D12.3-3
Added Pin To Net: NetName=+2V5 Pin=R34.2-1
Added Pin To Net: NetName=NetC62.2_1 Pin=R34.2-2
Added Pin To Net: NetName=+2V5 Pin=R34.3-1
Added Pin To Net: NetName=NetC62.3_1 Pin=R34.3-2
Added Pin To Net: NetName=+2V5 Pin=R34.4-1
Added Pin To Net: NetName=NetC62.4_1 Pin=R34.4-2
Added Pin To Net: NetName=NetC62.2_1 Pin=R35.2-1
Added Pin To Net: NetName=IN15_P Pin=R35.2-2
Added Pin To Net: NetName=NetC62.3_1 Pin=R35.3-1
Added Pin To Net: NetName=IN14_P Pin=R35.3-2
Added Pin To Net: NetName=NetC58.2_2 Pin=R36.2-1
Added Pin To Net: NetName=NetC58.2_1 Pin=R36.2-2
Added Pin To Net: NetName=NetC58.3_2 Pin=R36.3-1
Added Pin To Net: NetName=NetC58.3_1 Pin=R36.3-2
Added Pin To Net: NetName=NetJ6.1_3 Pin=R37.2-1
Added Pin To Net: NetName=NetC64.2_1 Pin=R37.2-2
Added Pin To Net: NetName=NetJ6.2_5 Pin=R37.3-1
Added Pin To Net: NetName=NetC64.3_1 Pin=R37.3-2
Added Pin To Net: NetName=NetC64.2_2 Pin=R38.2-1
Added Pin To Net: NetName=+2V5 Pin=R38.2-2
Added Pin To Net: NetName=NetC64.3_2 Pin=R38.3-1
Added Pin To Net: NetName=+2V5 Pin=R38.3-2
Added Pin To Net: NetName=NetC64.2_1 Pin=R39.2-1
Added Pin To Net: NetName=PHANTOM1.1 Pin=R39.2-2
Added Pin To Net: NetName=NetC64.3_1 Pin=R39.3-1
Added Pin To Net: NetName=PHANTOM2.2 Pin=R39.3-2
Added Pin To Net: NetName=NetC62.2_2 Pin=R40.2-1
Added Pin To Net: NetName=IN15_P Pin=R40.2-2
Added Pin To Net: NetName=NetC62.3_2 Pin=R40.3-1
Added Pin To Net: NetName=IN14_P Pin=R40.3-2
Added Pin To Net: NetName=+2V5 Pin=R41.2-1
Added Pin To Net: NetName=NetC66.2_1 Pin=R41.2-2
Added Pin To Net: NetName=+2V5 Pin=R41.3-1
Added Pin To Net: NetName=NetC66.3_1 Pin=R41.3-2
Added Pin To Net: NetName=+2V5 Pin=R41.4-1
Added Pin To Net: NetName=NetC66.4_1 Pin=R41.4-2
Added Pin To Net: NetName=+2V5 Pin=R42.2-1
Added Pin To Net: NetName=NetC66.2_2 Pin=R42.2-2
Added Pin To Net: NetName=+2V5 Pin=R42.3-1
Added Pin To Net: NetName=NetC66.3_2 Pin=R42.3-2
Added Pin To Net: NetName=+2V5 Pin=R42.4-1
Added Pin To Net: NetName=NetC66.4_2 Pin=R42.4-2
Added Pin To Net: NetName=NetC64.2_2 Pin=R43.2-1
Added Pin To Net: NetName=NetC58.2_1 Pin=R43.2-2
Added Pin To Net: NetName=NetC64.3_2 Pin=R43.3-1
Added Pin To Net: NetName=NetC58.3_1 Pin=R43.3-2
Added Pin To Net: NetName=NetC67.2_2 Pin=R44.2-1
Added Pin To Net: NetName=NetC73.2_2 Pin=R44.2-2
Added Pin To Net: NetName=NetC67.3_2 Pin=R44.3-1
Added Pin To Net: NetName=NetC73.3_2 Pin=R44.3-2
Added Pin To Net: NetName=PHANTOM1.1 Pin=R45.2-1
Added Pin To Net: NetName=NetC72.2_1 Pin=R45.2-2
Added Pin To Net: NetName=PHANTOM2.2 Pin=R45.3-1
Added Pin To Net: NetName=NetC72.3_1 Pin=R45.3-2
Added Pin To Net: NetName=NetJ6.1_2 Pin=R46.2-1
Added Pin To Net: NetName=NetC72.2_1 Pin=R46.2-2
Added Pin To Net: NetName=NetJ6.2_6 Pin=R46.3-1
Added Pin To Net: NetName=NetC72.3_1 Pin=R46.3-2
Added Pin To Net: NetName=NetC75.2_1 Pin=R47.2-1
Added Pin To Net: NetName=IN15_N Pin=R47.2-2
Added Pin To Net: NetName=NetC75.3_1 Pin=R47.3-1
Added Pin To Net: NetName=IN14_N Pin=R47.3-2
Added Pin To Net: NetName=NetC73.2_2 Pin=R48.2-1
Added Pin To Net: NetName=+2V5 Pin=R48.2-2
Added Pin To Net: NetName=NetC73.3_2 Pin=R48.3-1
Added Pin To Net: NetName=+2V5 Pin=R48.3-2
Added Pin To Net: NetName=NetC67.2_2 Pin=R49.2-1
Added Pin To Net: NetName=+2V5 Pin=R49.2-2
Added Pin To Net: NetName=NetC67.3_2 Pin=R49.3-1
Added Pin To Net: NetName=+2V5 Pin=R49.3-2
Added Pin To Net: NetName=NetC75.2_1 Pin=R50.2-1
Added Pin To Net: NetName=IN15_P Pin=R50.2-2
Added Pin To Net: NetName=NetC75.3_1 Pin=R50.3-1
Added Pin To Net: NetName=IN14_P Pin=R50.3-2
Added Pin To Net: NetName=NetC75.2_2 Pin=R51.2-1
Added Pin To Net: NetName=IN15_N Pin=R51.2-2
Added Pin To Net: NetName=NetC75.3_2 Pin=R51.3-1
Added Pin To Net: NetName=IN14_N Pin=R51.3-2
Added Pin To Net: NetName=-V1.2 Pin=R52.2-1
Added Pin To Net: NetName=NetC79.2_1 Pin=R52.2-2
Added Pin To Net: NetName=-V1.3 Pin=R52.3-1
Added Pin To Net: NetName=NetC79.3_1 Pin=R52.3-2
Added Pin To Net: NetName=NetC80.2_1 Pin=R53.2-1
Added Pin To Net: NetName=NetC58.2_2 Pin=R53.2-2
Added Pin To Net: NetName=NetC80.3_1 Pin=R53.3-1
Added Pin To Net: NetName=NetC58.3_2 Pin=R53.3-2
Added Pin To Net: NetName=V1.2 Pin=R54.2-1
Added Pin To Net: NetName=NetC79.2_1 Pin=R54.2-2
Added Pin To Net: NetName=V1.3 Pin=R54.3-1
Added Pin To Net: NetName=NetC79.3_1 Pin=R54.3-2
Added Pin To Net: NetName=+2V5 Pin=R55.2-1
Added Pin To Net: NetName=NetR55.2_2 Pin=R55.2-2
Added Pin To Net: NetName=+2V5 Pin=R55.3-1
Added Pin To Net: NetName=NetR55.3_2 Pin=R55.3-2
Added Pin To Net: NetName=+2V5 Pin=R55.4-1
Added Pin To Net: NetName=NetR55.4_2 Pin=R55.4-2
Added Pin To Net: NetName=NetC81.2_2 Pin=R56.2-1
Added Pin To Net: NetName=+2V5 Pin=R56.2-2
Added Pin To Net: NetName=NetC81.3_2 Pin=R56.3-1
Added Pin To Net: NetName=+2V5 Pin=R56.3-2
Added Pin To Net: NetName=NetD12.2_3 Pin=R57.2-1
Added Pin To Net: NetName=NetC82.2_2 Pin=R57.2-2
Added Pin To Net: NetName=NetD12.3_3 Pin=R57.3-1
Added Pin To Net: NetName=NetC82.3_2 Pin=R57.3-2
Added Pin To Net: NetName=NetD12.4_3 Pin=R57.4-1
Added Pin To Net: NetName=NetC82.4_2 Pin=R57.4-2
Added Pin To Net: NetName=NetC80.2_1 Pin=R58.2-1
Added Pin To Net: NetName=NetD12.2_3 Pin=R58.2-2
Added Pin To Net: NetName=NetC80.3_1 Pin=R58.3-1
Added Pin To Net: NetName=NetD12.3_3 Pin=R58.3-2
Added Pin To Net: NetName=NetC80.4_1 Pin=R58.4-1
Added Pin To Net: NetName=NetD12.4_3 Pin=R58.4-2
Added Pin To Net: NetName=NetC82.2_2 Pin=R59.2-1
Added Pin To Net: NetName=+2V5 Pin=R59.2-2
Added Pin To Net: NetName=NetC82.3_2 Pin=R59.3-1
Added Pin To Net: NetName=+2V5 Pin=R59.3-2
Added Pin To Net: NetName=NetC82.4_2 Pin=R59.4-1
Added Pin To Net: NetName=+2V5 Pin=R59.4-2
Added Pin To Net: NetName=NetR60.2_1 Pin=R60.2-1
Added Pin To Net: NetName=NetC80.2_1 Pin=R60.2-2
Added Pin To Net: NetName=NetR60.3_1 Pin=R60.3-1
Added Pin To Net: NetName=NetC80.3_1 Pin=R60.3-2
Added Pin To Net: NetName=NetC83.2_1 Pin=R61.2-1
Added Pin To Net: NetName=NetR61.2_2 Pin=R61.2-2
Added Pin To Net: NetName=NetC83.3_1 Pin=R61.3-1
Added Pin To Net: NetName=NetR61.3_2 Pin=R61.3-2
Added Pin To Net: NetName=+2V5 Pin=R62.2-1
Added Pin To Net: NetName=NetR62.2_2 Pin=R62.2-2
Added Pin To Net: NetName=+2V5 Pin=R62.3-1
Added Pin To Net: NetName=NetR62.3_2 Pin=R62.3-2
Added Pin To Net: NetName=-V1.2 Pin=R63.2-1
Added Pin To Net: NetName=NetC80.2_1 Pin=R63.2-2
Added Pin To Net: NetName=-V1.3 Pin=R63.3-1
Added Pin To Net: NetName=NetC80.3_1 Pin=R63.3-2
Added Pin To Net: NetName=NetC83.2_1 Pin=R64.2-1
Added Pin To Net: NetName=-V1.2 Pin=R64.2-2
Added Pin To Net: NetName=NetC83.3_1 Pin=R64.3-1
Added Pin To Net: NetName=-V1.3 Pin=R64.3-2
Added Pin To Net: NetName=NetC83.4_1 Pin=R64.4-1
Added Pin To Net: NetName=-V1.4 Pin=R64.4-2
Added Pin To Net: NetName=NetC66.2_1 Pin=R65.2-1
Added Pin To Net: NetName=NetC83.2_1 Pin=R65.2-2
Added Pin To Net: NetName=NetC66.3_1 Pin=R65.3-1
Added Pin To Net: NetName=NetC83.3_1 Pin=R65.3-2
Added Pin To Net: NetName=NetC66.4_1 Pin=R65.4-1
Added Pin To Net: NetName=NetC83.4_1 Pin=R65.4-2
Added Pin To Net: NetName=NetC62.2_2 Pin=U17.2-1
Added Pin To Net: NetName=NetC62.2_1 Pin=U17.2-2
Added Pin To Net: NetName=NetC66.2_2 Pin=U17.2-3
Added Pin To Net: NetName=GND Pin=U17.2-4
Added Pin To Net: NetName=+2V5 Pin=U17.2-5
Added Pin To Net: NetName=NetC75.2_1 Pin=U17.2-6
Added Pin To Net: NetName=NetC75.2_2 Pin=U17.2-7
Added Pin To Net: NetName=+5VA Pin=U17.2-8
Added Pin To Net: NetName=NetC62.3_2 Pin=U17.3-1
Added Pin To Net: NetName=NetC62.3_1 Pin=U17.3-2
Added Pin To Net: NetName=NetC66.3_2 Pin=U17.3-3
Added Pin To Net: NetName=GND Pin=U17.3-4
Added Pin To Net: NetName=+2V5 Pin=U17.3-5
Added Pin To Net: NetName=NetC75.3_1 Pin=U17.3-6
Added Pin To Net: NetName=NetC75.3_2 Pin=U17.3-7
Added Pin To Net: NetName=+5VA Pin=U17.3-8
Added Pin To Net: NetName=NetC58.2_2 Pin=U18.2-1
Added Pin To Net: NetName=NetC58.2_1 Pin=U18.2-2
Added Pin To Net: NetName=NetC73.2_2 Pin=U18.2-3
Added Pin To Net: NetName=+5VA Pin=U18.2-4
Added Pin To Net: NetName=NetR55.2_2 Pin=U18.2-5
Added Pin To Net: NetName=NetC80.2_1 Pin=U18.2-6
Added Pin To Net: NetName=V1.2 Pin=U18.2-7
Added Pin To Net: NetName=NetC66.2_1 Pin=U18.2-8
Added Pin To Net: NetName=NetC83.2_1 Pin=U18.2-9
Added Pin To Net: NetName=NetR62.2_2 Pin=U18.2-10
Added Pin To Net: NetName=GND Pin=U18.2-11
Added Pin To Net: NetName=NetC81.2_2 Pin=U18.2-12
Added Pin To Net: NetName=NetC79.2_1 Pin=U18.2-13
Added Pin To Net: NetName=-V1.2 Pin=U18.2-14
Added Pin To Net: NetName=NetC58.3_2 Pin=U18.3-1
Added Pin To Net: NetName=NetC58.3_1 Pin=U18.3-2
Added Pin To Net: NetName=NetC73.3_2 Pin=U18.3-3
Added Pin To Net: NetName=+5VA Pin=U18.3-4
Added Pin To Net: NetName=NetR55.3_2 Pin=U18.3-5
Added Pin To Net: NetName=NetC80.3_1 Pin=U18.3-6
Added Pin To Net: NetName=V1.3 Pin=U18.3-7
Added Pin To Net: NetName=NetC66.3_1 Pin=U18.3-8
Added Pin To Net: NetName=NetC83.3_1 Pin=U18.3-9
Added Pin To Net: NetName=NetR62.3_2 Pin=U18.3-10
Added Pin To Net: NetName=GND Pin=U18.3-11
Added Pin To Net: NetName=NetC81.3_2 Pin=U18.3-12
Added Pin To Net: NetName=NetC79.3_1 Pin=U18.3-13
Added Pin To Net: NetName=-V1.3 Pin=U18.3-14
Added Member To Class: ClassName=U_InputAmplifier2 Member=Component C58.2 (C58) Capacitor
Added Member To Class: ClassName=U_InputAmplifier3 Member=Component C58.3 (C58) Capacitor
Added Member To Class: ClassName=U_InputAmplifier2 Member=Component C59.2 (C59) Capacitor
Added Member To Class: ClassName=U_InputAmplifier3 Member=Component C59.3 (C59) Capacitor
Added Member To Class: ClassName=U_InputAmplifier2 Member=Component C60.2 (C60) Capacitor
Added Member To Class: ClassName=U_InputAmplifier3 Member=Component C60.3 (C60) Capacitor
Added Member To Class: ClassName=U_InputAmplifier2 Member=Component C61.2 (C61) Capacitor
Added Member To Class: ClassName=U_InputAmplifier3 Member=Component C61.3 (C61) Capacitor
Added Member To Class: ClassName=U_InputAmplifier2 Member=Component C62.2 (C62) Capacitor
Added Member To Class: ClassName=U_InputAmplifier3 Member=Component C62.3 (C62) Capacitor
Added Member To Class: ClassName=U_InputAmplifier2 Member=Component C63.2 (C63) Capacitor
Added Member To Class: ClassName=U_InputAmplifier3 Member=Component C63.3 (C63) Capacitor
Added Member To Class: ClassName=U_InputAmplifier4 Member=Component C63.4 (C63) Capacitor
Added Member To Class: ClassName=U_InputAmplifier2 Member=Component C64.2 (C64) Capacitor
Added Member To Class: ClassName=U_InputAmplifier3 Member=Component C64.3 (C64) Capacitor
Added Member To Class: ClassName=U_InputAmplifier2 Member=Component C65.2 (C65) Capacitor
Added Member To Class: ClassName=U_InputAmplifier3 Member=Component C65.3 (C65) Capacitor
Added Member To Class: ClassName=U_InputAmplifier2 Member=Component C66.2 (C66) Capacitor
Added Member To Class: ClassName=U_InputAmplifier3 Member=Component C66.3 (C66) Capacitor
Added Member To Class: ClassName=U_InputAmplifier4 Member=Component C66.4 (C66) Capacitor
Added Member To Class: ClassName=U_InputAmplifier2 Member=Component C67.2 (C67) Capacitor
Added Member To Class: ClassName=U_InputAmplifier3 Member=Component C67.3 (C67) Capacitor
Added Member To Class: ClassName=U_InputAmplifier2 Member=Component C68.2 (C68) Capacitor
Added Member To Class: ClassName=U_InputAmplifier3 Member=Component C68.3 (C68) Capacitor
Added Member To Class: ClassName=U_InputAmplifier1 Member=Component C69.1 (C69) Capacitor
Added Member To Class: ClassName=U_InputAmplifier2 Member=Component C69.2 (C69) Capacitor
Added Member To Class: ClassName=U_InputAmplifier3 Member=Component C69.3 (C69) Capacitor
Added Member To Class: ClassName=U_InputAmplifier2 Member=Component C70.2 (C70) Capacitor
Added Member To Class: ClassName=U_InputAmplifier3 Member=Component C70.3 (C70) Capacitor
Added Member To Class: ClassName=U_InputAmplifier2 Member=Component C71.2 (C71) Capacitor
Added Member To Class: ClassName=U_InputAmplifier3 Member=Component C71.3 (C71) Capacitor
Added Member To Class: ClassName=U_InputAmplifier2 Member=Component C72.2 (C72) Capacitor
Added Member To Class: ClassName=U_InputAmplifier3 Member=Component C72.3 (C72) Capacitor
Added Member To Class: ClassName=U_InputAmplifier2 Member=Component C73.2 (C73) Capacitor
Added Member To Class: ClassName=U_InputAmplifier3 Member=Component C73.3 (C73) Capacitor
Added Member To Class: ClassName=U_InputAmplifier2 Member=Component C74.2 (C74) Capacitor
Added Member To Class: ClassName=U_InputAmplifier3 Member=Component C74.3 (C74) Capacitor
Added Member To Class: ClassName=U_InputAmplifier2 Member=Component C75.2 (C75) Capacitor
Added Member To Class: ClassName=U_InputAmplifier3 Member=Component C75.3 (C75) Capacitor
Added Member To Class: ClassName=U_InputAmplifier2 Member=Component C76.2 (C76) Capacitor
Added Member To Class: ClassName=U_InputAmplifier3 Member=Component C76.3 (C76) Capacitor
Added Member To Class: ClassName=U_InputAmplifier4 Member=Component C76.4 (C76) Capacitor
Added Member To Class: ClassName=U_InputAmplifier2 Member=Component C77.2 (C77) Capacitor
Added Member To Class: ClassName=U_InputAmplifier3 Member=Component C77.3 (C77) Capacitor
Added Member To Class: ClassName=U_InputAmplifier4 Member=Component C77.4 (C77) Capacitor
Added Member To Class: ClassName=U_InputAmplifier2 Member=Component C78.2 (C78) Capacitor
Added Member To Class: ClassName=U_InputAmplifier3 Member=Component C78.3 (C78) Capacitor
Added Member To Class: ClassName=U_InputAmplifier4 Member=Component C78.4 (C78) Capacitor
Added Member To Class: ClassName=U_InputAmplifier2 Member=Component C79.2 (C79) Capacitor
Added Member To Class: ClassName=U_InputAmplifier3 Member=Component C79.3 (C79) Capacitor
Added Member To Class: ClassName=U_InputAmplifier2 Member=Component C80.2 (C80) Capacitor
Added Member To Class: ClassName=U_InputAmplifier3 Member=Component C80.3 (C80) Capacitor
Added Member To Class: ClassName=U_InputAmplifier4 Member=Component C80.4 (C80) Capacitor
Added Member To Class: ClassName=U_InputAmplifier2 Member=Component C81.2 (C81) Capacitor
Added Member To Class: ClassName=U_InputAmplifier3 Member=Component C81.3 (C81) Capacitor
Added Member To Class: ClassName=U_InputAmplifier2 Member=Component C82.2 (C82) Capacitor
Added Member To Class: ClassName=U_InputAmplifier3 Member=Component C82.3 (C82) Capacitor
Added Member To Class: ClassName=U_InputAmplifier4 Member=Component C82.4 (C82) Capacitor
Added Member To Class: ClassName=U_InputAmplifier2 Member=Component C83.2 (C83) Capacitor
Added Member To Class: ClassName=U_InputAmplifier3 Member=Component C83.3 (C83) Capacitor
Added Member To Class: ClassName=U_InputAmplifier4 Member=Component C83.4 (C83) Capacitor
Added Member To Class: ClassName=U_InputAmplifier2 Member=Component C84.2 (C84) Capacitor
Added Member To Class: ClassName=U_InputAmplifier3 Member=Component C84.3 (C84) Capacitor
Added Member To Class: ClassName=U_InputAmplifier4 Member=Component C84.4 (C84) Capacitor
Added Member To Class: ClassName=U_InputAmplifier15 Member=Component C84.15 (C84) Capacitor
Added Member To Class: ClassName=U_InputAmplifier2 Member=Component D10.2 (D10) Diode_dual
Added Member To Class: ClassName=U_InputAmplifier3 Member=Component D10.3 (D10) Diode_dual
Added Member To Class: ClassName=U_InputAmplifier2 Member=Component D11.2 (D11) Diode_dual
Added Member To Class: ClassName=U_InputAmplifier3 Member=Component D11.3 (D11) Diode_dual
Added Member To Class: ClassName=U_InputAmplifier2 Member=Component D12.2 (D12) Diode_dual
Added Member To Class: ClassName=U_InputAmplifier3 Member=Component D12.3 (D12) Diode_dual
Added Member To Class: ClassName=U_InputAmplifier2 Member=Component R34.2 (R34) Resistor
Added Member To Class: ClassName=U_InputAmplifier3 Member=Component R34.3 (R34) Resistor
Added Member To Class: ClassName=U_InputAmplifier4 Member=Component R34.4 (R34) Resistor
Added Member To Class: ClassName=U_InputAmplifier2 Member=Component R35.2 (R35) Resistor
Added Member To Class: ClassName=U_InputAmplifier3 Member=Component R35.3 (R35) Resistor
Added Member To Class: ClassName=U_InputAmplifier2 Member=Component R36.2 (R36) Resistor
Added Member To Class: ClassName=U_InputAmplifier3 Member=Component R36.3 (R36) Resistor
Added Member To Class: ClassName=U_InputAmplifier2 Member=Component R37.2 (R37) Resistor
Added Member To Class: ClassName=U_InputAmplifier3 Member=Component R37.3 (R37) Resistor
Added Member To Class: ClassName=U_InputAmplifier2 Member=Component R38.2 (R38) Resistor
Added Member To Class: ClassName=U_InputAmplifier3 Member=Component R38.3 (R38) Resistor
Added Member To Class: ClassName=U_InputAmplifier2 Member=Component R39.2 (R39) Resistor
Added Member To Class: ClassName=U_InputAmplifier3 Member=Component R39.3 (R39) Resistor
Added Member To Class: ClassName=U_InputAmplifier2 Member=Component R40.2 (R40) Resistor
Added Member To Class: ClassName=U_InputAmplifier3 Member=Component R40.3 (R40) Resistor
Added Member To Class: ClassName=U_InputAmplifier2 Member=Component R41.2 (R41) Resistor
Added Member To Class: ClassName=U_InputAmplifier3 Member=Component R41.3 (R41) Resistor
Added Member To Class: ClassName=U_InputAmplifier4 Member=Component R41.4 (R41) Resistor
Added Member To Class: ClassName=U_InputAmplifier2 Member=Component R42.2 (R42) Resistor
Added Member To Class: ClassName=U_InputAmplifier3 Member=Component R42.3 (R42) Resistor
Added Member To Class: ClassName=U_InputAmplifier4 Member=Component R42.4 (R42) Resistor
Added Member To Class: ClassName=U_InputAmplifier2 Member=Component R43.2 (R43) Resistor
Added Member To Class: ClassName=U_InputAmplifier3 Member=Component R43.3 (R43) Resistor
Added Member To Class: ClassName=U_InputAmplifier2 Member=Component R44.2 (R44) Resistor
Added Member To Class: ClassName=U_InputAmplifier3 Member=Component R44.3 (R44) Resistor
Added Member To Class: ClassName=U_InputAmplifier2 Member=Component R45.2 (R45) Resistor
Added Member To Class: ClassName=U_InputAmplifier3 Member=Component R45.3 (R45) Resistor
Added Member To Class: ClassName=U_InputAmplifier2 Member=Component R46.2 (R46) Resistor
Added Member To Class: ClassName=U_InputAmplifier3 Member=Component R46.3 (R46) Resistor
Added Member To Class: ClassName=U_InputAmplifier2 Member=Component R47.2 (R47) Resistor
Added Member To Class: ClassName=U_InputAmplifier3 Member=Component R47.3 (R47) Resistor
Added Member To Class: ClassName=U_InputAmplifier2 Member=Component R48.2 (R48) Resistor
Added Member To Class: ClassName=U_InputAmplifier3 Member=Component R48.3 (R48) Resistor
Added Member To Class: ClassName=U_InputAmplifier2 Member=Component R49.2 (R49) Resistor
Added Member To Class: ClassName=U_InputAmplifier3 Member=Component R49.3 (R49) Resistor
Added Member To Class: ClassName=U_InputAmplifier2 Member=Component R50.2 (R50) Resistor
Added Member To Class: ClassName=U_InputAmplifier3 Member=Component R50.3 (R50) Resistor
Added Member To Class: ClassName=U_InputAmplifier2 Member=Component R51.2 (R51) Resistor
Added Member To Class: ClassName=U_InputAmplifier3 Member=Component R51.3 (R51) Resistor
Added Member To Class: ClassName=U_InputAmplifier2 Member=Component R52.2 (R52) Resistor
Added Member To Class: ClassName=U_InputAmplifier3 Member=Component R52.3 (R52) Resistor
Added Member To Class: ClassName=U_InputAmplifier2 Member=Component R53.2 (R53) Resistor
Added Member To Class: ClassName=U_InputAmplifier3 Member=Component R53.3 (R53) Resistor
Added Member To Class: ClassName=U_InputAmplifier2 Member=Component R54.2 (R54) Resistor
Added Member To Class: ClassName=U_InputAmplifier3 Member=Component R54.3 (R54) Resistor
Added Member To Class: ClassName=U_InputAmplifier2 Member=Component R55.2 (R55) Resistor
Added Member To Class: ClassName=U_InputAmplifier3 Member=Component R55.3 (R55) Resistor
Added Member To Class: ClassName=U_InputAmplifier4 Member=Component R55.4 (R55) Resistor
Added Member To Class: ClassName=U_InputAmplifier2 Member=Component R56.2 (R56) Resistor
Added Member To Class: ClassName=U_InputAmplifier3 Member=Component R56.3 (R56) Resistor
Added Member To Class: ClassName=U_InputAmplifier2 Member=Component R57.2 (R57) Resistor
Added Member To Class: ClassName=U_InputAmplifier3 Member=Component R57.3 (R57) Resistor
Added Member To Class: ClassName=U_InputAmplifier4 Member=Component R57.4 (R57) Resistor
Added Member To Class: ClassName=U_InputAmplifier2 Member=Component R58.2 (R58) Resistor
Added Member To Class: ClassName=U_InputAmplifier3 Member=Component R58.3 (R58) Resistor
Added Member To Class: ClassName=U_InputAmplifier4 Member=Component R58.4 (R58) Resistor
Added Member To Class: ClassName=U_InputAmplifier2 Member=Component R59.2 (R59) Resistor
Added Member To Class: ClassName=U_InputAmplifier3 Member=Component R59.3 (R59) Resistor
Added Member To Class: ClassName=U_InputAmplifier4 Member=Component R59.4 (R59) Resistor
Added Member To Class: ClassName=U_InputAmplifier2 Member=Component R60.2 (R60) Resistor
Added Member To Class: ClassName=U_InputAmplifier3 Member=Component R60.3 (R60) Resistor
Added Member To Class: ClassName=U_InputAmplifier2 Member=Component R61.2 (R61) Resistor
Added Member To Class: ClassName=U_InputAmplifier3 Member=Component R61.3 (R61) Resistor
Added Member To Class: ClassName=U_InputAmplifier2 Member=Component R62.2 (R62) Resistor
Added Member To Class: ClassName=U_InputAmplifier3 Member=Component R62.3 (R62) Resistor
Added Member To Class: ClassName=U_InputAmplifier2 Member=Component R63.2 (R63) Resistor
Added Member To Class: ClassName=U_InputAmplifier3 Member=Component R63.3 (R63) Resistor
Added Member To Class: ClassName=U_InputAmplifier2 Member=Component R64.2 (R64) Resistor
Added Member To Class: ClassName=U_InputAmplifier3 Member=Component R64.3 (R64) Resistor
Added Member To Class: ClassName=U_InputAmplifier4 Member=Component R64.4 (R64) Resistor
Added Member To Class: ClassName=U_InputAmplifier2 Member=Component R65.2 (R65) Resistor
Added Member To Class: ClassName=U_InputAmplifier3 Member=Component R65.3 (R65) Resistor
Added Member To Class: ClassName=U_InputAmplifier4 Member=Component R65.4 (R65) Resistor
Added Member To Class: ClassName=U_InputAmplifier2 Member=Component U17.2 (U17A) OPA_DUAL
Added Member To Class: ClassName=U_InputAmplifier3 Member=Component U17.3 (U17A) OPA_DUAL
Added Member To Class: ClassName=U_InputAmplifier2 Member=Component U18.2 (U18A) OPA1664
Added Member To Class: ClassName=U_InputAmplifier3 Member=Component U18.3 (U18A) OPA1664
