Change Value of Parameter Mfg_PN in Part C43 Old=CL10F104ZO8NNNC New=CL10C471JB8NCNC
Change Value of Parameter Supplier1_PN in Part C43 Old=1276-1258-1-ND New=1276-2302-1-ND
Change Value of Parameter Value in Part C43 Old=100nF New=470pF
Change Value of Parameter Mfg_PN in Part C44 Old=CL10F104ZO8NNNC New=CL10C471JB8NCNC
Change Value of Parameter Supplier1_PN in Part C44 Old=1276-1258-1-ND New=1276-2302-1-ND
Change Value of Parameter Value in Part C44 Old=100nF New=470pF
Change Value of Parameter Mfg_PN in Part C45 Old=CL10F104ZO8NNNC New=CL10C471JB8NCNC
Change Value of Parameter Supplier1_PN in Part C45 Old=1276-1258-1-ND New=1276-2302-1-ND
Change Value of Parameter Value in Part C45 Old=100nF New=470pF
Change Value of Parameter Mfg_PN in Part C46 Old=CL10F104ZO8NNNC New=CL10C471JB8NCNC
Change Value of Parameter Supplier1_PN in Part C46 Old=1276-1258-1-ND New=1276-2302-1-ND
Change Value of Parameter Value in Part C46 Old=100nF New=470pF
Change Value of Parameter Mfg_PN in Part C51 Old=CL10F104ZO8NNNC New=CL10C471JB8NCNC
Change Value of Parameter Supplier1_PN in Part C51 Old=1276-1258-1-ND New=1276-2302-1-ND
Change Value of Parameter Value in Part C51 Old=100nF New=470pF
Change Value of Parameter Mfg_PN in Part C52 Old=CL10F104ZO8NNNC New=CL10C471JB8NCNC
Change Value of Parameter Supplier1_PN in Part C52 Old=1276-1258-1-ND New=1276-2302-1-ND
Change Value of Parameter Value in Part C52 Old=100nF New=470pF
Change Value of Parameter Mfg_PN in Part C53 Old=CL10F104ZO8NNNC New=CL10C471JB8NCNC
Change Value of Parameter Supplier1_PN in Part C53 Old=1276-1258-1-ND New=1276-2302-1-ND
Change Value of Parameter Value in Part C53 Old=100nF New=470pF
Change Value of Parameter Mfg_PN in Part C54 Old=CL10F104ZO8NNNC New=CL10C471JB8NCNC
Change Value of Parameter Supplier1_PN in Part C54 Old=1276-1258-1-ND New=1276-2302-1-ND
Change Value of Parameter Value in Part C54 Old=100nF New=470pF
Replace Symbol from C39 Capacitor_Polarized in C:\ADAPTONE_PCB\01 - SCHEMAS ET PCB\99 - WORKING COPY\CARTE_DE_SON\AudioInputs_16.SchDoc with Capacitor_Polarized from ADAPTONE_CARTE_DE_SON.IntLib
Replace Symbol from C40 Capacitor_Polarized in C:\ADAPTONE_PCB\01 - SCHEMAS ET PCB\99 - WORKING COPY\CARTE_DE_SON\AudioInputs_16.SchDoc with Capacitor_Polarized from ADAPTONE_CARTE_DE_SON.IntLib
Replace Symbol from C41 Capacitor_Polarized in C:\ADAPTONE_PCB\01 - SCHEMAS ET PCB\99 - WORKING COPY\CARTE_DE_SON\AudioInputs_16.SchDoc with Capacitor_Polarized from ADAPTONE_CARTE_DE_SON.IntLib
Replace Symbol from C42 Capacitor_Polarized in C:\ADAPTONE_PCB\01 - SCHEMAS ET PCB\99 - WORKING COPY\CARTE_DE_SON\AudioInputs_16.SchDoc with Capacitor_Polarized from ADAPTONE_CARTE_DE_SON.IntLib
Replace Symbol from C43 Capacitor in C:\ADAPTONE_PCB\01 - SCHEMAS ET PCB\99 - WORKING COPY\CARTE_DE_SON\AudioInputs_16.SchDoc with Capacitor from ADAPTONE_CARTE_DE_SON.IntLib
Replace Symbol from C44 Capacitor in C:\ADAPTONE_PCB\01 - SCHEMAS ET PCB\99 - WORKING COPY\CARTE_DE_SON\AudioInputs_16.SchDoc with Capacitor from ADAPTONE_CARTE_DE_SON.IntLib
Replace Symbol from C45 Capacitor in C:\ADAPTONE_PCB\01 - SCHEMAS ET PCB\99 - WORKING COPY\CARTE_DE_SON\AudioInputs_16.SchDoc with Capacitor from ADAPTONE_CARTE_DE_SON.IntLib
Replace Symbol from C46 Capacitor in C:\ADAPTONE_PCB\01 - SCHEMAS ET PCB\99 - WORKING COPY\CARTE_DE_SON\AudioInputs_16.SchDoc with Capacitor from ADAPTONE_CARTE_DE_SON.IntLib
Replace Symbol from C47 Capacitor_Polarized in C:\ADAPTONE_PCB\01 - SCHEMAS ET PCB\99 - WORKING COPY\CARTE_DE_SON\AudioInputs_16.SchDoc with Capacitor_Polarized from ADAPTONE_CARTE_DE_SON.IntLib
Replace Symbol from C48 Capacitor_Polarized in C:\ADAPTONE_PCB\01 - SCHEMAS ET PCB\99 - WORKING COPY\CARTE_DE_SON\AudioInputs_16.SchDoc with Capacitor_Polarized from ADAPTONE_CARTE_DE_SON.IntLib
Replace Symbol from C49 Capacitor_Polarized in C:\ADAPTONE_PCB\01 - SCHEMAS ET PCB\99 - WORKING COPY\CARTE_DE_SON\AudioInputs_16.SchDoc with Capacitor_Polarized from ADAPTONE_CARTE_DE_SON.IntLib
Replace Symbol from C50 Capacitor_Polarized in C:\ADAPTONE_PCB\01 - SCHEMAS ET PCB\99 - WORKING COPY\CARTE_DE_SON\AudioInputs_16.SchDoc with Capacitor_Polarized from ADAPTONE_CARTE_DE_SON.IntLib
Replace Symbol from C51 Capacitor in C:\ADAPTONE_PCB\01 - SCHEMAS ET PCB\99 - WORKING COPY\CARTE_DE_SON\AudioInputs_16.SchDoc with Capacitor from ADAPTONE_CARTE_DE_SON.IntLib
Replace Symbol from C52 Capacitor in C:\ADAPTONE_PCB\01 - SCHEMAS ET PCB\99 - WORKING COPY\CARTE_DE_SON\AudioInputs_16.SchDoc with Capacitor from ADAPTONE_CARTE_DE_SON.IntLib
Replace Symbol from C53 Capacitor in C:\ADAPTONE_PCB\01 - SCHEMAS ET PCB\99 - WORKING COPY\CARTE_DE_SON\AudioInputs_16.SchDoc with Capacitor from ADAPTONE_CARTE_DE_SON.IntLib
Replace Symbol from C54 Capacitor in C:\ADAPTONE_PCB\01 - SCHEMAS ET PCB\99 - WORKING COPY\CARTE_DE_SON\AudioInputs_16.SchDoc with Capacitor from ADAPTONE_CARTE_DE_SON.IntLib
Replace Symbol from U12 AD5144BCPZ10-RL7 in C:\ADAPTONE_PCB\01 - SCHEMAS ET PCB\99 - WORKING COPY\CARTE_DE_SON\AudioInputs_16.SchDoc with AD5144BCPZ10-RL7 from LIB_ADAPTONE_PASCAL_LEMIEUX.SchLib
Replace Symbol from U13 AD5144BCPZ10-RL7 in C:\ADAPTONE_PCB\01 - SCHEMAS ET PCB\99 - WORKING COPY\CARTE_DE_SON\AudioInputs_16.SchDoc with AD5144BCPZ10-RL7 from LIB_ADAPTONE_PASCAL_LEMIEUX.SchLib
Replace Symbol from U14 AD5144BCPZ10-RL7 in C:\ADAPTONE_PCB\01 - SCHEMAS ET PCB\99 - WORKING COPY\CARTE_DE_SON\AudioInputs_16.SchDoc with AD5144BCPZ10-RL7 from LIB_ADAPTONE_PASCAL_LEMIEUX.SchLib
Replace Symbol from U15 AD5144BCPZ10-RL7 in C:\ADAPTONE_PCB\01 - SCHEMAS ET PCB\99 - WORKING COPY\CARTE_DE_SON\AudioInputs_16.SchDoc with AD5144BCPZ10-RL7 from LIB_ADAPTONE_PASCAL_LEMIEUX.SchLib
