Change Value of Parameter Type in Part C55 Old=C0G New=
Change Value of Parameter Value in Part C55 Old=27pF New=470pF
Change Value of Parameter Type in Part C56 Old=C0G New=
Change Value of Parameter Value in Part C56 Old=4.7p New=470pF
Change Value of Parameter Type in Part C57 Old=C0G New=
Change Value of Parameter Value in Part C57 Old=27pF New=470pF
Change Value of Parameter HelpURL in Part C58 Old=https://www.digikey.ca/product-detail/en/samsung-electro-mechanics/CL32B106KMVNNWE/1276-7053-1-ND/7320695 New=
Change Value of Parameter Mfg_PN in Part C58 Old=CL32B106KMVNNWE New=CL10C471JB8NCNC
Change Value of Parameter NI in Part C58 Old=NI New=
Change Value of Parameter Supplier1_PN in Part C58 Old=1276-7053-1-ND New=1276-2302-1-ND
Change Value of Parameter Value in Part C58 Old=10uF New=470pF
Change Value of Parameter Mfg in Part C59 Old=Yageo New=Samsung
Change Value of Parameter Mfg_PN in Part C59 Old=CC0402JRNPO9BN101 New=CL10C471JB8NCNC
Change Value of Parameter Supplier1_PN in Part C59 Old=311-1024-1-ND New=1276-2302-1-ND
Change Value of Parameter Type in Part C59 Old=C0G New=
Change Value of Parameter Value in Part C59 Old=100p New=470pF
Change Value of Parameter Mfg in Part C60 Old=Samsung Electro-Mechanics New=Samsung
Change Value of Parameter Mfg_PN in Part C60 Old=CL05A105MP5NNNC New=CL10C471JB8NCNC
Change Value of Parameter Supplier1_PN in Part C60 Old=1276-1448-1-ND New=1276-2302-1-ND
Change Value of Parameter Value in Part C60 Old=1uF New=470pF
Change Value of Parameter Mfg in Part C61 Old=Yageo New=Samsung
Change Value of Parameter Mfg_PN in Part C61 Old=CC0402JRNPO9BN101 New=CL10C471JB8NCNC
Change Value of Parameter Supplier1_PN in Part C61 Old=311-1024-1-ND New=1276-2302-1-ND
Change Value of Parameter Type in Part C61 Old=C0G New=
Change Value of Parameter Value in Part C61 Old=100p New=470pF
Change Value of Parameter Mfg_PN in Part C62 Old=CL21A475KAQNNNG New=CL10C471JB8NCNC
Change Value of Parameter Supplier1_PN in Part C62 Old=1276-6462-1-ND New=1276-2302-1-ND
Change Value of Parameter Value in Part C62 Old=4u7F New=470pF
Change Value of Parameter Mfg in Part C63 Old=Murata New=Samsung
Change Value of Parameter Mfg_PN in Part C63 Old=CL05B103KO5NNNC New=CL10C471JB8NCNC
Change Value of Parameter Supplier1_PN in Part C63 Old=1276-1051-1-ND New=1276-2302-1-ND
Change Value of Parameter Value in Part C63 Old=10nF New=470pF
Change Value of Parameter Type in Part C64 Old=C0G New=
Change Value of Parameter Type in Part C65 Old=C0G New=
Change Value of Parameter Mfg in Part C66 Old=Murata New=Samsung
Change Value of Parameter Mfg_PN in Part C66 Old=GRM1885C1H222JA01D New=CL10C471JB8NCNC
Change Value of Parameter Supplier1_PN in Part C66 Old=490-1459-1-ND New=1276-2302-1-ND
Change Value of Parameter Type in Part C66 Old=C0G New=
Change Value of Parameter Value in Part C66 Old=2200pF New=470pF
Change Value of Parameter HelpURL in Part C67 Old=https://www.digikey.ca/product-detail/en/samsung-electro-mechanics/CL32B106KMVNNWE/1276-7053-1-ND/7320695 New=
Change Value of Parameter Mfg_PN in Part C67 Old=CL32B106KMVNNWE New=CL10C471JB8NCNC
Change Value of Parameter NI in Part C67 Old=NI New=
Change Value of Parameter Supplier1_PN in Part C67 Old=1276-7053-1-ND New=1276-2302-1-ND
Change Value of Parameter Value in Part C67 Old=10uF New=470pF
Change Value of Parameter Type in Part C68 Old=C0G New=
Change Value of Parameter Value in Part C68 Old=27pF New=470pF
Change Value of Parameter Mfg in Part C69 Old=Yageo New=Samsung
Change Value of Parameter Mfg_PN in Part C69 Old=CC0402JRNPO9BN101 New=CL10C471JB8NCNC
Change Value of Parameter Supplier1_PN in Part C69 Old=311-1024-1-ND New=1276-2302-1-ND
Change Value of Parameter Type in Part C69 Old=C0G New=
Change Value of Parameter Value in Part C69 Old=100p New=470pF
Change Value of Parameter Type in Part C70 Old=C0G New=
Change Value of Parameter Value in Part C70 Old=47p New=470pF
Change Value of Parameter Type in Part C71 Old=C0G New=
Change Value of Parameter Value in Part C71 Old=27pF New=470pF
Change Value of Parameter Type in Part C72 Old=C0G New=
Change Value of Parameter Value in Part C72 Old=27pF New=470pF
Change Value of Parameter Type in Part C73 Old=C0G New=
Change Value of Parameter Value in Part C73 Old=27pF New=470pF
Change Value of Parameter Mfg in Part C74 Old=Samsung Electro-Mechanics New=Samsung
Change Value of Parameter Mfg_PN in Part C74 Old=CL21A226MOCLRNC New=CL10C471JB8NCNC
Change Value of Parameter Supplier1_PN in Part C74 Old=1276-6780-1-ND New=1276-2302-1-ND
Change Value of Parameter Value in Part C74 Old=22uF New=470pF
Change Value of Parameter Type in Part C75 Old=C0G New=
Change Value of Parameter Value in Part C75 Old=27pF New=470pF
Change Value of Parameter Mfg in Part C76 Old=Yageo New=Samsung
Change Value of Parameter Mfg_PN in Part C76 Old=CC0402JRNPO9BN101 New=CL10C471JB8NCNC
Change Value of Parameter Supplier1_PN in Part C76 Old=311-1024-1-ND New=1276-2302-1-ND
Change Value of Parameter Type in Part C76 Old=C0G New=
Change Value of Parameter Value in Part C76 Old=100p New=470pF
Change Value of Parameter Mfg_PN in Part R34 Old=RC0603FR-07634RL New=RC0603JR-0733RL
Change Value of Parameter Supplier1_PN in Part R34 Old=311-634HRCT-ND New=311-33GRCT-ND
Change Value of Parameter Value in Part R34 Old=51k New=33R
Change Value of Parameter Mfg_PN in Part R35 Old=RC0603FR-07634RL New=RC0603JR-0733RL
Change Value of Parameter Supplier1_PN in Part R35 Old=311-634HRCT-ND New=311-33GRCT-ND
Change Value of Parameter Value in Part R35 Old=51k New=33R
Change Value of Parameter Mfg_PN in Part R36 Old=311-10GRCT-ND New=RC0603JR-0733RL
Change Value of Parameter Supplier1_PN in Part R36 Old=311-100KGRCT-ND New=311-33GRCT-ND
Change Value of Parameter Value in Part R36 Old=51k New=33R
Change Value of Parameter Mfg_PN in Part R37 Old=311-10GRCT-ND New=RC0603JR-0733RL
Change Value of Parameter Supplier1_PN in Part R37 Old=311-100KGRCT-ND New=311-33GRCT-ND
Change Value of Parameter Value in Part R37 Old=3.40k New=33R
Change Value of Parameter Mfg_PN in Part R38 Old=311-10GRCT-ND New=RC0603JR-0733RL
Change Value of Parameter Supplier1_PN in Part R38 Old=311-100KGRCT-ND New=311-33GRCT-ND
Change Value of Parameter Value in Part R38 Old=220k New=33R
Change Value of Parameter Mfg_PN in Part R39 Old=311-10GRCT-ND New=RC0603JR-0733RL
Change Value of Parameter Supplier1_PN in Part R39 Old=311-100KGRCT-ND New=311-33GRCT-ND
Change Value of Parameter Value in Part R39 Old=3.40k New=33R
Change Value of Parameter Mfg_PN in Part R40 Old=RC0603JR-0791RL New=RC0603JR-0733RL
Change Value of Parameter Supplier1_PN in Part R40 Old=311-91GRCT-ND New=311-33GRCT-ND
Change Value of Parameter Value in Part R40 Old=91R New=33R
Change Value of Parameter Mfg_PN in Part R41 Old=311-10GRCT-ND New=RC0603JR-0733RL
Change Value of Parameter Supplier1_PN in Part R41 Old=311-100KGRCT-ND New=311-33GRCT-ND
Change Value of Parameter Value in Part R41 Old=100k New=33R
Change Value of Parameter Mfg_PN in Part R42 Old=311-10GRCT-ND New=RC0603JR-0733RL
Change Value of Parameter Supplier1_PN in Part R42 Old=311-100KGRCT-ND New=311-33GRCT-ND
Change Value of Parameter Value in Part R42 Old=100k New=33R
Change Value of Parameter Mfg_PN in Part R43 Old=311-10GRCT-ND New=RC0603JR-0733RL
Change Value of Parameter Supplier1_PN in Part R43 Old=311-100KGRCT-ND New=311-33GRCT-ND
Change Value of Parameter Value in Part R43 Old=51k New=33R
Change Value of Parameter Mfg_PN in Part R44 Old=311-10GRCT-ND New=RC0603JR-0733RL
Change Value of Parameter Supplier1_PN in Part R44 Old=311-100KGRCT-ND New=311-33GRCT-ND
Change Value of Parameter Value in Part R44 Old=51k New=33R
Change Value of Parameter Mfg_PN in Part R45 Old=311-10GRCT-ND New=RC0603JR-0733RL
Change Value of Parameter Supplier1_PN in Part R45 Old=311-100KGRCT-ND New=311-33GRCT-ND
Change Value of Parameter Value in Part R45 Old=3.40k New=33R
Change Value of Parameter Mfg_PN in Part R46 Old=311-10GRCT-ND New=RC0603JR-0733RL
Change Value of Parameter Supplier1_PN in Part R46 Old=311-100KGRCT-ND New=311-33GRCT-ND
Change Value of Parameter Value in Part R46 Old=3.40k New=33R
Change Value of Parameter Mfg_PN in Part R47 Old=RC0603FR-07634RL New=RC0603JR-0733RL
Change Value of Parameter Supplier1_PN in Part R47 Old=311-634HRCT-ND New=311-33GRCT-ND
Change Value of Parameter Value in Part R47 Old=5k New=33R
Change Value of Parameter Mfg_PN in Part R48 Old=311-10GRCT-ND New=RC0603JR-0733RL
Change Value of Parameter Supplier1_PN in Part R48 Old=311-100KGRCT-ND New=311-33GRCT-ND
Change Value of Parameter Value in Part R48 Old=51k New=33R
Change Value of Parameter Mfg_PN in Part R49 Old=311-10GRCT-ND New=RC0603JR-0733RL
Change Value of Parameter Supplier1_PN in Part R49 Old=311-100KGRCT-ND New=311-33GRCT-ND
Change Value of Parameter Value in Part R49 Old=220k New=33R
Change Value of Parameter Mfg_PN in Part R50 Old=RC0603FR-07634RL New=RC0603JR-0733RL
Change Value of Parameter Supplier1_PN in Part R50 Old=311-634HRCT-ND New=311-33GRCT-ND
Change Value of Parameter Value in Part R50 Old=5k New=33R
Change Value of Parameter Mfg_PN in Part R51 Old=RC0603JR-0791RL New=RC0603JR-0733RL
Change Value of Parameter Supplier1_PN in Part R51 Old=311-91GRCT-ND New=311-33GRCT-ND
Change Value of Parameter Value in Part R51 Old=91R New=33R
Change Value of Parameter Mfg_PN in Part R52 Old=311-10GRCT-ND New=RC0603JR-0733RL
Change Value of Parameter Supplier1_PN in Part R52 Old=311-100KGRCT-ND New=311-33GRCT-ND
Change Value of Parameter Value in Part R52 Old=93.1k New=33R
Change Value of Parameter Mfg_PN in Part R53 Old=311-10GRCT-ND New=RC0603JR-0733RL
Change Value of Parameter Supplier1_PN in Part R53 Old=311-100KGRCT-ND New=311-33GRCT-ND
Change Value of Parameter Value in Part R53 Old=2.21k New=33R
Change Value of Parameter Mfg_PN in Part R54 Old=311-10GRCT-ND New=RC0603JR-0733RL
Change Value of Parameter Supplier1_PN in Part R54 Old=311-100KGRCT-ND New=311-33GRCT-ND
Change Value of Parameter Value in Part R54 Old=100k New=33R
Change Value of Parameter Mfg_PN in Part R55 Old=311-10GRCT-ND New=RC0603JR-0733RL
Change Value of Parameter Supplier1_PN in Part R55 Old=311-100KGRCT-ND New=311-33GRCT-ND
Change Value of Parameter Value in Part R55 Old=1k New=33R
Change Value of Parameter Mfg_PN in Part R56 Old=311-10GRCT-ND New=RC0603JR-0733RL
Change Value of Parameter Supplier1_PN in Part R56 Old=311-100KGRCT-ND New=311-33GRCT-ND
Change Value of Parameter Value in Part R56 Old=50k New=33R
Change Value of Parameter Mfg_PN in Part R57 Old=311-10GRCT-ND New=RC0603JR-0733RL
Change Value of Parameter Supplier1_PN in Part R57 Old=311-100KGRCT-ND New=311-33GRCT-ND
Change Value of Parameter Value in Part R57 Old=4.42k New=33R
Change Value of Parameter Mfg_PN in Part R58 Old=311-10GRCT-ND New=RC0603JR-0733RL
Change Value of Parameter Supplier1_PN in Part R58 Old=311-100KGRCT-ND New=311-33GRCT-ND
Change Value of Parameter Value in Part R58 Old=2.21k New=33R
Change Value of Parameter Mfg_PN in Part R59 Old=311-10GRCT-ND New=RC0603JR-0733RL
Change Value of Parameter Supplier1_PN in Part R59 Old=311-100KGRCT-ND New=311-33GRCT-ND
Change Value of Parameter Value in Part R59 Old=220k New=33R
Change Value of Parameter Mfg_PN in Part R60 Old=311-10GRCT-ND New=RC0603JR-0733RL
Change Value of Parameter Supplier1_PN in Part R60 Old=311-100KGRCT-ND New=311-33GRCT-ND
Change Value of Parameter Value in Part R60 Old=1.13k New=33R
Change Value of Parameter Mfg_PN in Part R61 Old=311-10GRCT-ND New=RC0603JR-0733RL
Change Value of Parameter Supplier1_PN in Part R61 Old=311-100KGRCT-ND New=311-33GRCT-ND
Change Value of Parameter Value in Part R61 Old=1.10k New=33R
Change Value of Parameter Mfg_PN in Part R62 Old=311-10GRCT-ND New=RC0603JR-0733RL
Change Value of Parameter Supplier1_PN in Part R62 Old=311-100KGRCT-ND New=311-33GRCT-ND
Change Value of Parameter Value in Part R62 Old=1k New=33R
Change Value of Parameter Mfg_PN in Part R63 Old=311-10GRCT-ND New=RC0603JR-0733RL
Change Value of Parameter Supplier1_PN in Part R63 Old=311-100KGRCT-ND New=311-33GRCT-ND
Change Value of Parameter Value in Part R63 Old=12.1k New=33R
Change Value of Parameter Mfg_PN in Part R64 Old=311-10GRCT-ND New=RC0603JR-0733RL
Change Value of Parameter Supplier1_PN in Part R64 Old=311-100KGRCT-ND New=311-33GRCT-ND
Change Value of Parameter Value in Part R64 Old=12.1k New=33R
Change Value of Parameter Mfg_PN in Part R65 Old=311-10GRCT-ND New=RC0603JR-0733RL
Change Value of Parameter Supplier1_PN in Part R65 Old=311-100KGRCT-ND New=311-33GRCT-ND
Change Value of Parameter Value in Part R65 Old=100k New=33R
Replace Symbol from C55 Capacitor in C:\ADAPTONE_PCB\01 - SCHEMAS ET PCB\99 - WORKING COPY\CARTE_DE_SON\InputAmplifier.SchDoc with Capacitor from LIB_ADAPTONE_PASCAL_LEMIEUX.SchLib
Replace Symbol from C56 Capacitor in C:\ADAPTONE_PCB\01 - SCHEMAS ET PCB\99 - WORKING COPY\CARTE_DE_SON\InputAmplifier.SchDoc with Capacitor from LIB_ADAPTONE_PASCAL_LEMIEUX.SchLib
Replace Symbol from C57 Capacitor in C:\ADAPTONE_PCB\01 - SCHEMAS ET PCB\99 - WORKING COPY\CARTE_DE_SON\InputAmplifier.SchDoc with Capacitor from LIB_ADAPTONE_PASCAL_LEMIEUX.SchLib
Replace Symbol from C58 Capacitor in C:\ADAPTONE_PCB\01 - SCHEMAS ET PCB\99 - WORKING COPY\CARTE_DE_SON\InputAmplifier.SchDoc with Capacitor from LIB_ADAPTONE_PASCAL_LEMIEUX.SchLib
Replace Symbol from C59 Capacitor in C:\ADAPTONE_PCB\01 - SCHEMAS ET PCB\99 - WORKING COPY\CARTE_DE_SON\InputAmplifier.SchDoc with Capacitor from LIB_ADAPTONE_PASCAL_LEMIEUX.SchLib
Replace Symbol from C60 Capacitor in C:\ADAPTONE_PCB\01 - SCHEMAS ET PCB\99 - WORKING COPY\CARTE_DE_SON\InputAmplifier.SchDoc with Capacitor from LIB_ADAPTONE_PASCAL_LEMIEUX.SchLib
Replace Symbol from C61 Capacitor in C:\ADAPTONE_PCB\01 - SCHEMAS ET PCB\99 - WORKING COPY\CARTE_DE_SON\InputAmplifier.SchDoc with Capacitor from LIB_ADAPTONE_PASCAL_LEMIEUX.SchLib
Replace Symbol from C62 Capacitor in C:\ADAPTONE_PCB\01 - SCHEMAS ET PCB\99 - WORKING COPY\CARTE_DE_SON\InputAmplifier.SchDoc with Capacitor from ADAPTONE_CARTE_DE_SON.IntLib
Replace Symbol from C63 Capacitor in C:\ADAPTONE_PCB\01 - SCHEMAS ET PCB\99 - WORKING COPY\CARTE_DE_SON\InputAmplifier.SchDoc with Capacitor from ADAPTONE_CARTE_DE_SON.IntLib
Replace Symbol from C64 Capacitor in C:\ADAPTONE_PCB\01 - SCHEMAS ET PCB\99 - WORKING COPY\CARTE_DE_SON\InputAmplifier.SchDoc with Capacitor from ADAPTONE_CARTE_DE_SON.IntLib
Replace Symbol from C65 Capacitor in C:\ADAPTONE_PCB\01 - SCHEMAS ET PCB\99 - WORKING COPY\CARTE_DE_SON\InputAmplifier.SchDoc with Capacitor from ADAPTONE_CARTE_DE_SON.IntLib
Replace Symbol from C66 Capacitor in C:\ADAPTONE_PCB\01 - SCHEMAS ET PCB\99 - WORKING COPY\CARTE_DE_SON\InputAmplifier.SchDoc with Capacitor from ADAPTONE_CARTE_DE_SON.IntLib
Replace Symbol from C67 Capacitor in C:\ADAPTONE_PCB\01 - SCHEMAS ET PCB\99 - WORKING COPY\CARTE_DE_SON\InputAmplifier.SchDoc with Capacitor from LIB_ADAPTONE_PASCAL_LEMIEUX.SchLib
Replace Symbol from C68 Capacitor in C:\ADAPTONE_PCB\01 - SCHEMAS ET PCB\99 - WORKING COPY\CARTE_DE_SON\InputAmplifier.SchDoc with Capacitor from LIB_ADAPTONE_PASCAL_LEMIEUX.SchLib
Replace Symbol from C69 Capacitor in C:\ADAPTONE_PCB\01 - SCHEMAS ET PCB\99 - WORKING COPY\CARTE_DE_SON\InputAmplifier.SchDoc with Capacitor from LIB_ADAPTONE_PASCAL_LEMIEUX.SchLib
Replace Symbol from C70 Capacitor in C:\ADAPTONE_PCB\01 - SCHEMAS ET PCB\99 - WORKING COPY\CARTE_DE_SON\InputAmplifier.SchDoc with Capacitor from LIB_ADAPTONE_PASCAL_LEMIEUX.SchLib
Replace Symbol from C71 Capacitor in C:\ADAPTONE_PCB\01 - SCHEMAS ET PCB\99 - WORKING COPY\CARTE_DE_SON\InputAmplifier.SchDoc with Capacitor from LIB_ADAPTONE_PASCAL_LEMIEUX.SchLib
Replace Symbol from C72 Capacitor in C:\ADAPTONE_PCB\01 - SCHEMAS ET PCB\99 - WORKING COPY\CARTE_DE_SON\InputAmplifier.SchDoc with Capacitor from LIB_ADAPTONE_PASCAL_LEMIEUX.SchLib
Replace Symbol from C73 Capacitor in C:\ADAPTONE_PCB\01 - SCHEMAS ET PCB\99 - WORKING COPY\CARTE_DE_SON\InputAmplifier.SchDoc with Capacitor from LIB_ADAPTONE_PASCAL_LEMIEUX.SchLib
Replace Symbol from C74 Capacitor in C:\ADAPTONE_PCB\01 - SCHEMAS ET PCB\99 - WORKING COPY\CARTE_DE_SON\InputAmplifier.SchDoc with Capacitor from LIB_ADAPTONE_PASCAL_LEMIEUX.SchLib
Replace Symbol from C75 Capacitor in C:\ADAPTONE_PCB\01 - SCHEMAS ET PCB\99 - WORKING COPY\CARTE_DE_SON\InputAmplifier.SchDoc with Capacitor from LIB_ADAPTONE_PASCAL_LEMIEUX.SchLib
Replace Symbol from C76 Capacitor in C:\ADAPTONE_PCB\01 - SCHEMAS ET PCB\99 - WORKING COPY\CARTE_DE_SON\InputAmplifier.SchDoc with Capacitor from LIB_ADAPTONE_PASCAL_LEMIEUX.SchLib
Replace Symbol from D10 Diode_dual in C:\ADAPTONE_PCB\01 - SCHEMAS ET PCB\99 - WORKING COPY\CARTE_DE_SON\InputAmplifier.SchDoc with Diode_dual from ADAPTONE_CARTE_DE_SON.IntLib
Replace Symbol from D11 Diode_dual in C:\ADAPTONE_PCB\01 - SCHEMAS ET PCB\99 - WORKING COPY\CARTE_DE_SON\InputAmplifier.SchDoc with Diode_dual from ADAPTONE_CARTE_DE_SON.IntLib
Replace Symbol from D12 Diode_dual in C:\ADAPTONE_PCB\01 - SCHEMAS ET PCB\99 - WORKING COPY\CARTE_DE_SON\InputAmplifier.SchDoc with Diode_dual from ADAPTONE_CARTE_DE_SON.IntLib
Replace Symbol from R34 Resistor in C:\ADAPTONE_PCB\01 - SCHEMAS ET PCB\99 - WORKING COPY\CARTE_DE_SON\InputAmplifier.SchDoc with Resistor from LIB_ADAPTONE_PASCAL_LEMIEUX.SchLib
Replace Symbol from R35 Resistor in C:\ADAPTONE_PCB\01 - SCHEMAS ET PCB\99 - WORKING COPY\CARTE_DE_SON\InputAmplifier.SchDoc with Resistor from LIB_ADAPTONE_PASCAL_LEMIEUX.SchLib
Replace Symbol from R36 Resistor in C:\ADAPTONE_PCB\01 - SCHEMAS ET PCB\99 - WORKING COPY\CARTE_DE_SON\InputAmplifier.SchDoc with Resistor from LIB_ADAPTONE_PASCAL_LEMIEUX.SchLib
Replace Symbol from R37 Resistor in C:\ADAPTONE_PCB\01 - SCHEMAS ET PCB\99 - WORKING COPY\CARTE_DE_SON\InputAmplifier.SchDoc with Resistor from LIB_ADAPTONE_PASCAL_LEMIEUX.SchLib
Replace Symbol from R38 Resistor in C:\ADAPTONE_PCB\01 - SCHEMAS ET PCB\99 - WORKING COPY\CARTE_DE_SON\InputAmplifier.SchDoc with Resistor from LIB_ADAPTONE_PASCAL_LEMIEUX.SchLib
Replace Symbol from R39 Resistor in C:\ADAPTONE_PCB\01 - SCHEMAS ET PCB\99 - WORKING COPY\CARTE_DE_SON\InputAmplifier.SchDoc with Resistor from LIB_ADAPTONE_PASCAL_LEMIEUX.SchLib
Replace Symbol from R40 Resistor in C:\ADAPTONE_PCB\01 - SCHEMAS ET PCB\99 - WORKING COPY\CARTE_DE_SON\InputAmplifier.SchDoc with Resistor from LIB_ADAPTONE_PASCAL_LEMIEUX.SchLib
Replace Symbol from R41 Resistor in C:\ADAPTONE_PCB\01 - SCHEMAS ET PCB\99 - WORKING COPY\CARTE_DE_SON\InputAmplifier.SchDoc with Resistor from LIB_ADAPTONE_PASCAL_LEMIEUX.SchLib
Replace Symbol from R42 Resistor in C:\ADAPTONE_PCB\01 - SCHEMAS ET PCB\99 - WORKING COPY\CARTE_DE_SON\InputAmplifier.SchDoc with Resistor from LIB_ADAPTONE_PASCAL_LEMIEUX.SchLib
Replace Symbol from R43 Resistor in C:\ADAPTONE_PCB\01 - SCHEMAS ET PCB\99 - WORKING COPY\CARTE_DE_SON\InputAmplifier.SchDoc with Resistor from LIB_ADAPTONE_PASCAL_LEMIEUX.SchLib
Replace Symbol from R44 Resistor in C:\ADAPTONE_PCB\01 - SCHEMAS ET PCB\99 - WORKING COPY\CARTE_DE_SON\InputAmplifier.SchDoc with Resistor from LIB_ADAPTONE_PASCAL_LEMIEUX.SchLib
Replace Symbol from R45 Resistor in C:\ADAPTONE_PCB\01 - SCHEMAS ET PCB\99 - WORKING COPY\CARTE_DE_SON\InputAmplifier.SchDoc with Resistor from LIB_ADAPTONE_PASCAL_LEMIEUX.SchLib
Replace Symbol from R46 Resistor in C:\ADAPTONE_PCB\01 - SCHEMAS ET PCB\99 - WORKING COPY\CARTE_DE_SON\InputAmplifier.SchDoc with Resistor from LIB_ADAPTONE_PASCAL_LEMIEUX.SchLib
Replace Symbol from R47 Resistor in C:\ADAPTONE_PCB\01 - SCHEMAS ET PCB\99 - WORKING COPY\CARTE_DE_SON\InputAmplifier.SchDoc with Resistor from LIB_ADAPTONE_PASCAL_LEMIEUX.SchLib
Replace Symbol from R48 Resistor in C:\ADAPTONE_PCB\01 - SCHEMAS ET PCB\99 - WORKING COPY\CARTE_DE_SON\InputAmplifier.SchDoc with Resistor from LIB_ADAPTONE_PASCAL_LEMIEUX.SchLib
Replace Symbol from R49 Resistor in C:\ADAPTONE_PCB\01 - SCHEMAS ET PCB\99 - WORKING COPY\CARTE_DE_SON\InputAmplifier.SchDoc with Resistor from LIB_ADAPTONE_PASCAL_LEMIEUX.SchLib
Replace Symbol from R50 Resistor in C:\ADAPTONE_PCB\01 - SCHEMAS ET PCB\99 - WORKING COPY\CARTE_DE_SON\InputAmplifier.SchDoc with Resistor from LIB_ADAPTONE_PASCAL_LEMIEUX.SchLib
Replace Symbol from R51 Resistor in C:\ADAPTONE_PCB\01 - SCHEMAS ET PCB\99 - WORKING COPY\CARTE_DE_SON\InputAmplifier.SchDoc with Resistor from LIB_ADAPTONE_PASCAL_LEMIEUX.SchLib
Replace Symbol from R52 Resistor in C:\ADAPTONE_PCB\01 - SCHEMAS ET PCB\99 - WORKING COPY\CARTE_DE_SON\InputAmplifier.SchDoc with Resistor from LIB_ADAPTONE_PASCAL_LEMIEUX.SchLib
Replace Symbol from R53 Resistor in C:\ADAPTONE_PCB\01 - SCHEMAS ET PCB\99 - WORKING COPY\CARTE_DE_SON\InputAmplifier.SchDoc with Resistor from LIB_ADAPTONE_PASCAL_LEMIEUX.SchLib
Replace Symbol from R54 Resistor in C:\ADAPTONE_PCB\01 - SCHEMAS ET PCB\99 - WORKING COPY\CARTE_DE_SON\InputAmplifier.SchDoc with Resistor from LIB_ADAPTONE_PASCAL_LEMIEUX.SchLib
Replace Symbol from R55 Resistor in C:\ADAPTONE_PCB\01 - SCHEMAS ET PCB\99 - WORKING COPY\CARTE_DE_SON\InputAmplifier.SchDoc with Resistor from LIB_ADAPTONE_PASCAL_LEMIEUX.SchLib
Replace Symbol from R56 Resistor in C:\ADAPTONE_PCB\01 - SCHEMAS ET PCB\99 - WORKING COPY\CARTE_DE_SON\InputAmplifier.SchDoc with Resistor from LIB_ADAPTONE_PASCAL_LEMIEUX.SchLib
Replace Symbol from R57 Resistor in C:\ADAPTONE_PCB\01 - SCHEMAS ET PCB\99 - WORKING COPY\CARTE_DE_SON\InputAmplifier.SchDoc with Resistor from LIB_ADAPTONE_PASCAL_LEMIEUX.SchLib
Replace Symbol from R58 Resistor in C:\ADAPTONE_PCB\01 - SCHEMAS ET PCB\99 - WORKING COPY\CARTE_DE_SON\InputAmplifier.SchDoc with Resistor from LIB_ADAPTONE_PASCAL_LEMIEUX.SchLib
Replace Symbol from R59 Resistor in C:\ADAPTONE_PCB\01 - SCHEMAS ET PCB\99 - WORKING COPY\CARTE_DE_SON\InputAmplifier.SchDoc with Resistor from LIB_ADAPTONE_PASCAL_LEMIEUX.SchLib
Replace Symbol from R60 Resistor in C:\ADAPTONE_PCB\01 - SCHEMAS ET PCB\99 - WORKING COPY\CARTE_DE_SON\InputAmplifier.SchDoc with Resistor from LIB_ADAPTONE_PASCAL_LEMIEUX.SchLib
Replace Symbol from R61 Resistor in C:\ADAPTONE_PCB\01 - SCHEMAS ET PCB\99 - WORKING COPY\CARTE_DE_SON\InputAmplifier.SchDoc with Resistor from LIB_ADAPTONE_PASCAL_LEMIEUX.SchLib
Replace Symbol from R62 Resistor in C:\ADAPTONE_PCB\01 - SCHEMAS ET PCB\99 - WORKING COPY\CARTE_DE_SON\InputAmplifier.SchDoc with Resistor from LIB_ADAPTONE_PASCAL_LEMIEUX.SchLib
Replace Symbol from R63 Resistor in C:\ADAPTONE_PCB\01 - SCHEMAS ET PCB\99 - WORKING COPY\CARTE_DE_SON\InputAmplifier.SchDoc with Resistor from LIB_ADAPTONE_PASCAL_LEMIEUX.SchLib
Replace Symbol from R64 Resistor in C:\ADAPTONE_PCB\01 - SCHEMAS ET PCB\99 - WORKING COPY\CARTE_DE_SON\InputAmplifier.SchDoc with Resistor from LIB_ADAPTONE_PASCAL_LEMIEUX.SchLib
Replace Symbol from R65 Resistor in C:\ADAPTONE_PCB\01 - SCHEMAS ET PCB\99 - WORKING COPY\CARTE_DE_SON\InputAmplifier.SchDoc with Resistor from LIB_ADAPTONE_PASCAL_LEMIEUX.SchLib
Replace Symbol from U16 OPA_DUAL in C:\ADAPTONE_PCB\01 - SCHEMAS ET PCB\99 - WORKING COPY\CARTE_DE_SON\InputAmplifier.SchDoc with OPA_DUAL from ADAPTONE_CARTE_DE_SON.IntLib
Replace Symbol from U16 OPA_DUAL in C:\ADAPTONE_PCB\01 - SCHEMAS ET PCB\99 - WORKING COPY\CARTE_DE_SON\InputAmplifier.SchDoc with OPA_DUAL from ADAPTONE_CARTE_DE_SON.IntLib
Replace Symbol from U17 OPA1664 in C:\ADAPTONE_PCB\01 - SCHEMAS ET PCB\99 - WORKING COPY\CARTE_DE_SON\InputAmplifier.SchDoc with OPA1664 from LIB_ADAPTONE_PASCAL_LEMIEUX.SchLib
Replace Symbol from U17 OPA1664 in C:\ADAPTONE_PCB\01 - SCHEMAS ET PCB\99 - WORKING COPY\CARTE_DE_SON\InputAmplifier.SchDoc with OPA1664 from LIB_ADAPTONE_PASCAL_LEMIEUX.SchLib
Replace Symbol from U17 OPA1664 in C:\ADAPTONE_PCB\01 - SCHEMAS ET PCB\99 - WORKING COPY\CARTE_DE_SON\InputAmplifier.SchDoc with OPA1664 from LIB_ADAPTONE_PASCAL_LEMIEUX.SchLib
Replace Symbol from U17 OPA1664 in C:\ADAPTONE_PCB\01 - SCHEMAS ET PCB\99 - WORKING COPY\CARTE_DE_SON\InputAmplifier.SchDoc with OPA1664 from LIB_ADAPTONE_PASCAL_LEMIEUX.SchLib
