Replace Part C55 Capacitor in C:\ADAPTONE_PCB\01 - SCHEMAS ET PCB\99 - WORKING COPY\CARTE_DE_SON\InputAmplifier.SchDoc with Capacitor from LIB_ADAPTONE_PASCAL_LEMIEUX.SchLib
Replace Part C56 Capacitor in C:\ADAPTONE_PCB\01 - SCHEMAS ET PCB\99 - WORKING COPY\CARTE_DE_SON\InputAmplifier.SchDoc with Capacitor from LIB_ADAPTONE_PASCAL_LEMIEUX.SchLib
Replace Part C57 Capacitor in C:\ADAPTONE_PCB\01 - SCHEMAS ET PCB\99 - WORKING COPY\CARTE_DE_SON\InputAmplifier.SchDoc with Capacitor from LIB_ADAPTONE_PASCAL_LEMIEUX.SchLib
Replace Part C58 Capacitor in C:\ADAPTONE_PCB\01 - SCHEMAS ET PCB\99 - WORKING COPY\CARTE_DE_SON\InputAmplifier.SchDoc with Capacitor from LIB_ADAPTONE_PASCAL_LEMIEUX.SchLib
Replace Part C59 Capacitor in C:\ADAPTONE_PCB\01 - SCHEMAS ET PCB\99 - WORKING COPY\CARTE_DE_SON\InputAmplifier.SchDoc with Capacitor from LIB_ADAPTONE_PASCAL_LEMIEUX.SchLib
Replace Part C60 Capacitor in C:\ADAPTONE_PCB\01 - SCHEMAS ET PCB\99 - WORKING COPY\CARTE_DE_SON\InputAmplifier.SchDoc with Capacitor from LIB_ADAPTONE_PASCAL_LEMIEUX.SchLib
Replace Part C61 Capacitor in C:\ADAPTONE_PCB\01 - SCHEMAS ET PCB\99 - WORKING COPY\CARTE_DE_SON\InputAmplifier.SchDoc with Capacitor from LIB_ADAPTONE_PASCAL_LEMIEUX.SchLib
Replace Part C62 Capacitor in C:\ADAPTONE_PCB\01 - SCHEMAS ET PCB\99 - WORKING COPY\CARTE_DE_SON\InputAmplifier.SchDoc with Capacitor from ADAPTONE_CARTE_DE_SON.IntLib
Replace Part C63 Capacitor in C:\ADAPTONE_PCB\01 - SCHEMAS ET PCB\99 - WORKING COPY\CARTE_DE_SON\InputAmplifier.SchDoc with Capacitor from ADAPTONE_CARTE_DE_SON.IntLib
Replace Part C64 Capacitor in C:\ADAPTONE_PCB\01 - SCHEMAS ET PCB\99 - WORKING COPY\CARTE_DE_SON\InputAmplifier.SchDoc with Capacitor from ADAPTONE_CARTE_DE_SON.IntLib
Replace Part C65 Capacitor in C:\ADAPTONE_PCB\01 - SCHEMAS ET PCB\99 - WORKING COPY\CARTE_DE_SON\InputAmplifier.SchDoc with Capacitor from ADAPTONE_CARTE_DE_SON.IntLib
Replace Part C66 Capacitor in C:\ADAPTONE_PCB\01 - SCHEMAS ET PCB\99 - WORKING COPY\CARTE_DE_SON\InputAmplifier.SchDoc with Capacitor from ADAPTONE_CARTE_DE_SON.IntLib
Replace Part C67 Capacitor in C:\ADAPTONE_PCB\01 - SCHEMAS ET PCB\99 - WORKING COPY\CARTE_DE_SON\InputAmplifier.SchDoc with Capacitor from LIB_ADAPTONE_PASCAL_LEMIEUX.SchLib
Replace Part C68 Capacitor in C:\ADAPTONE_PCB\01 - SCHEMAS ET PCB\99 - WORKING COPY\CARTE_DE_SON\InputAmplifier.SchDoc with Capacitor from LIB_ADAPTONE_PASCAL_LEMIEUX.SchLib
Replace Part C69 Capacitor in C:\ADAPTONE_PCB\01 - SCHEMAS ET PCB\99 - WORKING COPY\CARTE_DE_SON\InputAmplifier.SchDoc with Capacitor from LIB_ADAPTONE_PASCAL_LEMIEUX.SchLib
Replace Part C70 Capacitor in C:\ADAPTONE_PCB\01 - SCHEMAS ET PCB\99 - WORKING COPY\CARTE_DE_SON\InputAmplifier.SchDoc with Capacitor from LIB_ADAPTONE_PASCAL_LEMIEUX.SchLib
Replace Part C71 Capacitor in C:\ADAPTONE_PCB\01 - SCHEMAS ET PCB\99 - WORKING COPY\CARTE_DE_SON\InputAmplifier.SchDoc with Capacitor from LIB_ADAPTONE_PASCAL_LEMIEUX.SchLib
Replace Part C72 Capacitor in C:\ADAPTONE_PCB\01 - SCHEMAS ET PCB\99 - WORKING COPY\CARTE_DE_SON\InputAmplifier.SchDoc with Capacitor from LIB_ADAPTONE_PASCAL_LEMIEUX.SchLib
Replace Part C73 Capacitor in C:\ADAPTONE_PCB\01 - SCHEMAS ET PCB\99 - WORKING COPY\CARTE_DE_SON\InputAmplifier.SchDoc with Capacitor from LIB_ADAPTONE_PASCAL_LEMIEUX.SchLib
Replace Part C74 Capacitor in C:\ADAPTONE_PCB\01 - SCHEMAS ET PCB\99 - WORKING COPY\CARTE_DE_SON\InputAmplifier.SchDoc with Capacitor from LIB_ADAPTONE_PASCAL_LEMIEUX.SchLib
Replace Part C75 Capacitor in C:\ADAPTONE_PCB\01 - SCHEMAS ET PCB\99 - WORKING COPY\CARTE_DE_SON\InputAmplifier.SchDoc with Capacitor from LIB_ADAPTONE_PASCAL_LEMIEUX.SchLib
Replace Part C76 Capacitor in C:\ADAPTONE_PCB\01 - SCHEMAS ET PCB\99 - WORKING COPY\CARTE_DE_SON\InputAmplifier.SchDoc with Capacitor from LIB_ADAPTONE_PASCAL_LEMIEUX.SchLib
Replace Part D10 Diode_dual in C:\ADAPTONE_PCB\01 - SCHEMAS ET PCB\99 - WORKING COPY\CARTE_DE_SON\InputAmplifier.SchDoc with Diode_dual from ADAPTONE_CARTE_DE_SON.IntLib
Replace Part D11 Diode_dual in C:\ADAPTONE_PCB\01 - SCHEMAS ET PCB\99 - WORKING COPY\CARTE_DE_SON\InputAmplifier.SchDoc with Diode_dual from ADAPTONE_CARTE_DE_SON.IntLib
Replace Part D12 Diode_dual in C:\ADAPTONE_PCB\01 - SCHEMAS ET PCB\99 - WORKING COPY\CARTE_DE_SON\InputAmplifier.SchDoc with Diode_dual from ADAPTONE_CARTE_DE_SON.IntLib
Replace Part R34 Resistor in C:\ADAPTONE_PCB\01 - SCHEMAS ET PCB\99 - WORKING COPY\CARTE_DE_SON\InputAmplifier.SchDoc with Resistor from LIB_ADAPTONE_PASCAL_LEMIEUX.SchLib
Replace Part R35 Resistor in C:\ADAPTONE_PCB\01 - SCHEMAS ET PCB\99 - WORKING COPY\CARTE_DE_SON\InputAmplifier.SchDoc with Resistor from LIB_ADAPTONE_PASCAL_LEMIEUX.SchLib
Replace Part R36 Resistor in C:\ADAPTONE_PCB\01 - SCHEMAS ET PCB\99 - WORKING COPY\CARTE_DE_SON\InputAmplifier.SchDoc with Resistor from LIB_ADAPTONE_PASCAL_LEMIEUX.SchLib
Replace Part R37 Resistor in C:\ADAPTONE_PCB\01 - SCHEMAS ET PCB\99 - WORKING COPY\CARTE_DE_SON\InputAmplifier.SchDoc with Resistor from LIB_ADAPTONE_PASCAL_LEMIEUX.SchLib
Replace Part R38 Resistor in C:\ADAPTONE_PCB\01 - SCHEMAS ET PCB\99 - WORKING COPY\CARTE_DE_SON\InputAmplifier.SchDoc with Resistor from LIB_ADAPTONE_PASCAL_LEMIEUX.SchLib
Replace Part R39 Resistor in C:\ADAPTONE_PCB\01 - SCHEMAS ET PCB\99 - WORKING COPY\CARTE_DE_SON\InputAmplifier.SchDoc with Resistor from LIB_ADAPTONE_PASCAL_LEMIEUX.SchLib
Replace Part R40 Resistor in C:\ADAPTONE_PCB\01 - SCHEMAS ET PCB\99 - WORKING COPY\CARTE_DE_SON\InputAmplifier.SchDoc with Resistor from LIB_ADAPTONE_PASCAL_LEMIEUX.SchLib
Replace Part R41 Resistor in C:\ADAPTONE_PCB\01 - SCHEMAS ET PCB\99 - WORKING COPY\CARTE_DE_SON\InputAmplifier.SchDoc with Resistor from LIB_ADAPTONE_PASCAL_LEMIEUX.SchLib
Replace Part R42 Resistor in C:\ADAPTONE_PCB\01 - SCHEMAS ET PCB\99 - WORKING COPY\CARTE_DE_SON\InputAmplifier.SchDoc with Resistor from LIB_ADAPTONE_PASCAL_LEMIEUX.SchLib
Replace Part R43 Resistor in C:\ADAPTONE_PCB\01 - SCHEMAS ET PCB\99 - WORKING COPY\CARTE_DE_SON\InputAmplifier.SchDoc with Resistor from LIB_ADAPTONE_PASCAL_LEMIEUX.SchLib
Replace Part R44 Resistor in C:\ADAPTONE_PCB\01 - SCHEMAS ET PCB\99 - WORKING COPY\CARTE_DE_SON\InputAmplifier.SchDoc with Resistor from LIB_ADAPTONE_PASCAL_LEMIEUX.SchLib
Replace Part R45 Resistor in C:\ADAPTONE_PCB\01 - SCHEMAS ET PCB\99 - WORKING COPY\CARTE_DE_SON\InputAmplifier.SchDoc with Resistor from LIB_ADAPTONE_PASCAL_LEMIEUX.SchLib
Replace Part R46 Resistor in C:\ADAPTONE_PCB\01 - SCHEMAS ET PCB\99 - WORKING COPY\CARTE_DE_SON\InputAmplifier.SchDoc with Resistor from LIB_ADAPTONE_PASCAL_LEMIEUX.SchLib
Replace Part R47 Resistor in C:\ADAPTONE_PCB\01 - SCHEMAS ET PCB\99 - WORKING COPY\CARTE_DE_SON\InputAmplifier.SchDoc with Resistor from LIB_ADAPTONE_PASCAL_LEMIEUX.SchLib
Replace Part R48 Resistor in C:\ADAPTONE_PCB\01 - SCHEMAS ET PCB\99 - WORKING COPY\CARTE_DE_SON\InputAmplifier.SchDoc with Resistor from LIB_ADAPTONE_PASCAL_LEMIEUX.SchLib
Replace Part R49 Resistor in C:\ADAPTONE_PCB\01 - SCHEMAS ET PCB\99 - WORKING COPY\CARTE_DE_SON\InputAmplifier.SchDoc with Resistor from LIB_ADAPTONE_PASCAL_LEMIEUX.SchLib
Replace Part R50 Resistor in C:\ADAPTONE_PCB\01 - SCHEMAS ET PCB\99 - WORKING COPY\CARTE_DE_SON\InputAmplifier.SchDoc with Resistor from LIB_ADAPTONE_PASCAL_LEMIEUX.SchLib
Replace Part R51 Resistor in C:\ADAPTONE_PCB\01 - SCHEMAS ET PCB\99 - WORKING COPY\CARTE_DE_SON\InputAmplifier.SchDoc with Resistor from LIB_ADAPTONE_PASCAL_LEMIEUX.SchLib
Replace Part R52 Resistor in C:\ADAPTONE_PCB\01 - SCHEMAS ET PCB\99 - WORKING COPY\CARTE_DE_SON\InputAmplifier.SchDoc with Resistor from LIB_ADAPTONE_PASCAL_LEMIEUX.SchLib
Replace Part R53 Resistor in C:\ADAPTONE_PCB\01 - SCHEMAS ET PCB\99 - WORKING COPY\CARTE_DE_SON\InputAmplifier.SchDoc with Resistor from LIB_ADAPTONE_PASCAL_LEMIEUX.SchLib
Replace Part R54 Resistor in C:\ADAPTONE_PCB\01 - SCHEMAS ET PCB\99 - WORKING COPY\CARTE_DE_SON\InputAmplifier.SchDoc with Resistor from LIB_ADAPTONE_PASCAL_LEMIEUX.SchLib
Replace Part R55 Resistor in C:\ADAPTONE_PCB\01 - SCHEMAS ET PCB\99 - WORKING COPY\CARTE_DE_SON\InputAmplifier.SchDoc with Resistor from LIB_ADAPTONE_PASCAL_LEMIEUX.SchLib
Replace Part R56 Resistor in C:\ADAPTONE_PCB\01 - SCHEMAS ET PCB\99 - WORKING COPY\CARTE_DE_SON\InputAmplifier.SchDoc with Resistor from LIB_ADAPTONE_PASCAL_LEMIEUX.SchLib
Replace Part R57 Resistor in C:\ADAPTONE_PCB\01 - SCHEMAS ET PCB\99 - WORKING COPY\CARTE_DE_SON\InputAmplifier.SchDoc with Resistor from LIB_ADAPTONE_PASCAL_LEMIEUX.SchLib
Replace Part R58 Resistor in C:\ADAPTONE_PCB\01 - SCHEMAS ET PCB\99 - WORKING COPY\CARTE_DE_SON\InputAmplifier.SchDoc with Resistor from LIB_ADAPTONE_PASCAL_LEMIEUX.SchLib
Replace Part R59 Resistor in C:\ADAPTONE_PCB\01 - SCHEMAS ET PCB\99 - WORKING COPY\CARTE_DE_SON\InputAmplifier.SchDoc with Resistor from LIB_ADAPTONE_PASCAL_LEMIEUX.SchLib
Replace Part R60 Resistor in C:\ADAPTONE_PCB\01 - SCHEMAS ET PCB\99 - WORKING COPY\CARTE_DE_SON\InputAmplifier.SchDoc with Resistor from LIB_ADAPTONE_PASCAL_LEMIEUX.SchLib
Replace Part R61 Resistor in C:\ADAPTONE_PCB\01 - SCHEMAS ET PCB\99 - WORKING COPY\CARTE_DE_SON\InputAmplifier.SchDoc with Resistor from LIB_ADAPTONE_PASCAL_LEMIEUX.SchLib
Replace Part R62 Resistor in C:\ADAPTONE_PCB\01 - SCHEMAS ET PCB\99 - WORKING COPY\CARTE_DE_SON\InputAmplifier.SchDoc with Resistor from LIB_ADAPTONE_PASCAL_LEMIEUX.SchLib
Replace Part R63 Resistor in C:\ADAPTONE_PCB\01 - SCHEMAS ET PCB\99 - WORKING COPY\CARTE_DE_SON\InputAmplifier.SchDoc with Resistor from LIB_ADAPTONE_PASCAL_LEMIEUX.SchLib
Replace Part R64 Resistor in C:\ADAPTONE_PCB\01 - SCHEMAS ET PCB\99 - WORKING COPY\CARTE_DE_SON\InputAmplifier.SchDoc with Resistor from LIB_ADAPTONE_PASCAL_LEMIEUX.SchLib
Replace Part R65 Resistor in C:\ADAPTONE_PCB\01 - SCHEMAS ET PCB\99 - WORKING COPY\CARTE_DE_SON\InputAmplifier.SchDoc with Resistor from LIB_ADAPTONE_PASCAL_LEMIEUX.SchLib
Replace Part U16 OPA_DUAL in C:\ADAPTONE_PCB\01 - SCHEMAS ET PCB\99 - WORKING COPY\CARTE_DE_SON\InputAmplifier.SchDoc with OPA_DUAL from ADAPTONE_CARTE_DE_SON.IntLib
Replace Part U16 OPA_DUAL in C:\ADAPTONE_PCB\01 - SCHEMAS ET PCB\99 - WORKING COPY\CARTE_DE_SON\InputAmplifier.SchDoc with OPA_DUAL from ADAPTONE_CARTE_DE_SON.IntLib
Replace Part U17 OPA1664 in C:\ADAPTONE_PCB\01 - SCHEMAS ET PCB\99 - WORKING COPY\CARTE_DE_SON\InputAmplifier.SchDoc with OPA1664 from LIB_ADAPTONE_PASCAL_LEMIEUX.SchLib
Replace Part U17 OPA1664 in C:\ADAPTONE_PCB\01 - SCHEMAS ET PCB\99 - WORKING COPY\CARTE_DE_SON\InputAmplifier.SchDoc with OPA1664 from LIB_ADAPTONE_PASCAL_LEMIEUX.SchLib
Replace Part U17 OPA1664 in C:\ADAPTONE_PCB\01 - SCHEMAS ET PCB\99 - WORKING COPY\CARTE_DE_SON\InputAmplifier.SchDoc with OPA1664 from LIB_ADAPTONE_PASCAL_LEMIEUX.SchLib
Replace Part U17 OPA1664 in C:\ADAPTONE_PCB\01 - SCHEMAS ET PCB\99 - WORKING COPY\CARTE_DE_SON\InputAmplifier.SchDoc with OPA1664 from LIB_ADAPTONE_PASCAL_LEMIEUX.SchLib
