Change Component Designator: Old Designator=C57 New Designator=C56
Change Component Designator: Old Designator=C58 New Designator=C57
Change Component Designator: Old Designator=C62 New Designator=C61
Change Component Designator: Old Designator=C63 New Designator=C66
Change Component Designator: Old Designator=C65 New Designator=C68
Change Component Designator: Old Designator=C67 New Designator=C70
Change Component Designator: Old Designator=C68 New Designator=C71
Change Component Designator: Old Designator=C69 New Designator=C72
Change Component Designator: Old Designator=C70 New Designator=C73
Change Component Designator: Old Designator=C72 New Designator=C75
Change Component Designator: Old Designator=C? New Designator=C58
Change Component Designator: Old Designator=C? New Designator=C59
Change Component Designator: Old Designator=C? New Designator=C60
Change Component Designator: Old Designator=C? New Designator=C62
Change Component Designator: Old Designator=C? New Designator=C63
Change Component Designator: Old Designator=C? New Designator=C64
Change Component Designator: Old Designator=C? New Designator=C65
Change Component Designator: Old Designator=C? New Designator=C67
Change Component Designator: Old Designator=C? New Designator=C69
Change Component Designator: Old Designator=C? New Designator=C74
Change Component Designator: Old Designator=C? New Designator=C76
Change Component Designator: Old Designator=D15 New Designator=D10
Change Component Designator: Old Designator=D16 New Designator=D11
Change Component Designator: Old Designator=D17 New Designator=D12
Change Component Designator: Old Designator=R40 New Designator=R34
Change Component Designator: Old Designator=R41 New Designator=R35
Change Component Designator: Old Designator=R42 New Designator=R36
Change Component Designator: Old Designator=R43 New Designator=R37
Change Component Designator: Old Designator=R44 New Designator=R38
Change Component Designator: Old Designator=R45 New Designator=R39
Change Component Designator: Old Designator=R46 New Designator=R40
Change Component Designator: Old Designator=R47 New Designator=R41
Change Component Designator: Old Designator=R48 New Designator=R42
Change Component Designator: Old Designator=R49 New Designator=R43
Change Component Designator: Old Designator=R50 New Designator=R44
Change Component Designator: Old Designator=R51 New Designator=R45
Change Component Designator: Old Designator=R52 New Designator=R46
Change Component Designator: Old Designator=R53 New Designator=R47
Change Component Designator: Old Designator=R54 New Designator=R48
Change Component Designator: Old Designator=R55 New Designator=R49
Change Component Designator: Old Designator=R56 New Designator=R50
Change Component Designator: Old Designator=R57 New Designator=R51
Change Component Designator: Old Designator=R58 New Designator=R52
Change Component Designator: Old Designator=R59 New Designator=R53
Change Component Designator: Old Designator=R60 New Designator=R54
Change Component Designator: Old Designator=R61 New Designator=R55
Change Component Designator: Old Designator=R62 New Designator=R56
Change Component Designator: Old Designator=R63 New Designator=R58
Change Component Designator: Old Designator=R64 New Designator=R59
Change Component Designator: Old Designator=R65 New Designator=R60
Change Component Designator: Old Designator=R66 New Designator=R61
Change Component Designator: Old Designator=R67 New Designator=R62
Change Component Designator: Old Designator=R68 New Designator=R63
Change Component Designator: Old Designator=R69 New Designator=R64
Change Component Designator: Old Designator=R70 New Designator=R65
Change Component Designator: Old Designator=R? New Designator=R57
