Change Value of Parameter Mfg in Part C125 Old=Yageo New=Samsung
Change Value of Parameter Mfg_PN in Part C125 Old=CC0402JRNPO9BN101 New=CL10C471JB8NCNC
Change Value of Parameter Supplier1_PN in Part C125 Old=311-1024-1-ND New=1276-2302-1-ND
Change Value of Parameter Type in Part C125 Old=C0G New=
Change Value of Parameter Value in Part C125 Old=100p New=470pF
Change Value of Parameter Mfg in Part C126 Old=Samsung Electro-Mechanics New=Samsung
Change Value of Parameter Mfg_PN in Part C126 Old=CL05A105MP5NNNC New=CL10C471JB8NCNC
Change Value of Parameter Supplier1_PN in Part C126 Old=1276-1448-1-ND New=1276-2302-1-ND
Change Value of Parameter Value in Part C126 Old=1uF New=470pF
Change Value of Parameter Mfg_PN in Part C127 Old=CL21A475KAQNNNG New=CL10C471JB8NCNC
Change Value of Parameter Supplier1_PN in Part C127 Old=1276-6462-1-ND New=1276-2302-1-ND
Change Value of Parameter Value in Part C127 Old=4u7F New=470pF
Change Value of Parameter Mfg in Part C128 Old=Murata New=Samsung
Change Value of Parameter Mfg_PN in Part C128 Old=CL05B103KO5NNNC New=CL10C471JB8NCNC
Change Value of Parameter Supplier1_PN in Part C128 Old=1276-1051-1-ND New=1276-2302-1-ND
Change Value of Parameter Value in Part C128 Old=10nF New=470pF
Change Value of Parameter Type in Part C129 Old=C0G New=
Change Value of Parameter Mfg in Part C130 Old=Samsung Electro-Mechanics New=Samsung
Change Value of Parameter Mfg_PN in Part C130 Old=CL05A105MP5NNNC New=CL10C471JB8NCNC
Change Value of Parameter Supplier1_PN in Part C130 Old=1276-1448-1-ND New=1276-2302-1-ND
Change Value of Parameter Value in Part C130 Old=1uF New=470pF
Change Value of Parameter Mfg in Part C131 Old=Samsung Electro-Mechanics New=Samsung
Change Value of Parameter Mfg_PN in Part C131 Old=CL05A105MP5NNNC New=CL10C471JB8NCNC
Change Value of Parameter Supplier1_PN in Part C131 Old=1276-1448-1-ND New=1276-2302-1-ND
Change Value of Parameter Value in Part C131 Old=1uF New=470pF
Change Value of Parameter Mfg in Part C132 Old=Yageo New=Samsung
Change Value of Parameter Mfg_PN in Part C132 Old=CC0402JRNPO9BN101 New=CL10C471JB8NCNC
Change Value of Parameter Supplier1_PN in Part C132 Old=311-1024-1-ND New=1276-2302-1-ND
Change Value of Parameter Type in Part C132 Old=C0G New=
Change Value of Parameter Value in Part C132 Old=100p New=470pF
Change Value of Parameter Mfg in Part C133 Old=Yageo New=Samsung
Change Value of Parameter Mfg_PN in Part C133 Old=CC0402JRNPO9BN101 New=CL10C471JB8NCNC
Change Value of Parameter Supplier1_PN in Part C133 Old=311-1024-1-ND New=1276-2302-1-ND
Change Value of Parameter Type in Part C133 Old=C0G New=
Change Value of Parameter Value in Part C133 Old=100p New=470pF
Change Value of Parameter Mfg in Part C134 Old=Samsung Electro-Mechanics New=Samsung
Change Value of Parameter Mfg_PN in Part C134 Old=CL05A105MP5NNNC New=CL10C471JB8NCNC
Change Value of Parameter Supplier1_PN in Part C134 Old=1276-1448-1-ND New=1276-2302-1-ND
Change Value of Parameter Value in Part C134 Old=1uF New=470pF
Change Value of Parameter Mfg in Part C135 Old=Yageo New=Samsung
Change Value of Parameter Mfg_PN in Part C135 Old=CC0402JRNPO9BN101 New=CL10C471JB8NCNC
Change Value of Parameter Supplier1_PN in Part C135 Old=311-1024-1-ND New=1276-2302-1-ND
Change Value of Parameter Type in Part C135 Old=C0G New=
Change Value of Parameter Value in Part C135 Old=100p New=470pF
Change Value of Parameter Mfg in Part C136 Old=Samsung Electro-Mechanics New=Samsung
Change Value of Parameter Mfg_PN in Part C136 Old=CL05A105MP5NNNC New=CL10C471JB8NCNC
Change Value of Parameter Supplier1_PN in Part C136 Old=1276-1448-1-ND New=1276-2302-1-ND
Change Value of Parameter Value in Part C136 Old=1uF New=470pF
Change Value of Parameter Mfg in Part C137 Old=Samsung Electro-Mechanics New=Samsung
Change Value of Parameter Mfg_PN in Part C137 Old=CL05A105MP5NNNC New=CL10C471JB8NCNC
Change Value of Parameter Supplier1_PN in Part C137 Old=1276-1448-1-ND New=1276-2302-1-ND
Change Value of Parameter Value in Part C137 Old=1uF New=470pF
Change Value of Parameter Mfg in Part C138 Old=Samsung Electro-Mechanics New=Samsung
Change Value of Parameter Mfg_PN in Part C138 Old=CL05A105MP5NNNC New=CL10C471JB8NCNC
Change Value of Parameter Supplier1_PN in Part C138 Old=1276-1448-1-ND New=1276-2302-1-ND
Change Value of Parameter Value in Part C138 Old=1uF New=470pF
Change Value of Parameter Mfg in Part C139 Old=Yageo New=Samsung
Change Value of Parameter Mfg_PN in Part C139 Old=CC0402JRNPO9BN101 New=CL10C471JB8NCNC
Change Value of Parameter Supplier1_PN in Part C139 Old=311-1024-1-ND New=1276-2302-1-ND
Change Value of Parameter Type in Part C139 Old=C0G New=
Change Value of Parameter Value in Part C139 Old=100p New=470pF
Change Value of Parameter Mfg in Part C140 Old=Yageo New=Samsung
Change Value of Parameter Mfg_PN in Part C140 Old=CC0402JRNPO9BN101 New=CL10C471JB8NCNC
Change Value of Parameter Supplier1_PN in Part C140 Old=311-1024-1-ND New=1276-2302-1-ND
Change Value of Parameter Type in Part C140 Old=C0G New=
Change Value of Parameter Value in Part C140 Old=100p New=470pF
Change Value of Parameter Mfg in Part C141 Old=Samsung Electro-Mechanics New=Samsung
Change Value of Parameter Mfg_PN in Part C141 Old=CL05A105MP5NNNC New=CL10C471JB8NCNC
Change Value of Parameter Supplier1_PN in Part C141 Old=1276-1448-1-ND New=1276-2302-1-ND
Change Value of Parameter Value in Part C141 Old=1uF New=470pF
Change Value of Parameter Mfg_PN in Part R81 Old=311-10GRCT-ND New=RC0603JR-0733RL
Change Value of Parameter Supplier1_PN in Part R81 Old=311-100KGRCT-ND New=311-33GRCT-ND
Change Value of Parameter Value in Part R81 Old=68R New=33R
Change Value of Parameter Mfg_PN in Part R82 Old=311-10GRCT-ND New=RC0603JR-0733RL
Change Value of Parameter Supplier1_PN in Part R82 Old=311-100KGRCT-ND New=311-33GRCT-ND
Change Value of Parameter Value in Part R82 Old=10R New=33R
Change Value of Parameter Mfg_PN in Part R83 Old=311-10GRCT-ND New=RC0603JR-0733RL
Change Value of Parameter Supplier1_PN in Part R83 Old=311-100KGRCT-ND New=311-33GRCT-ND
Change Value of Parameter Value in Part R83 Old=22k New=33R
Change Value of Parameter Mfg_PN in Part R84 Old=311-10GRCT-ND New=RC0603JR-0733RL
Change Value of Parameter Supplier1_PN in Part R84 Old=311-100KGRCT-ND New=311-33GRCT-ND
Change Value of Parameter Value in Part R84 Old=1MEG New=33R
Change Value of Parameter Mfg_PN in Part R85 Old=311-10GRCT-ND New=RC0603JR-0733RL
Change Value of Parameter Supplier1_PN in Part R85 Old=311-100KGRCT-ND New=311-33GRCT-ND
Change Value of Parameter Value in Part R85 Old=68R New=33R
Change Value of Parameter Mfg_PN in Part R86 Old=RC0603JR-07470RL New=RC0603JR-0733RL
Change Value of Parameter Supplier1_PN in Part R86 Old=311-470GRCT-ND New=311-33GRCT-ND
Change Value of Parameter Value in Part R86 Old=10K New=33R
Change Value of Parameter Mfg_PN in Part R87 Old=311-10GRCT-ND New=RC0603JR-0733RL
Change Value of Parameter Supplier1_PN in Part R87 Old=311-100KGRCT-ND New=311-33GRCT-ND
Change Value of Parameter Value in Part R87 Old=22k New=33R
Change Value of Parameter Mfg_PN in Part R88 Old=311-10GRCT-ND New=RC0603JR-0733RL
Change Value of Parameter Supplier1_PN in Part R88 Old=311-100KGRCT-ND New=311-33GRCT-ND
Change Value of Parameter Value in Part R88 Old=100K New=33R
Change Value of Parameter Mfg_PN in Part R89 Old=311-10GRCT-ND New=RC0603JR-0733RL
Change Value of Parameter Supplier1_PN in Part R89 Old=311-100KGRCT-ND New=311-33GRCT-ND
Change Value of Parameter Value in Part R89 Old=1MEG New=33R
Change Value of Parameter Mfg_PN in Part R90 Old=311-10GRCT-ND New=RC0603JR-0733RL
Change Value of Parameter Supplier1_PN in Part R90 Old=311-100KGRCT-ND New=311-33GRCT-ND
Change Value of Parameter Value in Part R90 Old=1k New=33R
Change Value of Parameter Mfg_PN in Part R91 Old=311-10GRCT-ND New=RC0603JR-0733RL
Change Value of Parameter Supplier1_PN in Part R91 Old=311-100KGRCT-ND New=311-33GRCT-ND
Change Value of Parameter Value in Part R91 Old=1k New=33R
Change Value of Parameter Mfg_PN in Part R92 Old=311-10GRCT-ND New=RC0603JR-0733RL
Change Value of Parameter Supplier1_PN in Part R92 Old=311-100KGRCT-ND New=311-33GRCT-ND
Change Value of Parameter Value in Part R92 Old=68R New=33R
Change Value of Parameter Mfg_PN in Part R93 Old=311-10GRCT-ND New=RC0603JR-0733RL
Change Value of Parameter Supplier1_PN in Part R93 Old=311-100KGRCT-ND New=311-33GRCT-ND
Change Value of Parameter Value in Part R93 Old=22k New=33R
Change Value of Parameter Mfg_PN in Part R94 Old=311-10GRCT-ND New=RC0603JR-0733RL
Change Value of Parameter Supplier1_PN in Part R94 Old=311-100KGRCT-ND New=311-33GRCT-ND
Change Value of Parameter Value in Part R94 Old=500R New=33R
Change Value of Parameter Mfg_PN in Part R95 Old=311-10GRCT-ND New=RC0603JR-0733RL
Change Value of Parameter Supplier1_PN in Part R95 Old=311-100KGRCT-ND New=311-33GRCT-ND
Change Value of Parameter Value in Part R95 Old=68R New=33R
Change Value of Parameter Mfg_PN in Part R96 Old=311-10GRCT-ND New=RC0603JR-0733RL
Change Value of Parameter Supplier1_PN in Part R96 Old=311-100KGRCT-ND New=311-33GRCT-ND
Change Value of Parameter Value in Part R96 Old=10R New=33R
Change Value of Parameter Mfg_PN in Part R97 Old=311-10GRCT-ND New=RC0603JR-0733RL
Change Value of Parameter Supplier1_PN in Part R97 Old=311-100KGRCT-ND New=311-33GRCT-ND
Change Value of Parameter Value in Part R97 Old=22k New=33R
Change Value of Parameter Mfg_PN in Part R98 Old=311-10GRCT-ND New=RC0603JR-0733RL
Change Value of Parameter Supplier1_PN in Part R98 Old=311-100KGRCT-ND New=311-33GRCT-ND
Change Value of Parameter Value in Part R98 Old=1MEG New=33R
Change Value of Parameter Mfg_PN in Part R99 Old=311-10GRCT-ND New=RC0603JR-0733RL
Change Value of Parameter Supplier1_PN in Part R99 Old=311-100KGRCT-ND New=311-33GRCT-ND
Change Value of Parameter Value in Part R99 Old=68R New=33R
Change Value of Parameter Mfg_PN in Part R100 Old=RC0603JR-07470RL New=RC0603JR-0733RL
Change Value of Parameter Supplier1_PN in Part R100 Old=311-470GRCT-ND New=311-33GRCT-ND
Change Value of Parameter Value in Part R100 Old=10K New=33R
Change Value of Parameter Mfg_PN in Part R101 Old=311-10GRCT-ND New=RC0603JR-0733RL
Change Value of Parameter Supplier1_PN in Part R101 Old=311-100KGRCT-ND New=311-33GRCT-ND
Change Value of Parameter Value in Part R101 Old=22k New=33R
Change Value of Parameter Mfg_PN in Part R102 Old=311-10GRCT-ND New=RC0603JR-0733RL
Change Value of Parameter Supplier1_PN in Part R102 Old=311-100KGRCT-ND New=311-33GRCT-ND
Change Value of Parameter Value in Part R102 Old=100K New=33R
Change Value of Parameter Mfg_PN in Part R103 Old=311-10GRCT-ND New=RC0603JR-0733RL
Change Value of Parameter Supplier1_PN in Part R103 Old=311-100KGRCT-ND New=311-33GRCT-ND
Change Value of Parameter Value in Part R103 Old=1MEG New=33R
Change Value of Parameter Mfg_PN in Part R104 Old=311-10GRCT-ND New=RC0603JR-0733RL
Change Value of Parameter Supplier1_PN in Part R104 Old=311-100KGRCT-ND New=311-33GRCT-ND
Change Value of Parameter Value in Part R104 Old=1k New=33R
Change Value of Parameter Mfg_PN in Part R105 Old=311-10GRCT-ND New=RC0603JR-0733RL
Change Value of Parameter Supplier1_PN in Part R105 Old=311-100KGRCT-ND New=311-33GRCT-ND
Change Value of Parameter Value in Part R105 Old=1k New=33R
Change Value of Parameter Mfg_PN in Part R106 Old=311-10GRCT-ND New=RC0603JR-0733RL
Change Value of Parameter Supplier1_PN in Part R106 Old=311-100KGRCT-ND New=311-33GRCT-ND
Change Value of Parameter Value in Part R106 Old=68R New=33R
Change Value of Parameter Mfg_PN in Part R107 Old=311-10GRCT-ND New=RC0603JR-0733RL
Change Value of Parameter Supplier1_PN in Part R107 Old=311-100KGRCT-ND New=311-33GRCT-ND
Change Value of Parameter Value in Part R107 Old=22k New=33R
Change Value of Parameter Mfg_PN in Part R108 Old=311-10GRCT-ND New=RC0603JR-0733RL
Change Value of Parameter Supplier1_PN in Part R108 Old=311-100KGRCT-ND New=311-33GRCT-ND
Change Value of Parameter Value in Part R108 Old=500R New=33R
Replace Symbol from C125 Capacitor in C:\ADAPTONE_PCB\01 - SCHEMAS ET PCB\99 - WORKING COPY\CARTE_DE_SON\OutputConnectors.SchDoc with Capacitor from LIB_ADAPTONE_PASCAL_LEMIEUX.SchLib
Replace Symbol from C126 Capacitor in C:\ADAPTONE_PCB\01 - SCHEMAS ET PCB\99 - WORKING COPY\CARTE_DE_SON\OutputConnectors.SchDoc with Capacitor from LIB_ADAPTONE_PASCAL_LEMIEUX.SchLib
Replace Symbol from C127 Capacitor in C:\ADAPTONE_PCB\01 - SCHEMAS ET PCB\99 - WORKING COPY\CARTE_DE_SON\OutputConnectors.SchDoc with Capacitor from ADAPTONE_CARTE_DE_SON.IntLib
Replace Symbol from C128 Capacitor in C:\ADAPTONE_PCB\01 - SCHEMAS ET PCB\99 - WORKING COPY\CARTE_DE_SON\OutputConnectors.SchDoc with Capacitor from ADAPTONE_CARTE_DE_SON.IntLib
Replace Symbol from C129 Capacitor in C:\ADAPTONE_PCB\01 - SCHEMAS ET PCB\99 - WORKING COPY\CARTE_DE_SON\OutputConnectors.SchDoc with Capacitor from ADAPTONE_CARTE_DE_SON.IntLib
Replace Symbol from C130 Capacitor in C:\ADAPTONE_PCB\01 - SCHEMAS ET PCB\99 - WORKING COPY\CARTE_DE_SON\OutputConnectors.SchDoc with Capacitor from LIB_ADAPTONE_PASCAL_LEMIEUX.SchLib
Replace Symbol from C131 Capacitor in C:\ADAPTONE_PCB\01 - SCHEMAS ET PCB\99 - WORKING COPY\CARTE_DE_SON\OutputConnectors.SchDoc with Capacitor from LIB_ADAPTONE_PASCAL_LEMIEUX.SchLib
Replace Symbol from C132 Capacitor in C:\ADAPTONE_PCB\01 - SCHEMAS ET PCB\99 - WORKING COPY\CARTE_DE_SON\OutputConnectors.SchDoc with Capacitor from LIB_ADAPTONE_PASCAL_LEMIEUX.SchLib
Replace Symbol from C133 Capacitor in C:\ADAPTONE_PCB\01 - SCHEMAS ET PCB\99 - WORKING COPY\CARTE_DE_SON\OutputConnectors.SchDoc with Capacitor from LIB_ADAPTONE_PASCAL_LEMIEUX.SchLib
Replace Symbol from C134 Capacitor in C:\ADAPTONE_PCB\01 - SCHEMAS ET PCB\99 - WORKING COPY\CARTE_DE_SON\OutputConnectors.SchDoc with Capacitor from LIB_ADAPTONE_PASCAL_LEMIEUX.SchLib
Replace Symbol from C135 Capacitor in C:\ADAPTONE_PCB\01 - SCHEMAS ET PCB\99 - WORKING COPY\CARTE_DE_SON\OutputConnectors.SchDoc with Capacitor from LIB_ADAPTONE_PASCAL_LEMIEUX.SchLib
Replace Symbol from C136 Capacitor in C:\ADAPTONE_PCB\01 - SCHEMAS ET PCB\99 - WORKING COPY\CARTE_DE_SON\OutputConnectors.SchDoc with Capacitor from LIB_ADAPTONE_PASCAL_LEMIEUX.SchLib
Replace Symbol from C137 Capacitor in C:\ADAPTONE_PCB\01 - SCHEMAS ET PCB\99 - WORKING COPY\CARTE_DE_SON\OutputConnectors.SchDoc with Capacitor from LIB_ADAPTONE_PASCAL_LEMIEUX.SchLib
Replace Symbol from C138 Capacitor in C:\ADAPTONE_PCB\01 - SCHEMAS ET PCB\99 - WORKING COPY\CARTE_DE_SON\OutputConnectors.SchDoc with Capacitor from LIB_ADAPTONE_PASCAL_LEMIEUX.SchLib
Replace Symbol from C139 Capacitor in C:\ADAPTONE_PCB\01 - SCHEMAS ET PCB\99 - WORKING COPY\CARTE_DE_SON\OutputConnectors.SchDoc with Capacitor from LIB_ADAPTONE_PASCAL_LEMIEUX.SchLib
Replace Symbol from C140 Capacitor in C:\ADAPTONE_PCB\01 - SCHEMAS ET PCB\99 - WORKING COPY\CARTE_DE_SON\OutputConnectors.SchDoc with Capacitor from LIB_ADAPTONE_PASCAL_LEMIEUX.SchLib
Replace Symbol from C141 Capacitor in C:\ADAPTONE_PCB\01 - SCHEMAS ET PCB\99 - WORKING COPY\CARTE_DE_SON\OutputConnectors.SchDoc with Capacitor from LIB_ADAPTONE_PASCAL_LEMIEUX.SchLib
Replace Symbol from D13 Diode_dual in C:\ADAPTONE_PCB\01 - SCHEMAS ET PCB\99 - WORKING COPY\CARTE_DE_SON\OutputConnectors.SchDoc with Diode_dual from ADAPTONE_CARTE_DE_SON.IntLib
Replace Symbol from D14 Diode_dual in C:\ADAPTONE_PCB\01 - SCHEMAS ET PCB\99 - WORKING COPY\CARTE_DE_SON\OutputConnectors.SchDoc with Diode_dual from ADAPTONE_CARTE_DE_SON.IntLib
Replace Symbol from D15 Diode_dual in C:\ADAPTONE_PCB\01 - SCHEMAS ET PCB\99 - WORKING COPY\CARTE_DE_SON\OutputConnectors.SchDoc with Diode_dual from ADAPTONE_CARTE_DE_SON.IntLib
Replace Symbol from D16 Diode_dual in C:\ADAPTONE_PCB\01 - SCHEMAS ET PCB\99 - WORKING COPY\CARTE_DE_SON\OutputConnectors.SchDoc with Diode_dual from ADAPTONE_CARTE_DE_SON.IntLib
Replace Symbol from J5 CON_XH_JST_7pins in C:\ADAPTONE_PCB\01 - SCHEMAS ET PCB\99 - WORKING COPY\CARTE_DE_SON\OutputConnectors.SchDoc with CON_XH_JST_7pins from LIB_ADAPTONE_PASCAL_LEMIEUX.SchLib
Replace Symbol from R81 Resistor in C:\ADAPTONE_PCB\01 - SCHEMAS ET PCB\99 - WORKING COPY\CARTE_DE_SON\OutputConnectors.SchDoc with Resistor from LIB_ADAPTONE_PASCAL_LEMIEUX.SchLib
Replace Symbol from R82 Resistor in C:\ADAPTONE_PCB\01 - SCHEMAS ET PCB\99 - WORKING COPY\CARTE_DE_SON\OutputConnectors.SchDoc with Resistor from LIB_ADAPTONE_PASCAL_LEMIEUX.SchLib
Replace Symbol from R83 Resistor in C:\ADAPTONE_PCB\01 - SCHEMAS ET PCB\99 - WORKING COPY\CARTE_DE_SON\OutputConnectors.SchDoc with Resistor from LIB_ADAPTONE_PASCAL_LEMIEUX.SchLib
Replace Symbol from R84 Resistor in C:\ADAPTONE_PCB\01 - SCHEMAS ET PCB\99 - WORKING COPY\CARTE_DE_SON\OutputConnectors.SchDoc with Resistor from LIB_ADAPTONE_PASCAL_LEMIEUX.SchLib
Replace Symbol from R85 Resistor in C:\ADAPTONE_PCB\01 - SCHEMAS ET PCB\99 - WORKING COPY\CARTE_DE_SON\OutputConnectors.SchDoc with Resistor from LIB_ADAPTONE_PASCAL_LEMIEUX.SchLib
Replace Symbol from R86 Resistor in C:\ADAPTONE_PCB\01 - SCHEMAS ET PCB\99 - WORKING COPY\CARTE_DE_SON\OutputConnectors.SchDoc with Resistor from LIB_ADAPTONE_PASCAL_LEMIEUX.SchLib
Replace Symbol from R87 Resistor in C:\ADAPTONE_PCB\01 - SCHEMAS ET PCB\99 - WORKING COPY\CARTE_DE_SON\OutputConnectors.SchDoc with Resistor from LIB_ADAPTONE_PASCAL_LEMIEUX.SchLib
Replace Symbol from R88 Resistor in C:\ADAPTONE_PCB\01 - SCHEMAS ET PCB\99 - WORKING COPY\CARTE_DE_SON\OutputConnectors.SchDoc with Resistor from LIB_ADAPTONE_PASCAL_LEMIEUX.SchLib
Replace Symbol from R89 Resistor in C:\ADAPTONE_PCB\01 - SCHEMAS ET PCB\99 - WORKING COPY\CARTE_DE_SON\OutputConnectors.SchDoc with Resistor from LIB_ADAPTONE_PASCAL_LEMIEUX.SchLib
Replace Symbol from R90 Resistor in C:\ADAPTONE_PCB\01 - SCHEMAS ET PCB\99 - WORKING COPY\CARTE_DE_SON\OutputConnectors.SchDoc with Resistor from LIB_ADAPTONE_PASCAL_LEMIEUX.SchLib
Replace Symbol from R91 Resistor in C:\ADAPTONE_PCB\01 - SCHEMAS ET PCB\99 - WORKING COPY\CARTE_DE_SON\OutputConnectors.SchDoc with Resistor from LIB_ADAPTONE_PASCAL_LEMIEUX.SchLib
Replace Symbol from R92 Resistor in C:\ADAPTONE_PCB\01 - SCHEMAS ET PCB\99 - WORKING COPY\CARTE_DE_SON\OutputConnectors.SchDoc with Resistor from LIB_ADAPTONE_PASCAL_LEMIEUX.SchLib
Replace Symbol from R93 Resistor in C:\ADAPTONE_PCB\01 - SCHEMAS ET PCB\99 - WORKING COPY\CARTE_DE_SON\OutputConnectors.SchDoc with Resistor from LIB_ADAPTONE_PASCAL_LEMIEUX.SchLib
Replace Symbol from R94 Resistor in C:\ADAPTONE_PCB\01 - SCHEMAS ET PCB\99 - WORKING COPY\CARTE_DE_SON\OutputConnectors.SchDoc with Resistor from LIB_ADAPTONE_PASCAL_LEMIEUX.SchLib
Replace Symbol from R95 Resistor in C:\ADAPTONE_PCB\01 - SCHEMAS ET PCB\99 - WORKING COPY\CARTE_DE_SON\OutputConnectors.SchDoc with Resistor from LIB_ADAPTONE_PASCAL_LEMIEUX.SchLib
Replace Symbol from R96 Resistor in C:\ADAPTONE_PCB\01 - SCHEMAS ET PCB\99 - WORKING COPY\CARTE_DE_SON\OutputConnectors.SchDoc with Resistor from LIB_ADAPTONE_PASCAL_LEMIEUX.SchLib
Replace Symbol from R97 Resistor in C:\ADAPTONE_PCB\01 - SCHEMAS ET PCB\99 - WORKING COPY\CARTE_DE_SON\OutputConnectors.SchDoc with Resistor from LIB_ADAPTONE_PASCAL_LEMIEUX.SchLib
Replace Symbol from R98 Resistor in C:\ADAPTONE_PCB\01 - SCHEMAS ET PCB\99 - WORKING COPY\CARTE_DE_SON\OutputConnectors.SchDoc with Resistor from LIB_ADAPTONE_PASCAL_LEMIEUX.SchLib
Replace Symbol from R99 Resistor in C:\ADAPTONE_PCB\01 - SCHEMAS ET PCB\99 - WORKING COPY\CARTE_DE_SON\OutputConnectors.SchDoc with Resistor from LIB_ADAPTONE_PASCAL_LEMIEUX.SchLib
Replace Symbol from R100 Resistor in C:\ADAPTONE_PCB\01 - SCHEMAS ET PCB\99 - WORKING COPY\CARTE_DE_SON\OutputConnectors.SchDoc with Resistor from LIB_ADAPTONE_PASCAL_LEMIEUX.SchLib
Replace Symbol from R101 Resistor in C:\ADAPTONE_PCB\01 - SCHEMAS ET PCB\99 - WORKING COPY\CARTE_DE_SON\OutputConnectors.SchDoc with Resistor from LIB_ADAPTONE_PASCAL_LEMIEUX.SchLib
Replace Symbol from R102 Resistor in C:\ADAPTONE_PCB\01 - SCHEMAS ET PCB\99 - WORKING COPY\CARTE_DE_SON\OutputConnectors.SchDoc with Resistor from LIB_ADAPTONE_PASCAL_LEMIEUX.SchLib
Replace Symbol from R103 Resistor in C:\ADAPTONE_PCB\01 - SCHEMAS ET PCB\99 - WORKING COPY\CARTE_DE_SON\OutputConnectors.SchDoc with Resistor from LIB_ADAPTONE_PASCAL_LEMIEUX.SchLib
Replace Symbol from R104 Resistor in C:\ADAPTONE_PCB\01 - SCHEMAS ET PCB\99 - WORKING COPY\CARTE_DE_SON\OutputConnectors.SchDoc with Resistor from LIB_ADAPTONE_PASCAL_LEMIEUX.SchLib
Replace Symbol from R105 Resistor in C:\ADAPTONE_PCB\01 - SCHEMAS ET PCB\99 - WORKING COPY\CARTE_DE_SON\OutputConnectors.SchDoc with Resistor from LIB_ADAPTONE_PASCAL_LEMIEUX.SchLib
Replace Symbol from R106 Resistor in C:\ADAPTONE_PCB\01 - SCHEMAS ET PCB\99 - WORKING COPY\CARTE_DE_SON\OutputConnectors.SchDoc with Resistor from LIB_ADAPTONE_PASCAL_LEMIEUX.SchLib
Replace Symbol from R107 Resistor in C:\ADAPTONE_PCB\01 - SCHEMAS ET PCB\99 - WORKING COPY\CARTE_DE_SON\OutputConnectors.SchDoc with Resistor from LIB_ADAPTONE_PASCAL_LEMIEUX.SchLib
Replace Symbol from R108 Resistor in C:\ADAPTONE_PCB\01 - SCHEMAS ET PCB\99 - WORKING COPY\CARTE_DE_SON\OutputConnectors.SchDoc with Resistor from LIB_ADAPTONE_PASCAL_LEMIEUX.SchLib
Replace Symbol from U23 OPA1664 in C:\ADAPTONE_PCB\01 - SCHEMAS ET PCB\99 - WORKING COPY\CARTE_DE_SON\OutputConnectors.SchDoc with OPA1664 from LIB_ADAPTONE_PASCAL_LEMIEUX.SchLib
Replace Symbol from U23 OPA1664 in C:\ADAPTONE_PCB\01 - SCHEMAS ET PCB\99 - WORKING COPY\CARTE_DE_SON\OutputConnectors.SchDoc with OPA1664 from LIB_ADAPTONE_PASCAL_LEMIEUX.SchLib
Replace Symbol from U23 OPA1664 in C:\ADAPTONE_PCB\01 - SCHEMAS ET PCB\99 - WORKING COPY\CARTE_DE_SON\OutputConnectors.SchDoc with OPA1664 from LIB_ADAPTONE_PASCAL_LEMIEUX.SchLib
Replace Symbol from U23 OPA1664 in C:\ADAPTONE_PCB\01 - SCHEMAS ET PCB\99 - WORKING COPY\CARTE_DE_SON\OutputConnectors.SchDoc with OPA1664 from LIB_ADAPTONE_PASCAL_LEMIEUX.SchLib
