Replace Part C124 Capacitor in C:\ADAPTONE_PCB\01 - SCHEMAS ET PCB\99 - WORKING COPY\CARTE_DE_SON\OutputConnectors.SchDoc with Capacitor from LIB_ADAPTONE_PASCAL_LEMIEUX.SchLib
Replace Part C125 Capacitor in C:\ADAPTONE_PCB\01 - SCHEMAS ET PCB\99 - WORKING COPY\CARTE_DE_SON\OutputConnectors.SchDoc with Capacitor from LIB_ADAPTONE_PASCAL_LEMIEUX.SchLib
Replace Part C126 Capacitor in C:\ADAPTONE_PCB\01 - SCHEMAS ET PCB\99 - WORKING COPY\CARTE_DE_SON\OutputConnectors.SchDoc with Capacitor from ADAPTONE_CARTE_DE_SON.IntLib
Replace Part C127 Capacitor in C:\ADAPTONE_PCB\01 - SCHEMAS ET PCB\99 - WORKING COPY\CARTE_DE_SON\OutputConnectors.SchDoc with Capacitor from ADAPTONE_CARTE_DE_SON.IntLib
Replace Part C128 Capacitor in C:\ADAPTONE_PCB\01 - SCHEMAS ET PCB\99 - WORKING COPY\CARTE_DE_SON\OutputConnectors.SchDoc with Capacitor from ADAPTONE_CARTE_DE_SON.IntLib
Replace Part C129 Capacitor in C:\ADAPTONE_PCB\01 - SCHEMAS ET PCB\99 - WORKING COPY\CARTE_DE_SON\OutputConnectors.SchDoc with Capacitor from LIB_ADAPTONE_PASCAL_LEMIEUX.SchLib
Replace Part C130 Capacitor in C:\ADAPTONE_PCB\01 - SCHEMAS ET PCB\99 - WORKING COPY\CARTE_DE_SON\OutputConnectors.SchDoc with Capacitor from LIB_ADAPTONE_PASCAL_LEMIEUX.SchLib
Replace Part C131 Capacitor in C:\ADAPTONE_PCB\01 - SCHEMAS ET PCB\99 - WORKING COPY\CARTE_DE_SON\OutputConnectors.SchDoc with Capacitor from LIB_ADAPTONE_PASCAL_LEMIEUX.SchLib
Replace Part C132 Capacitor in C:\ADAPTONE_PCB\01 - SCHEMAS ET PCB\99 - WORKING COPY\CARTE_DE_SON\OutputConnectors.SchDoc with Capacitor from LIB_ADAPTONE_PASCAL_LEMIEUX.SchLib
Replace Part C133 Capacitor in C:\ADAPTONE_PCB\01 - SCHEMAS ET PCB\99 - WORKING COPY\CARTE_DE_SON\OutputConnectors.SchDoc with Capacitor from LIB_ADAPTONE_PASCAL_LEMIEUX.SchLib
Replace Part C134 Capacitor in C:\ADAPTONE_PCB\01 - SCHEMAS ET PCB\99 - WORKING COPY\CARTE_DE_SON\OutputConnectors.SchDoc with Capacitor from LIB_ADAPTONE_PASCAL_LEMIEUX.SchLib
Replace Part C135 Capacitor in C:\ADAPTONE_PCB\01 - SCHEMAS ET PCB\99 - WORKING COPY\CARTE_DE_SON\OutputConnectors.SchDoc with Capacitor from LIB_ADAPTONE_PASCAL_LEMIEUX.SchLib
Replace Part C136 Capacitor in C:\ADAPTONE_PCB\01 - SCHEMAS ET PCB\99 - WORKING COPY\CARTE_DE_SON\OutputConnectors.SchDoc with Capacitor from LIB_ADAPTONE_PASCAL_LEMIEUX.SchLib
Replace Part C137 Capacitor in C:\ADAPTONE_PCB\01 - SCHEMAS ET PCB\99 - WORKING COPY\CARTE_DE_SON\OutputConnectors.SchDoc with Capacitor from LIB_ADAPTONE_PASCAL_LEMIEUX.SchLib
Replace Part C138 Capacitor in C:\ADAPTONE_PCB\01 - SCHEMAS ET PCB\99 - WORKING COPY\CARTE_DE_SON\OutputConnectors.SchDoc with Capacitor from LIB_ADAPTONE_PASCAL_LEMIEUX.SchLib
Replace Part C139 Capacitor in C:\ADAPTONE_PCB\01 - SCHEMAS ET PCB\99 - WORKING COPY\CARTE_DE_SON\OutputConnectors.SchDoc with Capacitor from LIB_ADAPTONE_PASCAL_LEMIEUX.SchLib
Replace Part C140 Capacitor in C:\ADAPTONE_PCB\01 - SCHEMAS ET PCB\99 - WORKING COPY\CARTE_DE_SON\OutputConnectors.SchDoc with Capacitor from LIB_ADAPTONE_PASCAL_LEMIEUX.SchLib
Replace Part D13 Diode_dual in C:\ADAPTONE_PCB\01 - SCHEMAS ET PCB\99 - WORKING COPY\CARTE_DE_SON\OutputConnectors.SchDoc with Diode_dual from ADAPTONE_CARTE_DE_SON.IntLib
Replace Part D14 Diode_dual in C:\ADAPTONE_PCB\01 - SCHEMAS ET PCB\99 - WORKING COPY\CARTE_DE_SON\OutputConnectors.SchDoc with Diode_dual from ADAPTONE_CARTE_DE_SON.IntLib
Replace Part D15 Diode_dual in C:\ADAPTONE_PCB\01 - SCHEMAS ET PCB\99 - WORKING COPY\CARTE_DE_SON\OutputConnectors.SchDoc with Diode_dual from ADAPTONE_CARTE_DE_SON.IntLib
Replace Part D16 Diode_dual in C:\ADAPTONE_PCB\01 - SCHEMAS ET PCB\99 - WORKING COPY\CARTE_DE_SON\OutputConnectors.SchDoc with Diode_dual from ADAPTONE_CARTE_DE_SON.IntLib
Replace Part J5 CON_XH_JST_7pins in C:\ADAPTONE_PCB\01 - SCHEMAS ET PCB\99 - WORKING COPY\CARTE_DE_SON\OutputConnectors.SchDoc with CON_XH_JST_7pins from LIB_ADAPTONE_PASCAL_LEMIEUX.SchLib
Replace Part R81 Resistor in C:\ADAPTONE_PCB\01 - SCHEMAS ET PCB\99 - WORKING COPY\CARTE_DE_SON\OutputConnectors.SchDoc with Resistor from LIB_ADAPTONE_PASCAL_LEMIEUX.SchLib
Replace Part R82 Resistor in C:\ADAPTONE_PCB\01 - SCHEMAS ET PCB\99 - WORKING COPY\CARTE_DE_SON\OutputConnectors.SchDoc with Resistor from LIB_ADAPTONE_PASCAL_LEMIEUX.SchLib
Replace Part R83 Resistor in C:\ADAPTONE_PCB\01 - SCHEMAS ET PCB\99 - WORKING COPY\CARTE_DE_SON\OutputConnectors.SchDoc with Resistor from LIB_ADAPTONE_PASCAL_LEMIEUX.SchLib
Replace Part R84 Resistor in C:\ADAPTONE_PCB\01 - SCHEMAS ET PCB\99 - WORKING COPY\CARTE_DE_SON\OutputConnectors.SchDoc with Resistor from LIB_ADAPTONE_PASCAL_LEMIEUX.SchLib
Replace Part R85 Resistor in C:\ADAPTONE_PCB\01 - SCHEMAS ET PCB\99 - WORKING COPY\CARTE_DE_SON\OutputConnectors.SchDoc with Resistor from LIB_ADAPTONE_PASCAL_LEMIEUX.SchLib
Replace Part R86 Resistor in C:\ADAPTONE_PCB\01 - SCHEMAS ET PCB\99 - WORKING COPY\CARTE_DE_SON\OutputConnectors.SchDoc with Resistor from LIB_ADAPTONE_PASCAL_LEMIEUX.SchLib
Replace Part R87 Resistor in C:\ADAPTONE_PCB\01 - SCHEMAS ET PCB\99 - WORKING COPY\CARTE_DE_SON\OutputConnectors.SchDoc with Resistor from LIB_ADAPTONE_PASCAL_LEMIEUX.SchLib
Replace Part R88 Resistor in C:\ADAPTONE_PCB\01 - SCHEMAS ET PCB\99 - WORKING COPY\CARTE_DE_SON\OutputConnectors.SchDoc with Resistor from LIB_ADAPTONE_PASCAL_LEMIEUX.SchLib
Replace Part R89 Resistor in C:\ADAPTONE_PCB\01 - SCHEMAS ET PCB\99 - WORKING COPY\CARTE_DE_SON\OutputConnectors.SchDoc with Resistor from LIB_ADAPTONE_PASCAL_LEMIEUX.SchLib
Replace Part R90 Resistor in C:\ADAPTONE_PCB\01 - SCHEMAS ET PCB\99 - WORKING COPY\CARTE_DE_SON\OutputConnectors.SchDoc with Resistor from LIB_ADAPTONE_PASCAL_LEMIEUX.SchLib
Replace Part R91 Resistor in C:\ADAPTONE_PCB\01 - SCHEMAS ET PCB\99 - WORKING COPY\CARTE_DE_SON\OutputConnectors.SchDoc with Resistor from LIB_ADAPTONE_PASCAL_LEMIEUX.SchLib
Replace Part R92 Resistor in C:\ADAPTONE_PCB\01 - SCHEMAS ET PCB\99 - WORKING COPY\CARTE_DE_SON\OutputConnectors.SchDoc with Resistor from LIB_ADAPTONE_PASCAL_LEMIEUX.SchLib
Replace Part R93 Resistor in C:\ADAPTONE_PCB\01 - SCHEMAS ET PCB\99 - WORKING COPY\CARTE_DE_SON\OutputConnectors.SchDoc with Resistor from LIB_ADAPTONE_PASCAL_LEMIEUX.SchLib
Replace Part R94 Resistor in C:\ADAPTONE_PCB\01 - SCHEMAS ET PCB\99 - WORKING COPY\CARTE_DE_SON\OutputConnectors.SchDoc with Resistor from LIB_ADAPTONE_PASCAL_LEMIEUX.SchLib
Replace Part R95 Resistor in C:\ADAPTONE_PCB\01 - SCHEMAS ET PCB\99 - WORKING COPY\CARTE_DE_SON\OutputConnectors.SchDoc with Resistor from LIB_ADAPTONE_PASCAL_LEMIEUX.SchLib
Replace Part R96 Resistor in C:\ADAPTONE_PCB\01 - SCHEMAS ET PCB\99 - WORKING COPY\CARTE_DE_SON\OutputConnectors.SchDoc with Resistor from LIB_ADAPTONE_PASCAL_LEMIEUX.SchLib
Replace Part R97 Resistor in C:\ADAPTONE_PCB\01 - SCHEMAS ET PCB\99 - WORKING COPY\CARTE_DE_SON\OutputConnectors.SchDoc with Resistor from LIB_ADAPTONE_PASCAL_LEMIEUX.SchLib
Replace Part R98 Resistor in C:\ADAPTONE_PCB\01 - SCHEMAS ET PCB\99 - WORKING COPY\CARTE_DE_SON\OutputConnectors.SchDoc with Resistor from LIB_ADAPTONE_PASCAL_LEMIEUX.SchLib
Replace Part R99 Resistor in C:\ADAPTONE_PCB\01 - SCHEMAS ET PCB\99 - WORKING COPY\CARTE_DE_SON\OutputConnectors.SchDoc with Resistor from LIB_ADAPTONE_PASCAL_LEMIEUX.SchLib
Replace Part R100 Resistor in C:\ADAPTONE_PCB\01 - SCHEMAS ET PCB\99 - WORKING COPY\CARTE_DE_SON\OutputConnectors.SchDoc with Resistor from LIB_ADAPTONE_PASCAL_LEMIEUX.SchLib
Replace Part R101 Resistor in C:\ADAPTONE_PCB\01 - SCHEMAS ET PCB\99 - WORKING COPY\CARTE_DE_SON\OutputConnectors.SchDoc with Resistor from LIB_ADAPTONE_PASCAL_LEMIEUX.SchLib
Replace Part R102 Resistor in C:\ADAPTONE_PCB\01 - SCHEMAS ET PCB\99 - WORKING COPY\CARTE_DE_SON\OutputConnectors.SchDoc with Resistor from LIB_ADAPTONE_PASCAL_LEMIEUX.SchLib
Replace Part R103 Resistor in C:\ADAPTONE_PCB\01 - SCHEMAS ET PCB\99 - WORKING COPY\CARTE_DE_SON\OutputConnectors.SchDoc with Resistor from LIB_ADAPTONE_PASCAL_LEMIEUX.SchLib
Replace Part R104 Resistor in C:\ADAPTONE_PCB\01 - SCHEMAS ET PCB\99 - WORKING COPY\CARTE_DE_SON\OutputConnectors.SchDoc with Resistor from LIB_ADAPTONE_PASCAL_LEMIEUX.SchLib
Replace Part R105 Resistor in C:\ADAPTONE_PCB\01 - SCHEMAS ET PCB\99 - WORKING COPY\CARTE_DE_SON\OutputConnectors.SchDoc with Resistor from LIB_ADAPTONE_PASCAL_LEMIEUX.SchLib
Replace Part R106 Resistor in C:\ADAPTONE_PCB\01 - SCHEMAS ET PCB\99 - WORKING COPY\CARTE_DE_SON\OutputConnectors.SchDoc with Resistor from LIB_ADAPTONE_PASCAL_LEMIEUX.SchLib
Replace Part R107 Resistor in C:\ADAPTONE_PCB\01 - SCHEMAS ET PCB\99 - WORKING COPY\CARTE_DE_SON\OutputConnectors.SchDoc with Resistor from LIB_ADAPTONE_PASCAL_LEMIEUX.SchLib
Replace Part R108 Resistor in C:\ADAPTONE_PCB\01 - SCHEMAS ET PCB\99 - WORKING COPY\CARTE_DE_SON\OutputConnectors.SchDoc with Resistor from LIB_ADAPTONE_PASCAL_LEMIEUX.SchLib
Replace Part U23 OPA1664 in C:\ADAPTONE_PCB\01 - SCHEMAS ET PCB\99 - WORKING COPY\CARTE_DE_SON\OutputConnectors.SchDoc with OPA1664 from LIB_ADAPTONE_PASCAL_LEMIEUX.SchLib
Replace Part U23 OPA1664 in C:\ADAPTONE_PCB\01 - SCHEMAS ET PCB\99 - WORKING COPY\CARTE_DE_SON\OutputConnectors.SchDoc with OPA1664 from LIB_ADAPTONE_PASCAL_LEMIEUX.SchLib
Replace Part U23 OPA1664 in C:\ADAPTONE_PCB\01 - SCHEMAS ET PCB\99 - WORKING COPY\CARTE_DE_SON\OutputConnectors.SchDoc with OPA1664 from LIB_ADAPTONE_PASCAL_LEMIEUX.SchLib
Replace Part U23 OPA1664 in C:\ADAPTONE_PCB\01 - SCHEMAS ET PCB\99 - WORKING COPY\CARTE_DE_SON\OutputConnectors.SchDoc with OPA1664 from LIB_ADAPTONE_PASCAL_LEMIEUX.SchLib
