Change Component Designator: Old Designator=C124 New Designator=C?
Change Component Designator: Old Designator=C125 New Designator=C?
Change Component Designator: Old Designator=C126 New Designator=C?
Change Component Designator: Old Designator=C127 New Designator=C?
Change Component Designator: Old Designator=C128 New Designator=C?
Change Component Designator: Old Designator=C129 New Designator=C?
Change Component Designator: Old Designator=C130 New Designator=C?
Change Component Designator: Old Designator=C131 New Designator=C?
Change Component Designator: Old Designator=C132 New Designator=C?
Change Component Designator: Old Designator=C133 New Designator=C?
Change Component Designator: Old Designator=C134 New Designator=C?
Change Component Designator: Old Designator=C135 New Designator=C?
Change Component Designator: Old Designator=C136 New Designator=C?
Change Component Designator: Old Designator=C137 New Designator=C?
Change Component Designator: Old Designator=C138 New Designator=C?
Change Component Designator: Old Designator=C139 New Designator=C?
Change Component Designator: Old Designator=C140 New Designator=C?
Change Component Designator: Old Designator=D13 New Designator=D?
Change Component Designator: Old Designator=D14 New Designator=D?
Change Component Designator: Old Designator=D15 New Designator=D?
Change Component Designator: Old Designator=D16 New Designator=D?
Change Component Designator: Old Designator=J5 New Designator=J?
Change Component Designator: Old Designator=R81 New Designator=R?
Change Component Designator: Old Designator=R82 New Designator=R?
Change Component Designator: Old Designator=R83 New Designator=R?
Change Component Designator: Old Designator=R84 New Designator=R?
Change Component Designator: Old Designator=R85 New Designator=R?
Change Component Designator: Old Designator=R86 New Designator=R?
Change Component Designator: Old Designator=R87 New Designator=R?
Change Component Designator: Old Designator=R88 New Designator=R?
Change Component Designator: Old Designator=R89 New Designator=R?
Change Component Designator: Old Designator=R90 New Designator=R?
Change Component Designator: Old Designator=R91 New Designator=R?
Change Component Designator: Old Designator=R92 New Designator=R?
Change Component Designator: Old Designator=R93 New Designator=R?
Change Component Designator: Old Designator=R94 New Designator=R?
Change Component Designator: Old Designator=R95 New Designator=R?
Change Component Designator: Old Designator=R96 New Designator=R?
Change Component Designator: Old Designator=R97 New Designator=R?
Change Component Designator: Old Designator=R98 New Designator=R?
Change Component Designator: Old Designator=R99 New Designator=R?
Change Component Designator: Old Designator=R100 New Designator=R?
Change Component Designator: Old Designator=R101 New Designator=R?
Change Component Designator: Old Designator=R102 New Designator=R?
Change Component Designator: Old Designator=R103 New Designator=R?
Change Component Designator: Old Designator=R104 New Designator=R?
Change Component Designator: Old Designator=R105 New Designator=R?
Change Component Designator: Old Designator=R106 New Designator=R?
Change Component Designator: Old Designator=R107 New Designator=R?
Change Component Designator: Old Designator=R108 New Designator=R?
Change Component Designator: Old Designator=U23 New Designator=U?
Change Component Designator: Old Designator=U23 New Designator=U?
Change Component Designator: Old Designator=U23 New Designator=U?
Change Component Designator: Old Designator=U23 New Designator=U?
