Removed Pin From Net: NetName=NetC55.1_1 Pin=U17.1-2
Removed Pin From Net: NetName=NetC68.1_2 Pin=U17.1-3
Removed Pin From Net: NetName=+5VA Pin=U17.1-4
Removed Pin From Net: NetName=GND Pin=U17.1-11
Removed Pin From Net: NetName=NetC55.2_1 Pin=U17.2-2
Removed Pin From Net: NetName=NetC68.2_2 Pin=U17.2-3
Removed Pin From Net: NetName=+5VA Pin=U17.2-4
Removed Pin From Net: NetName=GND Pin=U17.2-11
Removed Pin From Net: NetName=NetC55.3_1 Pin=U17.3-2
Removed Pin From Net: NetName=NetC68.3_2 Pin=U17.3-3
Removed Pin From Net: NetName=+5VA Pin=U17.3-4
Removed Pin From Net: NetName=GND Pin=U17.3-11
Removed Pin From Net: NetName=NetC55.4_1 Pin=U17.4-2
Removed Pin From Net: NetName=NetC68.4_2 Pin=U17.4-3
Removed Pin From Net: NetName=+5VA Pin=U17.4-4
Removed Pin From Net: NetName=GND Pin=U17.4-11
Removed Pin From Net: NetName=NetC55.5_1 Pin=U17.5-2
Removed Pin From Net: NetName=NetC68.5_2 Pin=U17.5-3
Removed Pin From Net: NetName=+5VA Pin=U17.5-4
Removed Pin From Net: NetName=GND Pin=U17.5-11
Removed Pin From Net: NetName=NetC55.6_1 Pin=U17.6-2
Removed Pin From Net: NetName=NetC68.6_2 Pin=U17.6-3
Removed Pin From Net: NetName=+5VA Pin=U17.6-4
Removed Pin From Net: NetName=GND Pin=U17.6-11
Removed Pin From Net: NetName=NetC55.7_1 Pin=U17.7-2
Removed Pin From Net: NetName=NetC68.7_2 Pin=U17.7-3
Removed Pin From Net: NetName=+5VA Pin=U17.7-4
Removed Pin From Net: NetName=GND Pin=U17.7-11
Removed Pin From Net: NetName=NetC55.8_1 Pin=U17.8-2
Removed Pin From Net: NetName=NetC68.8_2 Pin=U17.8-3
Removed Pin From Net: NetName=+5VA Pin=U17.8-4
Removed Pin From Net: NetName=GND Pin=U17.8-11
Removed Pin From Net: NetName=NetC55.9_1 Pin=U17.9-2
Removed Pin From Net: NetName=NetC68.9_2 Pin=U17.9-3
Removed Pin From Net: NetName=+5VA Pin=U17.9-4
Removed Pin From Net: NetName=GND Pin=U17.9-11
Removed Pin From Net: NetName=NetC55.10_1 Pin=U17.10-2
Removed Pin From Net: NetName=NetC68.10_2 Pin=U17.10-3
Removed Pin From Net: NetName=+5VA Pin=U17.10-4
Removed Pin From Net: NetName=GND Pin=U17.10-11
Removed Pin From Net: NetName=NetC55.11_1 Pin=U17.11-2
Removed Pin From Net: NetName=NetC68.11_2 Pin=U17.11-3
Removed Pin From Net: NetName=+5VA Pin=U17.11-4
Removed Pin From Net: NetName=GND Pin=U17.11-11
Removed Pin From Net: NetName=NetC55.12_1 Pin=U17.12-2
Removed Pin From Net: NetName=NetC68.12_2 Pin=U17.12-3
Removed Pin From Net: NetName=+5VA Pin=U17.12-4
Removed Pin From Net: NetName=GND Pin=U17.12-11
Removed Pin From Net: NetName=NetC55.13_1 Pin=U17.13-2
Removed Pin From Net: NetName=NetC68.13_2 Pin=U17.13-3
Removed Pin From Net: NetName=+5VA Pin=U17.13-4
Removed Pin From Net: NetName=GND Pin=U17.13-11
Removed Pin From Net: NetName=NetC55.14_1 Pin=U17.14-2
Removed Pin From Net: NetName=NetC68.14_2 Pin=U17.14-3
Removed Pin From Net: NetName=+5VA Pin=U17.14-4
Removed Pin From Net: NetName=GND Pin=U17.14-11
Removed Pin From Net: NetName=NetC55.15_1 Pin=U17.15-2
Removed Pin From Net: NetName=NetC68.15_2 Pin=U17.15-3
Removed Pin From Net: NetName=+5VA Pin=U17.15-4
Removed Pin From Net: NetName=GND Pin=U17.15-11
Removed Pin From Net: NetName=NetC55.16_1 Pin=U17.16-2
Removed Pin From Net: NetName=NetC68.16_2 Pin=U17.16-3
Removed Pin From Net: NetName=+5VA Pin=U17.16-4
Removed Pin From Net: NetName=GND Pin=U17.16-11
Removed Pin From Net: NetName=NetC125.1_1 Pin=U23.1-2
Removed Pin From Net: NetName=NetC132_U_OutputConnectors1_1 Pin=U23.1-3
Removed Pin From Net: NetName=+5VA Pin=U23.1-4
Removed Pin From Net: NetName=GND Pin=U23.1-11
Removed Pin From Net: NetName=NetC125.2_1 Pin=U23.2-2
Removed Pin From Net: NetName=NetC132_U_OutputConnectors2_1 Pin=U23.2-3
Removed Pin From Net: NetName=+5VA Pin=U23.2-4
Removed Pin From Net: NetName=GND Pin=U23.2-11
Removed Pin From Net: NetName=NetC125.3_1 Pin=U23.3-2
Removed Pin From Net: NetName=NetC132_U_OutputConnectors3_1 Pin=U23.3-3
Removed Pin From Net: NetName=+5VA Pin=U23.3-4
Removed Pin From Net: NetName=GND Pin=U23.3-11
Removed Pin From Net: NetName=NetC125.4_1 Pin=U23.4-2
Removed Pin From Net: NetName=NetC132_U_OutputConnectors4_1 Pin=U23.4-3
Removed Pin From Net: NetName=+5VA Pin=U23.4-4
Removed Pin From Net: NetName=GND Pin=U23.4-11
Removed Pin From Net: NetName=NetC125.5_1 Pin=U23.5-2
Removed Pin From Net: NetName=NetC132_U_OutputConnectors5_1 Pin=U23.5-3
Removed Pin From Net: NetName=+5VA Pin=U23.5-4
Removed Pin From Net: NetName=GND Pin=U23.5-11
Removed Pin From Net: NetName=NetC125.6_1 Pin=U23.6-2
Removed Pin From Net: NetName=NetC132_U_OutputConnectors6_1 Pin=U23.6-3
Removed Pin From Net: NetName=+5VA Pin=U23.6-4
Removed Pin From Net: NetName=GND Pin=U23.6-11
Removed Pin From Net: NetName=NetC125.7_1 Pin=U23.7-2
Removed Pin From Net: NetName=NetC132_U_OutputConnectors7_1 Pin=U23.7-3
Removed Pin From Net: NetName=+5VA Pin=U23.7-4
Removed Pin From Net: NetName=GND Pin=U23.7-11
Removed Pin From Net: NetName=NetC125.8_1 Pin=U23.8-2
Removed Pin From Net: NetName=NetC132_U_OutputConnectors8_1 Pin=U23.8-3
Removed Pin From Net: NetName=+5VA Pin=U23.8-4
Removed Pin From Net: NetName=GND Pin=U23.8-11
Removed Pin From Net: NetName=+5VA Pin=U27-8
Removed Pin From Net: NetName=GND Pin=U27-11
Removed Pin From Net: NetName=GND Pin=U27-11
Removed Pin From Net: NetName=GND Pin=U27-11
Removed Pin From Net: NetName=GND Pin=U27-11
Removed Pin From Net: NetName=GND Pin=U27-11
Change Component Comment : Designator=C32.1 Old Comment=Capacitor_Polarized New Comment=Capacitor_Polarized_1
Change Component Comment : Designator=C32.2 Old Comment=Capacitor_Polarized New Comment=Capacitor_Polarized_1
Change Component Comment : Designator=C119.1 Old Comment=Capacitor_Polarized New Comment=Capacitor_Polarized_1
Change Component Comment : Designator=C119.2 Old Comment=Capacitor_Polarized New Comment=Capacitor_Polarized_1
Added Component: Designator=D1(SOD-123)
Added Component: Designator=D6(SOD-123)
Added Pin To Net: NetName=NetD1_1 Pin=D1-1
Added Pin To Net: NetName=+12V0 Pin=D1-2
Added Pin To Net: NetName=NetD6_1 Pin=D6-1
Added Pin To Net: NetName=+54V0 Pin=D6-2
Added Pin To Net: NetName=NetC68.1_2 Pin=U17.1-2
Added Pin To Net: NetName=NetC55.1_1 Pin=U17.1-3
Added Pin To Net: NetName=GND Pin=U17.1-4
Added Pin To Net: NetName=+5VA Pin=U17.1-11
Added Pin To Net: NetName=NetC68.2_2 Pin=U17.2-2
Added Pin To Net: NetName=NetC55.2_1 Pin=U17.2-3
Added Pin To Net: NetName=GND Pin=U17.2-4
Added Pin To Net: NetName=+5VA Pin=U17.2-11
Added Pin To Net: NetName=NetC68.3_2 Pin=U17.3-2
Added Pin To Net: NetName=NetC55.3_1 Pin=U17.3-3
Added Pin To Net: NetName=GND Pin=U17.3-4
Added Pin To Net: NetName=+5VA Pin=U17.3-11
Added Pin To Net: NetName=NetC68.4_2 Pin=U17.4-2
Added Pin To Net: NetName=NetC55.4_1 Pin=U17.4-3
Added Pin To Net: NetName=GND Pin=U17.4-4
Added Pin To Net: NetName=+5VA Pin=U17.4-11
Added Pin To Net: NetName=NetC68.5_2 Pin=U17.5-2
Added Pin To Net: NetName=NetC55.5_1 Pin=U17.5-3
Added Pin To Net: NetName=GND Pin=U17.5-4
Added Pin To Net: NetName=+5VA Pin=U17.5-11
Added Pin To Net: NetName=NetC68.6_2 Pin=U17.6-2
Added Pin To Net: NetName=NetC55.6_1 Pin=U17.6-3
Added Pin To Net: NetName=GND Pin=U17.6-4
Added Pin To Net: NetName=+5VA Pin=U17.6-11
Added Pin To Net: NetName=NetC68.7_2 Pin=U17.7-2
Added Pin To Net: NetName=NetC55.7_1 Pin=U17.7-3
Added Pin To Net: NetName=GND Pin=U17.7-4
Added Pin To Net: NetName=+5VA Pin=U17.7-11
Added Pin To Net: NetName=NetC68.8_2 Pin=U17.8-2
Added Pin To Net: NetName=NetC55.8_1 Pin=U17.8-3
Added Pin To Net: NetName=GND Pin=U17.8-4
Added Pin To Net: NetName=+5VA Pin=U17.8-11
Added Pin To Net: NetName=NetC68.9_2 Pin=U17.9-2
Added Pin To Net: NetName=NetC55.9_1 Pin=U17.9-3
Added Pin To Net: NetName=GND Pin=U17.9-4
Added Pin To Net: NetName=+5VA Pin=U17.9-11
Added Pin To Net: NetName=NetC68.10_2 Pin=U17.10-2
Added Pin To Net: NetName=NetC55.10_1 Pin=U17.10-3
Added Pin To Net: NetName=GND Pin=U17.10-4
Added Pin To Net: NetName=+5VA Pin=U17.10-11
Added Pin To Net: NetName=NetC68.11_2 Pin=U17.11-2
Added Pin To Net: NetName=NetC55.11_1 Pin=U17.11-3
Added Pin To Net: NetName=GND Pin=U17.11-4
Added Pin To Net: NetName=+5VA Pin=U17.11-11
Added Pin To Net: NetName=NetC68.12_2 Pin=U17.12-2
Added Pin To Net: NetName=NetC55.12_1 Pin=U17.12-3
Added Pin To Net: NetName=GND Pin=U17.12-4
Added Pin To Net: NetName=+5VA Pin=U17.12-11
Added Pin To Net: NetName=NetC68.13_2 Pin=U17.13-2
Added Pin To Net: NetName=NetC55.13_1 Pin=U17.13-3
Added Pin To Net: NetName=GND Pin=U17.13-4
Added Pin To Net: NetName=+5VA Pin=U17.13-11
Added Pin To Net: NetName=NetC68.14_2 Pin=U17.14-2
Added Pin To Net: NetName=NetC55.14_1 Pin=U17.14-3
Added Pin To Net: NetName=GND Pin=U17.14-4
Added Pin To Net: NetName=+5VA Pin=U17.14-11
Added Pin To Net: NetName=NetC68.15_2 Pin=U17.15-2
Added Pin To Net: NetName=NetC55.15_1 Pin=U17.15-3
Added Pin To Net: NetName=GND Pin=U17.15-4
Added Pin To Net: NetName=+5VA Pin=U17.15-11
Added Pin To Net: NetName=NetC68.16_2 Pin=U17.16-2
Added Pin To Net: NetName=NetC55.16_1 Pin=U17.16-3
Added Pin To Net: NetName=GND Pin=U17.16-4
Added Pin To Net: NetName=+5VA Pin=U17.16-11
Added Pin To Net: NetName=NetC132_U_OutputConnectors1_1 Pin=U23.1-2
Added Pin To Net: NetName=NetC125.1_1 Pin=U23.1-3
Added Pin To Net: NetName=GND Pin=U23.1-4
Added Pin To Net: NetName=+5VA Pin=U23.1-11
Added Pin To Net: NetName=NetC132_U_OutputConnectors2_1 Pin=U23.2-2
Added Pin To Net: NetName=NetC125.2_1 Pin=U23.2-3
Added Pin To Net: NetName=GND Pin=U23.2-4
Added Pin To Net: NetName=+5VA Pin=U23.2-11
Added Pin To Net: NetName=NetC132_U_OutputConnectors3_1 Pin=U23.3-2
Added Pin To Net: NetName=NetC125.3_1 Pin=U23.3-3
Added Pin To Net: NetName=GND Pin=U23.3-4
Added Pin To Net: NetName=+5VA Pin=U23.3-11
Added Pin To Net: NetName=NetC132_U_OutputConnectors4_1 Pin=U23.4-2
Added Pin To Net: NetName=NetC125.4_1 Pin=U23.4-3
Added Pin To Net: NetName=GND Pin=U23.4-4
Added Pin To Net: NetName=+5VA Pin=U23.4-11
Added Pin To Net: NetName=NetC132_U_OutputConnectors5_1 Pin=U23.5-2
Added Pin To Net: NetName=NetC125.5_1 Pin=U23.5-3
Added Pin To Net: NetName=GND Pin=U23.5-4
Added Pin To Net: NetName=+5VA Pin=U23.5-11
Added Pin To Net: NetName=NetC132_U_OutputConnectors6_1 Pin=U23.6-2
Added Pin To Net: NetName=NetC125.6_1 Pin=U23.6-3
Added Pin To Net: NetName=GND Pin=U23.6-4
Added Pin To Net: NetName=+5VA Pin=U23.6-11
Added Pin To Net: NetName=NetC132_U_OutputConnectors7_1 Pin=U23.7-2
Added Pin To Net: NetName=NetC125.7_1 Pin=U23.7-3
Added Pin To Net: NetName=GND Pin=U23.7-4
Added Pin To Net: NetName=+5VA Pin=U23.7-11
Added Pin To Net: NetName=NetC132_U_OutputConnectors8_1 Pin=U23.8-2
Added Pin To Net: NetName=NetC125.8_1 Pin=U23.8-3
Added Pin To Net: NetName=GND Pin=U23.8-4
Added Pin To Net: NetName=+5VA Pin=U23.8-11
Added Pin To Net: NetName=B1 Pin=U27-8
Added Pin To Net: NetName=+3V3 Pin=U27-11
Added Pin To Net: NetName=+3V3 Pin=U27-11
Added Pin To Net: NetName=+3V3 Pin=U27-11
Added Pin To Net: NetName=+3V3 Pin=U27-11
Added Pin To Net: NetName=+3V3 Pin=U27-11
