Change Component Designator: OldDesignator=C132 NewDesignator=C132_U_OutputConnectors6
Added Class: Name=ADC1
Added Class: Name=ADC2
Added Class: Name=AUDIO INPUTS
Added Class: Name=CLOCK
Added Class: Name=DAC1
Added Class: Name=DAC2
Added Class: Name=U_InputAmplifier1
Added Class: Name=U_InputAmplifier2
Added Class: Name=U_InputAmplifier3
Added Class: Name=U_InputAmplifier4
Added Class: Name=U_InputAmplifier5
Added Class: Name=U_InputAmplifier6
Added Class: Name=U_InputAmplifier7
Added Class: Name=U_InputAmplifier8
Added Class: Name=U_InputAmplifier9
Added Class: Name=U_InputAmplifier10
Added Class: Name=U_InputAmplifier11
Added Class: Name=U_InputAmplifier12
Added Class: Name=U_InputAmplifier13
Added Class: Name=U_InputAmplifier14
Added Class: Name=U_InputAmplifier15
Added Class: Name=U_InputAmplifier16
Added Class: Name=U_InputsConnectors1
Added Class: Name=U_InputsConnectors2
Added Class: Name=U_InputsConnectors3
Added Class: Name=U_InputsConnectors4
Added Class: Name=U_InputsConnectors5
Added Class: Name=U_InputsConnectors6
Added Class: Name=U_InputsConnectors7
Added Class: Name=U_InputsConnectors8
Added Class: Name=C1_Nets
Added Class: Name=C2_Nets
Added Class: Name=C3_Nets
Added Class: Name=C4_Nets
Added Class: Name=C5_Nets
Added Class: Name=C6_Nets
Added Class: Name=C7_Nets
Added Class: Name=C8_Nets
Added Class: Name=C9_Nets
Added Class: Name=C10_Nets
Added Class: Name=C11_Nets
Added Class: Name=C12_Nets
Added Class: Name=C13_Nets
Added Class: Name=C14_Nets
Added Class: Name=C15_Nets
Added Class: Name=C16_Nets
Added Class: Name=C17_Nets
Added Class: Name=C18_Nets
Added Class: Name=C19_Nets
Added Class: Name=C20_Nets
Added Class: Name=C21_Nets
Added Class: Name=C22_Nets
Added Class: Name=C23_Nets
Added Class: Name=C24_Nets
Added Class: Name=C25_Nets
Added Class: Name=C26_Nets
Added Class: Name=C27.1_Nets
Added Class: Name=C27.2_Nets
Added Class: Name=C28.1_Nets
Added Class: Name=C28.2_Nets
Added Class: Name=C29.1_Nets
Added Class: Name=C29.2_Nets
Added Class: Name=C30.1_Nets
Added Class: Name=C30.2_Nets
Added Class: Name=C31.1_Nets
Added Class: Name=C31.2_Nets
Added Class: Name=C32.1_Nets
Added Class: Name=C32.2_Nets
Added Class: Name=C33.1_Nets
Added Class: Name=C33.2_Nets
Added Class: Name=C34.1_Nets
Added Class: Name=C34.2_Nets
Added Class: Name=C35.1_Nets
Added Class: Name=C35.2_Nets
Added Class: Name=C36.1_Nets
Added Class: Name=C36.2_Nets
Added Class: Name=C37.1_Nets
Added Class: Name=C37.2_Nets
Added Class: Name=C38.1_Nets
Added Class: Name=C38.2_Nets
Added Class: Name=C39_Nets
Added Class: Name=C40_Nets
Added Class: Name=C41_Nets
Added Class: Name=C42_Nets
Added Class: Name=C43_Nets
Added Class: Name=C44_Nets
Added Class: Name=C45_Nets
Added Class: Name=C46_Nets
Added Class: Name=C47_Nets
Added Class: Name=C48_Nets
Added Class: Name=C49_Nets
Added Class: Name=C50_Nets
Added Class: Name=C51_Nets
Added Class: Name=C52_Nets
Added Class: Name=C53_Nets
Added Class: Name=C54_Nets
Added Class: Name=C55.1_Nets
Added Class: Name=C55.2_Nets
Added Class: Name=C55.3_Nets
Added Class: Name=C55.4_Nets
Added Class: Name=C55.5_Nets
Added Class: Name=C55.6_Nets
Added Class: Name=C55.7_Nets
Added Class: Name=C55.8_Nets
Added Class: Name=C55.9_Nets
Added Class: Name=C55.10_Nets
Added Class: Name=C55.11_Nets
Added Class: Name=C55.12_Nets
Added Class: Name=C55.13_Nets
Added Class: Name=C55.14_Nets
Added Class: Name=C55.15_Nets
Added Class: Name=C55.16_Nets
Added Class: Name=C56.1_Nets
Added Class: Name=C56.2_Nets
Added Class: Name=C56.3_Nets
Added Class: Name=C56.4_Nets
Added Class: Name=C56.5_Nets
Added Class: Name=C56.6_Nets
Added Class: Name=C56.7_Nets
Added Class: Name=C56.8_Nets
Added Class: Name=C56.9_Nets
Added Class: Name=C56.10_Nets
Added Class: Name=C56.11_Nets
Added Class: Name=C56.12_Nets
Added Class: Name=C56.13_Nets
Added Class: Name=C56.14_Nets
Added Class: Name=C56.15_Nets
Added Class: Name=C56.16_Nets
Added Class: Name=C57.1_Nets
Added Class: Name=C57.2_Nets
Added Class: Name=C57.3_Nets
Added Class: Name=C57.4_Nets
Added Class: Name=C57.5_Nets
Added Class: Name=C57.6_Nets
Added Class: Name=C57.7_Nets
Added Class: Name=C57.8_Nets
Added Class: Name=C57.9_Nets
Added Class: Name=C57.10_Nets
Added Class: Name=C57.11_Nets
Added Class: Name=C57.12_Nets
Added Class: Name=C57.13_Nets
Added Class: Name=C57.14_Nets
Added Class: Name=C57.15_Nets
Added Class: Name=C57.16_Nets
Added Class: Name=C58.1_Nets
Added Class: Name=C58.2_Nets
Added Class: Name=C58.3_Nets
Added Class: Name=C58.4_Nets
Added Class: Name=C58.5_Nets
Added Class: Name=C58.6_Nets
Added Class: Name=C58.7_Nets
Added Class: Name=C58.8_Nets
Added Class: Name=C58.9_Nets
Added Class: Name=C58.10_Nets
Added Class: Name=C58.11_Nets
Added Class: Name=C58.12_Nets
Added Class: Name=C58.13_Nets
Added Class: Name=C58.14_Nets
Added Class: Name=C58.15_Nets
Added Class: Name=C58.16_Nets
Added Class: Name=C59.1_Nets
Added Class: Name=C59.2_Nets
Added Class: Name=C59.3_Nets
Added Class: Name=C59.4_Nets
Added Class: Name=C59.5_Nets
Added Class: Name=C59.6_Nets
Added Class: Name=C59.7_Nets
Added Class: Name=C59.8_Nets
Added Class: Name=C59.9_Nets
Added Class: Name=C59.10_Nets
Added Class: Name=C59.11_Nets
Added Class: Name=C59.12_Nets
Added Class: Name=C59.13_Nets
Added Class: Name=C59.14_Nets
Added Class: Name=C59.15_Nets
Added Class: Name=C59.16_Nets
Added Class: Name=C60.1_Nets
Added Class: Name=C60.2_Nets
Added Class: Name=C60.3_Nets
Added Class: Name=C60.4_Nets
Added Class: Name=C60.5_Nets
Added Class: Name=C60.6_Nets
Added Class: Name=C60.7_Nets
Added Class: Name=C60.8_Nets
Added Class: Name=C60.9_Nets
Added Class: Name=C60.10_Nets
Added Class: Name=C60.11_Nets
Added Class: Name=C60.12_Nets
Added Class: Name=C60.13_Nets
Added Class: Name=C60.14_Nets
Added Class: Name=C60.15_Nets
Added Class: Name=C60.16_Nets
Added Class: Name=C61.1_Nets
Added Class: Name=C61.2_Nets
Added Class: Name=C61.3_Nets
Added Class: Name=C61.4_Nets
Added Class: Name=C61.5_Nets
Added Class: Name=C61.6_Nets
Added Class: Name=C61.7_Nets
Added Class: Name=C61.8_Nets
Added Class: Name=C61.9_Nets
Added Class: Name=C61.10_Nets
Added Class: Name=C61.11_Nets
Added Class: Name=C61.12_Nets
Added Class: Name=C61.13_Nets
Added Class: Name=C61.14_Nets
Added Class: Name=C61.15_Nets
Added Class: Name=C61.16_Nets
Added Class: Name=C62.1_Nets
Added Class: Name=C62.2_Nets
Added Class: Name=C62.3_Nets
Added Class: Name=C62.4_Nets
Added Class: Name=C62.5_Nets
Added Class: Name=C62.6_Nets
Added Class: Name=C62.7_Nets
Added Class: Name=C62.8_Nets
Added Class: Name=C62.9_Nets
Added Class: Name=C62.10_Nets
Added Class: Name=C62.11_Nets
Added Class: Name=C62.12_Nets
Added Class: Name=C62.13_Nets
Added Class: Name=C62.14_Nets
Added Class: Name=C62.15_Nets
Added Class: Name=C62.16_Nets
Added Class: Name=C63.1_Nets
Added Class: Name=C63.2_Nets
Added Class: Name=C63.3_Nets
Added Class: Name=C63.4_Nets
Added Class: Name=C63.5_Nets
Added Class: Name=C63.6_Nets
Added Class: Name=C63.7_Nets
Added Class: Name=C63.8_Nets
Added Class: Name=C63.9_Nets
Added Class: Name=C63.10_Nets
Added Class: Name=C63.11_Nets
Added Class: Name=C63.12_Nets
Added Class: Name=C63.13_Nets
Added Class: Name=C63.14_Nets
Added Class: Name=C63.15_Nets
Added Class: Name=C63.16_Nets
Added Class: Name=C64.1_Nets
Added Class: Name=C64.2_Nets
Added Class: Name=C64.3_Nets
Added Class: Name=C64.4_Nets
Added Class: Name=C64.5_Nets
Added Class: Name=C64.6_Nets
Added Class: Name=C64.7_Nets
Added Class: Name=C64.8_Nets
Added Class: Name=C64.9_Nets
Added Class: Name=C64.10_Nets
Added Class: Name=C64.11_Nets
Added Class: Name=C64.12_Nets
Added Class: Name=C64.13_Nets
Added Class: Name=C64.14_Nets
Added Class: Name=C64.15_Nets
Added Class: Name=C64.16_Nets
Added Class: Name=C65.1_Nets
Added Class: Name=C65.2_Nets
Added Class: Name=C65.3_Nets
Added Class: Name=C65.4_Nets
Added Class: Name=C65.5_Nets
Added Class: Name=C65.6_Nets
Added Class: Name=C65.7_Nets
Added Class: Name=C65.8_Nets
Added Class: Name=C65.9_Nets
Added Class: Name=C65.10_Nets
Added Class: Name=C65.11_Nets
Added Class: Name=C65.12_Nets
Added Class: Name=C65.13_Nets
Added Class: Name=C65.14_Nets
Added Class: Name=C65.15_Nets
Added Class: Name=C65.16_Nets
Added Class: Name=C66.1_Nets
Added Class: Name=C66.2_Nets
Added Class: Name=C66.3_Nets
Added Class: Name=C66.4_Nets
Added Class: Name=C66.5_Nets
Added Class: Name=C66.6_Nets
Added Class: Name=C66.7_Nets
Added Class: Name=C66.8_Nets
Added Class: Name=C66.9_Nets
Added Class: Name=C66.10_Nets
Added Class: Name=C66.11_Nets
Added Class: Name=C66.12_Nets
Added Class: Name=C66.13_Nets
Added Class: Name=C66.14_Nets
Added Class: Name=C66.15_Nets
Added Class: Name=C66.16_Nets
Added Class: Name=C67.1_Nets
Added Class: Name=C67.2_Nets
Added Class: Name=C67.3_Nets
Added Class: Name=C67.4_Nets
Added Class: Name=C67.5_Nets
Added Class: Name=C67.6_Nets
Added Class: Name=C67.7_Nets
Added Class: Name=C67.8_Nets
Added Class: Name=C67.9_Nets
Added Class: Name=C67.10_Nets
Added Class: Name=C67.11_Nets
Added Class: Name=C67.12_Nets
Added Class: Name=C67.13_Nets
Added Class: Name=C67.14_Nets
Added Class: Name=C67.15_Nets
Added Class: Name=C67.16_Nets
Added Class: Name=C68.1_Nets
Added Class: Name=C68.2_Nets
Added Class: Name=C68.3_Nets
Added Class: Name=C68.4_Nets
Added Class: Name=C68.5_Nets
Added Class: Name=C68.6_Nets
Added Class: Name=C68.7_Nets
Added Class: Name=C68.8_Nets
Added Class: Name=C68.9_Nets
Added Class: Name=C68.10_Nets
Added Class: Name=C68.11_Nets
Added Class: Name=C68.12_Nets
Added Class: Name=C68.13_Nets
Added Class: Name=C68.14_Nets
Added Class: Name=C68.15_Nets
Added Class: Name=C68.16_Nets
Added Class: Name=C69.1_Nets
Added Class: Name=C69.2_Nets
Added Class: Name=C69.3_Nets
Added Class: Name=C69.4_Nets
Added Class: Name=C69.5_Nets
Added Class: Name=C69.6_Nets
Added Class: Name=C69.7_Nets
Added Class: Name=C69.8_Nets
Added Class: Name=C69.9_Nets
Added Class: Name=C69.10_Nets
Added Class: Name=C69.11_Nets
Added Class: Name=C69.12_Nets
Added Class: Name=C69.13_Nets
Added Class: Name=C69.14_Nets
Added Class: Name=C69.15_Nets
Added Class: Name=C69.16_Nets
Added Class: Name=C70.1_Nets
Added Class: Name=C70.2_Nets
Added Class: Name=C70.3_Nets
Added Class: Name=C70.4_Nets
Added Class: Name=C70.5_Nets
Added Class: Name=C70.6_Nets
Added Class: Name=C70.7_Nets
Added Class: Name=C70.8_Nets
Added Class: Name=C70.9_Nets
Added Class: Name=C70.10_Nets
Added Class: Name=C70.11_Nets
Added Class: Name=C70.12_Nets
Added Class: Name=C70.13_Nets
Added Class: Name=C70.14_Nets
Added Class: Name=C70.15_Nets
Added Class: Name=C70.16_Nets
Added Class: Name=C71.1_Nets
Added Class: Name=C71.2_Nets
Added Class: Name=C71.3_Nets
Added Class: Name=C71.4_Nets
Added Class: Name=C71.5_Nets
Added Class: Name=C71.6_Nets
Added Class: Name=C71.7_Nets
Added Class: Name=C71.8_Nets
Added Class: Name=C71.9_Nets
Added Class: Name=C71.10_Nets
Added Class: Name=C71.11_Nets
Added Class: Name=C71.12_Nets
Added Class: Name=C71.13_Nets
Added Class: Name=C71.14_Nets
Added Class: Name=C71.15_Nets
Added Class: Name=C71.16_Nets
Added Class: Name=C72.1_Nets
Added Class: Name=C72.2_Nets
Added Class: Name=C72.3_Nets
Added Class: Name=C72.4_Nets
Added Class: Name=C72.5_Nets
Added Class: Name=C72.6_Nets
Added Class: Name=C72.7_Nets
Added Class: Name=C72.8_Nets
Added Class: Name=C72.9_Nets
Added Class: Name=C72.10_Nets
Added Class: Name=C72.11_Nets
Added Class: Name=C72.12_Nets
Added Class: Name=C72.13_Nets
Added Class: Name=C72.14_Nets
Added Class: Name=C72.15_Nets
Added Class: Name=C72.16_Nets
Added Class: Name=C73.1_Nets
Added Class: Name=C73.2_Nets
Added Class: Name=C73.3_Nets
Added Class: Name=C73.4_Nets
Added Class: Name=C73.5_Nets
Added Class: Name=C73.6_Nets
Added Class: Name=C73.7_Nets
Added Class: Name=C73.8_Nets
Added Class: Name=C73.9_Nets
Added Class: Name=C73.10_Nets
Added Class: Name=C73.11_Nets
Added Class: Name=C73.12_Nets
Added Class: Name=C73.13_Nets
Added Class: Name=C73.14_Nets
Added Class: Name=C73.15_Nets
Added Class: Name=C73.16_Nets
Added Class: Name=C74.1_Nets
Added Class: Name=C74.2_Nets
Added Class: Name=C74.3_Nets
Added Class: Name=C74.4_Nets
Added Class: Name=C74.5_Nets
Added Class: Name=C74.6_Nets
Added Class: Name=C74.7_Nets
Added Class: Name=C74.8_Nets
Added Class: Name=C74.9_Nets
Added Class: Name=C74.10_Nets
Added Class: Name=C74.11_Nets
Added Class: Name=C74.12_Nets
Added Class: Name=C74.13_Nets
Added Class: Name=C74.14_Nets
Added Class: Name=C74.15_Nets
Added Class: Name=C74.16_Nets
Added Class: Name=C75.1_Nets
Added Class: Name=C75.2_Nets
Added Class: Name=C75.3_Nets
Added Class: Name=C75.4_Nets
Added Class: Name=C75.5_Nets
Added Class: Name=C75.6_Nets
Added Class: Name=C75.7_Nets
Added Class: Name=C75.8_Nets
Added Class: Name=C75.9_Nets
Added Class: Name=C75.10_Nets
Added Class: Name=C75.11_Nets
Added Class: Name=C75.12_Nets
Added Class: Name=C75.13_Nets
Added Class: Name=C75.14_Nets
Added Class: Name=C75.15_Nets
Added Class: Name=C75.16_Nets
Added Class: Name=C76.1_Nets
Added Class: Name=C76.2_Nets
Added Class: Name=C76.3_Nets
Added Class: Name=C76.4_Nets
Added Class: Name=C76.5_Nets
Added Class: Name=C76.6_Nets
Added Class: Name=C76.7_Nets
Added Class: Name=C76.8_Nets
Added Class: Name=C76.9_Nets
Added Class: Name=C76.10_Nets
Added Class: Name=C76.11_Nets
Added Class: Name=C76.12_Nets
Added Class: Name=C76.13_Nets
Added Class: Name=C76.14_Nets
Added Class: Name=C76.15_Nets
Added Class: Name=C76.16_Nets
Added Class: Name=C77_Nets
Added Class: Name=C78_Nets
Added Class: Name=C79_Nets
Added Class: Name=C80_Nets
Added Class: Name=C81_Nets
Added Class: Name=C82_Nets
Added Class: Name=C83_Nets
Added Class: Name=C84_Nets
Added Class: Name=C85_Nets
Added Class: Name=C86_Nets
Added Class: Name=C87_Nets
Added Class: Name=C88_Nets
Added Class: Name=C89_Nets
Added Class: Name=C90_Nets
Added Class: Name=C91_Nets
Added Class: Name=C92_Nets
Added Class: Name=C93_Nets
Added Class: Name=C94_Nets
Added Class: Name=C95_Nets
Added Class: Name=C96_Nets
Added Class: Name=C97_Nets
Added Class: Name=C98_Nets
Added Class: Name=C99_Nets
Added Class: Name=C100_Nets
Added Class: Name=C101_Nets
Added Class: Name=C102_Nets
Added Class: Name=C103_Nets
Added Class: Name=C104_Nets
Added Class: Name=C105_Nets
Added Class: Name=C106_Nets
Added Class: Name=C107_Nets
Added Class: Name=C108_Nets
Added Class: Name=C109_Nets
Added Class: Name=C110_Nets
Added Class: Name=C111_Nets
Added Class: Name=C112_Nets
Added Class: Name=C114.1_Nets
Added Class: Name=C114.2_Nets
Added Class: Name=C115.1_Nets
Added Class: Name=C115.2_Nets
Added Class: Name=C116.1_Nets
Added Class: Name=C116.2_Nets
Added Class: Name=C117.1_Nets
Added Class: Name=C117.2_Nets
Added Class: Name=C118.1_Nets
Added Class: Name=C118.2_Nets
Added Class: Name=C119.1_Nets
Added Class: Name=C119.2_Nets
Added Class: Name=C120.1_Nets
Added Class: Name=C120.2_Nets
Added Class: Name=C121.1_Nets
Added Class: Name=C121.2_Nets
Added Class: Name=C122.1_Nets
Added Class: Name=C122.2_Nets
Added Class: Name=C123.1_Nets
Added Class: Name=C123.2_Nets
Added Class: Name=C124.1_Nets
Added Class: Name=C124.2_Nets
Added Class: Name=C125.1_Nets
Added Class: Name=C125.2_Nets
Added Class: Name=C125.3_Nets
Added Class: Name=C125.4_Nets
Added Class: Name=C125.5_Nets
Added Class: Name=C125.6_Nets
Added Class: Name=C125.7_Nets
Added Class: Name=C125.8_Nets
Added Class: Name=C126.1_Nets
Added Class: Name=C126.2_Nets
Added Class: Name=C126.3_Nets
Added Class: Name=C126.4_Nets
Added Class: Name=C126.5_Nets
Added Class: Name=C126.6_Nets
Added Class: Name=C126.7_Nets
Added Class: Name=C126.8_Nets
Added Class: Name=C127.1_Nets
Added Class: Name=C127.2_Nets
Added Class: Name=C127.3_Nets
Added Class: Name=C127.4_Nets
Added Class: Name=C127.5_Nets
Added Class: Name=C127.6_Nets
Added Class: Name=C127.7_Nets
Added Class: Name=C127.8_Nets
Added Class: Name=C128.1_Nets
Added Class: Name=C128.2_Nets
Added Class: Name=C128.3_Nets
Added Class: Name=C128.4_Nets
Added Class: Name=C128.5_Nets
Added Class: Name=C128.6_Nets
Added Class: Name=C128.7_Nets
Added Class: Name=C128.8_Nets
Added Class: Name=C129.1_Nets
Added Class: Name=C129.2_Nets
Added Class: Name=C129.3_Nets
Added Class: Name=C129.4_Nets
Added Class: Name=C129.5_Nets
Added Class: Name=C129.6_Nets
Added Class: Name=C129.7_Nets
Added Class: Name=C129.8_Nets
Added Class: Name=C130.1_Nets
Added Class: Name=C130.2_Nets
Added Class: Name=C130.3_Nets
Added Class: Name=C130.4_Nets
Added Class: Name=C130.5_Nets
Added Class: Name=C130.6_Nets
Added Class: Name=C130.7_Nets
Added Class: Name=C130.8_Nets
Added Class: Name=C131.1_Nets
Added Class: Name=C131.2_Nets
Added Class: Name=C131.3_Nets
Added Class: Name=C131.4_Nets
Added Class: Name=C131.5_Nets
Added Class: Name=C131.6_Nets
Added Class: Name=C131.7_Nets
Added Class: Name=C131.8_Nets
Added Class: Name=C132.1_Nets
Added Class: Name=C132.2_Nets
Added Class: Name=C132.3_Nets
Added Class: Name=C132.4_Nets
Added Class: Name=C132.5_Nets
Added Class: Name=C132.6_Nets
Added Class: Name=C132.7_Nets
Added Class: Name=C132.8_Nets
Added Class: Name=C132_U_OutputConnectors1_Nets
Added Class: Name=C132_U_OutputConnectors2_Nets
Added Class: Name=C132_U_OutputConnectors3_Nets
Added Class: Name=C132_U_OutputConnectors4_Nets
Added Class: Name=C132_U_OutputConnectors5_Nets
Added Class: Name=C132_U_OutputConnectors6_Nets
Added Class: Name=C132_U_OutputConnectors7_Nets
Added Class: Name=C132_U_OutputConnectors8_Nets
Added Class: Name=C134.1_Nets
Added Class: Name=C134.2_Nets
Added Class: Name=C134.3_Nets
Added Class: Name=C134.4_Nets
Added Class: Name=C134.5_Nets
Added Class: Name=C134.6_Nets
Added Class: Name=C134.7_Nets
Added Class: Name=C134.8_Nets
Added Class: Name=C135.1_Nets
Added Class: Name=C135.2_Nets
Added Class: Name=C135.3_Nets
Added Class: Name=C135.4_Nets
Added Class: Name=C135.5_Nets
Added Class: Name=C135.6_Nets
Added Class: Name=C135.7_Nets
Added Class: Name=C135.8_Nets
Added Class: Name=C136.1_Nets
Added Class: Name=C136.2_Nets
Added Class: Name=C136.3_Nets
Added Class: Name=C136.4_Nets
Added Class: Name=C136.5_Nets
Added Class: Name=C136.6_Nets
Added Class: Name=C136.7_Nets
Added Class: Name=C136.8_Nets
Added Class: Name=C137.1_Nets
Added Class: Name=C137.2_Nets
Added Class: Name=C137.3_Nets
Added Class: Name=C137.4_Nets
Added Class: Name=C137.5_Nets
Added Class: Name=C137.6_Nets
Added Class: Name=C137.7_Nets
Added Class: Name=C137.8_Nets
Added Class: Name=C138.1_Nets
Added Class: Name=C138.2_Nets
Added Class: Name=C138.3_Nets
Added Class: Name=C138.4_Nets
Added Class: Name=C138.5_Nets
Added Class: Name=C138.6_Nets
Added Class: Name=C138.7_Nets
Added Class: Name=C138.8_Nets
Added Class: Name=C139.1_Nets
Added Class: Name=C139.2_Nets
Added Class: Name=C139.3_Nets
Added Class: Name=C139.4_Nets
Added Class: Name=C139.5_Nets
Added Class: Name=C139.6_Nets
Added Class: Name=C139.7_Nets
Added Class: Name=C139.8_Nets
Added Class: Name=C139_U_OutputConnectors1_Nets
Added Class: Name=C139_U_OutputConnectors2_Nets
Added Class: Name=C139_U_OutputConnectors3_Nets
Added Class: Name=C139_U_OutputConnectors4_Nets
Added Class: Name=C139_U_OutputConnectors5_Nets
Added Class: Name=C139_U_OutputConnectors6_Nets
Added Class: Name=C139_U_OutputConnectors7_Nets
Added Class: Name=C139_U_OutputConnectors8_Nets
Added Class: Name=C141.1_Nets
Added Class: Name=C141.2_Nets
Added Class: Name=C141.3_Nets
Added Class: Name=C141.4_Nets
Added Class: Name=C141.5_Nets
Added Class: Name=C141.6_Nets
Added Class: Name=C141.7_Nets
Added Class: Name=C141.8_Nets
Added Class: Name=C142_Nets
Added Class: Name=C143_Nets
Added Class: Name=C144_Nets
Added Class: Name=C145_Nets
Added Class: Name=C146_Nets
Added Class: Name=C147_Nets
Added Class: Name=C148_Nets
Added Class: Name=C149_Nets
Added Class: Name=C150_Nets
Added Class: Name=C151_Nets
Added Class: Name=C152_Nets
Added Class: Name=C153_Nets
Added Class: Name=C154_Nets
Added Class: Name=C155_Nets
Added Class: Name=C156_Nets
Added Class: Name=C157_Nets
Added Class: Name=C158_Nets
Added Class: Name=C159_Nets
Added Class: Name=C160_Nets
Added Class: Name=C161_Nets
Added Class: Name=C162_Nets
Added Class: Name=C163_Nets
Added Class: Name=C164_Nets
Added Class: Name=C165_Nets
Added Class: Name=C166_Nets
Added Class: Name=C167_Nets
Added Class: Name=C168_Nets
Added Class: Name=C169_Nets
Added Class: Name=C170_Nets
Added Class: Name=C171_Nets
Added Class: Name=C172_Nets
Added Class: Name=C173_Nets
Added Class: Name=C174_Nets
Added Class: Name=C175_Nets
Added Class: Name=C176_Nets
Added Class: Name=C177_Nets
Added Class: Name=C178_Nets
Added Class: Name=D1_Nets
Added Class: Name=D2_Nets
Added Class: Name=D3_Nets
Added Class: Name=D4_Nets
Added Class: Name=D5_Nets
Added Class: Name=D6_Nets
Added Class: Name=D7_Nets
Added Class: Name=D8_Nets
Added Class: Name=D9_Nets
Added Class: Name=D10.1_Nets
Added Class: Name=D10.2_Nets
Added Class: Name=D10.3_Nets
Added Class: Name=D10.4_Nets
Added Class: Name=D10.5_Nets
Added Class: Name=D10.6_Nets
Added Class: Name=D10.7_Nets
Added Class: Name=D10.8_Nets
Added Class: Name=D10.9_Nets
Added Class: Name=D10.10_Nets
Added Class: Name=D10.11_Nets
Added Class: Name=D10.12_Nets
Added Class: Name=D10.13_Nets
Added Class: Name=D10.14_Nets
Added Class: Name=D10.15_Nets
Added Class: Name=D10.16_Nets
Added Class: Name=D11.1_Nets
Added Class: Name=D11.2_Nets
Added Class: Name=D11.3_Nets
Added Class: Name=D11.4_Nets
Added Class: Name=D11.5_Nets
Added Class: Name=D11.6_Nets
Added Class: Name=D11.7_Nets
Added Class: Name=D11.8_Nets
Added Class: Name=D11.9_Nets
Added Class: Name=D11.10_Nets
Added Class: Name=D11.11_Nets
Added Class: Name=D11.12_Nets
Added Class: Name=D11.13_Nets
Added Class: Name=D11.14_Nets
Added Class: Name=D11.15_Nets
Added Class: Name=D11.16_Nets
Added Class: Name=D12.1_Nets
Added Class: Name=D12.2_Nets
Added Class: Name=D12.3_Nets
Added Class: Name=D12.4_Nets
Added Class: Name=D12.5_Nets
Added Class: Name=D12.6_Nets
Added Class: Name=D12.7_Nets
Added Class: Name=D12.8_Nets
Added Class: Name=D12.9_Nets
Added Class: Name=D12.10_Nets
Added Class: Name=D12.11_Nets
Added Class: Name=D12.12_Nets
Added Class: Name=D12.13_Nets
Added Class: Name=D12.14_Nets
Added Class: Name=D12.15_Nets
Added Class: Name=D12.16_Nets
Added Class: Name=D13.1_Nets
Added Class: Name=D13.2_Nets
Added Class: Name=D13.3_Nets
Added Class: Name=D13.4_Nets
Added Class: Name=D13.5_Nets
Added Class: Name=D13.6_Nets
Added Class: Name=D13.7_Nets
Added Class: Name=D13.8_Nets
Added Class: Name=D14.1_Nets
Added Class: Name=D14.2_Nets
Added Class: Name=D14.3_Nets
Added Class: Name=D14.4_Nets
Added Class: Name=D14.5_Nets
Added Class: Name=D14.6_Nets
Added Class: Name=D14.7_Nets
Added Class: Name=D14.8_Nets
Added Class: Name=D15.1_Nets
Added Class: Name=D15.2_Nets
Added Class: Name=D15.3_Nets
Added Class: Name=D15.4_Nets
Added Class: Name=D15.5_Nets
Added Class: Name=D15.6_Nets
Added Class: Name=D15.7_Nets
Added Class: Name=D15.8_Nets
Added Class: Name=D16.1_Nets
Added Class: Name=D16.2_Nets
Added Class: Name=D16.3_Nets
Added Class: Name=D16.4_Nets
Added Class: Name=D16.5_Nets
Added Class: Name=D16.6_Nets
Added Class: Name=D16.7_Nets
Added Class: Name=D16.8_Nets
Added Class: Name=D17_Nets
Added Class: Name=D18_Nets
Added Class: Name=D19_Nets
Added Class: Name=D20_Nets
Added Class: Name=D21_Nets
Added Class: Name=D22_Nets
Added Class: Name=D23_Nets
Added Class: Name=D24_Nets
Added Class: Name=FID1_Nets
Added Class: Name=FID2_Nets
Added Class: Name=FID3_Nets
Added Class: Name=FID4_Nets
Added Class: Name=FID5_Nets
Added Class: Name=FID6_Nets
Added Class: Name=J1_Nets
Added Class: Name=J2_Nets
Added Class: Name=J3_Nets
Added Class: Name=J4_Nets
Added Class: Name=J5.1_Nets
Added Class: Name=J5.2_Nets
Added Class: Name=J5.3_Nets
Added Class: Name=J5.4_Nets
Added Class: Name=J5.5_Nets
Added Class: Name=J5.6_Nets
Added Class: Name=J5.7_Nets
Added Class: Name=J5.8_Nets
Added Class: Name=J6.1_Nets
Added Class: Name=J6.2_Nets
Added Class: Name=J6.3_Nets
Added Class: Name=J6.4_Nets
Added Class: Name=J6.5_Nets
Added Class: Name=J6.6_Nets
Added Class: Name=J6.7_Nets
Added Class: Name=J6.8_Nets
Added Class: Name=J7.1_Nets
Added Class: Name=J7.2_Nets
Added Class: Name=J7.3_Nets
Added Class: Name=J7.4_Nets
Added Class: Name=J7.5_Nets
Added Class: Name=J7.6_Nets
Added Class: Name=J7.7_Nets
Added Class: Name=J7.8_Nets
Added Class: Name=J8_Nets
Added Class: Name=J9_Nets
Added Class: Name=L1_Nets
Added Class: Name=L2_Nets
Added Class: Name=L3_Nets
Added Class: Name=L4_Nets
Added Class: Name=L5_Nets
Added Class: Name=L6_Nets
Added Class: Name=L7_Nets
Added Class: Name=L8_Nets
Added Class: Name=L9_Nets
Added Class: Name=L10_Nets
Added Class: Name=P1_Nets
Added Class: Name=Q1_Nets
Added Class: Name=Q2_Nets
Added Class: Name=Q3_Nets
Added Class: Name=Q4_Nets
Added Class: Name=R1_Nets
Added Class: Name=R2_Nets
Added Class: Name=R3_Nets
Added Class: Name=R4_Nets
Added Class: Name=R5_Nets
Added Class: Name=R6_Nets
Added Class: Name=R7_Nets
Added Class: Name=R8_Nets
Added Class: Name=R9_Nets
Added Class: Name=R10_Nets
Added Class: Name=R11_Nets
Added Class: Name=R12_Nets
Added Class: Name=R13_Nets
Added Class: Name=R14_Nets
Added Class: Name=R15_Nets
Added Class: Name=R16_Nets
Added Class: Name=R17_Nets
Added Class: Name=R18_Nets
Added Class: Name=R19_Nets
Added Class: Name=R20_Nets
Added Class: Name=R21_Nets
Added Class: Name=R22_Nets
Added Class: Name=R23_Nets
Added Class: Name=R24_Nets
Added Class: Name=R25_Nets
Added Class: Name=R26_Nets
Added Class: Name=R27_Nets
Added Class: Name=R28_Nets
Added Class: Name=R29.1_Nets
Added Class: Name=R29.2_Nets
Added Class: Name=R30.1_Nets
Added Class: Name=R30.2_Nets
Added Class: Name=R31.1_Nets
Added Class: Name=R31.2_Nets
Added Class: Name=R32.1_Nets
Added Class: Name=R32.2_Nets
Added Class: Name=R33.1_Nets
Added Class: Name=R33.2_Nets
Added Class: Name=R34.1_Nets
Added Class: Name=R34.2_Nets
Added Class: Name=R34.3_Nets
Added Class: Name=R34.4_Nets
Added Class: Name=R34.5_Nets
Added Class: Name=R34.6_Nets
Added Class: Name=R34.7_Nets
Added Class: Name=R34.8_Nets
Added Class: Name=R34.9_Nets
Added Class: Name=R34.10_Nets
Added Class: Name=R34.11_Nets
Added Class: Name=R34.12_Nets
Added Class: Name=R34.13_Nets
Added Class: Name=R34.14_Nets
Added Class: Name=R34.15_Nets
Added Class: Name=R34.16_Nets
Added Class: Name=R35.1_Nets
Added Class: Name=R35.2_Nets
Added Class: Name=R35.3_Nets
Added Class: Name=R35.4_Nets
Added Class: Name=R35.5_Nets
Added Class: Name=R35.6_Nets
Added Class: Name=R35.7_Nets
Added Class: Name=R35.8_Nets
Added Class: Name=R35.9_Nets
Added Class: Name=R35.10_Nets
Added Class: Name=R35.11_Nets
Added Class: Name=R35.12_Nets
Added Class: Name=R35.13_Nets
Added Class: Name=R35.14_Nets
Added Class: Name=R35.15_Nets
Added Class: Name=R35.16_Nets
Added Class: Name=R36.1_Nets
Added Class: Name=R36.2_Nets
Added Class: Name=R36.3_Nets
Added Class: Name=R36.4_Nets
Added Class: Name=R36.5_Nets
Added Class: Name=R36.6_Nets
Added Class: Name=R36.7_Nets
Added Class: Name=R36.8_Nets
Added Class: Name=R36.9_Nets
Added Class: Name=R36.10_Nets
Added Class: Name=R36.11_Nets
Added Class: Name=R36.12_Nets
Added Class: Name=R36.13_Nets
Added Class: Name=R36.14_Nets
Added Class: Name=R36.15_Nets
Added Class: Name=R36.16_Nets
Added Class: Name=R37.1_Nets
Added Class: Name=R37.2_Nets
Added Class: Name=R37.3_Nets
Added Class: Name=R37.4_Nets
Added Class: Name=R37.5_Nets
Added Class: Name=R37.6_Nets
Added Class: Name=R37.7_Nets
Added Class: Name=R37.8_Nets
Added Class: Name=R37.9_Nets
Added Class: Name=R37.10_Nets
Added Class: Name=R37.11_Nets
Added Class: Name=R37.12_Nets
Added Class: Name=R37.13_Nets
Added Class: Name=R37.14_Nets
Added Class: Name=R37.15_Nets
Added Class: Name=R37.16_Nets
Added Class: Name=R38.1_Nets
Added Class: Name=R38.2_Nets
Added Class: Name=R38.3_Nets
Added Class: Name=R38.4_Nets
Added Class: Name=R38.5_Nets
Added Class: Name=R38.6_Nets
Added Class: Name=R38.7_Nets
Added Class: Name=R38.8_Nets
Added Class: Name=R38.9_Nets
Added Class: Name=R38.10_Nets
Added Class: Name=R38.11_Nets
Added Class: Name=R38.12_Nets
Added Class: Name=R38.13_Nets
Added Class: Name=R38.14_Nets
Added Class: Name=R38.15_Nets
Added Class: Name=R38.16_Nets
Added Class: Name=R39.1_Nets
Added Class: Name=R39.2_Nets
Added Class: Name=R39.3_Nets
Added Class: Name=R39.4_Nets
Added Class: Name=R39.5_Nets
Added Class: Name=R39.6_Nets
Added Class: Name=R39.7_Nets
Added Class: Name=R39.8_Nets
Added Class: Name=R39.9_Nets
Added Class: Name=R39.10_Nets
Added Class: Name=R39.11_Nets
Added Class: Name=R39.12_Nets
Added Class: Name=R39.13_Nets
Added Class: Name=R39.14_Nets
Added Class: Name=R39.15_Nets
Added Class: Name=R39.16_Nets
Added Class: Name=R40.1_Nets
Added Class: Name=R40.2_Nets
Added Class: Name=R40.3_Nets
Added Class: Name=R40.4_Nets
Added Class: Name=R40.5_Nets
Added Class: Name=R40.6_Nets
Added Class: Name=R40.7_Nets
Added Class: Name=R40.8_Nets
Added Class: Name=R40.9_Nets
Added Class: Name=R40.10_Nets
Added Class: Name=R40.11_Nets
Added Class: Name=R40.12_Nets
Added Class: Name=R40.13_Nets
Added Class: Name=R40.14_Nets
Added Class: Name=R40.15_Nets
Added Class: Name=R40.16_Nets
Added Class: Name=R41.1_Nets
Added Class: Name=R41.2_Nets
Added Class: Name=R41.3_Nets
Added Class: Name=R41.4_Nets
Added Class: Name=R41.5_Nets
Added Class: Name=R41.6_Nets
Added Class: Name=R41.7_Nets
Added Class: Name=R41.8_Nets
Added Class: Name=R41.9_Nets
Added Class: Name=R41.10_Nets
Added Class: Name=R41.11_Nets
Added Class: Name=R41.12_Nets
Added Class: Name=R41.13_Nets
Added Class: Name=R41.14_Nets
Added Class: Name=R41.15_Nets
Added Class: Name=R41.16_Nets
Added Class: Name=R42.1_Nets
Added Class: Name=R42.2_Nets
Added Class: Name=R42.3_Nets
Added Class: Name=R42.4_Nets
Added Class: Name=R42.5_Nets
Added Class: Name=R42.6_Nets
Added Class: Name=R42.7_Nets
Added Class: Name=R42.8_Nets
Added Class: Name=R42.9_Nets
Added Class: Name=R42.10_Nets
Added Class: Name=R42.11_Nets
Added Class: Name=R42.12_Nets
Added Class: Name=R42.13_Nets
Added Class: Name=R42.14_Nets
Added Class: Name=R42.15_Nets
Added Class: Name=R42.16_Nets
Added Class: Name=R43.1_Nets
Added Class: Name=R43.2_Nets
Added Class: Name=R43.3_Nets
Added Class: Name=R43.4_Nets
Added Class: Name=R43.5_Nets
Added Class: Name=R43.6_Nets
Added Class: Name=R43.7_Nets
Added Class: Name=R43.8_Nets
Added Class: Name=R43.9_Nets
Added Class: Name=R43.10_Nets
Added Class: Name=R43.11_Nets
Added Class: Name=R43.12_Nets
Added Class: Name=R43.13_Nets
Added Class: Name=R43.14_Nets
Added Class: Name=R43.15_Nets
Added Class: Name=R43.16_Nets
Added Class: Name=R44.1_Nets
Added Class: Name=R44.2_Nets
Added Class: Name=R44.3_Nets
Added Class: Name=R44.4_Nets
Added Class: Name=R44.5_Nets
Added Class: Name=R44.6_Nets
Added Class: Name=R44.7_Nets
Added Class: Name=R44.8_Nets
Added Class: Name=R44.9_Nets
Added Class: Name=R44.10_Nets
Added Class: Name=R44.11_Nets
Added Class: Name=R44.12_Nets
Added Class: Name=R44.13_Nets
Added Class: Name=R44.14_Nets
Added Class: Name=R44.15_Nets
Added Class: Name=R44.16_Nets
Added Class: Name=R45.1_Nets
Added Class: Name=R45.2_Nets
Added Class: Name=R45.3_Nets
Added Class: Name=R45.4_Nets
Added Class: Name=R45.5_Nets
Added Class: Name=R45.6_Nets
Added Class: Name=R45.7_Nets
Added Class: Name=R45.8_Nets
Added Class: Name=R45.9_Nets
Added Class: Name=R45.10_Nets
Added Class: Name=R45.11_Nets
Added Class: Name=R45.12_Nets
Added Class: Name=R45.13_Nets
Added Class: Name=R45.14_Nets
Added Class: Name=R45.15_Nets
Added Class: Name=R45.16_Nets
Added Class: Name=R46.1_Nets
Added Class: Name=R46.2_Nets
Added Class: Name=R46.3_Nets
Added Class: Name=R46.4_Nets
Added Class: Name=R46.5_Nets
Added Class: Name=R46.6_Nets
Added Class: Name=R46.7_Nets
Added Class: Name=R46.8_Nets
Added Class: Name=R46.9_Nets
Added Class: Name=R46.10_Nets
Added Class: Name=R46.11_Nets
Added Class: Name=R46.12_Nets
Added Class: Name=R46.13_Nets
Added Class: Name=R46.14_Nets
Added Class: Name=R46.15_Nets
Added Class: Name=R46.16_Nets
Added Class: Name=R47.1_Nets
Added Class: Name=R47.2_Nets
Added Class: Name=R47.3_Nets
Added Class: Name=R47.4_Nets
Added Class: Name=R47.5_Nets
Added Class: Name=R47.6_Nets
Added Class: Name=R47.7_Nets
Added Class: Name=R47.8_Nets
Added Class: Name=R47.9_Nets
Added Class: Name=R47.10_Nets
Added Class: Name=R47.11_Nets
Added Class: Name=R47.12_Nets
Added Class: Name=R47.13_Nets
Added Class: Name=R47.14_Nets
Added Class: Name=R47.15_Nets
Added Class: Name=R47.16_Nets
Added Class: Name=R48.1_Nets
Added Class: Name=R48.2_Nets
Added Class: Name=R48.3_Nets
Added Class: Name=R48.4_Nets
Added Class: Name=R48.5_Nets
Added Class: Name=R48.6_Nets
Added Class: Name=R48.7_Nets
Added Class: Name=R48.8_Nets
Added Class: Name=R48.9_Nets
Added Class: Name=R48.10_Nets
Added Class: Name=R48.11_Nets
Added Class: Name=R48.12_Nets
Added Class: Name=R48.13_Nets
Added Class: Name=R48.14_Nets
Added Class: Name=R48.15_Nets
Added Class: Name=R48.16_Nets
Added Class: Name=R49.1_Nets
Added Class: Name=R49.2_Nets
Added Class: Name=R49.3_Nets
Added Class: Name=R49.4_Nets
Added Class: Name=R49.5_Nets
Added Class: Name=R49.6_Nets
Added Class: Name=R49.7_Nets
Added Class: Name=R49.8_Nets
Added Class: Name=R49.9_Nets
Added Class: Name=R49.10_Nets
Added Class: Name=R49.11_Nets
Added Class: Name=R49.12_Nets
Added Class: Name=R49.13_Nets
Added Class: Name=R49.14_Nets
Added Class: Name=R49.15_Nets
Added Class: Name=R49.16_Nets
Added Class: Name=R50.1_Nets
Added Class: Name=R50.2_Nets
Added Class: Name=R50.3_Nets
Added Class: Name=R50.4_Nets
Added Class: Name=R50.5_Nets
Added Class: Name=R50.6_Nets
Added Class: Name=R50.7_Nets
Added Class: Name=R50.8_Nets
Added Class: Name=R50.9_Nets
Added Class: Name=R50.10_Nets
Added Class: Name=R50.11_Nets
Added Class: Name=R50.12_Nets
Added Class: Name=R50.13_Nets
Added Class: Name=R50.14_Nets
Added Class: Name=R50.15_Nets
Added Class: Name=R50.16_Nets
Added Class: Name=R51.1_Nets
Added Class: Name=R51.2_Nets
Added Class: Name=R51.3_Nets
Added Class: Name=R51.4_Nets
Added Class: Name=R51.5_Nets
Added Class: Name=R51.6_Nets
Added Class: Name=R51.7_Nets
Added Class: Name=R51.8_Nets
Added Class: Name=R51.9_Nets
Added Class: Name=R51.10_Nets
Added Class: Name=R51.11_Nets
Added Class: Name=R51.12_Nets
Added Class: Name=R51.13_Nets
Added Class: Name=R51.14_Nets
Added Class: Name=R51.15_Nets
Added Class: Name=R51.16_Nets
Added Class: Name=R52.1_Nets
Added Class: Name=R52.2_Nets
Added Class: Name=R52.3_Nets
Added Class: Name=R52.4_Nets
Added Class: Name=R52.5_Nets
Added Class: Name=R52.6_Nets
Added Class: Name=R52.7_Nets
Added Class: Name=R52.8_Nets
Added Class: Name=R52.9_Nets
Added Class: Name=R52.10_Nets
Added Class: Name=R52.11_Nets
Added Class: Name=R52.12_Nets
Added Class: Name=R52.13_Nets
Added Class: Name=R52.14_Nets
Added Class: Name=R52.15_Nets
Added Class: Name=R52.16_Nets
Added Class: Name=R53.1_Nets
Added Class: Name=R53.2_Nets
Added Class: Name=R53.3_Nets
Added Class: Name=R53.4_Nets
Added Class: Name=R53.5_Nets
Added Class: Name=R53.6_Nets
Added Class: Name=R53.7_Nets
Added Class: Name=R53.8_Nets
Added Class: Name=R53.9_Nets
Added Class: Name=R53.10_Nets
Added Class: Name=R53.11_Nets
Added Class: Name=R53.12_Nets
Added Class: Name=R53.13_Nets
Added Class: Name=R53.14_Nets
Added Class: Name=R53.15_Nets
Added Class: Name=R53.16_Nets
Added Class: Name=R54.1_Nets
Added Class: Name=R54.2_Nets
Added Class: Name=R54.3_Nets
Added Class: Name=R54.4_Nets
Added Class: Name=R54.5_Nets
Added Class: Name=R54.6_Nets
Added Class: Name=R54.7_Nets
Added Class: Name=R54.8_Nets
Added Class: Name=R54.9_Nets
Added Class: Name=R54.10_Nets
Added Class: Name=R54.11_Nets
Added Class: Name=R54.12_Nets
Added Class: Name=R54.13_Nets
Added Class: Name=R54.14_Nets
Added Class: Name=R54.15_Nets
Added Class: Name=R54.16_Nets
Added Class: Name=R55.1_Nets
Added Class: Name=R55.2_Nets
Added Class: Name=R55.3_Nets
Added Class: Name=R55.4_Nets
Added Class: Name=R55.5_Nets
Added Class: Name=R55.6_Nets
Added Class: Name=R55.7_Nets
Added Class: Name=R55.8_Nets
Added Class: Name=R55.9_Nets
Added Class: Name=R55.10_Nets
Added Class: Name=R55.11_Nets
Added Class: Name=R55.12_Nets
Added Class: Name=R55.13_Nets
Added Class: Name=R55.14_Nets
Added Class: Name=R55.15_Nets
Added Class: Name=R55.16_Nets
Added Class: Name=R56.1_Nets
Added Class: Name=R56.2_Nets
Added Class: Name=R56.3_Nets
Added Class: Name=R56.4_Nets
Added Class: Name=R56.5_Nets
Added Class: Name=R56.6_Nets
Added Class: Name=R56.7_Nets
Added Class: Name=R56.8_Nets
Added Class: Name=R56.9_Nets
Added Class: Name=R56.10_Nets
Added Class: Name=R56.11_Nets
Added Class: Name=R56.12_Nets
Added Class: Name=R56.13_Nets
Added Class: Name=R56.14_Nets
Added Class: Name=R56.15_Nets
Added Class: Name=R56.16_Nets
Added Class: Name=R57.1_Nets
Added Class: Name=R57.2_Nets
Added Class: Name=R57.3_Nets
Added Class: Name=R57.4_Nets
Added Class: Name=R57.5_Nets
Added Class: Name=R57.6_Nets
Added Class: Name=R57.7_Nets
Added Class: Name=R57.8_Nets
Added Class: Name=R57.9_Nets
Added Class: Name=R57.10_Nets
Added Class: Name=R57.11_Nets
Added Class: Name=R57.12_Nets
Added Class: Name=R57.13_Nets
Added Class: Name=R57.14_Nets
Added Class: Name=R57.15_Nets
Added Class: Name=R57.16_Nets
Added Class: Name=R58.1_Nets
Added Class: Name=R58.2_Nets
Added Class: Name=R58.3_Nets
Added Class: Name=R58.4_Nets
Added Class: Name=R58.5_Nets
Added Class: Name=R58.6_Nets
Added Class: Name=R58.7_Nets
Added Class: Name=R58.8_Nets
Added Class: Name=R58.9_Nets
Added Class: Name=R58.10_Nets
Added Class: Name=R58.11_Nets
Added Class: Name=R58.12_Nets
Added Class: Name=R58.13_Nets
Added Class: Name=R58.14_Nets
Added Class: Name=R58.15_Nets
Added Class: Name=R58.16_Nets
Added Class: Name=R59.1_Nets
Added Class: Name=R59.2_Nets
Added Class: Name=R59.3_Nets
Added Class: Name=R59.4_Nets
Added Class: Name=R59.5_Nets
Added Class: Name=R59.6_Nets
Added Class: Name=R59.7_Nets
Added Class: Name=R59.8_Nets
Added Class: Name=R59.9_Nets
Added Class: Name=R59.10_Nets
Added Class: Name=R59.11_Nets
Added Class: Name=R59.12_Nets
Added Class: Name=R59.13_Nets
Added Class: Name=R59.14_Nets
Added Class: Name=R59.15_Nets
Added Class: Name=R59.16_Nets
Added Class: Name=R60.1_Nets
Added Class: Name=R60.2_Nets
Added Class: Name=R60.3_Nets
Added Class: Name=R60.4_Nets
Added Class: Name=R60.5_Nets
Added Class: Name=R60.6_Nets
Added Class: Name=R60.7_Nets
Added Class: Name=R60.8_Nets
Added Class: Name=R60.9_Nets
Added Class: Name=R60.10_Nets
Added Class: Name=R60.11_Nets
Added Class: Name=R60.12_Nets
Added Class: Name=R60.13_Nets
Added Class: Name=R60.14_Nets
Added Class: Name=R60.15_Nets
Added Class: Name=R60.16_Nets
Added Class: Name=R61.1_Nets
Added Class: Name=R61.2_Nets
Added Class: Name=R61.3_Nets
Added Class: Name=R61.4_Nets
Added Class: Name=R61.5_Nets
Added Class: Name=R61.6_Nets
Added Class: Name=R61.7_Nets
Added Class: Name=R61.8_Nets
Added Class: Name=R61.9_Nets
Added Class: Name=R61.10_Nets
Added Class: Name=R61.11_Nets
Added Class: Name=R61.12_Nets
Added Class: Name=R61.13_Nets
Added Class: Name=R61.14_Nets
Added Class: Name=R61.15_Nets
Added Class: Name=R61.16_Nets
Added Class: Name=R62.1_Nets
Added Class: Name=R62.2_Nets
Added Class: Name=R62.3_Nets
Added Class: Name=R62.4_Nets
Added Class: Name=R62.5_Nets
Added Class: Name=R62.6_Nets
Added Class: Name=R62.7_Nets
Added Class: Name=R62.8_Nets
Added Class: Name=R62.9_Nets
Added Class: Name=R62.10_Nets
Added Class: Name=R62.11_Nets
Added Class: Name=R62.12_Nets
Added Class: Name=R62.13_Nets
Added Class: Name=R62.14_Nets
Added Class: Name=R62.15_Nets
Added Class: Name=R62.16_Nets
Added Class: Name=R63.1_Nets
Added Class: Name=R63.2_Nets
Added Class: Name=R63.3_Nets
Added Class: Name=R63.4_Nets
Added Class: Name=R63.5_Nets
Added Class: Name=R63.6_Nets
Added Class: Name=R63.7_Nets
Added Class: Name=R63.8_Nets
Added Class: Name=R63.9_Nets
Added Class: Name=R63.10_Nets
Added Class: Name=R63.11_Nets
Added Class: Name=R63.12_Nets
Added Class: Name=R63.13_Nets
Added Class: Name=R63.14_Nets
Added Class: Name=R63.15_Nets
Added Class: Name=R63.16_Nets
Added Class: Name=R64.1_Nets
Added Class: Name=R64.2_Nets
Added Class: Name=R64.3_Nets
Added Class: Name=R64.4_Nets
Added Class: Name=R64.5_Nets
Added Class: Name=R64.6_Nets
Added Class: Name=R64.7_Nets
Added Class: Name=R64.8_Nets
Added Class: Name=R64.9_Nets
Added Class: Name=R64.10_Nets
Added Class: Name=R64.11_Nets
Added Class: Name=R64.12_Nets
Added Class: Name=R64.13_Nets
Added Class: Name=R64.14_Nets
Added Class: Name=R64.15_Nets
Added Class: Name=R64.16_Nets
Added Class: Name=R65.1_Nets
Added Class: Name=R65.2_Nets
Added Class: Name=R65.3_Nets
Added Class: Name=R65.4_Nets
Added Class: Name=R65.5_Nets
Added Class: Name=R65.6_Nets
Added Class: Name=R65.7_Nets
Added Class: Name=R65.8_Nets
Added Class: Name=R65.9_Nets
Added Class: Name=R65.10_Nets
Added Class: Name=R65.11_Nets
Added Class: Name=R65.12_Nets
Added Class: Name=R65.13_Nets
Added Class: Name=R65.14_Nets
Added Class: Name=R65.15_Nets
Added Class: Name=R65.16_Nets
Added Class: Name=R66_Nets
Added Class: Name=R67_Nets
Added Class: Name=R68_Nets
Added Class: Name=R69_Nets
Added Class: Name=R70_Nets
Added Class: Name=R71_Nets
Added Class: Name=R72_Nets
Added Class: Name=R73_Nets
Added Class: Name=R74_Nets
Added Class: Name=R75_Nets
Added Class: Name=R76_Nets
Added Class: Name=R77.1_Nets
Added Class: Name=R77.2_Nets
Added Class: Name=R78.1_Nets
Added Class: Name=R78.2_Nets
Added Class: Name=R79.1_Nets
Added Class: Name=R79.2_Nets
Added Class: Name=R80.1_Nets
Added Class: Name=R80.2_Nets
Added Class: Name=R81.1_Nets
Added Class: Name=R81.2_Nets
Added Class: Name=R81.3_Nets
Added Class: Name=R81.4_Nets
Added Class: Name=R81.5_Nets
Added Class: Name=R81.6_Nets
Added Class: Name=R81.7_Nets
Added Class: Name=R81.8_Nets
Added Class: Name=R82.1_Nets
Added Class: Name=R82.2_Nets
Added Class: Name=R82.3_Nets
Added Class: Name=R82.4_Nets
Added Class: Name=R82.5_Nets
Added Class: Name=R82.6_Nets
Added Class: Name=R82.7_Nets
Added Class: Name=R82.8_Nets
Added Class: Name=R83.1_Nets
Added Class: Name=R83.2_Nets
Added Class: Name=R83.3_Nets
Added Class: Name=R83.4_Nets
Added Class: Name=R83.5_Nets
Added Class: Name=R83.6_Nets
Added Class: Name=R83.7_Nets
Added Class: Name=R83.8_Nets
Added Class: Name=R84.1_Nets
Added Class: Name=R84.2_Nets
Added Class: Name=R84.3_Nets
Added Class: Name=R84.4_Nets
Added Class: Name=R84.5_Nets
Added Class: Name=R84.6_Nets
Added Class: Name=R84.7_Nets
Added Class: Name=R84.8_Nets
Added Class: Name=R85.1_Nets
Added Class: Name=R85.2_Nets
Added Class: Name=R85.3_Nets
Added Class: Name=R85.4_Nets
Added Class: Name=R85.5_Nets
Added Class: Name=R85.6_Nets
Added Class: Name=R85.7_Nets
Added Class: Name=R85.8_Nets
Added Class: Name=R86.1_Nets
Added Class: Name=R86.2_Nets
Added Class: Name=R86.3_Nets
Added Class: Name=R86.4_Nets
Added Class: Name=R86.5_Nets
Added Class: Name=R86.6_Nets
Added Class: Name=R86.7_Nets
Added Class: Name=R86.8_Nets
Added Class: Name=R87.1_Nets
Added Class: Name=R87.2_Nets
Added Class: Name=R87.3_Nets
Added Class: Name=R87.4_Nets
Added Class: Name=R87.5_Nets
Added Class: Name=R87.6_Nets
Added Class: Name=R87.7_Nets
Added Class: Name=R87.8_Nets
Added Class: Name=R88.1_Nets
Added Class: Name=R88.2_Nets
Added Class: Name=R88.3_Nets
Added Class: Name=R88.4_Nets
Added Class: Name=R88.5_Nets
Added Class: Name=R88.6_Nets
Added Class: Name=R88.7_Nets
Added Class: Name=R88.8_Nets
Added Class: Name=R89.1_Nets
Added Class: Name=R89.2_Nets
Added Class: Name=R89.3_Nets
Added Class: Name=R89.4_Nets
Added Class: Name=R89.5_Nets
Added Class: Name=R89.6_Nets
Added Class: Name=R89.7_Nets
Added Class: Name=R89.8_Nets
Added Class: Name=R90.1_Nets
Added Class: Name=R90.2_Nets
Added Class: Name=R90.3_Nets
Added Class: Name=R90.4_Nets
Added Class: Name=R90.5_Nets
Added Class: Name=R90.6_Nets
Added Class: Name=R90.7_Nets
Added Class: Name=R90.8_Nets
Added Class: Name=R91.1_Nets
Added Class: Name=R91.2_Nets
Added Class: Name=R91.3_Nets
Added Class: Name=R91.4_Nets
Added Class: Name=R91.5_Nets
Added Class: Name=R91.6_Nets
Added Class: Name=R91.7_Nets
Added Class: Name=R91.8_Nets
Added Class: Name=R92.1_Nets
Added Class: Name=R92.2_Nets
Added Class: Name=R92.3_Nets
Added Class: Name=R92.4_Nets
Added Class: Name=R92.5_Nets
Added Class: Name=R92.6_Nets
Added Class: Name=R92.7_Nets
Added Class: Name=R92.8_Nets
Added Class: Name=R93.1_Nets
Added Class: Name=R93.2_Nets
Added Class: Name=R93.3_Nets
Added Class: Name=R93.4_Nets
Added Class: Name=R93.5_Nets
Added Class: Name=R93.6_Nets
Added Class: Name=R93.7_Nets
Added Class: Name=R93.8_Nets
Added Class: Name=R94.1_Nets
Added Class: Name=R94.2_Nets
Added Class: Name=R94.3_Nets
Added Class: Name=R94.4_Nets
Added Class: Name=R94.5_Nets
Added Class: Name=R94.6_Nets
Added Class: Name=R94.7_Nets
Added Class: Name=R94.8_Nets
Added Class: Name=R95.1_Nets
Added Class: Name=R95.2_Nets
Added Class: Name=R95.3_Nets
Added Class: Name=R95.4_Nets
Added Class: Name=R95.5_Nets
Added Class: Name=R95.6_Nets
Added Class: Name=R95.7_Nets
Added Class: Name=R95.8_Nets
Added Class: Name=R96.1_Nets
Added Class: Name=R96.2_Nets
Added Class: Name=R96.3_Nets
Added Class: Name=R96.4_Nets
Added Class: Name=R96.5_Nets
Added Class: Name=R96.6_Nets
Added Class: Name=R96.7_Nets
Added Class: Name=R96.8_Nets
Added Class: Name=R97.1_Nets
Added Class: Name=R97.2_Nets
Added Class: Name=R97.3_Nets
Added Class: Name=R97.4_Nets
Added Class: Name=R97.5_Nets
Added Class: Name=R97.6_Nets
Added Class: Name=R97.7_Nets
Added Class: Name=R97.8_Nets
Added Class: Name=R98.1_Nets
Added Class: Name=R98.2_Nets
Added Class: Name=R98.3_Nets
Added Class: Name=R98.4_Nets
Added Class: Name=R98.5_Nets
Added Class: Name=R98.6_Nets
Added Class: Name=R98.7_Nets
Added Class: Name=R98.8_Nets
Added Class: Name=R99.1_Nets
Added Class: Name=R99.2_Nets
Added Class: Name=R99.3_Nets
Added Class: Name=R99.4_Nets
Added Class: Name=R99.5_Nets
Added Class: Name=R99.6_Nets
Added Class: Name=R99.7_Nets
Added Class: Name=R99.8_Nets
Added Class: Name=R100.1_Nets
Added Class: Name=R100.2_Nets
Added Class: Name=R100.3_Nets
Added Class: Name=R100.4_Nets
Added Class: Name=R100.5_Nets
Added Class: Name=R100.6_Nets
Added Class: Name=R100.7_Nets
Added Class: Name=R100.8_Nets
Added Class: Name=R101.1_Nets
Added Class: Name=R101.2_Nets
Added Class: Name=R101.3_Nets
Added Class: Name=R101.4_Nets
Added Class: Name=R101.5_Nets
Added Class: Name=R101.6_Nets
Added Class: Name=R101.7_Nets
Added Class: Name=R101.8_Nets
Added Class: Name=R102.1_Nets
Added Class: Name=R102.2_Nets
Added Class: Name=R102.3_Nets
Added Class: Name=R102.4_Nets
Added Class: Name=R102.5_Nets
Added Class: Name=R102.6_Nets
Added Class: Name=R102.7_Nets
Added Class: Name=R102.8_Nets
Added Class: Name=R103.1_Nets
Added Class: Name=R103.2_Nets
Added Class: Name=R103.3_Nets
Added Class: Name=R103.4_Nets
Added Class: Name=R103.5_Nets
Added Class: Name=R103.6_Nets
Added Class: Name=R103.7_Nets
Added Class: Name=R103.8_Nets
Added Class: Name=R104.1_Nets
Added Class: Name=R104.2_Nets
Added Class: Name=R104.3_Nets
Added Class: Name=R104.4_Nets
Added Class: Name=R104.5_Nets
Added Class: Name=R104.6_Nets
Added Class: Name=R104.7_Nets
Added Class: Name=R104.8_Nets
Added Class: Name=R105.1_Nets
Added Class: Name=R105.2_Nets
Added Class: Name=R105.3_Nets
Added Class: Name=R105.4_Nets
Added Class: Name=R105.5_Nets
Added Class: Name=R105.6_Nets
Added Class: Name=R105.7_Nets
Added Class: Name=R105.8_Nets
Added Class: Name=R106.1_Nets
Added Class: Name=R106.2_Nets
Added Class: Name=R106.3_Nets
Added Class: Name=R106.4_Nets
Added Class: Name=R106.5_Nets
Added Class: Name=R106.6_Nets
Added Class: Name=R106.7_Nets
Added Class: Name=R106.8_Nets
Added Class: Name=R107.1_Nets
Added Class: Name=R107.2_Nets
Added Class: Name=R107.3_Nets
Added Class: Name=R107.4_Nets
Added Class: Name=R107.5_Nets
Added Class: Name=R107.6_Nets
Added Class: Name=R107.7_Nets
Added Class: Name=R107.8_Nets
Added Class: Name=R108.1_Nets
Added Class: Name=R108.2_Nets
Added Class: Name=R108.3_Nets
Added Class: Name=R108.4_Nets
Added Class: Name=R108.5_Nets
Added Class: Name=R108.6_Nets
Added Class: Name=R108.7_Nets
Added Class: Name=R108.8_Nets
Added Class: Name=R109_Nets
Added Class: Name=R110_Nets
Added Class: Name=R111_Nets
Added Class: Name=R112_Nets
Added Class: Name=R113_Nets
Added Class: Name=R114_Nets
Added Class: Name=R115_Nets
Added Class: Name=R116_Nets
Added Class: Name=R117_Nets
Added Class: Name=R118_Nets
Added Class: Name=R119_Nets
Added Class: Name=R120_Nets
Added Class: Name=R121_Nets
Added Class: Name=R122_Nets
Added Class: Name=R123_Nets
Added Class: Name=R124_Nets
Added Class: Name=R125_Nets
Added Class: Name=R126_Nets
Added Class: Name=R127_Nets
Added Class: Name=R128_Nets
Added Class: Name=R129_Nets
Added Class: Name=R130_Nets
Added Class: Name=R131_Nets
Added Class: Name=R132_Nets
Added Class: Name=R133_Nets
Added Class: Name=R134_Nets
Added Class: Name=R135_Nets
Added Class: Name=R136_Nets
Added Class: Name=R137_Nets
Added Class: Name=R138_Nets
Added Class: Name=R139_Nets
Added Class: Name=R140_Nets
Added Class: Name=S1_Nets
Added Class: Name=S2_Nets
Added Class: Name=S3_Nets
Added Class: Name=S4_Nets
Added Class: Name=SW1_Nets
Added Class: Name=SW2_Nets
Added Class: Name=TP1_Nets
Added Class: Name=TP2_Nets
Added Class: Name=TP3_Nets
Added Class: Name=TP4_Nets
Added Class: Name=TP5_Nets
Added Class: Name=TP6_Nets
Added Class: Name=TP7_Nets
Added Class: Name=TP8_Nets
Added Class: Name=TP9_Nets
Added Class: Name=TP10_Nets
Added Class: Name=TP11_Nets
Added Class: Name=TP13_Nets
Added Class: Name=TP14_Nets
Added Class: Name=TP15_Nets
Added Class: Name=TP16_Nets
Added Class: Name=TP17_Nets
Added Class: Name=TP18_Nets
Added Class: Name=TP19_Nets
Added Class: Name=U1_Nets
Added Class: Name=U2_Nets
Added Class: Name=U3_Nets
Added Class: Name=U4_Nets
Added Class: Name=U5_Nets
Added Class: Name=U6_Nets
Added Class: Name=U7_Nets
Added Class: Name=U8_Nets
Added Class: Name=U9_Nets
Added Class: Name=U10.1_Nets
Added Class: Name=U10.2_Nets
Added Class: Name=U11.1_Nets
Added Class: Name=U11.2_Nets
Added Class: Name=U12_Nets
Added Class: Name=U13_Nets
Added Class: Name=U14_Nets
Added Class: Name=U15_Nets
Added Class: Name=U16.1_Nets
Added Class: Name=U16.2_Nets
Added Class: Name=U16.3_Nets
Added Class: Name=U16.4_Nets
Added Class: Name=U16.5_Nets
Added Class: Name=U16.6_Nets
Added Class: Name=U16.7_Nets
Added Class: Name=U16.8_Nets
Added Class: Name=U16.9_Nets
Added Class: Name=U16.10_Nets
Added Class: Name=U16.11_Nets
Added Class: Name=U16.12_Nets
Added Class: Name=U16.13_Nets
Added Class: Name=U16.14_Nets
Added Class: Name=U16.15_Nets
Added Class: Name=U16.16_Nets
Added Class: Name=U17.1_Nets
Added Class: Name=U17.2_Nets
Added Class: Name=U17.3_Nets
Added Class: Name=U17.4_Nets
Added Class: Name=U17.5_Nets
Added Class: Name=U17.6_Nets
Added Class: Name=U17.7_Nets
Added Class: Name=U17.8_Nets
Added Class: Name=U17.9_Nets
Added Class: Name=U17.10_Nets
Added Class: Name=U17.11_Nets
Added Class: Name=U17.12_Nets
Added Class: Name=U17.13_Nets
Added Class: Name=U17.14_Nets
Added Class: Name=U17.15_Nets
Added Class: Name=U17.16_Nets
Added Class: Name=U18_Nets
Added Class: Name=U19_Nets
Added Class: Name=U20_Nets
Added Class: Name=U21.1_Nets
Added Class: Name=U21.2_Nets
Added Class: Name=U22.1_Nets
Added Class: Name=U22.2_Nets
Added Class: Name=U23.1_Nets
Added Class: Name=U23.2_Nets
Added Class: Name=U23.3_Nets
Added Class: Name=U23.4_Nets
Added Class: Name=U23.5_Nets
Added Class: Name=U23.6_Nets
Added Class: Name=U23.7_Nets
Added Class: Name=U23.8_Nets
Added Class: Name=U24_Nets
Added Class: Name=U25_Nets
Added Class: Name=U26_Nets
Added Class: Name=U27_Nets
Added Room: Name=ADC1
Added Room: Name=ADC2
Added Room: Name=AUDIO INPUTS
Added Room: Name=CLOCK
Added Room: Name=DAC1
Added Room: Name=DAC2
Added Room: Name=U_InputAmplifier1
Added Room: Name=U_InputAmplifier2
Added Room: Name=U_InputAmplifier3
Added Room: Name=U_InputAmplifier4
Added Room: Name=U_InputAmplifier5
Added Room: Name=U_InputAmplifier6
Added Room: Name=U_InputAmplifier7
Added Room: Name=U_InputAmplifier8
Added Room: Name=U_InputAmplifier9
Added Room: Name=U_InputAmplifier10
Added Room: Name=U_InputAmplifier11
Added Room: Name=U_InputAmplifier12
Added Room: Name=U_InputAmplifier13
Added Room: Name=U_InputAmplifier14
Added Room: Name=U_InputAmplifier15
Added Room: Name=U_InputAmplifier16
Added Room: Name=U_InputsConnectors1
Added Room: Name=U_InputsConnectors2
Added Room: Name=U_InputsConnectors3
Added Room: Name=U_InputsConnectors4
Added Room: Name=U_InputsConnectors5
Added Room: Name=U_InputsConnectors6
Added Room: Name=U_InputsConnectors7
Added Room: Name=U_InputsConnectors8
