Added Class: Name=LEDs_I2C_PORT
Added Class: Name=PHY_ETHERNET
Added Class: Name=Power1
Added Class: Name=TopLevel
Added Class: Name=U_OutputConnectors1
Added Class: Name=U_OutputConnectors2
Added Class: Name=U_OutputConnectors3
Added Class: Name=U_OutputConnectors4
Added Class: Name=U_OutputConnectors5
Added Class: Name=U_OutputConnectors6
Added Class: Name=U_OutputConnectors7
Added Class: Name=U_OutputConnectors8
Added Class: Name=U_StereoHeadphoneDriver
Added Class: Name=XMOS1
Added Class: Name=XMOS_power
Added Room: Name=LEDs_I2C_PORT
Added Room: Name=PHY_ETHERNET
Added Room: Name=Power1
Added Room: Name=TopLevel
Added Room: Name=U_OutputConnectors1
Added Room: Name=U_OutputConnectors2
Added Room: Name=U_OutputConnectors3
Added Room: Name=U_OutputConnectors4
Added Room: Name=U_OutputConnectors5
Added Room: Name=U_OutputConnectors6
Added Room: Name=U_OutputConnectors7
Added Room: Name=U_OutputConnectors8
Added Room: Name=U_StereoHeadphoneDriver
Added Room: Name=XMOS1
Added Room: Name=XMOS_power
