Replace Part C142 Capacitor in C:\ADAPTONE_PCB\01 - SCHEMAS ET PCB\99 - WORKING COPY\CARTE_DE_SON\PHY_ETHERNET.SchDoc with Capacitor from ADAPTONE_CARTE_DE_SON.IntLib
Replace Part C143 Capacitor in C:\ADAPTONE_PCB\01 - SCHEMAS ET PCB\99 - WORKING COPY\CARTE_DE_SON\PHY_ETHERNET.SchDoc with Capacitor from ADAPTONE_CARTE_DE_SON.IntLib
Replace Part C144 Capacitor_Polarized in C:\ADAPTONE_PCB\01 - SCHEMAS ET PCB\99 - WORKING COPY\CARTE_DE_SON\PHY_ETHERNET.SchDoc with Capacitor_Polarized from ADAPTONE_CARTE_DE_SON.IntLib
Replace Part C145 Capacitor in C:\ADAPTONE_PCB\01 - SCHEMAS ET PCB\99 - WORKING COPY\CARTE_DE_SON\PHY_ETHERNET.SchDoc with Capacitor from ADAPTONE_CARTE_DE_SON.IntLib
Replace Part C146 Capacitor in C:\ADAPTONE_PCB\01 - SCHEMAS ET PCB\99 - WORKING COPY\CARTE_DE_SON\PHY_ETHERNET.SchDoc with Capacitor from ADAPTONE_CARTE_DE_SON.IntLib
Replace Part C147 Capacitor in C:\ADAPTONE_PCB\01 - SCHEMAS ET PCB\99 - WORKING COPY\CARTE_DE_SON\PHY_ETHERNET.SchDoc with Capacitor from ADAPTONE_CARTE_DE_SON.IntLib
Replace Part C148 Capacitor in C:\ADAPTONE_PCB\01 - SCHEMAS ET PCB\99 - WORKING COPY\CARTE_DE_SON\PHY_ETHERNET.SchDoc with Capacitor from ADAPTONE_CARTE_DE_SON.IntLib
Replace Part C149 Capacitor in C:\ADAPTONE_PCB\01 - SCHEMAS ET PCB\99 - WORKING COPY\CARTE_DE_SON\PHY_ETHERNET.SchDoc with Capacitor from ADAPTONE_CARTE_DE_SON.IntLib
Replace Part C150 Capacitor in C:\ADAPTONE_PCB\01 - SCHEMAS ET PCB\99 - WORKING COPY\CARTE_DE_SON\PHY_ETHERNET.SchDoc with Capacitor from ADAPTONE_CARTE_DE_SON.IntLib
Replace Part C151 Capacitor in C:\ADAPTONE_PCB\01 - SCHEMAS ET PCB\99 - WORKING COPY\CARTE_DE_SON\PHY_ETHERNET.SchDoc with Capacitor from ADAPTONE_CARTE_DE_SON.IntLib
Replace Part C152 Capacitor in C:\ADAPTONE_PCB\01 - SCHEMAS ET PCB\99 - WORKING COPY\CARTE_DE_SON\PHY_ETHERNET.SchDoc with Capacitor from ADAPTONE_CARTE_DE_SON.IntLib
Replace Part C153 Capacitor in C:\ADAPTONE_PCB\01 - SCHEMAS ET PCB\99 - WORKING COPY\CARTE_DE_SON\PHY_ETHERNET.SchDoc with Capacitor from ADAPTONE_CARTE_DE_SON.IntLib
Replace Part C154 Capacitor in C:\ADAPTONE_PCB\01 - SCHEMAS ET PCB\99 - WORKING COPY\CARTE_DE_SON\PHY_ETHERNET.SchDoc with Capacitor from ADAPTONE_CARTE_DE_SON.IntLib
Replace Part C155 Capacitor in C:\ADAPTONE_PCB\01 - SCHEMAS ET PCB\99 - WORKING COPY\CARTE_DE_SON\PHY_ETHERNET.SchDoc with Capacitor from ADAPTONE_CARTE_DE_SON.IntLib
Replace Part C156 Capacitor in C:\ADAPTONE_PCB\01 - SCHEMAS ET PCB\99 - WORKING COPY\CARTE_DE_SON\PHY_ETHERNET.SchDoc with Capacitor from ADAPTONE_CARTE_DE_SON.IntLib
Replace Part C157 Capacitor in C:\ADAPTONE_PCB\01 - SCHEMAS ET PCB\99 - WORKING COPY\CARTE_DE_SON\PHY_ETHERNET.SchDoc with Capacitor from ADAPTONE_CARTE_DE_SON.IntLib
Replace Part C158 Capacitor in C:\ADAPTONE_PCB\01 - SCHEMAS ET PCB\99 - WORKING COPY\CARTE_DE_SON\PHY_ETHERNET.SchDoc with Capacitor from ADAPTONE_CARTE_DE_SON.IntLib
Replace Part C159 Capacitor in C:\ADAPTONE_PCB\01 - SCHEMAS ET PCB\99 - WORKING COPY\CARTE_DE_SON\PHY_ETHERNET.SchDoc with Capacitor from ADAPTONE_CARTE_DE_SON.IntLib
Replace Part C160 Capacitor in C:\ADAPTONE_PCB\01 - SCHEMAS ET PCB\99 - WORKING COPY\CARTE_DE_SON\PHY_ETHERNET.SchDoc with Capacitor from ADAPTONE_CARTE_DE_SON.IntLib
Replace Part C161 Capacitor in C:\ADAPTONE_PCB\01 - SCHEMAS ET PCB\99 - WORKING COPY\CARTE_DE_SON\PHY_ETHERNET.SchDoc with Capacitor from ADAPTONE_CARTE_DE_SON.IntLib
Replace Part C162 Capacitor in C:\ADAPTONE_PCB\01 - SCHEMAS ET PCB\99 - WORKING COPY\CARTE_DE_SON\PHY_ETHERNET.SchDoc with Capacitor from ADAPTONE_CARTE_DE_SON.IntLib
Replace Part C163 Capacitor in C:\ADAPTONE_PCB\01 - SCHEMAS ET PCB\99 - WORKING COPY\CARTE_DE_SON\PHY_ETHERNET.SchDoc with Capacitor from ADAPTONE_CARTE_DE_SON.IntLib
Replace Part C164 Capacitor in C:\ADAPTONE_PCB\01 - SCHEMAS ET PCB\99 - WORKING COPY\CARTE_DE_SON\PHY_ETHERNET.SchDoc with Capacitor from ADAPTONE_CARTE_DE_SON.IntLib
Replace Part C165 Capacitor in C:\ADAPTONE_PCB\01 - SCHEMAS ET PCB\99 - WORKING COPY\CARTE_DE_SON\PHY_ETHERNET.SchDoc with Capacitor from ADAPTONE_CARTE_DE_SON.IntLib
Replace Part C166 Capacitor in C:\ADAPTONE_PCB\01 - SCHEMAS ET PCB\99 - WORKING COPY\CARTE_DE_SON\PHY_ETHERNET.SchDoc with Capacitor from ADAPTONE_CARTE_DE_SON.IntLib
Replace Part C167 Capacitor in C:\ADAPTONE_PCB\01 - SCHEMAS ET PCB\99 - WORKING COPY\CARTE_DE_SON\PHY_ETHERNET.SchDoc with Capacitor from ADAPTONE_CARTE_DE_SON.IntLib
Replace Part C168 Capacitor in C:\ADAPTONE_PCB\01 - SCHEMAS ET PCB\99 - WORKING COPY\CARTE_DE_SON\PHY_ETHERNET.SchDoc with Capacitor from ADAPTONE_CARTE_DE_SON.IntLib
Replace Part D17 Diode in C:\ADAPTONE_PCB\01 - SCHEMAS ET PCB\99 - WORKING COPY\CARTE_DE_SON\PHY_ETHERNET.SchDoc with Diode from ADAPTONE_CARTE_DE_SON.IntLib
Replace Part D18 Diode in C:\ADAPTONE_PCB\01 - SCHEMAS ET PCB\99 - WORKING COPY\CARTE_DE_SON\PHY_ETHERNET.SchDoc with Diode from ADAPTONE_CARTE_DE_SON.IntLib
Replace Part L7 Ferrite in C:\ADAPTONE_PCB\01 - SCHEMAS ET PCB\99 - WORKING COPY\CARTE_DE_SON\PHY_ETHERNET.SchDoc with Ferrite from ADAPTONE_CARTE_DE_SON.IntLib
Replace Part L8 Ferrite in C:\ADAPTONE_PCB\01 - SCHEMAS ET PCB\99 - WORKING COPY\CARTE_DE_SON\PHY_ETHERNET.SchDoc with Ferrite from ADAPTONE_CARTE_DE_SON.IntLib
Replace Part L9 Ferrite in C:\ADAPTONE_PCB\01 - SCHEMAS ET PCB\99 - WORKING COPY\CARTE_DE_SON\PHY_ETHERNET.SchDoc with Ferrite from ADAPTONE_CARTE_DE_SON.IntLib
Replace Part Q1 MOSFET_P_GDS in C:\ADAPTONE_PCB\01 - SCHEMAS ET PCB\99 - WORKING COPY\CARTE_DE_SON\PHY_ETHERNET.SchDoc with MOSFET_P_GDS from ADAPTONE_CARTE_DE_SON.IntLib
Replace Part R109 Resistor in C:\ADAPTONE_PCB\01 - SCHEMAS ET PCB\99 - WORKING COPY\CARTE_DE_SON\PHY_ETHERNET.SchDoc with Resistor from ADAPTONE_CARTE_DE_SON.IntLib
Replace Part R110 Resistor in C:\ADAPTONE_PCB\01 - SCHEMAS ET PCB\99 - WORKING COPY\CARTE_DE_SON\PHY_ETHERNET.SchDoc with Resistor from ADAPTONE_CARTE_DE_SON.IntLib
Replace Part R111 Resistor in C:\ADAPTONE_PCB\01 - SCHEMAS ET PCB\99 - WORKING COPY\CARTE_DE_SON\PHY_ETHERNET.SchDoc with Resistor from ADAPTONE_CARTE_DE_SON.IntLib
Replace Part R112 Resistor in C:\ADAPTONE_PCB\01 - SCHEMAS ET PCB\99 - WORKING COPY\CARTE_DE_SON\PHY_ETHERNET.SchDoc with Resistor from ADAPTONE_CARTE_DE_SON.IntLib
Replace Part R113 Resistor in C:\ADAPTONE_PCB\01 - SCHEMAS ET PCB\99 - WORKING COPY\CARTE_DE_SON\PHY_ETHERNET.SchDoc with Resistor from ADAPTONE_CARTE_DE_SON.IntLib
Replace Part R114 Resistor in C:\ADAPTONE_PCB\01 - SCHEMAS ET PCB\99 - WORKING COPY\CARTE_DE_SON\PHY_ETHERNET.SchDoc with Resistor from LIB_ADAPTONE_PASCAL_LEMIEUX.SchLib
Replace Part R115 Resistor in C:\ADAPTONE_PCB\01 - SCHEMAS ET PCB\99 - WORKING COPY\CARTE_DE_SON\PHY_ETHERNET.SchDoc with Resistor from LIB_ADAPTONE_PASCAL_LEMIEUX.SchLib
Replace Part R116 Resistor in C:\ADAPTONE_PCB\01 - SCHEMAS ET PCB\99 - WORKING COPY\CARTE_DE_SON\PHY_ETHERNET.SchDoc with Resistor from LIB_ADAPTONE_PASCAL_LEMIEUX.SchLib
Replace Part R117 Resistor in C:\ADAPTONE_PCB\01 - SCHEMAS ET PCB\99 - WORKING COPY\CARTE_DE_SON\PHY_ETHERNET.SchDoc with Resistor from LIB_ADAPTONE_PASCAL_LEMIEUX.SchLib
Replace Part R118 RES - 1206 in C:\ADAPTONE_PCB\01 - SCHEMAS ET PCB\99 - WORKING COPY\CARTE_DE_SON\PHY_ETHERNET.SchDoc with RES - 1206 from S7CAS_Lib2019_REV1_00.IntLib
Replace Part R119 Resistor in C:\ADAPTONE_PCB\01 - SCHEMAS ET PCB\99 - WORKING COPY\CARTE_DE_SON\PHY_ETHERNET.SchDoc with Resistor from LIB_ADAPTONE_PASCAL_LEMIEUX.SchLib
Replace Part R120 Resistor in C:\ADAPTONE_PCB\01 - SCHEMAS ET PCB\99 - WORKING COPY\CARTE_DE_SON\PHY_ETHERNET.SchDoc with Resistor from LIB_ADAPTONE_PASCAL_LEMIEUX.SchLib
Replace Part R121 RES - 1206 in C:\ADAPTONE_PCB\01 - SCHEMAS ET PCB\99 - WORKING COPY\CARTE_DE_SON\PHY_ETHERNET.SchDoc with RES - 1206 from S7CAS_Lib2019_REV1_00.IntLib
Replace Part R122 Resistor in C:\ADAPTONE_PCB\01 - SCHEMAS ET PCB\99 - WORKING COPY\CARTE_DE_SON\PHY_ETHERNET.SchDoc with Resistor from ADAPTONE_CARTE_DE_SON.IntLib
Replace Part R123 Resistor in C:\ADAPTONE_PCB\01 - SCHEMAS ET PCB\99 - WORKING COPY\CARTE_DE_SON\PHY_ETHERNET.SchDoc with Resistor from ADAPTONE_CARTE_DE_SON.IntLib
Replace Part R124 Resistor in C:\ADAPTONE_PCB\01 - SCHEMAS ET PCB\99 - WORKING COPY\CARTE_DE_SON\PHY_ETHERNET.SchDoc with Resistor from ADAPTONE_CARTE_DE_SON.IntLib
Replace Part R125 Resistor in C:\ADAPTONE_PCB\01 - SCHEMAS ET PCB\99 - WORKING COPY\CARTE_DE_SON\PHY_ETHERNET.SchDoc with Resistor from ADAPTONE_CARTE_DE_SON.IntLib
Replace Part R126 Resistor in C:\ADAPTONE_PCB\01 - SCHEMAS ET PCB\99 - WORKING COPY\CARTE_DE_SON\PHY_ETHERNET.SchDoc with Resistor from ADAPTONE_CARTE_DE_SON.IntLib
Replace Part R127 Resistor in C:\ADAPTONE_PCB\01 - SCHEMAS ET PCB\99 - WORKING COPY\CARTE_DE_SON\PHY_ETHERNET.SchDoc with Resistor from ADAPTONE_CARTE_DE_SON.IntLib
Replace Part R128 RES - 0402 in C:\ADAPTONE_PCB\01 - SCHEMAS ET PCB\99 - WORKING COPY\CARTE_DE_SON\PHY_ETHERNET.SchDoc with RES - 0402 from S7CAS_Lib2019_REV1_00.IntLib
Replace Part U24 PHY_ KSZ9021RN in C:\ADAPTONE_PCB\01 - SCHEMAS ET PCB\99 - WORKING COPY\CARTE_DE_SON\PHY_ETHERNET.SchDoc with PHY_ KSZ9021RN from LIB_ADAPTONE_EMILE_LAPLANTE.SchLib
Replace Part U25 CONN_RJ45_L829_1J1T_43 in C:\ADAPTONE_PCB\01 - SCHEMAS ET PCB\99 - WORKING COPY\CARTE_DE_SON\PHY_ETHERNET.SchDoc with CONN_RJ45_L829_1J1T_43 from LIB_ADAPTONE_EMILE_LAPLANTE.SchLib
Replace Part U26 OSC_ASDMB in C:\ADAPTONE_PCB\01 - SCHEMAS ET PCB\99 - WORKING COPY\CARTE_DE_SON\PHY_ETHERNET.SchDoc with OSC_ASDMB from ADAPTONE_CARTE_DE_SON.IntLib
