Change Component Designator: Old Designator=C13 New Designator=C136
Change Component Designator: Old Designator=C13 New Designator=C141
Change Component Designator: Old Designator=C13 New Designator=C143
Change Component Designator: Old Designator=C13 New Designator=C145
Change Component Designator: Old Designator=C13 New Designator=C147
Change Component Designator: Old Designator=C15 New Designator=C130
Change Component Designator: Old Designator=C15 New Designator=C131
Change Component Designator: Old Designator=C15 New Designator=C134
Change Component Designator: Old Designator=C15 New Designator=C135
Change Component Designator: Old Designator=C35 New Designator=C138
Change Component Designator: Old Designator=C35 New Designator=C139
Change Component Designator: Old Designator=C35 New Designator=C140
Change Component Designator: Old Designator=C35 New Designator=C149
Change Component Designator: Old Designator=C35 New Designator=C150
Change Component Designator: Old Designator=C35 New Designator=C151
Change Component Designator: Old Designator=C35 New Designator=C152
Change Component Designator: Old Designator=C35 New Designator=C153
Change Component Designator: Old Designator=C35 New Designator=C154
Change Component Designator: Old Designator=C35 New Designator=C155
Change Component Designator: Old Designator=C82 New Designator=C137
Change Component Designator: Old Designator=C82 New Designator=C142
Change Component Designator: Old Designator=C82 New Designator=C144
Change Component Designator: Old Designator=C82 New Designator=C146
Change Component Designator: Old Designator=C82 New Designator=C148
Change Component Designator: Old Designator=C124 New Designator=C129
Change Component Designator: Old Designator=C125 New Designator=C132
Change Component Designator: Old Designator=C126 New Designator=C133
Change Component Designator: Old Designator=L11 New Designator=L9
Change Component Designator: Old Designator=L12 New Designator=L10
Change Component Designator: Old Designator=L13 New Designator=L11
Change Component Designator: Old Designator=Q5 New Designator=Q4
Change Component Designator: Old Designator=R2 New Designator=R119
Change Component Designator: Old Designator=R105 New Designator=R115
Change Component Designator: Old Designator=R106 New Designator=R116
Change Component Designator: Old Designator=R107 New Designator=R117
Change Component Designator: Old Designator=R108 New Designator=R118
Change Component Designator: Old Designator=R109 New Designator=R120
Change Component Designator: Old Designator=R110 New Designator=R121
Change Component Designator: Old Designator=R111 New Designator=R122
Change Component Designator: Old Designator=R112 New Designator=R123
Change Component Designator: Old Designator=R113 New Designator=R124
Change Component Designator: Old Designator=R114 New Designator=R125
Change Component Designator: Old Designator=R115 New Designator=R126
Change Component Designator: Old Designator=R116 New Designator=R127
Change Component Designator: Old Designator=R117 New Designator=R128
Change Component Designator: Old Designator=U21 New Designator=U23
Change Component Designator: Old Designator=U? New Designator=U24
