Change Component Designator: Old Designator=C135 New Designator=C142
Change Component Designator: Old Designator=C136 New Designator=C143
Change Component Designator: Old Designator=C138 New Designator=C144
Change Component Designator: Old Designator=C139 New Designator=C145
Change Component Designator: Old Designator=C140 New Designator=C146
Change Component Designator: Old Designator=C141 New Designator=C147
Change Component Designator: Old Designator=C142 New Designator=C148
Change Component Designator: Old Designator=C143 New Designator=C149
Change Component Designator: Old Designator=C144 New Designator=C150
Change Component Designator: Old Designator=C145 New Designator=C151
Change Component Designator: Old Designator=C146 New Designator=C154
Change Component Designator: Old Designator=C147 New Designator=C155
Change Component Designator: Old Designator=C148 New Designator=C156
Change Component Designator: Old Designator=C149 New Designator=C157
Change Component Designator: Old Designator=C150 New Designator=C158
Change Component Designator: Old Designator=C151 New Designator=C159
Change Component Designator: Old Designator=C152 New Designator=C160
Change Component Designator: Old Designator=C153 New Designator=C161
Change Component Designator: Old Designator=C154 New Designator=C162
Change Component Designator: Old Designator=C155 New Designator=C163
Change Component Designator: Old Designator=C156 New Designator=C164
Change Component Designator: Old Designator=C157 New Designator=C165
Change Component Designator: Old Designator=C158 New Designator=C166
Change Component Designator: Old Designator=C159 New Designator=C167
Change Component Designator: Old Designator=C160 New Designator=C168
Change Component Designator: Old Designator=C? New Designator=C152
Change Component Designator: Old Designator=C? New Designator=C153
Change Component Designator: Old Designator=D22 New Designator=D17
Change Component Designator: Old Designator=D23 New Designator=D18
Change Component Designator: Old Designator=Q4 New Designator=Q1
Change Component Designator: Old Designator=R114 New Designator=R109
Change Component Designator: Old Designator=R115 New Designator=R110
Change Component Designator: Old Designator=R116 New Designator=R111
Change Component Designator: Old Designator=R117 New Designator=R112
Change Component Designator: Old Designator=R118 New Designator=R113
Change Component Designator: Old Designator=R119 New Designator=R114
Change Component Designator: Old Designator=R120 New Designator=R118
Change Component Designator: Old Designator=R? New Designator=R115
Change Component Designator: Old Designator=R? New Designator=R116
Change Component Designator: Old Designator=R? New Designator=R117
Change Component Designator: Old Designator=R? New Designator=R119
Change Component Designator: Old Designator=R? New Designator=R120
Change Component Designator: Old Designator=U? New Designator=U26
