Change Component Designator: Old Designator=C17 New Designator=C16
Change Component Designator: Old Designator=C20 New Designator=C19
Change Component Designator: Old Designator=C21 New Designator=C20
Change Component Designator: Old Designator=C22 New Designator=C21
Change Component Designator: Old Designator=C25 New Designator=C22
Change Component Designator: Old Designator=C26 New Designator=C23
Change Component Designator: Old Designator=C27 New Designator=C24
Change Component Designator: Old Designator=C28 New Designator=C25
Change Component Designator: Old Designator=C? New Designator=C15
Change Component Designator: Old Designator=C? New Designator=C17
Change Component Designator: Old Designator=C? New Designator=C18
Change Component Designator: Old Designator=R6 New Designator=R7
Change Component Designator: Old Designator=R7 New Designator=R8
Change Component Designator: Old Designator=R8 New Designator=R6
Change Component Designator: Old Designator=R8 New Designator=R9
Change Component Designator: Old Designator=R8 New Designator=R10
Change Component Designator: Old Designator=R9 New Designator=R11
Change Component Designator: Old Designator=R10 New Designator=R12
Change Component Designator: Old Designator=R11 New Designator=R13
Change Component Designator: Old Designator=R12 New Designator=R14
Change Component Designator: Old Designator=R13 New Designator=R15
Change Component Designator: Old Designator=R14 New Designator=R16
Change Component Designator: Old Designator=R15 New Designator=R17
Change Component Designator: Old Designator=R16 New Designator=R18
Change Component Designator: Old Designator=R17 New Designator=R19
Change Component Designator: Old Designator=U7 New Designator=U6
Change Component Designator: Old Designator=U8 New Designator=U7
Change Component Designator: Old Designator=U? New Designator=U4
