Change Component Designator: Old Designator=C1 New Designator=C14
Change Component Designator: Old Designator=C2 New Designator=C4
Change Component Designator: Old Designator=C3 New Designator=C7
Change Component Designator: Old Designator=C15 New Designator=C9
Change Component Designator: Old Designator=C16 New Designator=C10
Change Component Designator: Old Designator=C44 New Designator=C12
Change Component Designator: Old Designator=C74 New Designator=C13
Change Component Designator: Old Designator=C81 New Designator=C3
Change Component Designator: Old Designator=C203 New Designator=C15
Change Component Designator: Old Designator=C211 New Designator=C16
Change Component Designator: Old Designator=C212 New Designator=C8
Change Component Designator: Old Designator=C213 New Designator=C6
Change Component Designator: Old Designator=C214 New Designator=C5
Change Component Designator: Old Designator=D10 New Designator=D9
Change Component Designator: Old Designator=D12 New Designator=D8
Change Component Designator: Old Designator=D25 New Designator=D7
Change Component Designator: Old Designator=D103 New Designator=D10
Change Component Designator: Old Designator=D132 New Designator=D12
Change Component Designator: Old Designator=J3 New Designator=J1
Change Component Designator: Old Designator=L6 New Designator=L1
Change Component Designator: Old Designator=L12 New Designator=L4
Change Component Designator: Old Designator=L42 New Designator=L2
Change Component Designator: Old Designator=R1 New Designator=R14
Change Component Designator: Old Designator=R21 New Designator=R11
Change Component Designator: Old Designator=R37 New Designator=R13
Change Component Designator: Old Designator=R55 New Designator=R10
Change Component Designator: Old Designator=R56 New Designator=R12
Change Component Designator: Old Designator=R1234 New Designator=R15
Change Component Designator: Old Designator=R1235 New Designator=R16
Change Component Designator: Old Designator=U1 New Designator=U3
Change Component Designator: Old Designator=U6 New Designator=U4
