Change Component Designator: Old Designator=C7 New Designator=C5
Change Component Designator: Old Designator=C7 New Designator=C6
Change Component Designator: Old Designator=C7 New Designator=C8
Change Component Designator: Old Designator=C7 New Designator=C9
Change Component Designator: Old Designator=C7 New Designator=C15
Change Component Designator: Old Designator=C10 New Designator=C12
Change Component Designator: Old Designator=C13 New Designator=C16
Change Component Designator: Old Designator=C13 New Designator=C20
Change Component Designator: Old Designator=C15 New Designator=C3
Change Component Designator: Old Designator=C15 New Designator=C4
Change Component Designator: Old Designator=C15 New Designator=C10
Change Component Designator: Old Designator=C15 New Designator=C11
Change Component Designator: Old Designator=C15 New Designator=C17
Change Component Designator: Old Designator=C15 New Designator=C18
Change Component Designator: Old Designator=C15 New Designator=C19
Change Component Designator: Old Designator=C15 New Designator=C21
Change Component Designator: Old Designator=C15 New Designator=C22
Change Component Designator: Old Designator=D9 New Designator=D7
Change Component Designator: Old Designator=D10 New Designator=D8
Change Component Designator: Old Designator=D11 New Designator=D9
Change Component Designator: Old Designator=D? New Designator=D10
Change Component Designator: Old Designator=D? New Designator=D11
Change Component Designator: Old Designator=D? New Designator=D12
Change Component Designator: Old Designator=J? New Designator=J1
Change Component Designator: Old Designator=J? New Designator=J2
Change Component Designator: Old Designator=L3 New Designator=L1
Change Component Designator: Old Designator=L3 New Designator=L2
Change Component Designator: Old Designator=R11 New Designator=R10
Change Component Designator: Old Designator=R12 New Designator=R11
Change Component Designator: Old Designator=R12 New Designator=R17
Change Component Designator: Old Designator=R12 New Designator=R23
Change Component Designator: Old Designator=R105 New Designator=R13
Change Component Designator: Old Designator=R105 New Designator=R14
Change Component Designator: Old Designator=R105 New Designator=R15
Change Component Designator: Old Designator=R105 New Designator=R16
Change Component Designator: Old Designator=R105 New Designator=R18
Change Component Designator: Old Designator=R105 New Designator=R19
Change Component Designator: Old Designator=R105 New Designator=R20
Change Component Designator: Old Designator=R105 New Designator=R21
Change Component Designator: Old Designator=R105 New Designator=R22
Change Component Designator: Old Designator=U3 New Designator=U4
Change Component Designator: Old Designator=U? New Designator=U3
Change Component Designator: Old Designator=U? New Designator=U5
Change Component Designator: Old Designator=U? New Designator=U6
