Replace Part C3 Capacitor in C:\ADAPTONE_PCB\01 - SCHEMAS ET PCB\99 - WORKING COPY\CARTE_DE_SON\Power.SchDoc with Capacitor from ADAPTONE_CARTE_DE_SON.IntLib
Replace Part C4 Capacitor in C:\ADAPTONE_PCB\01 - SCHEMAS ET PCB\99 - WORKING COPY\CARTE_DE_SON\Power.SchDoc with Capacitor from ADAPTONE_CARTE_DE_SON.IntLib
Replace Part C5 Capacitor_Polarized in C:\ADAPTONE_PCB\01 - SCHEMAS ET PCB\99 - WORKING COPY\CARTE_DE_SON\Power.SchDoc with Capacitor_Polarized from ADAPTONE_CARTE_DE_SON.IntLib
Replace Part C6 Capacitor_Polarized in C:\ADAPTONE_PCB\01 - SCHEMAS ET PCB\99 - WORKING COPY\CARTE_DE_SON\Power.SchDoc with Capacitor_Polarized from ADAPTONE_CARTE_DE_SON.IntLib
Replace Part C7 Capacitor_Polarized_1 in C:\ADAPTONE_PCB\01 - SCHEMAS ET PCB\99 - WORKING COPY\CARTE_DE_SON\Power.SchDoc with Capacitor_Polarized_1 from ADAPTONE_CARTE_DE_SON.IntLib
Replace Part C8 Capacitor_Polarized in C:\ADAPTONE_PCB\01 - SCHEMAS ET PCB\99 - WORKING COPY\CARTE_DE_SON\Power.SchDoc with Capacitor_Polarized from ADAPTONE_CARTE_DE_SON.IntLib
Replace Part C9 Capacitor_Polarized in C:\ADAPTONE_PCB\01 - SCHEMAS ET PCB\99 - WORKING COPY\CARTE_DE_SON\Power.SchDoc with Capacitor_Polarized from ADAPTONE_CARTE_DE_SON.IntLib
Replace Part C10 Capacitor in C:\ADAPTONE_PCB\01 - SCHEMAS ET PCB\99 - WORKING COPY\CARTE_DE_SON\Power.SchDoc with Capacitor from ADAPTONE_CARTE_DE_SON.IntLib
Replace Part C11 Capacitor in C:\ADAPTONE_PCB\01 - SCHEMAS ET PCB\99 - WORKING COPY\CARTE_DE_SON\Power.SchDoc with Capacitor from ADAPTONE_CARTE_DE_SON.IntLib
Replace Part C12 Capacitor in C:\ADAPTONE_PCB\01 - SCHEMAS ET PCB\99 - WORKING COPY\CARTE_DE_SON\Power.SchDoc with Capacitor from ADAPTONE_CARTE_DE_SON.IntLib
Replace Part C13 Capacitor in C:\ADAPTONE_PCB\01 - SCHEMAS ET PCB\99 - WORKING COPY\CARTE_DE_SON\Power.SchDoc with Capacitor from ADAPTONE_CARTE_DE_SON.IntLib
Replace Part C14 Capacitor in C:\ADAPTONE_PCB\01 - SCHEMAS ET PCB\99 - WORKING COPY\CARTE_DE_SON\Power.SchDoc with Capacitor from ADAPTONE_CARTE_DE_SON.IntLib
Replace Part C15 Capacitor_Polarized in C:\ADAPTONE_PCB\01 - SCHEMAS ET PCB\99 - WORKING COPY\CARTE_DE_SON\Power.SchDoc with Capacitor_Polarized from ADAPTONE_CARTE_DE_SON.IntLib
Replace Part C16 Capacitor in C:\ADAPTONE_PCB\01 - SCHEMAS ET PCB\99 - WORKING COPY\CARTE_DE_SON\Power.SchDoc with Capacitor from ADAPTONE_CARTE_DE_SON.IntLib
Replace Part C17 Capacitor in C:\ADAPTONE_PCB\01 - SCHEMAS ET PCB\99 - WORKING COPY\CARTE_DE_SON\Power.SchDoc with Capacitor from ADAPTONE_CARTE_DE_SON.IntLib
Replace Part C18 Capacitor_Polarized in C:\ADAPTONE_PCB\01 - SCHEMAS ET PCB\99 - WORKING COPY\CARTE_DE_SON\Power.SchDoc with Capacitor_Polarized from ADAPTONE_CARTE_DE_SON.IntLib
Replace Part C19 Capacitor in C:\ADAPTONE_PCB\01 - SCHEMAS ET PCB\99 - WORKING COPY\CARTE_DE_SON\Power.SchDoc with Capacitor from ADAPTONE_CARTE_DE_SON.IntLib
Replace Part C20 Capacitor in C:\ADAPTONE_PCB\01 - SCHEMAS ET PCB\99 - WORKING COPY\CARTE_DE_SON\Power.SchDoc with Capacitor from LIB_ADAPTONE_PASCAL_LEMIEUX.SchLib
Replace Part C21 Capacitor in C:\ADAPTONE_PCB\01 - SCHEMAS ET PCB\99 - WORKING COPY\CARTE_DE_SON\Power.SchDoc with Capacitor from ADAPTONE_CARTE_DE_SON.IntLib
Replace Part C22 Capacitor in C:\ADAPTONE_PCB\01 - SCHEMAS ET PCB\99 - WORKING COPY\CARTE_DE_SON\Power.SchDoc with Capacitor from ADAPTONE_CARTE_DE_SON.IntLib
Replace Part C23 Capacitor in C:\ADAPTONE_PCB\01 - SCHEMAS ET PCB\99 - WORKING COPY\CARTE_DE_SON\Power.SchDoc with Capacitor from ADAPTONE_CARTE_DE_SON.IntLib
Replace Part C24 Capacitor in C:\ADAPTONE_PCB\01 - SCHEMAS ET PCB\99 - WORKING COPY\CARTE_DE_SON\Power.SchDoc with Capacitor from ADAPTONE_CARTE_DE_SON.IntLib
Replace Part C25 Capacitor in C:\ADAPTONE_PCB\01 - SCHEMAS ET PCB\99 - WORKING COPY\CARTE_DE_SON\Power.SchDoc with Capacitor from ADAPTONE_CARTE_DE_SON.IntLib
Replace Part C65 Capacitor in C:\ADAPTONE_PCB\01 - SCHEMAS ET PCB\99 - WORKING COPY\CARTE_DE_SON\Power.SchDoc with Capacitor from ADAPTONE_CARTE_DE_SON.IntLib
Replace Part D2 Diode_LED in C:\ADAPTONE_PCB\01 - SCHEMAS ET PCB\99 - WORKING COPY\CARTE_DE_SON\Power.SchDoc with Diode_LED from ADAPTONE_CARTE_DE_SON.IntLib
Replace Part D3 Diode_LED in C:\ADAPTONE_PCB\01 - SCHEMAS ET PCB\99 - WORKING COPY\CARTE_DE_SON\Power.SchDoc with Diode_LED from ADAPTONE_CARTE_DE_SON.IntLib
Replace Part D4 Diode_zener in C:\ADAPTONE_PCB\01 - SCHEMAS ET PCB\99 - WORKING COPY\CARTE_DE_SON\Power.SchDoc with Diode_zener from ADAPTONE_CARTE_DE_SON.IntLib
Replace Part D5 Diode in C:\ADAPTONE_PCB\01 - SCHEMAS ET PCB\99 - WORKING COPY\CARTE_DE_SON\Power.SchDoc with Diode from ADAPTONE_CARTE_DE_SON.IntLib
Replace Part D6 Schottky in C:\ADAPTONE_PCB\01 - SCHEMAS ET PCB\99 - WORKING COPY\CARTE_DE_SON\Power.SchDoc with Schottky from LIB_ADAPTONE_EMILE_LAPLANTE.SchLib
Replace Part D7 Diode in C:\ADAPTONE_PCB\01 - SCHEMAS ET PCB\99 - WORKING COPY\CARTE_DE_SON\Power.SchDoc with Diode from ADAPTONE_CARTE_DE_SON.IntLib
Replace Part D? Schottky in C:\ADAPTONE_PCB\01 - SCHEMAS ET PCB\99 - WORKING COPY\CARTE_DE_SON\Power.SchDoc with Schottky from LIB_ADAPTONE_EMILE_LAPLANTE.SchLib
Replace Part L1 Inductor in C:\ADAPTONE_PCB\01 - SCHEMAS ET PCB\99 - WORKING COPY\CARTE_DE_SON\Power.SchDoc with Inductor from ADAPTONE_CARTE_DE_SON.IntLib
Replace Part L2 Inductor in C:\ADAPTONE_PCB\01 - SCHEMAS ET PCB\99 - WORKING COPY\CARTE_DE_SON\Power.SchDoc with Inductor from ADAPTONE_CARTE_DE_SON.IntLib
Replace Part R4 Resistor_PTC in C:\ADAPTONE_PCB\01 - SCHEMAS ET PCB\99 - WORKING COPY\CARTE_DE_SON\Power.SchDoc with Resistor_PTC from ADAPTONE_CARTE_DE_SON.IntLib
Replace Part R5 Resistor in C:\ADAPTONE_PCB\01 - SCHEMAS ET PCB\99 - WORKING COPY\CARTE_DE_SON\Power.SchDoc with Resistor from ADAPTONE_CARTE_DE_SON.IntLib
Replace Part R6 Resistor in C:\ADAPTONE_PCB\01 - SCHEMAS ET PCB\99 - WORKING COPY\CARTE_DE_SON\Power.SchDoc with Resistor from ADAPTONE_CARTE_DE_SON.IntLib
Replace Part R7 Resistor in C:\ADAPTONE_PCB\01 - SCHEMAS ET PCB\99 - WORKING COPY\CARTE_DE_SON\Power.SchDoc with Resistor from ADAPTONE_CARTE_DE_SON.IntLib
Replace Part R8 Resistor in C:\ADAPTONE_PCB\01 - SCHEMAS ET PCB\99 - WORKING COPY\CARTE_DE_SON\Power.SchDoc with Resistor from ADAPTONE_CARTE_DE_SON.IntLib
Replace Part R9 Resistor in C:\ADAPTONE_PCB\01 - SCHEMAS ET PCB\99 - WORKING COPY\CARTE_DE_SON\Power.SchDoc with Resistor from ADAPTONE_CARTE_DE_SON.IntLib
Replace Part R10 Resistor in C:\ADAPTONE_PCB\01 - SCHEMAS ET PCB\99 - WORKING COPY\CARTE_DE_SON\Power.SchDoc with Resistor from ADAPTONE_CARTE_DE_SON.IntLib
Replace Part R11 Resistor in C:\ADAPTONE_PCB\01 - SCHEMAS ET PCB\99 - WORKING COPY\CARTE_DE_SON\Power.SchDoc with Resistor from ADAPTONE_CARTE_DE_SON.IntLib
Replace Part R12 Resistor in C:\ADAPTONE_PCB\01 - SCHEMAS ET PCB\99 - WORKING COPY\CARTE_DE_SON\Power.SchDoc with Resistor from ADAPTONE_CARTE_DE_SON.IntLib
Replace Part R13 Resistor in C:\ADAPTONE_PCB\01 - SCHEMAS ET PCB\99 - WORKING COPY\CARTE_DE_SON\Power.SchDoc with Resistor from ADAPTONE_CARTE_DE_SON.IntLib
Replace Part R14 Resistor in C:\ADAPTONE_PCB\01 - SCHEMAS ET PCB\99 - WORKING COPY\CARTE_DE_SON\Power.SchDoc with Resistor from ADAPTONE_CARTE_DE_SON.IntLib
Replace Part R15 Resistor in C:\ADAPTONE_PCB\01 - SCHEMAS ET PCB\99 - WORKING COPY\CARTE_DE_SON\Power.SchDoc with Resistor from ADAPTONE_CARTE_DE_SON.IntLib
Replace Part R16 Resistor in C:\ADAPTONE_PCB\01 - SCHEMAS ET PCB\99 - WORKING COPY\CARTE_DE_SON\Power.SchDoc with Resistor from ADAPTONE_CARTE_DE_SON.IntLib
Replace Part R17 Resistor in C:\ADAPTONE_PCB\01 - SCHEMAS ET PCB\99 - WORKING COPY\CARTE_DE_SON\Power.SchDoc with Resistor from ADAPTONE_CARTE_DE_SON.IntLib
Replace Part U3 REG_SW_AP3513EMPTR-G1 in C:\ADAPTONE_PCB\01 - SCHEMAS ET PCB\99 - WORKING COPY\CARTE_DE_SON\Power.SchDoc with REG_SW_AP3513EMPTR-G1 from LIB_ADAPTONE_EMILE_LAPLANTE.SchLib
Replace Part U4 MCP1700 in C:\ADAPTONE_PCB\01 - SCHEMAS ET PCB\99 - WORKING COPY\CARTE_DE_SON\Power.SchDoc with MCP1700 from ADAPTONE_CARTE_DE_SON.IntLib
Replace Part U5 REG_LDO_LT1118 in C:\ADAPTONE_PCB\01 - SCHEMAS ET PCB\99 - WORKING COPY\CARTE_DE_SON\Power.SchDoc with REG_LDO_LT1118 from LIB_ADAPTONE_EMILE_LAPLANTE.SchLib
Replace Part U6 TL783 in C:\ADAPTONE_PCB\01 - SCHEMAS ET PCB\99 - WORKING COPY\CARTE_DE_SON\Power.SchDoc with TL783 from LIB_ADAPTONE_EMILE_LAPLANTE.SchLib
Replace Part U7 REG_SW_MP3425DL-LF-Z in C:\ADAPTONE_PCB\01 - SCHEMAS ET PCB\99 - WORKING COPY\CARTE_DE_SON\Power.SchDoc with REG_SW_MP3425DL-LF-Z from LIB_ADAPTONE_EMILE_LAPLANTE.SchLib
