Change Component Designator: Old Designator=C1 New Designator=C123
Change Component Designator: Old Designator=C2 New Designator=C23
Change Component Designator: Old Designator=C3 New Designator=C53
Change Component Designator: Old Designator=C11 New Designator=C93
Change Component Designator: Old Designator=C15 New Designator=C73
Change Component Designator: Old Designator=C16 New Designator=C83
Change Component Designator: Old Designator=C44 New Designator=C103
Change Component Designator: Old Designator=C74 New Designator=C113
Change Component Designator: Old Designator=C81 New Designator=C13
Change Component Designator: Old Designator=C203 New Designator=C133
Change Component Designator: Old Designator=C211 New Designator=C143
Change Component Designator: Old Designator=C212 New Designator=C63
Change Component Designator: Old Designator=C213 New Designator=C43
Change Component Designator: Old Designator=C214 New Designator=C33
Change Component Designator: Old Designator=D10 New Designator=D33
Change Component Designator: Old Designator=D11 New Designator=D53
Change Component Designator: Old Designator=D12 New Designator=D23
Change Component Designator: Old Designator=D25 New Designator=D13
Change Component Designator: Old Designator=D103 New Designator=D43
Change Component Designator: Old Designator=D132 New Designator=D63
Change Component Designator: Old Designator=J3 New Designator=J13
Change Component Designator: Old Designator=L3 New Designator=L33
Change Component Designator: Old Designator=L6 New Designator=L13
Change Component Designator: Old Designator=L12 New Designator=L43
Change Component Designator: Old Designator=L42 New Designator=L23
Change Component Designator: Old Designator=Q4 New Designator=Q13
Change Component Designator: Old Designator=R1 New Designator=R53
Change Component Designator: Old Designator=R21 New Designator=R23
Change Component Designator: Old Designator=R37 New Designator=R43
Change Component Designator: Old Designator=R55 New Designator=R13
Change Component Designator: Old Designator=R56 New Designator=R33
Change Component Designator: Old Designator=R1234 New Designator=R63
Change Component Designator: Old Designator=R1235 New Designator=R73
Change Component Designator: Old Designator=U1 New Designator=U13
Change Component Designator: Old Designator=U6 New Designator=U23
