Replace Part C168 Capacitor in C:\ADAPTONE_PCB\01 - SCHEMAS ET PCB\99 - WORKING COPY\CARTE_DE_SON\StereoHeadphoneDriver.SchDoc with Capacitor from ADAPTONE_CARTE_DE_SON.IntLib
Replace Part C169 Capacitor in C:\ADAPTONE_PCB\01 - SCHEMAS ET PCB\99 - WORKING COPY\CARTE_DE_SON\StereoHeadphoneDriver.SchDoc with Capacitor from ADAPTONE_CARTE_DE_SON.IntLib
Replace Part C170 Capacitor in C:\ADAPTONE_PCB\01 - SCHEMAS ET PCB\99 - WORKING COPY\CARTE_DE_SON\StereoHeadphoneDriver.SchDoc with Capacitor from ADAPTONE_CARTE_DE_SON.IntLib
Replace Part C171 Capacitor in C:\ADAPTONE_PCB\01 - SCHEMAS ET PCB\99 - WORKING COPY\CARTE_DE_SON\StereoHeadphoneDriver.SchDoc with Capacitor from ADAPTONE_CARTE_DE_SON.IntLib
Replace Part C172 Capacitor in C:\ADAPTONE_PCB\01 - SCHEMAS ET PCB\99 - WORKING COPY\CARTE_DE_SON\StereoHeadphoneDriver.SchDoc with Capacitor from ADAPTONE_CARTE_DE_SON.IntLib
Replace Part C173 Capacitor in C:\ADAPTONE_PCB\01 - SCHEMAS ET PCB\99 - WORKING COPY\CARTE_DE_SON\StereoHeadphoneDriver.SchDoc with Capacitor from ADAPTONE_CARTE_DE_SON.IntLib
Replace Part C174 Capacitor in C:\ADAPTONE_PCB\01 - SCHEMAS ET PCB\99 - WORKING COPY\CARTE_DE_SON\StereoHeadphoneDriver.SchDoc with Capacitor from LIB_ADAPTONE_PASCAL_LEMIEUX.SchLib
Replace Part C175 CAP_ALU_MAL215099101E3 in C:\ADAPTONE_PCB\01 - SCHEMAS ET PCB\99 - WORKING COPY\CARTE_DE_SON\StereoHeadphoneDriver.SchDoc with CAP_ALU_MAL215099101E3 from S7CAS_Lib2019_REV1_00.IntLib
Replace Part C176 Capacitor in C:\ADAPTONE_PCB\01 - SCHEMAS ET PCB\99 - WORKING COPY\CARTE_DE_SON\StereoHeadphoneDriver.SchDoc with Capacitor from LIB_ADAPTONE_PASCAL_LEMIEUX.SchLib
Replace Part C177 CAP_ALU_MAL215099101E3 in C:\ADAPTONE_PCB\01 - SCHEMAS ET PCB\99 - WORKING COPY\CARTE_DE_SON\StereoHeadphoneDriver.SchDoc with CAP_ALU_MAL215099101E3 from S7CAS_Lib2019_REV1_00.IntLib
Replace Part J8 CON_XH_JST_6pins in C:\ADAPTONE_PCB\01 - SCHEMAS ET PCB\99 - WORKING COPY\CARTE_DE_SON\StereoHeadphoneDriver.SchDoc with CON_XH_JST_6pins from LIB_ADAPTONE_PASCAL_LEMIEUX.SchLib
Replace Part J9 CON_XH_JST_6pins in C:\ADAPTONE_PCB\01 - SCHEMAS ET PCB\99 - WORKING COPY\CARTE_DE_SON\StereoHeadphoneDriver.SchDoc with CON_XH_JST_6pins from LIB_ADAPTONE_PASCAL_LEMIEUX.SchLib
Replace Part L10 Ferrite in C:\ADAPTONE_PCB\01 - SCHEMAS ET PCB\99 - WORKING COPY\CARTE_DE_SON\StereoHeadphoneDriver.SchDoc with Ferrite from ADAPTONE_CARTE_DE_SON.IntLib
Replace Part R129 Resistor in C:\ADAPTONE_PCB\01 - SCHEMAS ET PCB\99 - WORKING COPY\CARTE_DE_SON\StereoHeadphoneDriver.SchDoc with Resistor from LIB_ADAPTONE_PASCAL_LEMIEUX.SchLib
Replace Part R130 Resistor in C:\ADAPTONE_PCB\01 - SCHEMAS ET PCB\99 - WORKING COPY\CARTE_DE_SON\StereoHeadphoneDriver.SchDoc with Resistor from LIB_ADAPTONE_PASCAL_LEMIEUX.SchLib
Replace Part R131 Resistor in C:\ADAPTONE_PCB\01 - SCHEMAS ET PCB\99 - WORKING COPY\CARTE_DE_SON\StereoHeadphoneDriver.SchDoc with Resistor from LIB_ADAPTONE_PASCAL_LEMIEUX.SchLib
Replace Part R132 Resistor in C:\ADAPTONE_PCB\01 - SCHEMAS ET PCB\99 - WORKING COPY\CARTE_DE_SON\StereoHeadphoneDriver.SchDoc with Resistor from LIB_ADAPTONE_PASCAL_LEMIEUX.SchLib
Replace Part R133 Resistor in C:\ADAPTONE_PCB\01 - SCHEMAS ET PCB\99 - WORKING COPY\CARTE_DE_SON\StereoHeadphoneDriver.SchDoc with Resistor from LIB_ADAPTONE_PASCAL_LEMIEUX.SchLib
Replace Part R134 Resistor in C:\ADAPTONE_PCB\01 - SCHEMAS ET PCB\99 - WORKING COPY\CARTE_DE_SON\StereoHeadphoneDriver.SchDoc with Resistor from LIB_ADAPTONE_PASCAL_LEMIEUX.SchLib
Replace Part U27 OPA1622 in C:\ADAPTONE_PCB\01 - SCHEMAS ET PCB\99 - WORKING COPY\CARTE_DE_SON\StereoHeadphoneDriver.SchDoc with OPA1622 from LIB_ADAPTONE_PASCAL_LEMIEUX.SchLib
Replace Part U27 OPA1622 in C:\ADAPTONE_PCB\01 - SCHEMAS ET PCB\99 - WORKING COPY\CARTE_DE_SON\StereoHeadphoneDriver.SchDoc with OPA1622 from LIB_ADAPTONE_PASCAL_LEMIEUX.SchLib
