Change Value of Parameter NI in Part R19 Old=NI New=
Change Value of Parameter Mfg in Part TP3 Old=Harwin New=TE
Change Value of Parameter Mfg_PN in Part TP3 Old=S1751-46 New=RCU-0C
Change Value of Parameter Supplier1_PN in Part TP3 Old=952-3024-ND New=A106145CT-ND
Change Value of Parameter Mfg in Part TP4 Old=Harwin New=TE
Change Value of Parameter Mfg_PN in Part TP4 Old=S1751-46 New=RCU-0C
Change Value of Parameter Supplier1_PN in Part TP4 Old=952-3024-ND New=A106145CT-ND
Change Value of Parameter Mfg in Part TP5 Old=Harwin New=TE
Change Value of Parameter Mfg_PN in Part TP5 Old=S1751-46 New=RCU-0C
Change Value of Parameter Supplier1_PN in Part TP5 Old=952-3024-ND New=A106145CT-ND
Replace Symbol from FID1 Fiducial in C:\ADAPTONE_PCB\01 - SCHEMAS ET PCB\99 - WORKING COPY\CARTE_DE_SON\TopLevel.SchDoc with Fiducial from ADAPTONE_CARTE_DE_SON.IntLib
Replace Symbol from FID2 Fiducial in C:\ADAPTONE_PCB\01 - SCHEMAS ET PCB\99 - WORKING COPY\CARTE_DE_SON\TopLevel.SchDoc with Fiducial from ADAPTONE_CARTE_DE_SON.IntLib
Replace Symbol from FID3 Fiducial in C:\ADAPTONE_PCB\01 - SCHEMAS ET PCB\99 - WORKING COPY\CARTE_DE_SON\TopLevel.SchDoc with Fiducial from ADAPTONE_CARTE_DE_SON.IntLib
Replace Symbol from FID4 Fiducial in C:\ADAPTONE_PCB\01 - SCHEMAS ET PCB\99 - WORKING COPY\CARTE_DE_SON\TopLevel.SchDoc with Fiducial from ADAPTONE_CARTE_DE_SON.IntLib
Replace Symbol from FID5 Fiducial in C:\ADAPTONE_PCB\01 - SCHEMAS ET PCB\99 - WORKING COPY\CARTE_DE_SON\TopLevel.SchDoc with Fiducial from ADAPTONE_CARTE_DE_SON.IntLib
Replace Symbol from FID6 Fiducial in C:\ADAPTONE_PCB\01 - SCHEMAS ET PCB\99 - WORKING COPY\CARTE_DE_SON\TopLevel.SchDoc with Fiducial from ADAPTONE_CARTE_DE_SON.IntLib
Replace Symbol from R18 Resistor in C:\ADAPTONE_PCB\01 - SCHEMAS ET PCB\99 - WORKING COPY\CARTE_DE_SON\TopLevel.SchDoc with Resistor from ADAPTONE_CARTE_DE_SON.IntLib
Replace Symbol from R19 Resistor in C:\ADAPTONE_PCB\01 - SCHEMAS ET PCB\99 - WORKING COPY\CARTE_DE_SON\TopLevel.SchDoc with Resistor from ADAPTONE_CARTE_DE_SON.IntLib
Replace Symbol from S1 SCREW in C:\ADAPTONE_PCB\01 - SCHEMAS ET PCB\99 - WORKING COPY\CARTE_DE_SON\TopLevel.SchDoc with SCREW from ADAPTONE_CARTE_DE_SON.IntLib
Replace Symbol from S2 SCREW in C:\ADAPTONE_PCB\01 - SCHEMAS ET PCB\99 - WORKING COPY\CARTE_DE_SON\TopLevel.SchDoc with SCREW from ADAPTONE_CARTE_DE_SON.IntLib
Replace Symbol from S3 SCREW in C:\ADAPTONE_PCB\01 - SCHEMAS ET PCB\99 - WORKING COPY\CARTE_DE_SON\TopLevel.SchDoc with SCREW from ADAPTONE_CARTE_DE_SON.IntLib
Replace Symbol from S4 SCREW in C:\ADAPTONE_PCB\01 - SCHEMAS ET PCB\99 - WORKING COPY\CARTE_DE_SON\TopLevel.SchDoc with SCREW from ADAPTONE_CARTE_DE_SON.IntLib
Replace Symbol from TP1 TESTPOINT in C:\ADAPTONE_PCB\01 - SCHEMAS ET PCB\99 - WORKING COPY\CARTE_DE_SON\TopLevel.SchDoc with TESTPOINT from ADAPTONE_CARTE_DE_SON.IntLib
Replace Symbol from TP2 TESTPOINT in C:\ADAPTONE_PCB\01 - SCHEMAS ET PCB\99 - WORKING COPY\CARTE_DE_SON\TopLevel.SchDoc with TESTPOINT from ADAPTONE_CARTE_DE_SON.IntLib
Replace Symbol from TP3 TESTPOINT in C:\ADAPTONE_PCB\01 - SCHEMAS ET PCB\99 - WORKING COPY\CARTE_DE_SON\TopLevel.SchDoc with TESTPOINT from ADAPTONE_CARTE_DE_SON.IntLib
Replace Symbol from TP4 TESTPOINT in C:\ADAPTONE_PCB\01 - SCHEMAS ET PCB\99 - WORKING COPY\CARTE_DE_SON\TopLevel.SchDoc with TESTPOINT from ADAPTONE_CARTE_DE_SON.IntLib
Replace Symbol from TP5 TESTPOINT in C:\ADAPTONE_PCB\01 - SCHEMAS ET PCB\99 - WORKING COPY\CARTE_DE_SON\TopLevel.SchDoc with TESTPOINT from ADAPTONE_CARTE_DE_SON.IntLib
Replace Symbol from TP6 TESTPOINT in C:\ADAPTONE_PCB\01 - SCHEMAS ET PCB\99 - WORKING COPY\CARTE_DE_SON\TopLevel.SchDoc with TESTPOINT from ADAPTONE_CARTE_DE_SON.IntLib
Replace Symbol from TP7 TESTPOINT in C:\ADAPTONE_PCB\01 - SCHEMAS ET PCB\99 - WORKING COPY\CARTE_DE_SON\TopLevel.SchDoc with TESTPOINT from ADAPTONE_CARTE_DE_SON.IntLib
Replace Symbol from TP8 TESTPOINT in C:\ADAPTONE_PCB\01 - SCHEMAS ET PCB\99 - WORKING COPY\CARTE_DE_SON\TopLevel.SchDoc with TESTPOINT from ADAPTONE_CARTE_DE_SON.IntLib
Replace Symbol from TP9 TESTPOINT in C:\ADAPTONE_PCB\01 - SCHEMAS ET PCB\99 - WORKING COPY\CARTE_DE_SON\TopLevel.SchDoc with TESTPOINT from ADAPTONE_CARTE_DE_SON.IntLib
Replace Symbol from TP10 TESTPOINT in C:\ADAPTONE_PCB\01 - SCHEMAS ET PCB\99 - WORKING COPY\CARTE_DE_SON\TopLevel.SchDoc with TESTPOINT from ADAPTONE_CARTE_DE_SON.IntLib
Replace Symbol from TP11 TESTPOINT in C:\ADAPTONE_PCB\01 - SCHEMAS ET PCB\99 - WORKING COPY\CARTE_DE_SON\TopLevel.SchDoc with TESTPOINT from ADAPTONE_CARTE_DE_SON.IntLib
Replace Symbol from TP13 TESTPOINT in C:\ADAPTONE_PCB\01 - SCHEMAS ET PCB\99 - WORKING COPY\CARTE_DE_SON\TopLevel.SchDoc with TESTPOINT from ADAPTONE_CARTE_DE_SON.IntLib
Replace Symbol from TP14 TESTPOINT in C:\ADAPTONE_PCB\01 - SCHEMAS ET PCB\99 - WORKING COPY\CARTE_DE_SON\TopLevel.SchDoc with TESTPOINT from ADAPTONE_CARTE_DE_SON.IntLib
Replace Symbol from TP15 TESTPOINT in C:\ADAPTONE_PCB\01 - SCHEMAS ET PCB\99 - WORKING COPY\CARTE_DE_SON\TopLevel.SchDoc with TESTPOINT from ADAPTONE_CARTE_DE_SON.IntLib
Replace Symbol from TP16 TESTPOINT in C:\ADAPTONE_PCB\01 - SCHEMAS ET PCB\99 - WORKING COPY\CARTE_DE_SON\TopLevel.SchDoc with TESTPOINT from ADAPTONE_CARTE_DE_SON.IntLib
Replace Symbol from TP17 TESTPOINT in C:\ADAPTONE_PCB\01 - SCHEMAS ET PCB\99 - WORKING COPY\CARTE_DE_SON\TopLevel.SchDoc with TESTPOINT from ADAPTONE_CARTE_DE_SON.IntLib
Replace Symbol from TP18 TESTPOINT in C:\ADAPTONE_PCB\01 - SCHEMAS ET PCB\99 - WORKING COPY\CARTE_DE_SON\TopLevel.SchDoc with TESTPOINT from ADAPTONE_CARTE_DE_SON.IntLib
