Change Value of Parameter Type in Part D19 Old=B New=Y
Change Value of Parameter Type in Part D20 Old=R New=Y
Change Value of Parameter Type in Part D21 Old=G New=Y
Change Value of Parameter Type in Part D22 Old=R New=Y
Change Value of Parameter Type in Part D23 Old=R New=Y
Change Value of Parameter Type in Part D24 Old=R New=Y
Replace Symbol from D19 Diode_LED in C:\ADAPTONE_PCB\01 - SCHEMAS ET PCB\99 - WORKING COPY\CARTE_DE_SON\U_LEDs_I2C_PORT.SchDoc with Diode_LED from ADAPTONE_CARTE_DE_SON.IntLib
Replace Symbol from D20 Diode_LED in C:\ADAPTONE_PCB\01 - SCHEMAS ET PCB\99 - WORKING COPY\CARTE_DE_SON\U_LEDs_I2C_PORT.SchDoc with Diode_LED from ADAPTONE_CARTE_DE_SON.IntLib
Replace Symbol from D21 Diode_LED in C:\ADAPTONE_PCB\01 - SCHEMAS ET PCB\99 - WORKING COPY\CARTE_DE_SON\U_LEDs_I2C_PORT.SchDoc with Diode_LED from ADAPTONE_CARTE_DE_SON.IntLib
Replace Symbol from D22 Diode_LED in C:\ADAPTONE_PCB\01 - SCHEMAS ET PCB\99 - WORKING COPY\CARTE_DE_SON\U_LEDs_I2C_PORT.SchDoc with Diode_LED from ADAPTONE_CARTE_DE_SON.IntLib
Replace Symbol from D23 Diode_LED in C:\ADAPTONE_PCB\01 - SCHEMAS ET PCB\99 - WORKING COPY\CARTE_DE_SON\U_LEDs_I2C_PORT.SchDoc with Diode_LED from ADAPTONE_CARTE_DE_SON.IntLib
Replace Symbol from D24 Diode_LED in C:\ADAPTONE_PCB\01 - SCHEMAS ET PCB\99 - WORKING COPY\CARTE_DE_SON\U_LEDs_I2C_PORT.SchDoc with Diode_LED from ADAPTONE_CARTE_DE_SON.IntLib
Replace Symbol from P1 CON6_3020-06-0300-00 in C:\ADAPTONE_PCB\01 - SCHEMAS ET PCB\99 - WORKING COPY\CARTE_DE_SON\U_LEDs_I2C_PORT.SchDoc with CON6_3020-06-0300-00 from ADAPTONE_CARTE_DE_SON.IntLib
Replace Symbol from Q2 BJT_N_GDS in C:\ADAPTONE_PCB\01 - SCHEMAS ET PCB\99 - WORKING COPY\CARTE_DE_SON\U_LEDs_I2C_PORT.SchDoc with BJT_N_GDS from ADAPTONE_CARTE_DE_SON.IntLib
Replace Symbol from Q3 BJT_N_GDS in C:\ADAPTONE_PCB\01 - SCHEMAS ET PCB\99 - WORKING COPY\CARTE_DE_SON\U_LEDs_I2C_PORT.SchDoc with BJT_N_GDS from ADAPTONE_CARTE_DE_SON.IntLib
Replace Symbol from Q4 BJT_N_GDS in C:\ADAPTONE_PCB\01 - SCHEMAS ET PCB\99 - WORKING COPY\CARTE_DE_SON\U_LEDs_I2C_PORT.SchDoc with BJT_N_GDS from ADAPTONE_CARTE_DE_SON.IntLib
Replace Symbol from R135 Resistor in C:\ADAPTONE_PCB\01 - SCHEMAS ET PCB\99 - WORKING COPY\CARTE_DE_SON\U_LEDs_I2C_PORT.SchDoc with Resistor from ADAPTONE_CARTE_DE_SON.IntLib
Replace Symbol from R136 Resistor in C:\ADAPTONE_PCB\01 - SCHEMAS ET PCB\99 - WORKING COPY\CARTE_DE_SON\U_LEDs_I2C_PORT.SchDoc with Resistor from ADAPTONE_CARTE_DE_SON.IntLib
Replace Symbol from R137 Resistor in C:\ADAPTONE_PCB\01 - SCHEMAS ET PCB\99 - WORKING COPY\CARTE_DE_SON\U_LEDs_I2C_PORT.SchDoc with Resistor from ADAPTONE_CARTE_DE_SON.IntLib
Replace Symbol from R138 Resistor in C:\ADAPTONE_PCB\01 - SCHEMAS ET PCB\99 - WORKING COPY\CARTE_DE_SON\U_LEDs_I2C_PORT.SchDoc with Resistor from ADAPTONE_CARTE_DE_SON.IntLib
Replace Symbol from R139 Resistor in C:\ADAPTONE_PCB\01 - SCHEMAS ET PCB\99 - WORKING COPY\CARTE_DE_SON\U_LEDs_I2C_PORT.SchDoc with Resistor from ADAPTONE_CARTE_DE_SON.IntLib
Replace Symbol from R140 Resistor in C:\ADAPTONE_PCB\01 - SCHEMAS ET PCB\99 - WORKING COPY\CARTE_DE_SON\U_LEDs_I2C_PORT.SchDoc with Resistor from ADAPTONE_CARTE_DE_SON.IntLib
