Change Value of Parameter Mfg_PN in Part C26 Old=CL21A475KAQNNNG New=CL10C471JB8NCNC
Change Value of Parameter Supplier1_PN in Part C26 Old=1276-6462-1-ND New=1276-2302-1-ND
Change Value of Parameter Value in Part C26 Old=4u7F New=470pF
Change Value of Parameter Mfg_PN in Part R20 Old=RC0603JR-074K7L New=RC0603JR-0733RL
Change Value of Parameter Supplier1_PN in Part R20 Old=311-4.7KGRCT-ND New=311-33GRCT-ND
Change Value of Parameter Value in Part R20 Old=4k7 New=33R
Change Value of Parameter Mfg_PN in Part R21 Old=RC0603JR-074K7L New=RC0603JR-0733RL
Change Value of Parameter Supplier1_PN in Part R21 Old=311-4.7KGRCT-ND New=311-33GRCT-ND
Change Value of Parameter Value in Part R21 Old=4k7 New=33R
Change Value of Parameter Mfg_PN in Part R22 Old=RC0603JR-0710KL New=RC0603JR-0733RL
Change Value of Parameter Supplier1_PN in Part R22 Old=311-10KGRCT-ND New=311-33GRCT-ND
Change Value of Parameter Value in Part R22 Old=10k New=33R
Change Value of Parameter Mfg_PN in Part R27 Old=RC0603FR-0743R2L New=RC0603JR-0733RL
Change Value of Parameter Supplier1_PN in Part R27 Old=311-43.2HRCT-ND New=311-33GRCT-ND
Change Value of Parameter Value in Part R27 Old=43R2 New=33R
Change Component Parameter Comment in U8 Old= New==VALUE
Change Component Parameter Comment in U8 Old= New==VALUE
Change Component Parameter Comment in U8 Old= New==VALUE
Change Component Parameter Comment in U8 Old= New==VALUE
Replace Symbol from C26 Capacitor in C:\ADAPTONE_PCB\01 - SCHEMAS ET PCB\99 - WORKING COPY\CARTE_DE_SON\XMOS_chip.SchDoc with Capacitor from ADAPTONE_CARTE_DE_SON.IntLib
Replace Symbol from D8 Diode_dual in C:\ADAPTONE_PCB\01 - SCHEMAS ET PCB\99 - WORKING COPY\CARTE_DE_SON\XMOS_chip.SchDoc with Diode_dual from ADAPTONE_CARTE_DE_SON.IntLib
Replace Symbol from D9 Diode_dual in C:\ADAPTONE_PCB\01 - SCHEMAS ET PCB\99 - WORKING COPY\CARTE_DE_SON\XMOS_chip.SchDoc with Diode_dual from ADAPTONE_CARTE_DE_SON.IntLib
Replace Symbol from J3 CON20 in C:\ADAPTONE_PCB\01 - SCHEMAS ET PCB\99 - WORKING COPY\CARTE_DE_SON\XMOS_chip.SchDoc with CON20 from ADAPTONE_CARTE_DE_SON.IntLib
Replace Symbol from J4 USB_MINIB_690-005-299-043 in C:\ADAPTONE_PCB\01 - SCHEMAS ET PCB\99 - WORKING COPY\CARTE_DE_SON\XMOS_chip.SchDoc with USB_MINIB_690-005-299-043 from ADAPTONE_CARTE_DE_SON.IntLib
Replace Symbol from L3 Ferrite in C:\ADAPTONE_PCB\01 - SCHEMAS ET PCB\99 - WORKING COPY\CARTE_DE_SON\XMOS_chip.SchDoc with Ferrite from ADAPTONE_CARTE_DE_SON.IntLib
Replace Symbol from R20 Resistor in C:\ADAPTONE_PCB\01 - SCHEMAS ET PCB\99 - WORKING COPY\CARTE_DE_SON\XMOS_chip.SchDoc with Resistor from ADAPTONE_CARTE_DE_SON.IntLib
Replace Symbol from R21 Resistor in C:\ADAPTONE_PCB\01 - SCHEMAS ET PCB\99 - WORKING COPY\CARTE_DE_SON\XMOS_chip.SchDoc with Resistor from ADAPTONE_CARTE_DE_SON.IntLib
Replace Symbol from R22 Resistor in C:\ADAPTONE_PCB\01 - SCHEMAS ET PCB\99 - WORKING COPY\CARTE_DE_SON\XMOS_chip.SchDoc with Resistor from ADAPTONE_CARTE_DE_SON.IntLib
Replace Symbol from R23 Resistor in C:\ADAPTONE_PCB\01 - SCHEMAS ET PCB\99 - WORKING COPY\CARTE_DE_SON\XMOS_chip.SchDoc with Resistor from ADAPTONE_CARTE_DE_SON.IntLib
Replace Symbol from R24 Resistor in C:\ADAPTONE_PCB\01 - SCHEMAS ET PCB\99 - WORKING COPY\CARTE_DE_SON\XMOS_chip.SchDoc with Resistor from ADAPTONE_CARTE_DE_SON.IntLib
Replace Symbol from R25 Resistor in C:\ADAPTONE_PCB\01 - SCHEMAS ET PCB\99 - WORKING COPY\CARTE_DE_SON\XMOS_chip.SchDoc with Resistor from ADAPTONE_CARTE_DE_SON.IntLib
Replace Symbol from R26 Resistor in C:\ADAPTONE_PCB\01 - SCHEMAS ET PCB\99 - WORKING COPY\CARTE_DE_SON\XMOS_chip.SchDoc with Resistor from ADAPTONE_CARTE_DE_SON.IntLib
Replace Symbol from R27 Resistor in C:\ADAPTONE_PCB\01 - SCHEMAS ET PCB\99 - WORKING COPY\CARTE_DE_SON\XMOS_chip.SchDoc with Resistor from ADAPTONE_CARTE_DE_SON.IntLib
Replace Symbol from R28 Resistor in C:\ADAPTONE_PCB\01 - SCHEMAS ET PCB\99 - WORKING COPY\CARTE_DE_SON\XMOS_chip.SchDoc with Resistor from ADAPTONE_CARTE_DE_SON.IntLib
Replace Symbol from TP19 TESTPOINT in C:\ADAPTONE_PCB\01 - SCHEMAS ET PCB\99 - WORKING COPY\CARTE_DE_SON\XMOS_chip.SchDoc with TESTPOINT from ADAPTONE_CARTE_DE_SON.IntLib
Replace Symbol from U8 XMOS_XEF216-512-TQ128 in C:\ADAPTONE_PCB\01 - SCHEMAS ET PCB\99 - WORKING COPY\CARTE_DE_SON\XMOS_chip.SchDoc with XMOS_XEF216-512-TQ128 from ADAPTONE_CARTE_DE_SON.IntLib
Replace Symbol from U8 XMOS_XEF216-512-TQ128 in C:\ADAPTONE_PCB\01 - SCHEMAS ET PCB\99 - WORKING COPY\CARTE_DE_SON\XMOS_chip.SchDoc with XMOS_XEF216-512-TQ128 from ADAPTONE_CARTE_DE_SON.IntLib
Replace Symbol from U8 XMOS_XEF216-512-TQ128 in C:\ADAPTONE_PCB\01 - SCHEMAS ET PCB\99 - WORKING COPY\CARTE_DE_SON\XMOS_chip.SchDoc with XMOS_XEF216-512-TQ128 from ADAPTONE_CARTE_DE_SON.IntLib
Replace Symbol from U8 XMOS_XEF216-512-TQ128 in C:\ADAPTONE_PCB\01 - SCHEMAS ET PCB\99 - WORKING COPY\CARTE_DE_SON\XMOS_chip.SchDoc with XMOS_XEF216-512-TQ128 from ADAPTONE_CARTE_DE_SON.IntLib
Replace Symbol from U9 USBLC6-2 in C:\ADAPTONE_PCB\01 - SCHEMAS ET PCB\99 - WORKING COPY\CARTE_DE_SON\XMOS_chip.SchDoc with USBLC6-2 from ADAPTONE_CARTE_DE_SON.IntLib
