Change Component Designator: Old Designator=C14 New Designator=C17
Change Component Designator: Old Designator=D3 New Designator=D13
Change Component Designator: Old Designator=D4 New Designator=D14
Change Component Designator: Old Designator=J4 New Designator=J2
Change Component Designator: Old Designator=J5 New Designator=J3
Change Component Designator: Old Designator=L4 New Designator=L5
Change Component Designator: Old Designator=R5 New Designator=R19
Change Component Designator: Old Designator=R38 New Designator=R20
Change Component Designator: Old Designator=R39 New Designator=R21
Change Component Designator: Old Designator=R40 New Designator=R27
Change Component Designator: Old Designator=R46 New Designator=R25
Change Component Designator: Old Designator=R47 New Designator=R26
Change Component Designator: Old Designator=R67 New Designator=R28
Change Component Designator: Old Designator=R68 New Designator=R22
Change Component Designator: Old Designator=R801 New Designator=R23
Change Component Designator: Old Designator=R802 New Designator=R24
Change Component Designator: Old Designator=TP13 New Designator=TP15
Change Component Designator: Old Designator=U4 New Designator=U5
Change Component Designator: Old Designator=U4 New Designator=U5
Change Component Designator: Old Designator=U4 New Designator=U5
Change Component Designator: Old Designator=U4 New Designator=U5
Change Component Designator: Old Designator=U12 New Designator=U6
