Replace Symbol from C71 Capacitor in C:\ADAPTONE_PCB\01 - SCHEMAS ET PCB\99 - WORKING COPY\CARTE_DE_SON\XMOS_power.SchDoc with Capacitor from ADAPTONE_CARTE_DE_SON.IntLib
Replace Symbol from C72 Capacitor in C:\ADAPTONE_PCB\01 - SCHEMAS ET PCB\99 - WORKING COPY\CARTE_DE_SON\XMOS_power.SchDoc with Capacitor from ADAPTONE_CARTE_DE_SON.IntLib
Replace Symbol from C73 Capacitor in C:\ADAPTONE_PCB\01 - SCHEMAS ET PCB\99 - WORKING COPY\CARTE_DE_SON\XMOS_power.SchDoc with Capacitor from ADAPTONE_CARTE_DE_SON.IntLib
Replace Symbol from C74 Capacitor in C:\ADAPTONE_PCB\01 - SCHEMAS ET PCB\99 - WORKING COPY\CARTE_DE_SON\XMOS_power.SchDoc with Capacitor from ADAPTONE_CARTE_DE_SON.IntLib
Replace Symbol from C75 Capacitor in C:\ADAPTONE_PCB\01 - SCHEMAS ET PCB\99 - WORKING COPY\CARTE_DE_SON\XMOS_power.SchDoc with Capacitor from ADAPTONE_CARTE_DE_SON.IntLib
Replace Symbol from C76 Capacitor in C:\ADAPTONE_PCB\01 - SCHEMAS ET PCB\99 - WORKING COPY\CARTE_DE_SON\XMOS_power.SchDoc with Capacitor from ADAPTONE_CARTE_DE_SON.IntLib
Replace Symbol from C77 Capacitor in C:\ADAPTONE_PCB\01 - SCHEMAS ET PCB\99 - WORKING COPY\CARTE_DE_SON\XMOS_power.SchDoc with Capacitor from ADAPTONE_CARTE_DE_SON.IntLib
Replace Symbol from C78 Capacitor in C:\ADAPTONE_PCB\01 - SCHEMAS ET PCB\99 - WORKING COPY\CARTE_DE_SON\XMOS_power.SchDoc with Capacitor from ADAPTONE_CARTE_DE_SON.IntLib
Replace Symbol from C79 Capacitor in C:\ADAPTONE_PCB\01 - SCHEMAS ET PCB\99 - WORKING COPY\CARTE_DE_SON\XMOS_power.SchDoc with Capacitor from ADAPTONE_CARTE_DE_SON.IntLib
Replace Symbol from C80 Capacitor in C:\ADAPTONE_PCB\01 - SCHEMAS ET PCB\99 - WORKING COPY\CARTE_DE_SON\XMOS_power.SchDoc with Capacitor from ADAPTONE_CARTE_DE_SON.IntLib
Replace Symbol from C81 Capacitor in C:\ADAPTONE_PCB\01 - SCHEMAS ET PCB\99 - WORKING COPY\CARTE_DE_SON\XMOS_power.SchDoc with Capacitor from ADAPTONE_CARTE_DE_SON.IntLib
Replace Symbol from C82 Capacitor in C:\ADAPTONE_PCB\01 - SCHEMAS ET PCB\99 - WORKING COPY\CARTE_DE_SON\XMOS_power.SchDoc with Capacitor from ADAPTONE_CARTE_DE_SON.IntLib
Replace Symbol from C83 Capacitor in C:\ADAPTONE_PCB\01 - SCHEMAS ET PCB\99 - WORKING COPY\CARTE_DE_SON\XMOS_power.SchDoc with Capacitor from ADAPTONE_CARTE_DE_SON.IntLib
Replace Symbol from C84 Capacitor in C:\ADAPTONE_PCB\01 - SCHEMAS ET PCB\99 - WORKING COPY\CARTE_DE_SON\XMOS_power.SchDoc with Capacitor from ADAPTONE_CARTE_DE_SON.IntLib
Replace Symbol from C85 Capacitor in C:\ADAPTONE_PCB\01 - SCHEMAS ET PCB\99 - WORKING COPY\CARTE_DE_SON\XMOS_power.SchDoc with Capacitor from ADAPTONE_CARTE_DE_SON.IntLib
Replace Symbol from C86 Capacitor in C:\ADAPTONE_PCB\01 - SCHEMAS ET PCB\99 - WORKING COPY\CARTE_DE_SON\XMOS_power.SchDoc with Capacitor from ADAPTONE_CARTE_DE_SON.IntLib
Replace Symbol from C87 Capacitor in C:\ADAPTONE_PCB\01 - SCHEMAS ET PCB\99 - WORKING COPY\CARTE_DE_SON\XMOS_power.SchDoc with Capacitor from ADAPTONE_CARTE_DE_SON.IntLib
Replace Symbol from C88 Capacitor in C:\ADAPTONE_PCB\01 - SCHEMAS ET PCB\99 - WORKING COPY\CARTE_DE_SON\XMOS_power.SchDoc with Capacitor from ADAPTONE_CARTE_DE_SON.IntLib
Replace Symbol from C89 Capacitor in C:\ADAPTONE_PCB\01 - SCHEMAS ET PCB\99 - WORKING COPY\CARTE_DE_SON\XMOS_power.SchDoc with Capacitor from ADAPTONE_CARTE_DE_SON.IntLib
Replace Symbol from C90 Capacitor in C:\ADAPTONE_PCB\01 - SCHEMAS ET PCB\99 - WORKING COPY\CARTE_DE_SON\XMOS_power.SchDoc with Capacitor from ADAPTONE_CARTE_DE_SON.IntLib
Replace Symbol from C91 Capacitor in C:\ADAPTONE_PCB\01 - SCHEMAS ET PCB\99 - WORKING COPY\CARTE_DE_SON\XMOS_power.SchDoc with Capacitor from ADAPTONE_CARTE_DE_SON.IntLib
Replace Symbol from C92 Capacitor in C:\ADAPTONE_PCB\01 - SCHEMAS ET PCB\99 - WORKING COPY\CARTE_DE_SON\XMOS_power.SchDoc with Capacitor from ADAPTONE_CARTE_DE_SON.IntLib
Replace Symbol from C93 Capacitor in C:\ADAPTONE_PCB\01 - SCHEMAS ET PCB\99 - WORKING COPY\CARTE_DE_SON\XMOS_power.SchDoc with Capacitor from ADAPTONE_CARTE_DE_SON.IntLib
Replace Symbol from C94 Capacitor in C:\ADAPTONE_PCB\01 - SCHEMAS ET PCB\99 - WORKING COPY\CARTE_DE_SON\XMOS_power.SchDoc with Capacitor from ADAPTONE_CARTE_DE_SON.IntLib
Replace Symbol from C95 Capacitor in C:\ADAPTONE_PCB\01 - SCHEMAS ET PCB\99 - WORKING COPY\CARTE_DE_SON\XMOS_power.SchDoc with Capacitor from ADAPTONE_CARTE_DE_SON.IntLib
Replace Symbol from C96 Capacitor in C:\ADAPTONE_PCB\01 - SCHEMAS ET PCB\99 - WORKING COPY\CARTE_DE_SON\XMOS_power.SchDoc with Capacitor from ADAPTONE_CARTE_DE_SON.IntLib
Replace Symbol from C97 Capacitor in C:\ADAPTONE_PCB\01 - SCHEMAS ET PCB\99 - WORKING COPY\CARTE_DE_SON\XMOS_power.SchDoc with Capacitor from ADAPTONE_CARTE_DE_SON.IntLib
Replace Symbol from C98 Capacitor in C:\ADAPTONE_PCB\01 - SCHEMAS ET PCB\99 - WORKING COPY\CARTE_DE_SON\XMOS_power.SchDoc with Capacitor from ADAPTONE_CARTE_DE_SON.IntLib
Replace Symbol from C99 Capacitor in C:\ADAPTONE_PCB\01 - SCHEMAS ET PCB\99 - WORKING COPY\CARTE_DE_SON\XMOS_power.SchDoc with Capacitor from ADAPTONE_CARTE_DE_SON.IntLib
Replace Symbol from C100 Capacitor in C:\ADAPTONE_PCB\01 - SCHEMAS ET PCB\99 - WORKING COPY\CARTE_DE_SON\XMOS_power.SchDoc with Capacitor from ADAPTONE_CARTE_DE_SON.IntLib
Replace Symbol from C101 Capacitor in C:\ADAPTONE_PCB\01 - SCHEMAS ET PCB\99 - WORKING COPY\CARTE_DE_SON\XMOS_power.SchDoc with Capacitor from ADAPTONE_CARTE_DE_SON.IntLib
Replace Symbol from C102 Capacitor in C:\ADAPTONE_PCB\01 - SCHEMAS ET PCB\99 - WORKING COPY\CARTE_DE_SON\XMOS_power.SchDoc with Capacitor from ADAPTONE_CARTE_DE_SON.IntLib
Replace Symbol from C103 Capacitor in C:\ADAPTONE_PCB\01 - SCHEMAS ET PCB\99 - WORKING COPY\CARTE_DE_SON\XMOS_power.SchDoc with Capacitor from ADAPTONE_CARTE_DE_SON.IntLib
Replace Symbol from L4 Inductor in C:\ADAPTONE_PCB\01 - SCHEMAS ET PCB\99 - WORKING COPY\CARTE_DE_SON\XMOS_power.SchDoc with Inductor from ADAPTONE_CARTE_DE_SON.IntLib
Replace Symbol from L5 Inductor in C:\ADAPTONE_PCB\01 - SCHEMAS ET PCB\99 - WORKING COPY\CARTE_DE_SON\XMOS_power.SchDoc with Inductor from ADAPTONE_CARTE_DE_SON.IntLib
Replace Symbol from L6 Inductor in C:\ADAPTONE_PCB\01 - SCHEMAS ET PCB\99 - WORKING COPY\CARTE_DE_SON\XMOS_power.SchDoc with Inductor from ADAPTONE_CARTE_DE_SON.IntLib
Replace Symbol from L7 Ferrite in C:\ADAPTONE_PCB\01 - SCHEMAS ET PCB\99 - WORKING COPY\CARTE_DE_SON\XMOS_power.SchDoc with Ferrite from ADAPTONE_CARTE_DE_SON.IntLib
Replace Symbol from L8 Ferrite in C:\ADAPTONE_PCB\01 - SCHEMAS ET PCB\99 - WORKING COPY\CARTE_DE_SON\XMOS_power.SchDoc with Ferrite from ADAPTONE_CARTE_DE_SON.IntLib
Replace Symbol from R71 Resistor in C:\ADAPTONE_PCB\01 - SCHEMAS ET PCB\99 - WORKING COPY\CARTE_DE_SON\XMOS_power.SchDoc with Resistor from ADAPTONE_CARTE_DE_SON.IntLib
Replace Symbol from R72 Resistor in C:\ADAPTONE_PCB\01 - SCHEMAS ET PCB\99 - WORKING COPY\CARTE_DE_SON\XMOS_power.SchDoc with Resistor from ADAPTONE_CARTE_DE_SON.IntLib
Replace Symbol from R73 Resistor in C:\ADAPTONE_PCB\01 - SCHEMAS ET PCB\99 - WORKING COPY\CARTE_DE_SON\XMOS_power.SchDoc with Resistor from ADAPTONE_CARTE_DE_SON.IntLib
Replace Symbol from R74 Resistor in C:\ADAPTONE_PCB\01 - SCHEMAS ET PCB\99 - WORKING COPY\CARTE_DE_SON\XMOS_power.SchDoc with Resistor from ADAPTONE_CARTE_DE_SON.IntLib
Replace Symbol from R75 Resistor in C:\ADAPTONE_PCB\01 - SCHEMAS ET PCB\99 - WORKING COPY\CARTE_DE_SON\XMOS_power.SchDoc with Resistor from ADAPTONE_CARTE_DE_SON.IntLib
Replace Symbol from R76 Resistor in C:\ADAPTONE_PCB\01 - SCHEMAS ET PCB\99 - WORKING COPY\CARTE_DE_SON\XMOS_power.SchDoc with Resistor from ADAPTONE_CARTE_DE_SON.IntLib
Replace Symbol from R77 Resistor in C:\ADAPTONE_PCB\01 - SCHEMAS ET PCB\99 - WORKING COPY\CARTE_DE_SON\XMOS_power.SchDoc with Resistor from ADAPTONE_CARTE_DE_SON.IntLib
Replace Symbol from R78 Resistor in C:\ADAPTONE_PCB\01 - SCHEMAS ET PCB\99 - WORKING COPY\CARTE_DE_SON\XMOS_power.SchDoc with Resistor from ADAPTONE_CARTE_DE_SON.IntLib
Replace Symbol from R79 Resistor in C:\ADAPTONE_PCB\01 - SCHEMAS ET PCB\99 - WORKING COPY\CARTE_DE_SON\XMOS_power.SchDoc with Resistor from ADAPTONE_CARTE_DE_SON.IntLib
Replace Symbol from R80 Resistor in C:\ADAPTONE_PCB\01 - SCHEMAS ET PCB\99 - WORKING COPY\CARTE_DE_SON\XMOS_power.SchDoc with Resistor from ADAPTONE_CARTE_DE_SON.IntLib
Replace Symbol from R81 Resistor in C:\ADAPTONE_PCB\01 - SCHEMAS ET PCB\99 - WORKING COPY\CARTE_DE_SON\XMOS_power.SchDoc with Resistor from ADAPTONE_CARTE_DE_SON.IntLib
Replace Symbol from R82 Resistor in C:\ADAPTONE_PCB\01 - SCHEMAS ET PCB\99 - WORKING COPY\CARTE_DE_SON\XMOS_power.SchDoc with Resistor from ADAPTONE_CARTE_DE_SON.IntLib
Replace Symbol from SW1 Button in C:\ADAPTONE_PCB\01 - SCHEMAS ET PCB\99 - WORKING COPY\CARTE_DE_SON\XMOS_power.SchDoc with Button from ADAPTONE_CARTE_DE_SON.IntLib
Replace Symbol from SW2 Button in C:\ADAPTONE_PCB\01 - SCHEMAS ET PCB\99 - WORKING COPY\CARTE_DE_SON\XMOS_power.SchDoc with Button from ADAPTONE_CARTE_DE_SON.IntLib
Replace Symbol from U7 XMOS_XEF216-512-TQ128 in C:\ADAPTONE_PCB\01 - SCHEMAS ET PCB\99 - WORKING COPY\CARTE_DE_SON\XMOS_power.SchDoc with XMOS_XEF216-512-TQ128 from ADAPTONE_CARTE_DE_SON.IntLib
Replace Symbol from U17 ST1S06PUR in C:\ADAPTONE_PCB\01 - SCHEMAS ET PCB\99 - WORKING COPY\CARTE_DE_SON\XMOS_power.SchDoc with ST1S06PUR from ADAPTONE_CARTE_DE_SON.IntLib
Replace Symbol from U18 ST1S06PUR in C:\ADAPTONE_PCB\01 - SCHEMAS ET PCB\99 - WORKING COPY\CARTE_DE_SON\XMOS_power.SchDoc with ST1S06PUR from ADAPTONE_CARTE_DE_SON.IntLib
Replace Symbol from U19 MIC2774N-29YM5-TR in C:\ADAPTONE_PCB\01 - SCHEMAS ET PCB\99 - WORKING COPY\CARTE_DE_SON\XMOS_power.SchDoc with MIC2774N-29YM5-TR from ADAPTONE_CARTE_DE_SON.IntLib
