Replace Symbol from C37 Capacitor in C:\ADAPTONE_PCB\01 - SCHEMAS ET PCB\99 - WORKING COPY\CARTE_DE_SON\XMOS_power.SchDoc with Capacitor from ADAPTONE_CARTE_DE_SON.IntLib
Replace Symbol from C38 Capacitor in C:\ADAPTONE_PCB\01 - SCHEMAS ET PCB\99 - WORKING COPY\CARTE_DE_SON\XMOS_power.SchDoc with Capacitor from ADAPTONE_CARTE_DE_SON.IntLib
Replace Symbol from C39 Capacitor in C:\ADAPTONE_PCB\01 - SCHEMAS ET PCB\99 - WORKING COPY\CARTE_DE_SON\XMOS_power.SchDoc with Capacitor from ADAPTONE_CARTE_DE_SON.IntLib
Replace Symbol from C40 Capacitor in C:\ADAPTONE_PCB\01 - SCHEMAS ET PCB\99 - WORKING COPY\CARTE_DE_SON\XMOS_power.SchDoc with Capacitor from ADAPTONE_CARTE_DE_SON.IntLib
Replace Symbol from C41 Capacitor in C:\ADAPTONE_PCB\01 - SCHEMAS ET PCB\99 - WORKING COPY\CARTE_DE_SON\XMOS_power.SchDoc with Capacitor from ADAPTONE_CARTE_DE_SON.IntLib
Replace Symbol from C42 Capacitor in C:\ADAPTONE_PCB\01 - SCHEMAS ET PCB\99 - WORKING COPY\CARTE_DE_SON\XMOS_power.SchDoc with Capacitor from ADAPTONE_CARTE_DE_SON.IntLib
Replace Symbol from C43 Capacitor in C:\ADAPTONE_PCB\01 - SCHEMAS ET PCB\99 - WORKING COPY\CARTE_DE_SON\XMOS_power.SchDoc with Capacitor from ADAPTONE_CARTE_DE_SON.IntLib
Replace Symbol from C44 Capacitor in C:\ADAPTONE_PCB\01 - SCHEMAS ET PCB\99 - WORKING COPY\CARTE_DE_SON\XMOS_power.SchDoc with Capacitor from ADAPTONE_CARTE_DE_SON.IntLib
Replace Symbol from C45 Capacitor in C:\ADAPTONE_PCB\01 - SCHEMAS ET PCB\99 - WORKING COPY\CARTE_DE_SON\XMOS_power.SchDoc with Capacitor from ADAPTONE_CARTE_DE_SON.IntLib
Replace Symbol from C46 Capacitor in C:\ADAPTONE_PCB\01 - SCHEMAS ET PCB\99 - WORKING COPY\CARTE_DE_SON\XMOS_power.SchDoc with Capacitor from ADAPTONE_CARTE_DE_SON.IntLib
Replace Symbol from C47 Capacitor in C:\ADAPTONE_PCB\01 - SCHEMAS ET PCB\99 - WORKING COPY\CARTE_DE_SON\XMOS_power.SchDoc with Capacitor from ADAPTONE_CARTE_DE_SON.IntLib
Replace Symbol from C48 Capacitor in C:\ADAPTONE_PCB\01 - SCHEMAS ET PCB\99 - WORKING COPY\CARTE_DE_SON\XMOS_power.SchDoc with Capacitor from ADAPTONE_CARTE_DE_SON.IntLib
Replace Symbol from C49 Capacitor in C:\ADAPTONE_PCB\01 - SCHEMAS ET PCB\99 - WORKING COPY\CARTE_DE_SON\XMOS_power.SchDoc with Capacitor from ADAPTONE_CARTE_DE_SON.IntLib
Replace Symbol from C50 Capacitor in C:\ADAPTONE_PCB\01 - SCHEMAS ET PCB\99 - WORKING COPY\CARTE_DE_SON\XMOS_power.SchDoc with Capacitor from ADAPTONE_CARTE_DE_SON.IntLib
Replace Symbol from C51 Capacitor in C:\ADAPTONE_PCB\01 - SCHEMAS ET PCB\99 - WORKING COPY\CARTE_DE_SON\XMOS_power.SchDoc with Capacitor from ADAPTONE_CARTE_DE_SON.IntLib
Replace Symbol from C52 Capacitor in C:\ADAPTONE_PCB\01 - SCHEMAS ET PCB\99 - WORKING COPY\CARTE_DE_SON\XMOS_power.SchDoc with Capacitor from ADAPTONE_CARTE_DE_SON.IntLib
Replace Symbol from C53 Capacitor in C:\ADAPTONE_PCB\01 - SCHEMAS ET PCB\99 - WORKING COPY\CARTE_DE_SON\XMOS_power.SchDoc with Capacitor from ADAPTONE_CARTE_DE_SON.IntLib
Replace Symbol from C54 Capacitor in C:\ADAPTONE_PCB\01 - SCHEMAS ET PCB\99 - WORKING COPY\CARTE_DE_SON\XMOS_power.SchDoc with Capacitor from ADAPTONE_CARTE_DE_SON.IntLib
Replace Symbol from C55 Capacitor in C:\ADAPTONE_PCB\01 - SCHEMAS ET PCB\99 - WORKING COPY\CARTE_DE_SON\XMOS_power.SchDoc with Capacitor from ADAPTONE_CARTE_DE_SON.IntLib
Replace Symbol from C56 Capacitor in C:\ADAPTONE_PCB\01 - SCHEMAS ET PCB\99 - WORKING COPY\CARTE_DE_SON\XMOS_power.SchDoc with Capacitor from ADAPTONE_CARTE_DE_SON.IntLib
Replace Symbol from C57 Capacitor in C:\ADAPTONE_PCB\01 - SCHEMAS ET PCB\99 - WORKING COPY\CARTE_DE_SON\XMOS_power.SchDoc with Capacitor from ADAPTONE_CARTE_DE_SON.IntLib
Replace Symbol from C58 Capacitor in C:\ADAPTONE_PCB\01 - SCHEMAS ET PCB\99 - WORKING COPY\CARTE_DE_SON\XMOS_power.SchDoc with Capacitor from ADAPTONE_CARTE_DE_SON.IntLib
Replace Symbol from C59 Capacitor in C:\ADAPTONE_PCB\01 - SCHEMAS ET PCB\99 - WORKING COPY\CARTE_DE_SON\XMOS_power.SchDoc with Capacitor from ADAPTONE_CARTE_DE_SON.IntLib
Replace Symbol from C60 Capacitor in C:\ADAPTONE_PCB\01 - SCHEMAS ET PCB\99 - WORKING COPY\CARTE_DE_SON\XMOS_power.SchDoc with Capacitor from ADAPTONE_CARTE_DE_SON.IntLib
Replace Symbol from C61 Capacitor in C:\ADAPTONE_PCB\01 - SCHEMAS ET PCB\99 - WORKING COPY\CARTE_DE_SON\XMOS_power.SchDoc with Capacitor from ADAPTONE_CARTE_DE_SON.IntLib
Replace Symbol from C62 Capacitor in C:\ADAPTONE_PCB\01 - SCHEMAS ET PCB\99 - WORKING COPY\CARTE_DE_SON\XMOS_power.SchDoc with Capacitor from ADAPTONE_CARTE_DE_SON.IntLib
Replace Symbol from C63 Capacitor in C:\ADAPTONE_PCB\01 - SCHEMAS ET PCB\99 - WORKING COPY\CARTE_DE_SON\XMOS_power.SchDoc with Capacitor from ADAPTONE_CARTE_DE_SON.IntLib
Replace Symbol from C64 Capacitor in C:\ADAPTONE_PCB\01 - SCHEMAS ET PCB\99 - WORKING COPY\CARTE_DE_SON\XMOS_power.SchDoc with Capacitor from ADAPTONE_CARTE_DE_SON.IntLib
Replace Symbol from C65 Capacitor in C:\ADAPTONE_PCB\01 - SCHEMAS ET PCB\99 - WORKING COPY\CARTE_DE_SON\XMOS_power.SchDoc with Capacitor from ADAPTONE_CARTE_DE_SON.IntLib
Replace Symbol from C66 Capacitor in C:\ADAPTONE_PCB\01 - SCHEMAS ET PCB\99 - WORKING COPY\CARTE_DE_SON\XMOS_power.SchDoc with Capacitor from ADAPTONE_CARTE_DE_SON.IntLib
Replace Symbol from C67 Capacitor in C:\ADAPTONE_PCB\01 - SCHEMAS ET PCB\99 - WORKING COPY\CARTE_DE_SON\XMOS_power.SchDoc with Capacitor from ADAPTONE_CARTE_DE_SON.IntLib
Replace Symbol from C68 Capacitor in C:\ADAPTONE_PCB\01 - SCHEMAS ET PCB\99 - WORKING COPY\CARTE_DE_SON\XMOS_power.SchDoc with Capacitor from ADAPTONE_CARTE_DE_SON.IntLib
Replace Symbol from C69 Capacitor in C:\ADAPTONE_PCB\01 - SCHEMAS ET PCB\99 - WORKING COPY\CARTE_DE_SON\XMOS_power.SchDoc with Capacitor from ADAPTONE_CARTE_DE_SON.IntLib
Replace Symbol from L6 Inductor in C:\ADAPTONE_PCB\01 - SCHEMAS ET PCB\99 - WORKING COPY\CARTE_DE_SON\XMOS_power.SchDoc with Inductor from ADAPTONE_CARTE_DE_SON.IntLib
Replace Symbol from L7 Ferrite in C:\ADAPTONE_PCB\01 - SCHEMAS ET PCB\99 - WORKING COPY\CARTE_DE_SON\XMOS_power.SchDoc with Ferrite from ADAPTONE_CARTE_DE_SON.IntLib
Replace Symbol from L8 Inductor in C:\ADAPTONE_PCB\01 - SCHEMAS ET PCB\99 - WORKING COPY\CARTE_DE_SON\XMOS_power.SchDoc with Inductor from ADAPTONE_CARTE_DE_SON.IntLib
Replace Symbol from L9 Inductor in C:\ADAPTONE_PCB\01 - SCHEMAS ET PCB\99 - WORKING COPY\CARTE_DE_SON\XMOS_power.SchDoc with Inductor from ADAPTONE_CARTE_DE_SON.IntLib
Replace Symbol from L10 Ferrite in C:\ADAPTONE_PCB\01 - SCHEMAS ET PCB\99 - WORKING COPY\CARTE_DE_SON\XMOS_power.SchDoc with Ferrite from ADAPTONE_CARTE_DE_SON.IntLib
Replace Symbol from R45 Resistor in C:\ADAPTONE_PCB\01 - SCHEMAS ET PCB\99 - WORKING COPY\CARTE_DE_SON\XMOS_power.SchDoc with Resistor from ADAPTONE_CARTE_DE_SON.IntLib
Replace Symbol from R46 Resistor in C:\ADAPTONE_PCB\01 - SCHEMAS ET PCB\99 - WORKING COPY\CARTE_DE_SON\XMOS_power.SchDoc with Resistor from ADAPTONE_CARTE_DE_SON.IntLib
Replace Symbol from R47 Resistor in C:\ADAPTONE_PCB\01 - SCHEMAS ET PCB\99 - WORKING COPY\CARTE_DE_SON\XMOS_power.SchDoc with Resistor from ADAPTONE_CARTE_DE_SON.IntLib
Replace Symbol from R48 Resistor in C:\ADAPTONE_PCB\01 - SCHEMAS ET PCB\99 - WORKING COPY\CARTE_DE_SON\XMOS_power.SchDoc with Resistor from ADAPTONE_CARTE_DE_SON.IntLib
Replace Symbol from R49 Resistor in C:\ADAPTONE_PCB\01 - SCHEMAS ET PCB\99 - WORKING COPY\CARTE_DE_SON\XMOS_power.SchDoc with Resistor from ADAPTONE_CARTE_DE_SON.IntLib
Replace Symbol from R50 Resistor in C:\ADAPTONE_PCB\01 - SCHEMAS ET PCB\99 - WORKING COPY\CARTE_DE_SON\XMOS_power.SchDoc with Resistor from ADAPTONE_CARTE_DE_SON.IntLib
Replace Symbol from R51 Resistor in C:\ADAPTONE_PCB\01 - SCHEMAS ET PCB\99 - WORKING COPY\CARTE_DE_SON\XMOS_power.SchDoc with Resistor from ADAPTONE_CARTE_DE_SON.IntLib
Replace Symbol from R52 Resistor in C:\ADAPTONE_PCB\01 - SCHEMAS ET PCB\99 - WORKING COPY\CARTE_DE_SON\XMOS_power.SchDoc with Resistor from ADAPTONE_CARTE_DE_SON.IntLib
Replace Symbol from R53 Resistor in C:\ADAPTONE_PCB\01 - SCHEMAS ET PCB\99 - WORKING COPY\CARTE_DE_SON\XMOS_power.SchDoc with Resistor from ADAPTONE_CARTE_DE_SON.IntLib
Replace Symbol from R54 Resistor in C:\ADAPTONE_PCB\01 - SCHEMAS ET PCB\99 - WORKING COPY\CARTE_DE_SON\XMOS_power.SchDoc with Resistor from ADAPTONE_CARTE_DE_SON.IntLib
Replace Symbol from R55 Resistor in C:\ADAPTONE_PCB\01 - SCHEMAS ET PCB\99 - WORKING COPY\CARTE_DE_SON\XMOS_power.SchDoc with Resistor from ADAPTONE_CARTE_DE_SON.IntLib
Replace Symbol from R56 Resistor in C:\ADAPTONE_PCB\01 - SCHEMAS ET PCB\99 - WORKING COPY\CARTE_DE_SON\XMOS_power.SchDoc with Resistor from ADAPTONE_CARTE_DE_SON.IntLib
Replace Symbol from SW1 Button in C:\ADAPTONE_PCB\01 - SCHEMAS ET PCB\99 - WORKING COPY\CARTE_DE_SON\XMOS_power.SchDoc with Button from ADAPTONE_CARTE_DE_SON.IntLib
Replace Symbol from SW2 Button in C:\ADAPTONE_PCB\01 - SCHEMAS ET PCB\99 - WORKING COPY\CARTE_DE_SON\XMOS_power.SchDoc with Button from ADAPTONE_CARTE_DE_SON.IntLib
Replace Symbol from U5 XMOS_XEF216-512-TQ128 in C:\ADAPTONE_PCB\01 - SCHEMAS ET PCB\99 - WORKING COPY\CARTE_DE_SON\XMOS_power.SchDoc with XMOS_XEF216-512-TQ128 from ADAPTONE_CARTE_DE_SON.IntLib
Replace Symbol from U10 ST1S06PUR in C:\ADAPTONE_PCB\01 - SCHEMAS ET PCB\99 - WORKING COPY\CARTE_DE_SON\XMOS_power.SchDoc with ST1S06PUR from ADAPTONE_CARTE_DE_SON.IntLib
Replace Symbol from U11 ST1S06PUR in C:\ADAPTONE_PCB\01 - SCHEMAS ET PCB\99 - WORKING COPY\CARTE_DE_SON\XMOS_power.SchDoc with ST1S06PUR from ADAPTONE_CARTE_DE_SON.IntLib
Replace Symbol from U12 MIC2774N-29YM5-TR in C:\ADAPTONE_PCB\01 - SCHEMAS ET PCB\99 - WORKING COPY\CARTE_DE_SON\XMOS_power.SchDoc with MIC2774N-29YM5-TR from ADAPTONE_CARTE_DE_SON.IntLib
