Replace Part C77 Capacitor in C:\ADAPTONE_PCB\01 - SCHEMAS ET PCB\99 - WORKING COPY\CARTE_DE_SON\XMOS_power.SchDoc with Capacitor from ADAPTONE_CARTE_DE_SON.IntLib
Replace Part C78 Capacitor in C:\ADAPTONE_PCB\01 - SCHEMAS ET PCB\99 - WORKING COPY\CARTE_DE_SON\XMOS_power.SchDoc with Capacitor from ADAPTONE_CARTE_DE_SON.IntLib
Replace Part C79 Capacitor in C:\ADAPTONE_PCB\01 - SCHEMAS ET PCB\99 - WORKING COPY\CARTE_DE_SON\XMOS_power.SchDoc with Capacitor from ADAPTONE_CARTE_DE_SON.IntLib
Replace Part C80 Capacitor in C:\ADAPTONE_PCB\01 - SCHEMAS ET PCB\99 - WORKING COPY\CARTE_DE_SON\XMOS_power.SchDoc with Capacitor from ADAPTONE_CARTE_DE_SON.IntLib
Replace Part C81 Capacitor in C:\ADAPTONE_PCB\01 - SCHEMAS ET PCB\99 - WORKING COPY\CARTE_DE_SON\XMOS_power.SchDoc with Capacitor from ADAPTONE_CARTE_DE_SON.IntLib
Replace Part C82 Capacitor_Polarized in C:\ADAPTONE_PCB\01 - SCHEMAS ET PCB\99 - WORKING COPY\CARTE_DE_SON\XMOS_power.SchDoc with Capacitor_Polarized from ADAPTONE_CARTE_DE_SON.IntLib
Replace Part C83 Capacitor_Polarized in C:\ADAPTONE_PCB\01 - SCHEMAS ET PCB\99 - WORKING COPY\CARTE_DE_SON\XMOS_power.SchDoc with Capacitor_Polarized from ADAPTONE_CARTE_DE_SON.IntLib
Replace Part C84 Capacitor in C:\ADAPTONE_PCB\01 - SCHEMAS ET PCB\99 - WORKING COPY\CARTE_DE_SON\XMOS_power.SchDoc with Capacitor from ADAPTONE_CARTE_DE_SON.IntLib
Replace Part C85 Capacitor_Polarized in C:\ADAPTONE_PCB\01 - SCHEMAS ET PCB\99 - WORKING COPY\CARTE_DE_SON\XMOS_power.SchDoc with Capacitor_Polarized from ADAPTONE_CARTE_DE_SON.IntLib
Replace Part C86 Capacitor_Polarized in C:\ADAPTONE_PCB\01 - SCHEMAS ET PCB\99 - WORKING COPY\CARTE_DE_SON\XMOS_power.SchDoc with Capacitor_Polarized from ADAPTONE_CARTE_DE_SON.IntLib
Replace Part C87 Capacitor in C:\ADAPTONE_PCB\01 - SCHEMAS ET PCB\99 - WORKING COPY\CARTE_DE_SON\XMOS_power.SchDoc with Capacitor from ADAPTONE_CARTE_DE_SON.IntLib
Replace Part C88 Capacitor in C:\ADAPTONE_PCB\01 - SCHEMAS ET PCB\99 - WORKING COPY\CARTE_DE_SON\XMOS_power.SchDoc with Capacitor from ADAPTONE_CARTE_DE_SON.IntLib
Replace Part C89 Capacitor in C:\ADAPTONE_PCB\01 - SCHEMAS ET PCB\99 - WORKING COPY\CARTE_DE_SON\XMOS_power.SchDoc with Capacitor from ADAPTONE_CARTE_DE_SON.IntLib
Replace Part C90 Capacitor in C:\ADAPTONE_PCB\01 - SCHEMAS ET PCB\99 - WORKING COPY\CARTE_DE_SON\XMOS_power.SchDoc with Capacitor from ADAPTONE_CARTE_DE_SON.IntLib
Replace Part C91 Capacitor in C:\ADAPTONE_PCB\01 - SCHEMAS ET PCB\99 - WORKING COPY\CARTE_DE_SON\XMOS_power.SchDoc with Capacitor from ADAPTONE_CARTE_DE_SON.IntLib
Replace Part C92 Capacitor in C:\ADAPTONE_PCB\01 - SCHEMAS ET PCB\99 - WORKING COPY\CARTE_DE_SON\XMOS_power.SchDoc with Capacitor from ADAPTONE_CARTE_DE_SON.IntLib
Replace Part C93 Capacitor in C:\ADAPTONE_PCB\01 - SCHEMAS ET PCB\99 - WORKING COPY\CARTE_DE_SON\XMOS_power.SchDoc with Capacitor from ADAPTONE_CARTE_DE_SON.IntLib
Replace Part C94 Capacitor in C:\ADAPTONE_PCB\01 - SCHEMAS ET PCB\99 - WORKING COPY\CARTE_DE_SON\XMOS_power.SchDoc with Capacitor from ADAPTONE_CARTE_DE_SON.IntLib
Replace Part C95 Capacitor in C:\ADAPTONE_PCB\01 - SCHEMAS ET PCB\99 - WORKING COPY\CARTE_DE_SON\XMOS_power.SchDoc with Capacitor from ADAPTONE_CARTE_DE_SON.IntLib
Replace Part C96 Capacitor in C:\ADAPTONE_PCB\01 - SCHEMAS ET PCB\99 - WORKING COPY\CARTE_DE_SON\XMOS_power.SchDoc with Capacitor from ADAPTONE_CARTE_DE_SON.IntLib
Replace Part C97 Capacitor in C:\ADAPTONE_PCB\01 - SCHEMAS ET PCB\99 - WORKING COPY\CARTE_DE_SON\XMOS_power.SchDoc with Capacitor from ADAPTONE_CARTE_DE_SON.IntLib
Replace Part C98 Capacitor in C:\ADAPTONE_PCB\01 - SCHEMAS ET PCB\99 - WORKING COPY\CARTE_DE_SON\XMOS_power.SchDoc with Capacitor from ADAPTONE_CARTE_DE_SON.IntLib
Replace Part C99 Capacitor in C:\ADAPTONE_PCB\01 - SCHEMAS ET PCB\99 - WORKING COPY\CARTE_DE_SON\XMOS_power.SchDoc with Capacitor from ADAPTONE_CARTE_DE_SON.IntLib
Replace Part C100 Capacitor in C:\ADAPTONE_PCB\01 - SCHEMAS ET PCB\99 - WORKING COPY\CARTE_DE_SON\XMOS_power.SchDoc with Capacitor from ADAPTONE_CARTE_DE_SON.IntLib
Replace Part C101 Capacitor in C:\ADAPTONE_PCB\01 - SCHEMAS ET PCB\99 - WORKING COPY\CARTE_DE_SON\XMOS_power.SchDoc with Capacitor from ADAPTONE_CARTE_DE_SON.IntLib
Replace Part C102 Capacitor in C:\ADAPTONE_PCB\01 - SCHEMAS ET PCB\99 - WORKING COPY\CARTE_DE_SON\XMOS_power.SchDoc with Capacitor from ADAPTONE_CARTE_DE_SON.IntLib
Replace Part C103 Capacitor in C:\ADAPTONE_PCB\01 - SCHEMAS ET PCB\99 - WORKING COPY\CARTE_DE_SON\XMOS_power.SchDoc with Capacitor from ADAPTONE_CARTE_DE_SON.IntLib
Replace Part C104 Capacitor in C:\ADAPTONE_PCB\01 - SCHEMAS ET PCB\99 - WORKING COPY\CARTE_DE_SON\XMOS_power.SchDoc with Capacitor from ADAPTONE_CARTE_DE_SON.IntLib
Replace Part C105 Capacitor in C:\ADAPTONE_PCB\01 - SCHEMAS ET PCB\99 - WORKING COPY\CARTE_DE_SON\XMOS_power.SchDoc with Capacitor from ADAPTONE_CARTE_DE_SON.IntLib
Replace Part C106 Capacitor in C:\ADAPTONE_PCB\01 - SCHEMAS ET PCB\99 - WORKING COPY\CARTE_DE_SON\XMOS_power.SchDoc with Capacitor from ADAPTONE_CARTE_DE_SON.IntLib
Replace Part C107 Capacitor in C:\ADAPTONE_PCB\01 - SCHEMAS ET PCB\99 - WORKING COPY\CARTE_DE_SON\XMOS_power.SchDoc with Capacitor from ADAPTONE_CARTE_DE_SON.IntLib
Replace Part C108 Capacitor in C:\ADAPTONE_PCB\01 - SCHEMAS ET PCB\99 - WORKING COPY\CARTE_DE_SON\XMOS_power.SchDoc with Capacitor from ADAPTONE_CARTE_DE_SON.IntLib
Replace Part C109 Capacitor in C:\ADAPTONE_PCB\01 - SCHEMAS ET PCB\99 - WORKING COPY\CARTE_DE_SON\XMOS_power.SchDoc with Capacitor from ADAPTONE_CARTE_DE_SON.IntLib
Replace Part C110 Capacitor in C:\ADAPTONE_PCB\01 - SCHEMAS ET PCB\99 - WORKING COPY\CARTE_DE_SON\XMOS_power.SchDoc with Capacitor from ADAPTONE_CARTE_DE_SON.IntLib
Replace Part C111 Capacitor in C:\ADAPTONE_PCB\01 - SCHEMAS ET PCB\99 - WORKING COPY\CARTE_DE_SON\XMOS_power.SchDoc with Capacitor from ADAPTONE_CARTE_DE_SON.IntLib
Replace Part C112 Capacitor in C:\ADAPTONE_PCB\01 - SCHEMAS ET PCB\99 - WORKING COPY\CARTE_DE_SON\XMOS_power.SchDoc with Capacitor from ADAPTONE_CARTE_DE_SON.IntLib
Replace Part L4 Inductor in C:\ADAPTONE_PCB\01 - SCHEMAS ET PCB\99 - WORKING COPY\CARTE_DE_SON\XMOS_power.SchDoc with Inductor from ADAPTONE_CARTE_DE_SON.IntLib
Replace Part L5 Ferrite in C:\ADAPTONE_PCB\01 - SCHEMAS ET PCB\99 - WORKING COPY\CARTE_DE_SON\XMOS_power.SchDoc with Ferrite from ADAPTONE_CARTE_DE_SON.IntLib
Replace Part L6 Inductor in C:\ADAPTONE_PCB\01 - SCHEMAS ET PCB\99 - WORKING COPY\CARTE_DE_SON\XMOS_power.SchDoc with Inductor from ADAPTONE_CARTE_DE_SON.IntLib
Replace Part R66 Resistor in C:\ADAPTONE_PCB\01 - SCHEMAS ET PCB\99 - WORKING COPY\CARTE_DE_SON\XMOS_power.SchDoc with Resistor from ADAPTONE_CARTE_DE_SON.IntLib
Replace Part R67 Resistor in C:\ADAPTONE_PCB\01 - SCHEMAS ET PCB\99 - WORKING COPY\CARTE_DE_SON\XMOS_power.SchDoc with Resistor from ADAPTONE_CARTE_DE_SON.IntLib
Replace Part R68 Resistor in C:\ADAPTONE_PCB\01 - SCHEMAS ET PCB\99 - WORKING COPY\CARTE_DE_SON\XMOS_power.SchDoc with Resistor from ADAPTONE_CARTE_DE_SON.IntLib
Replace Part R69 Resistor in C:\ADAPTONE_PCB\01 - SCHEMAS ET PCB\99 - WORKING COPY\CARTE_DE_SON\XMOS_power.SchDoc with Resistor from ADAPTONE_CARTE_DE_SON.IntLib
Replace Part R70 Resistor in C:\ADAPTONE_PCB\01 - SCHEMAS ET PCB\99 - WORKING COPY\CARTE_DE_SON\XMOS_power.SchDoc with Resistor from ADAPTONE_CARTE_DE_SON.IntLib
Replace Part R71 Resistor in C:\ADAPTONE_PCB\01 - SCHEMAS ET PCB\99 - WORKING COPY\CARTE_DE_SON\XMOS_power.SchDoc with Resistor from ADAPTONE_CARTE_DE_SON.IntLib
Replace Part R72 Resistor in C:\ADAPTONE_PCB\01 - SCHEMAS ET PCB\99 - WORKING COPY\CARTE_DE_SON\XMOS_power.SchDoc with Resistor from ADAPTONE_CARTE_DE_SON.IntLib
Replace Part R73 Resistor in C:\ADAPTONE_PCB\01 - SCHEMAS ET PCB\99 - WORKING COPY\CARTE_DE_SON\XMOS_power.SchDoc with Resistor from ADAPTONE_CARTE_DE_SON.IntLib
Replace Part R74 Resistor in C:\ADAPTONE_PCB\01 - SCHEMAS ET PCB\99 - WORKING COPY\CARTE_DE_SON\XMOS_power.SchDoc with Resistor from ADAPTONE_CARTE_DE_SON.IntLib
Replace Part R75 Resistor in C:\ADAPTONE_PCB\01 - SCHEMAS ET PCB\99 - WORKING COPY\CARTE_DE_SON\XMOS_power.SchDoc with Resistor from ADAPTONE_CARTE_DE_SON.IntLib
Replace Part R76 Resistor in C:\ADAPTONE_PCB\01 - SCHEMAS ET PCB\99 - WORKING COPY\CARTE_DE_SON\XMOS_power.SchDoc with Resistor from ADAPTONE_CARTE_DE_SON.IntLib
Replace Part SW1 Button in C:\ADAPTONE_PCB\01 - SCHEMAS ET PCB\99 - WORKING COPY\CARTE_DE_SON\XMOS_power.SchDoc with Button from ADAPTONE_CARTE_DE_SON.IntLib
Replace Part SW2 Button in C:\ADAPTONE_PCB\01 - SCHEMAS ET PCB\99 - WORKING COPY\CARTE_DE_SON\XMOS_power.SchDoc with Button from ADAPTONE_CARTE_DE_SON.IntLib
Replace Part U8 XMOS_XEF216-512-TQ128 in C:\ADAPTONE_PCB\01 - SCHEMAS ET PCB\99 - WORKING COPY\CARTE_DE_SON\XMOS_power.SchDoc with XMOS_XEF216-512-TQ128 from ADAPTONE_CARTE_DE_SON.IntLib
Replace Part U18 ST1S06PUR in C:\ADAPTONE_PCB\01 - SCHEMAS ET PCB\99 - WORKING COPY\CARTE_DE_SON\XMOS_power.SchDoc with ST1S06PUR from ADAPTONE_CARTE_DE_SON.IntLib
Replace Part U19 REG_SW_AP3513EMPTR-G1 in C:\ADAPTONE_PCB\01 - SCHEMAS ET PCB\99 - WORKING COPY\CARTE_DE_SON\XMOS_power.SchDoc with REG_SW_AP3513EMPTR-G1 from LIB_ADAPTONE_EMILE_LAPLANTE.SchLib
Replace Part U20 MIC2774N-29YM5-TR in C:\ADAPTONE_PCB\01 - SCHEMAS ET PCB\99 - WORKING COPY\CARTE_DE_SON\XMOS_power.SchDoc with MIC2774N-29YM5-TR from ADAPTONE_CARTE_DE_SON.IntLib
