Change Component Designator: Old Designator=C7 New Designator=C29
Change Component Designator: Old Designator=C8 New Designator=C39
Change Component Designator: Old Designator=C9 New Designator=C49
Change Component Designator: Old Designator=C10 New Designator=C19
Change Component Designator: Old Designator=C12 New Designator=C79
Change Component Designator: Old Designator=C17 New Designator=C59
Change Component Designator: Old Designator=C58 New Designator=C69
Change Component Designator: Old Designator=C75 New Designator=C169
Change Component Designator: Old Designator=C76 New Designator=C229
Change Component Designator: Old Designator=C77 New Designator=C219
Change Component Designator: Old Designator=C78 New Designator=C189
Change Component Designator: Old Designator=C79 New Designator=C139
Change Component Designator: Old Designator=C80 New Designator=C259
Change Component Designator: Old Designator=C82 New Designator=C89
Change Component Designator: Old Designator=C90 New Designator=C279
Change Component Designator: Old Designator=C92 New Designator=C149
Change Component Designator: Old Designator=C93 New Designator=C309
Change Component Designator: Old Designator=C95 New Designator=C319
Change Component Designator: Old Designator=C97 New Designator=C179
Change Component Designator: Old Designator=C102 New Designator=C329
Change Component Designator: Old Designator=C105 New Designator=C119
Change Component Designator: Old Designator=C107 New Designator=C289
Change Component Designator: Old Designator=C111 New Designator=C129
Change Component Designator: Old Designator=C112 New Designator=C269
Change Component Designator: Old Designator=C118 New Designator=C109
Change Component Designator: Old Designator=C127 New Designator=C199
Change Component Designator: Old Designator=C128 New Designator=C299
Change Component Designator: Old Designator=C129 New Designator=C239
Change Component Designator: Old Designator=C130 New Designator=C249
Change Component Designator: Old Designator=C131 New Designator=C159
Change Component Designator: Old Designator=C132 New Designator=C209
Change Component Designator: Old Designator=C300 New Designator=C99
Change Component Designator: Old Designator=C301 New Designator=C339
Change Component Designator: Old Designator=L1 New Designator=L39
Change Component Designator: Old Designator=L2 New Designator=L19
Change Component Designator: Old Designator=L5 New Designator=L49
Change Component Designator: Old Designator=L7 New Designator=L59
Change Component Designator: Old Designator=L41 New Designator=L29
Change Component Designator: Old Designator=R19 New Designator=R29
Change Component Designator: Old Designator=R20 New Designator=R39
Change Component Designator: Old Designator=R23 New Designator=R69
Change Component Designator: Old Designator=R24 New Designator=R79
Change Component Designator: Old Designator=R27 New Designator=R49
Change Component Designator: Old Designator=R29 New Designator=R59
Change Component Designator: Old Designator=R30 New Designator=R89
Change Component Designator: Old Designator=R33 New Designator=R119
Change Component Designator: Old Designator=R35 New Designator=R129
Change Component Designator: Old Designator=R72 New Designator=R19
Change Component Designator: Old Designator=R128 New Designator=R109
Change Component Designator: Old Designator=R300 New Designator=R99
Change Component Designator: Old Designator=SW2 New Designator=SW29
Change Component Designator: Old Designator=SW3 New Designator=SW19
Change Component Designator: Old Designator=U4 New Designator=U39
Change Component Designator: Old Designator=U5 New Designator=U19
Change Component Designator: Old Designator=U7 New Designator=U29
Change Component Designator: Old Designator=U10 New Designator=U49
