Change Component Designator: Old Designator=C14 New Designator=C26
Change Component Designator: Old Designator=D3 New Designator=D13
Change Component Designator: Old Designator=D4 New Designator=D14
Change Component Designator: Old Designator=J4 New Designator=J3
Change Component Designator: Old Designator=J5 New Designator=J4
Change Component Designator: Old Designator=L4 New Designator=L3
Change Component Designator: Old Designator=R5 New Designator=R26
Change Component Designator: Old Designator=R38 New Designator=R27
Change Component Designator: Old Designator=R39 New Designator=R28
Change Component Designator: Old Designator=R40 New Designator=R34
Change Component Designator: Old Designator=R46 New Designator=R32
Change Component Designator: Old Designator=R47 New Designator=R33
Change Component Designator: Old Designator=R67 New Designator=R35
Change Component Designator: Old Designator=R68 New Designator=R29
Change Component Designator: Old Designator=R801 New Designator=R30
Change Component Designator: Old Designator=R802 New Designator=R31
Change Component Designator: Old Designator=TP13 New Designator=TP19
Change Component Designator: Old Designator=U4 New Designator=U8
Change Component Designator: Old Designator=U4 New Designator=U8
Change Component Designator: Old Designator=U4 New Designator=U8
Change Component Designator: Old Designator=U4 New Designator=U8
Change Component Designator: Old Designator=U12 New Designator=U9
