Change Component Designator: Old Designator=C14 New Designator=C15
Change Component Designator: Old Designator=D3 New Designator=D15
Change Component Designator: Old Designator=D4 New Designator=D25
Change Component Designator: Old Designator=J4 New Designator=J15
Change Component Designator: Old Designator=J5 New Designator=J25
Change Component Designator: Old Designator=L4 New Designator=L15
Change Component Designator: Old Designator=R5 New Designator=R15
Change Component Designator: Old Designator=R38 New Designator=R25
Change Component Designator: Old Designator=R39 New Designator=R35
Change Component Designator: Old Designator=R40 New Designator=R95
Change Component Designator: Old Designator=R46 New Designator=R75
Change Component Designator: Old Designator=R47 New Designator=R85
Change Component Designator: Old Designator=R67 New Designator=R105
Change Component Designator: Old Designator=R68 New Designator=R45
Change Component Designator: Old Designator=R801 New Designator=R55
Change Component Designator: Old Designator=R802 New Designator=R65
Change Component Designator: Old Designator=TP13 New Designator=TP15
Change Component Designator: Old Designator=U4 New Designator=U15
Change Component Designator: Old Designator=U4 New Designator=U15
Change Component Designator: Old Designator=U4 New Designator=U15
Change Component Designator: Old Designator=U4 New Designator=U15
Change Component Designator: Old Designator=U12 New Designator=U25
