Replace Part C26 Capacitor in C:\ADAPTONE_PCB\01 - SCHEMAS ET PCB\99 - WORKING COPY\CARTE_DE_SON\XMOS_chip.SchDoc with Capacitor from ADAPTONE_CARTE_DE_SON.IntLib
Replace Part D8 Diode_dual in C:\ADAPTONE_PCB\01 - SCHEMAS ET PCB\99 - WORKING COPY\CARTE_DE_SON\XMOS_chip.SchDoc with Diode_dual from ADAPTONE_CARTE_DE_SON.IntLib
Replace Part D9 Diode_dual in C:\ADAPTONE_PCB\01 - SCHEMAS ET PCB\99 - WORKING COPY\CARTE_DE_SON\XMOS_chip.SchDoc with Diode_dual from ADAPTONE_CARTE_DE_SON.IntLib
Replace Part J3 CON20 in C:\ADAPTONE_PCB\01 - SCHEMAS ET PCB\99 - WORKING COPY\CARTE_DE_SON\XMOS_chip.SchDoc with CON20 from ADAPTONE_CARTE_DE_SON.IntLib
Replace Part J4 USB_MINIB_690-005-299-043 in C:\ADAPTONE_PCB\01 - SCHEMAS ET PCB\99 - WORKING COPY\CARTE_DE_SON\XMOS_chip.SchDoc with USB_MINIB_690-005-299-043 from ADAPTONE_CARTE_DE_SON.IntLib
Replace Part L3 Ferrite in C:\ADAPTONE_PCB\01 - SCHEMAS ET PCB\99 - WORKING COPY\CARTE_DE_SON\XMOS_chip.SchDoc with Ferrite from ADAPTONE_CARTE_DE_SON.IntLib
Replace Part R20 Resistor in C:\ADAPTONE_PCB\01 - SCHEMAS ET PCB\99 - WORKING COPY\CARTE_DE_SON\XMOS_chip.SchDoc with Resistor from ADAPTONE_CARTE_DE_SON.IntLib
Replace Part R21 Resistor in C:\ADAPTONE_PCB\01 - SCHEMAS ET PCB\99 - WORKING COPY\CARTE_DE_SON\XMOS_chip.SchDoc with Resistor from ADAPTONE_CARTE_DE_SON.IntLib
Replace Part R22 Resistor in C:\ADAPTONE_PCB\01 - SCHEMAS ET PCB\99 - WORKING COPY\CARTE_DE_SON\XMOS_chip.SchDoc with Resistor from ADAPTONE_CARTE_DE_SON.IntLib
Replace Part R23 Resistor in C:\ADAPTONE_PCB\01 - SCHEMAS ET PCB\99 - WORKING COPY\CARTE_DE_SON\XMOS_chip.SchDoc with Resistor from ADAPTONE_CARTE_DE_SON.IntLib
Replace Part R24 Resistor in C:\ADAPTONE_PCB\01 - SCHEMAS ET PCB\99 - WORKING COPY\CARTE_DE_SON\XMOS_chip.SchDoc with Resistor from ADAPTONE_CARTE_DE_SON.IntLib
Replace Part R25 Resistor in C:\ADAPTONE_PCB\01 - SCHEMAS ET PCB\99 - WORKING COPY\CARTE_DE_SON\XMOS_chip.SchDoc with Resistor from ADAPTONE_CARTE_DE_SON.IntLib
Replace Part R26 Resistor in C:\ADAPTONE_PCB\01 - SCHEMAS ET PCB\99 - WORKING COPY\CARTE_DE_SON\XMOS_chip.SchDoc with Resistor from ADAPTONE_CARTE_DE_SON.IntLib
Replace Part R27 Resistor in C:\ADAPTONE_PCB\01 - SCHEMAS ET PCB\99 - WORKING COPY\CARTE_DE_SON\XMOS_chip.SchDoc with Resistor from ADAPTONE_CARTE_DE_SON.IntLib
Replace Part R28 Resistor in C:\ADAPTONE_PCB\01 - SCHEMAS ET PCB\99 - WORKING COPY\CARTE_DE_SON\XMOS_chip.SchDoc with Resistor from ADAPTONE_CARTE_DE_SON.IntLib
Replace Part TP18 TESTPOINT in C:\ADAPTONE_PCB\01 - SCHEMAS ET PCB\99 - WORKING COPY\CARTE_DE_SON\XMOS_chip.SchDoc with TESTPOINT from ADAPTONE_CARTE_DE_SON.IntLib
Replace Part U8 XMOS_XEF216-512-TQ128 in C:\ADAPTONE_PCB\01 - SCHEMAS ET PCB\99 - WORKING COPY\CARTE_DE_SON\XMOS_chip.SchDoc with XMOS_XEF216-512-TQ128 from ADAPTONE_CARTE_DE_SON.IntLib
Replace Part U8 XMOS_XEF216-512-TQ128 in C:\ADAPTONE_PCB\01 - SCHEMAS ET PCB\99 - WORKING COPY\CARTE_DE_SON\XMOS_chip.SchDoc with XMOS_XEF216-512-TQ128 from ADAPTONE_CARTE_DE_SON.IntLib
Replace Part U8 XMOS_XEF216-512-TQ128 in C:\ADAPTONE_PCB\01 - SCHEMAS ET PCB\99 - WORKING COPY\CARTE_DE_SON\XMOS_chip.SchDoc with XMOS_XEF216-512-TQ128 from ADAPTONE_CARTE_DE_SON.IntLib
Replace Part U8 XMOS_XEF216-512-TQ128 in C:\ADAPTONE_PCB\01 - SCHEMAS ET PCB\99 - WORKING COPY\CARTE_DE_SON\XMOS_chip.SchDoc with XMOS_XEF216-512-TQ128 from ADAPTONE_CARTE_DE_SON.IntLib
Replace Part U9 USBLC6-2 in C:\ADAPTONE_PCB\01 - SCHEMAS ET PCB\99 - WORKING COPY\CARTE_DE_SON\XMOS_chip.SchDoc with USBLC6-2 from ADAPTONE_CARTE_DE_SON.IntLib
