Change Component Designator: Old Designator=C7 New Designator=C38
Change Component Designator: Old Designator=C8 New Designator=C39
Change Component Designator: Old Designator=C9 New Designator=C40
Change Component Designator: Old Designator=C10 New Designator=C37
Change Component Designator: Old Designator=C12 New Designator=C43
Change Component Designator: Old Designator=C17 New Designator=C41
Change Component Designator: Old Designator=C58 New Designator=C42
Change Component Designator: Old Designator=C75 New Designator=C52
Change Component Designator: Old Designator=C76 New Designator=C58
Change Component Designator: Old Designator=C77 New Designator=C57
Change Component Designator: Old Designator=C78 New Designator=C54
Change Component Designator: Old Designator=C79 New Designator=C49
Change Component Designator: Old Designator=C80 New Designator=C61
Change Component Designator: Old Designator=C82 New Designator=C44
Change Component Designator: Old Designator=C90 New Designator=C63
Change Component Designator: Old Designator=C92 New Designator=C50
Change Component Designator: Old Designator=C93 New Designator=C66
Change Component Designator: Old Designator=C95 New Designator=C67
Change Component Designator: Old Designator=C97 New Designator=C53
Change Component Designator: Old Designator=C102 New Designator=C68
Change Component Designator: Old Designator=C105 New Designator=C47
Change Component Designator: Old Designator=C107 New Designator=C64
Change Component Designator: Old Designator=C111 New Designator=C48
Change Component Designator: Old Designator=C112 New Designator=C62
Change Component Designator: Old Designator=C118 New Designator=C46
Change Component Designator: Old Designator=C127 New Designator=C55
Change Component Designator: Old Designator=C128 New Designator=C65
Change Component Designator: Old Designator=C129 New Designator=C59
Change Component Designator: Old Designator=C130 New Designator=C60
Change Component Designator: Old Designator=C131 New Designator=C51
Change Component Designator: Old Designator=C132 New Designator=C56
Change Component Designator: Old Designator=C300 New Designator=C45
Change Component Designator: Old Designator=C301 New Designator=C69
Change Component Designator: Old Designator=L1 New Designator=L8
Change Component Designator: Old Designator=L2 New Designator=L6
Change Component Designator: Old Designator=L5 New Designator=L9
Change Component Designator: Old Designator=L7 New Designator=L10
Change Component Designator: Old Designator=L41 New Designator=L7
Change Component Designator: Old Designator=R19 New Designator=R46
Change Component Designator: Old Designator=R20 New Designator=R47
Change Component Designator: Old Designator=R23 New Designator=R50
Change Component Designator: Old Designator=R24 New Designator=R51
Change Component Designator: Old Designator=R27 New Designator=R48
Change Component Designator: Old Designator=R29 New Designator=R49
Change Component Designator: Old Designator=R30 New Designator=R52
Change Component Designator: Old Designator=R33 New Designator=R55
Change Component Designator: Old Designator=R35 New Designator=R56
Change Component Designator: Old Designator=R72 New Designator=R45
Change Component Designator: Old Designator=R128 New Designator=R54
Change Component Designator: Old Designator=R300 New Designator=R53
Change Component Designator: Old Designator=SW3 New Designator=SW1
Change Component Designator: Old Designator=U4 New Designator=U5
Change Component Designator: Old Designator=U5 New Designator=U10
Change Component Designator: Old Designator=U7 New Designator=U11
Change Component Designator: Old Designator=U10 New Designator=U12
