Change Component Designator: Old Designator=C37 New Designator=C71
Change Component Designator: Old Designator=C38 New Designator=C72
Change Component Designator: Old Designator=C39 New Designator=C73
Change Component Designator: Old Designator=C40 New Designator=C74
Change Component Designator: Old Designator=C41 New Designator=C75
Change Component Designator: Old Designator=C42 New Designator=C76
Change Component Designator: Old Designator=C43 New Designator=C77
Change Component Designator: Old Designator=C44 New Designator=C78
Change Component Designator: Old Designator=C45 New Designator=C79
Change Component Designator: Old Designator=C46 New Designator=C80
Change Component Designator: Old Designator=C47 New Designator=C81
Change Component Designator: Old Designator=C48 New Designator=C82
Change Component Designator: Old Designator=C49 New Designator=C83
Change Component Designator: Old Designator=C50 New Designator=C84
Change Component Designator: Old Designator=C51 New Designator=C85
Change Component Designator: Old Designator=C52 New Designator=C86
Change Component Designator: Old Designator=C53 New Designator=C87
Change Component Designator: Old Designator=C54 New Designator=C88
Change Component Designator: Old Designator=C55 New Designator=C89
Change Component Designator: Old Designator=C56 New Designator=C90
Change Component Designator: Old Designator=C57 New Designator=C91
Change Component Designator: Old Designator=C58 New Designator=C92
Change Component Designator: Old Designator=C59 New Designator=C93
Change Component Designator: Old Designator=C60 New Designator=C94
Change Component Designator: Old Designator=C61 New Designator=C95
Change Component Designator: Old Designator=C62 New Designator=C96
Change Component Designator: Old Designator=C63 New Designator=C97
Change Component Designator: Old Designator=C64 New Designator=C98
Change Component Designator: Old Designator=C65 New Designator=C99
Change Component Designator: Old Designator=C66 New Designator=C100
Change Component Designator: Old Designator=C67 New Designator=C101
Change Component Designator: Old Designator=C68 New Designator=C102
Change Component Designator: Old Designator=C69 New Designator=C103
Change Component Designator: Old Designator=L6 New Designator=L4
Change Component Designator: Old Designator=L8 New Designator=L5
Change Component Designator: Old Designator=L9 New Designator=L6
Change Component Designator: Old Designator=L10 New Designator=L8
Change Component Designator: Old Designator=R45 New Designator=R71
Change Component Designator: Old Designator=R46 New Designator=R72
Change Component Designator: Old Designator=R47 New Designator=R73
Change Component Designator: Old Designator=R48 New Designator=R74
Change Component Designator: Old Designator=R49 New Designator=R75
Change Component Designator: Old Designator=R50 New Designator=R76
Change Component Designator: Old Designator=R51 New Designator=R77
Change Component Designator: Old Designator=R52 New Designator=R78
Change Component Designator: Old Designator=R53 New Designator=R79
Change Component Designator: Old Designator=R54 New Designator=R80
Change Component Designator: Old Designator=R55 New Designator=R81
Change Component Designator: Old Designator=R56 New Designator=R82
Change Component Designator: Old Designator=SW1 New Designator=SW2
Change Component Designator: Old Designator=SW2 New Designator=SW1
Change Component Designator: Old Designator=U5 New Designator=U7
Change Component Designator: Old Designator=U10 New Designator=U17
Change Component Designator: Old Designator=U11 New Designator=U18
Change Component Designator: Old Designator=U12 New Designator=U19
